Log file open, 03/02/20 03:10:36
LogWindows: Failed to load 'aqProf.dll' (GetLastError=126)
LogWindows: File 'aqProf.dll' does not exist
LogWindows: Failed to load 'VtuneApi.dll' (GetLastError=126)
LogWindows: File 'VtuneApi.dll' does not exist
LogWindows: Failed to load 'VtuneApi32e.dll' (GetLastError=126)
LogWindows: File 'VtuneApi32e.dll' does not exist
LogConsoleResponse: Display: Failed to find resolution value strings in scalability ini. Falling back to default.
LogInit: Display: Running engine for game: Marine_Squad
LogPakFile: Registered encryption key '00000000000000000000000000000000': 0 pak files mounted, 0 remain pending
LogPlatformFile: Not using cached read wrapper
LogTaskGraph: Started task graph with 5 named threads and 14 total threads with 3 sets of task threads.
LogStats: Stats thread started at 0.163365
LogD3D11RHI: Loaded GFSDK_Aftermath_Lib.x64.dll
LogICUInternationalization: ICU TimeZone Detection - Raw Offset: -6:00, Platform Override: ''
LogPluginManager: Mounting plugin Paper2D
LogPluginManager: Mounting plugin AISupport
LogPluginManager: Mounting plugin LightPropagationVolume
LogPluginManager: Mounting plugin ActorLayerUtilities
LogPluginManager: Mounting plugin AnimationSharing
LogPluginManager: Mounting plugin CLionSourceCodeAccess
LogPluginManager: Mounting plugin CodeLiteSourceCodeAccess
LogPluginManager: Mounting plugin GitSourceControl
LogPluginManager: Mounting plugin KDevelopSourceCodeAccess
LogPluginManager: Mounting plugin NullSourceCodeAccess
LogPluginManager: Mounting plugin PerforceSourceControl
LogPluginManager: Mounting plugin SubversionSourceControl
LogPluginManager: Mounting plugin UObjectPlugin
LogPluginManager: Mounting plugin VisualStudioCodeSourceCodeAccess
LogPluginManager: Mounting plugin VisualStudioSourceCodeAccess
LogPluginManager: Mounting plugin XCodeSourceCodeAccess
LogPluginManager: Mounting plugin AssetManagerEditor
LogPluginManager: Mounting plugin CryptoKeys
LogPluginManager: Mounting plugin DataValidation
LogPluginManager: Mounting plugin FacialAnimation
LogPluginManager: Mounting plugin GameplayTagsEditor
LogPluginManager: Mounting plugin MacGraphicsSwitching
LogPluginManager: Mounting plugin MaterialAnalyzer
LogPluginManager: Mounting plugin MobileLauncherProfileWizard
LogPluginManager: Mounting plugin PluginBrowser
LogPluginManager: Mounting plugin SpeedTreeImporter
LogPluginManager: Mounting plugin DatasmithContent
LogPluginManager: Mounting plugin VariantManagerContent
LogPluginManager: Mounting plugin AlembicImporter
LogPluginManager: Mounting plugin AppleImageUtils
LogPluginManager: Mounting plugin AppleVision
LogPluginManager: Mounting plugin BackChannel
LogPluginManager: Mounting plugin CharacterAI
LogPluginManager: Mounting plugin GeometryCache
LogPluginManager: Mounting plugin HTML5Networking
LogPluginManager: Mounting plugin ProxyLODPlugin
LogPluginManager: Mounting plugin SkeletalReduction
LogPluginManager: Mounting plugin MagicLeap
LogPluginManager: Mounting plugin MagicLeapMedia
LogPluginManager: Mounting plugin VaFogOfWar
LogPluginManager: Mounting plugin AndroidMedia
LogPluginManager: Mounting plugin AvfMedia
LogPluginManager: Mounting plugin ImgMedia
LogPluginManager: Mounting plugin LinearTimecode
LogPluginManager: Mounting plugin MediaCompositing
LogPluginManager: Mounting plugin MediaPlayerEditor
LogPluginManager: Mounting plugin WebMMedia
LogPluginManager: Mounting plugin WmfMedia
LogPluginManager: Mounting plugin TcpMessaging
LogPluginManager: Mounting plugin UdpMessaging
LogPluginManager: Mounting plugin ActorSequence
LogPluginManager: Mounting plugin LevelSequenceEditor
LogPluginManager: Mounting plugin MatineeToLevelSequence
LogPluginManager: Mounting plugin NetcodeUnitTest
LogPluginManager: Mounting plugin NUTUnrealEngine4
LogPluginManager: Mounting plugin OnlineSubsystemGooglePlay
LogPluginManager: Mounting plugin OnlineSubsystemIOS
LogPluginManager: Mounting plugin OnlineSubsystem
LogPluginManager: Mounting plugin OnlineSubsystemNull
LogPluginManager: Mounting plugin OnlineSubsystemUtils
LogPluginManager: Mounting plugin LauncherChunkInstaller
LogPluginManager: Mounting plugin AndroidDeviceProfileSelector
LogPluginManager: Mounting plugin AndroidMoviePlayer
LogPluginManager: Mounting plugin AndroidPermission
LogPluginManager: Mounting plugin AppleMoviePlayer
LogPluginManager: Mounting plugin ArchVisCharacter
LogPluginManager: Mounting plugin AudioCapture
LogPluginManager: Mounting plugin CableComponent
LogPluginManager: Mounting plugin CustomMeshComponent
LogPluginManager: Mounting plugin EditableMesh
LogPluginManager: Mounting plugin ExampleDeviceProfileSelector
LogPluginManager: Mounting plugin Firebase
LogPluginManager: Mounting plugin GameplayAbilities
LogPluginManager: Mounting plugin GoogleCloudMessaging
LogPluginManager: Mounting plugin IOSDeviceProfileSelector
LogPluginManager: Mounting plugin LinuxDeviceProfileSelector
LogPluginManager: Mounting plugin LocationServicesBPLibrary
LogPluginManager: Mounting plugin MobilePatchingUtils
LogPluginManager: Mounting plugin OculusVR
LogPluginManager: Mounting plugin PhysXVehicles
LogPluginManager: Mounting plugin ProceduralMeshComponent
LogPluginManager: Mounting plugin RuntimePhysXCooking
LogPluginManager: Mounting plugin SignificanceManager
LogPluginManager: Mounting plugin SteamVR
LogPluginManager: Mounting plugin WebMMoviePlayer
LogPluginManager: Mounting plugin WindowsMoviePlayer
LogInit: Warning: Incompatible or missing module: Marine_Squad
Running Q:/UE_4.22/Engine/Binaries/DotNET/UnrealBuildTool.exe Development Win64 -Project="C:/Users/ericf/Desktop/repos/Marine-Squad/Marine_Squad/Marine_Squad.uproject" -TargetType=Editor -Progress -NoHotReloadFromIDE
Using 'git status' to determine working set for adaptive non-unity build (C:\Users\ericf\Desktop\repos\Marine-Squad).
Creating makefile for Marine_SquadEditor (ini files are newer than makefile)
@progress push 5%
Parsing headers for Marine_SquadEditor
  Running UnrealHeaderTool "C:\Users\ericf\Desktop\repos\Marine-Squad\Marine_Squad\Marine_Squad.uproject" "C:\Users\ericf\Desktop\repos\Marine-Squad\Marine_Squad\Intermediate\Build\Win64\Marine_SquadEditor\Development\Marine_SquadEditor.uhtmanifest" -LogCmds="loginit warning, logexit warning, logdatabase error" -Unattended -WarningsAsErrors -installed
Reflection code generated for Marine_SquadEditor in 5.6725026 seconds
@progress pop
Using Visual Studio 2019 14.21.27702 toolchain (C:\Program Files (x86)\Microsoft Visual Studio\2019\BuildTools\VC\Tools\MSVC\14.21.27702) and Windows 10.0.17763.0 SDK (C:\Program Files (x86)\Windows Kits\10).
Building 10 actions with 4 processes...
  @progress 'Compiling C++ source code...' 0%
  @progress 'Compiling C++ source code...' 10%
  [1/10] Marine_Squad.init.gen.cpp
  @progress 'Compiling C++ source code...' 20%
  [2/10] ParentUnit.gen.cpp
  C:\Users\ericf\Desktop\repos\Marine-Squad\Marine_Squad\Source\Marine_Squad/ParentUnit.h(45): warning C4263: 'void AParentUnit::TakeDamage(float)': member function does not override any base class virtual member function
  C:\Users\ericf\Desktop\repos\Marine-Squad\Marine_Squad\Source\Marine_Squad/ParentUnit.h(122): warning C4264: 'float APawn::TakeDamage(float,const FDamageEvent &,AController *,AActor *)': no override available for virtual member function from base 'APawn'; function is hidden
  Q:\UE_4.22\Engine\Source\Runtime\Engine\Classes\GameFramework/Pawn.h(242): note: see declaration of 'APawn::TakeDamage'
  Q:\UE_4.22\Engine\Intermediate\Build\Win64\UE4Editor\Inc\UMG\UserWidget.generated.h(18): note: see declaration of 'APawn'
  @progress 'Compiling C++ source code...' 30%
  [3/10] HUD_MarineSquad.gen.cpp
  C:\Users\ericf\Desktop\repos\Marine-Squad\Marine_Squad\Source\Marine_Squad\ParentUnit.h(45): warning C4263: 'void AParentUnit::TakeDamage(float)': member function does not override any base class virtual member function
  C:\Users\ericf\Desktop\repos\Marine-Squad\Marine_Squad\Source\Marine_Squad\ParentUnit.h(122): warning C4264: 'float APawn::TakeDamage(float,const FDamageEvent &,AController *,AActor *)': no override available for virtual member function from base 'APawn'; function is hidden
  Q:\UE_4.22\Engine\Source\Runtime\Engine\Classes\GameFramework/Pawn.h(242): note: see declaration of 'APawn::TakeDamage'
  Q:\UE_4.22\Engine\Intermediate\Build\Win64\UE4Editor\Inc\UMG\UserWidget.generated.h(18): note: see declaration of 'APawn'
  @progress 'Compiling C++ source code...' 40%
  [4/10] PlayerController_MarineSquad.gen.cpp
  C:\Users\ericf\Desktop\repos\Marine-Squad\Marine_Squad\Source\Marine_Squad\ParentUnit.h(45): warning C4263: 'void AParentUnit::TakeDamage(float)': member function does not override any base class virtual member function
  C:\Users\ericf\Desktop\repos\Marine-Squad\Marine_Squad\Source\Marine_Squad\ParentUnit.h(122): warning C4264: 'float APawn::TakeDamage(float,const FDamageEvent &,AController *,AActor *)': no override available for virtual member function from base 'APawn'; function is hidden
  Q:\UE_4.22\Engine\Source\Runtime\Engine\Classes\GameFramework/Pawn.h(242): note: see declaration of 'APawn::TakeDamage'
  Q:\UE_4.22\Engine\Intermediate\Build\Win64\UE4Editor\Inc\UMG\UserWidget.generated.h(18): note: see declaration of 'APawn'
  @progress 'Compiling C++ source code...' 50%
  [5/10] PlayerController_MarineSquad.cpp
  C:\Users\ericf\Desktop\repos\Marine-Squad\Marine_Squad\Source\Marine_Squad\ParentUnit.h(45): warning C4263: 'void AParentUnit::TakeDamage(float)': member function does not override any base class virtual member function
  C:\Users\ericf\Desktop\repos\Marine-Squad\Marine_Squad\Source\Marine_Squad\ParentUnit.h(122): warning C4264: 'float APawn::TakeDamage(float,const FDamageEvent &,AController *,AActor *)': no override available for virtual member function from base 'APawn'; function is hidden
  Q:\UE_4.22\Engine\Source\Runtime\Engine\Classes\GameFramework/Pawn.h(242): note: see declaration of 'APawn::TakeDamage'
  Q:\UE_4.22\Engine\Intermediate\Build\Win64\UE4Editor\Inc\UMG\UserWidget.generated.h(18): note: see declaration of 'APawn'
  @progress 'Compiling C++ source code...' 60%
  [6/10] HUD_MarineSquad.cpp
  C:\Users\ericf\Desktop\repos\Marine-Squad\Marine_Squad\Source\Marine_Squad\ParentUnit.h(45): warning C4263: 'void AParentUnit::TakeDamage(float)': member function does not override any base class virtual member function
  C:\Users\ericf\Desktop\repos\Marine-Squad\Marine_Squad\Source\Marine_Squad\ParentUnit.h(122): warning C4264: 'float APawn::TakeDamage(float,const FDamageEvent &,AController *,AActor *)': no override available for virtual member function from base 'APawn'; function is hidden
  Q:\UE_4.22\Engine\Source\Runtime\Engine\Classes\GameFramework/Pawn.h(242): note: see declaration of 'APawn::TakeDamage'
  Q:\UE_4.22\Engine\Intermediate\Build\Win64\UE4Editor\Inc\UMG\UserWidget.generated.h(18): note: see declaration of 'APawn'
  @progress 'Compiling C++ source code...' 70%
  [7/10] ParentUnit.cpp
  C:\Users\ericf\Desktop\repos\Marine-Squad\Marine_Squad\Source\Marine_Squad\ParentUnit.h(45): warning C4263: 'void AParentUnit::TakeDamage(float)': member function does not override any base class virtual member function
  C:\Users\ericf\Desktop\repos\Marine-Squad\Marine_Squad\Source\Marine_Squad\ParentUnit.h(122): warning C4264: 'float APawn::TakeDamage(float,const FDamageEvent &,AController *,AActor *)': no override available for virtual member function from base 'APawn'; function is hidden
  Q:\UE_4.22\Engine\Source\Runtime\Engine\Classes\GameFramework/Pawn.h(242): note: see declaration of 'APawn::TakeDamage'
  Q:\UE_4.22\Engine\Intermediate\Build\Win64\UE4Editor\Inc\UMG\UserWidget.generated.h(18): note: see declaration of 'APawn'
  @progress 'Compiling C++ source code...' 80%
  [8/10] UE4Editor-Marine_Squad.lib
     Creating library C:\Users\ericf\Desktop\repos\Marine-Squad\Marine_Squad\Intermediate\Build\Win64\UE4Editor\Development\Marine_Squad\UE4Editor-Marine_Squad.lib and object C:\Users\ericf\Desktop\repos\Marine-Squad\Marine_Squad\Intermediate\Build\Win64\UE4Editor\Development\Marine_Squad\UE4Editor-Marine_Squad.exp
  @progress 'Compiling C++ source code...' 90%
  [9/10] UE4Editor-Marine_Squad.dll
     Creating library C:\Users\ericf\Desktop\repos\Marine-Squad\Marine_Squad\Intermediate\Build\Win64\UE4Editor\Development\Marine_Squad\UE4Editor-Marine_Squad.suppressed.lib and object C:\Users\ericf\Desktop\repos\Marine-Squad\Marine_Squad\Intermediate\Build\Win64\UE4Editor\Development\Marine_Squad\UE4Editor-Marine_Squad.suppressed.exp
  @progress 'Compiling C++ source code...' 100%
  [10/10] Marine_SquadEditor.target
Total time in Parallel executor: 26.79 seconds
Total execution time: 34.53 seconds
LogInit: Using libcurl 7.55.1-DEV
LogInit:  - built for x86_64-pc-win32
LogInit:  - supports SSL with OpenSSL/1.1.1
LogInit:  - supports HTTP deflate (compression) using libz 1.2.8
LogInit:  - other features:
LogInit:      CURL_VERSION_SSL
LogInit:      CURL_VERSION_LIBZ
LogInit:      CURL_VERSION_IPV6
LogInit:      CURL_VERSION_ASYNCHDNS
LogInit:      CURL_VERSION_LARGEFILE
LogInit:      CURL_VERSION_IDN
LogInit:  CurlRequestOptions (configurable via config and command line):
LogInit:  - bVerifyPeer = true  - Libcurl will verify peer certificate
LogInit:  - bUseHttpProxy = false  - Libcurl will NOT use HTTP proxy
LogInit:  - bDontReuseConnections = false  - Libcurl will reuse connections
LogInit:  - MaxHostConnections = 16  - Libcurl will limit the number of connections to a host
LogInit:  - LocalHostAddr = Default
LogInit:  - BufferSize = 65536
LogInit: WinSock: version 1.1 (2.2), MaxSocks=32767, MaxUdp=65467
LogInit: Build: ++UE4+Release-4.22-CL-7053642
LogInit: Engine Version: 4.22.3-7053642+++UE4+Release-4.22
LogInit: Compatible Engine Version: 4.22.0-5660361+++UE4+Release-4.22
LogInit: Net CL: 5660361
LogInit: OS: Windows 10 (Release 1903) (), CPU: Intel(R) Core(TM) i5-4690K CPU @ 3.50GHz, GPU: NVIDIA GeForce GTX 970
LogInit: Compiled (64-bit): Jun 18 2019 03:09:11
LogInit: Compiled with Visual C++: 19.16.27025.01
LogInit: Build Configuration: Development
LogInit: Branch Name: ++UE4+Release-4.22
LogInit: Command Line: 
LogInit: Base Directory: Q:/UE_4.22/Engine/Binaries/Win64/
LogInit: Installed Engine Build: 1
LogDevObjectVersion: Number of dev versions registered: 23
LogDevObjectVersion:   Dev-Blueprints (B0D832E4-1F89-4F0D-ACCF-7EB736FD4AA2): 10
LogDevObjectVersion:   Dev-Build (E1C64328-A22C-4D53-A36C-8E866417BD8C): 0
LogDevObjectVersion:   Dev-Core (375EC13C-06E4-48FB-B500-84F0262A717E): 3
LogDevObjectVersion:   Dev-Editor (E4B068ED-F494-42E9-A231-DA0B2E46BB41): 30
LogDevObjectVersion:   Dev-Framework (CFFC743F-43B0-4480-9391-14DF171D2073): 35
LogDevObjectVersion:   Dev-Mobile (B02B49B5-BB20-44E9-A304-32B752E40360): 2
LogDevObjectVersion:   Dev-Networking (A4E4105C-59A1-49B5-A7C5-40C4547EDFEE): 0
LogDevObjectVersion:   Dev-Online (39C831C9-5AE6-47DC-9A44-9C173E1C8E7C): 0
LogDevObjectVersion:   Dev-Physics (78F01B33-EBEA-4F98-B9B4-84EACCB95AA2): 0
LogDevObjectVersion:   Dev-Platform (6631380F-2D4D-43E0-8009-CF276956A95A): 0
LogDevObjectVersion:   Dev-Rendering (12F88B9F-8875-4AFC-A67C-D90C383ABD29): 28
LogDevObjectVersion:   Dev-Sequencer (7B5AE74C-D270-4C10-A958-57980B212A5A): 11
LogDevObjectVersion:   Dev-VR (D7296918-1DD6-4BDD-9DE2-64A83CC13884): 2
LogDevObjectVersion:   Dev-LoadTimes (C2A15278-BFE7-4AFE-6C17-90FF531DF755): 1
LogDevObjectVersion:   Private-Geometry (6EACA3D4-40EC-4CC1-B786-8BED09428FC5): 3
LogDevObjectVersion:   Dev-AnimPhys (29E575DD-E0A3-4627-9D10-D276232CDCEA): 17
LogDevObjectVersion:   Dev-Anim (AF43A65D-7FD3-4947-9873-3E8ED9C1BB05): 2
LogDevObjectVersion:   Dev-ReflectionCapture (6B266CEC-1EC7-4B8F-A30B-E4D90942FC07): 1
LogDevObjectVersion:   Dev-Automation (0DF73D61-A23F-47EA-B727-89E90C41499A): 1
LogDevObjectVersion:   FortniteMain (601D1886-AC64-4F84-AA16-D3DE0DEAC7D6): 25
LogDevObjectVersion:   Dev-Enterprise (9DFFBCD6-494F-0158-E221-12823C92A888): 6
LogDevObjectVersion:   Dev-Niagara (F2AED0AC-9AFE-416F-8664-AA7FFA26D6FC): 1
LogDevObjectVersion:   Dev-Destruction (174F1F0B-B4C6-45A5-B13F-2EE8D0FB917D): 2
LogInit: Presizing for max 16777216 objects, including 0 objects not considered by GC, pre-allocating 0 bytes for permanent pool.
LogInit: Object subsystem initialized
LogConfig: Setting CVar [[con.DebugEarlyDefault:1]]
LogConfig: Setting CVar [[r.setres:1280x720]]
[2020.03.02-09.11.12:630][  0]LogConfig: Setting CVar [[r.VSync:0]]
[2020.03.02-09.11.12:630][  0]LogConfig: Setting CVar [[r.RHICmdBypass:0]]
[2020.03.02-09.11.12:630][  0]LogConfig: Applying CVar settings from Section [/Script/Engine.RendererSettings] File [C:/Users/ericf/Desktop/repos/Marine-Squad/Marine_Squad/Saved/Config/Windows/Engine.ini]
[2020.03.02-09.11.12:630][  0]LogConfig: Setting CVar [[r.GPUCrashDebugging:0]]
[2020.03.02-09.11.12:630][  0]LogConfig: Setting CVar [[r.DefaultFeature.AutoExposure.ExtendDefaultLuminanceRange:1]]
[2020.03.02-09.11.12:630][  0]LogConfig: Setting CVar [[r.AllowGlobalClipPlane:1]]
[2020.03.02-09.11.12:630][  0]LogConfig: Applying CVar settings from Section [/Script/Engine.RendererOverrideSettings] File [C:/Users/ericf/Desktop/repos/Marine-Squad/Marine_Squad/Saved/Config/Windows/Engine.ini]
[2020.03.02-09.11.12:630][  0]LogConfig: Applying CVar settings from Section [/Script/Engine.StreamingSettings] File [C:/Users/ericf/Desktop/repos/Marine-Squad/Marine_Squad/Saved/Config/Windows/Engine.ini]
[2020.03.02-09.11.12:630][  0]LogConfig: Setting CVar [[s.MinBulkDataSizeForAsyncLoading:131072]]
[2020.03.02-09.11.12:631][  0]LogConfig: Setting CVar [[s.AsyncLoadingThreadEnabled:0]]
[2020.03.02-09.11.12:631][  0]LogConfig: Setting CVar [[s.EventDrivenLoaderEnabled:1]]
[2020.03.02-09.11.12:631][  0]LogConfig: Setting CVar [[s.WarnIfTimeLimitExceeded:0]]
[2020.03.02-09.11.12:631][  0]LogConfig: Setting CVar [[s.TimeLimitExceededMultiplier:1.5]]
[2020.03.02-09.11.12:631][  0]LogConfig: Setting CVar [[s.TimeLimitExceededMinTime:0.005]]
[2020.03.02-09.11.12:631][  0]LogConfig: Setting CVar [[s.UseBackgroundLevelStreaming:1]]
[2020.03.02-09.11.12:631][  0]LogConfig: Setting CVar [[s.PriorityAsyncLoadingExtraTime:15.0]]
[2020.03.02-09.11.12:631][  0]LogConfig: Setting CVar [[s.LevelStreamingActorsUpdateTimeLimit:5.0]]
[2020.03.02-09.11.12:631][  0]LogConfig: Setting CVar [[s.PriorityLevelStreamingActorsUpdateExtraTime:5.0]]
[2020.03.02-09.11.12:631][  0]LogConfig: Setting CVar [[s.LevelStreamingComponentsRegistrationGranularity:10]]
[2020.03.02-09.11.12:631][  0]LogConfig: Setting CVar [[s.UnregisterComponentsTimeLimit:1.0]]
[2020.03.02-09.11.12:631][  0]LogConfig: Setting CVar [[s.LevelStreamingComponentsUnregistrationGranularity:5]]
[2020.03.02-09.11.12:631][  0]LogConfig: Applying CVar settings from Section [/Script/Engine.GarbageCollectionSettings] File [C:/Users/ericf/Desktop/repos/Marine-Squad/Marine_Squad/Saved/Config/Windows/Engine.ini]
[2020.03.02-09.11.12:631][  0]LogConfig: Setting CVar [[gc.MaxObjectsNotConsideredByGC:1]]
[2020.03.02-09.11.12:631][  0]LogConfig: Setting CVar [[gc.SizeOfPermanentObjectPool:0]]
[2020.03.02-09.11.12:631][  0]LogConfig: Setting CVar [[gc.FlushStreamingOnGC:0]]
[2020.03.02-09.11.12:631][  0]LogConfig: Setting CVar [[gc.NumRetriesBeforeForcingGC:10]]
[2020.03.02-09.11.12:631][  0]LogConfig: Setting CVar [[gc.AllowParallelGC:1]]
[2020.03.02-09.11.12:631][  0]LogConfig: Setting CVar [[gc.TimeBetweenPurgingPendingKillObjects:61.1]]
[2020.03.02-09.11.12:631][  0]LogConfig: Setting CVar [[gc.MaxObjectsInEditor:16777216]]
[2020.03.02-09.11.12:631][  0]LogConfig: Setting CVar [[gc.IncrementalBeginDestroyEnabled:1]]
[2020.03.02-09.11.12:631][  0]LogConfig: Setting CVar [[gc.CreateGCClusters:1]]
[2020.03.02-09.11.12:631][  0]LogConfig: Setting CVar [[gc.MinGCClusterSize:5]]
[2020.03.02-09.11.12:631][  0]LogConfig: Setting CVar [[gc.ActorClusteringEnabled:0]]
[2020.03.02-09.11.12:631][  0]LogConfig: Setting CVar [[gc.BlueprintClusteringEnabled:0]]
[2020.03.02-09.11.12:631][  0]LogConfig: Setting CVar [[gc.UseDisregardForGCOnDedicatedServers:0]]
[2020.03.02-09.11.12:631][  0]LogConfig: Applying CVar settings from Section [/Script/Engine.NetworkSettings] File [C:/Users/ericf/Desktop/repos/Marine-Squad/Marine_Squad/Saved/Config/Windows/Engine.ini]
[2020.03.02-09.11.12:631][  0]LogConfig: Applying CVar settings from Section [/Script/UnrealEd.CookerSettings] File [C:/Users/ericf/Desktop/repos/Marine-Squad/Marine_Squad/Saved/Config/Windows/Engine.ini]
[2020.03.02-09.11.12:641][  0]LogConfig: Applying CVar settings from Section [ViewDistanceQuality@3] File [C:/Users/ericf/Desktop/repos/Marine-Squad/Marine_Squad/Saved/Config/Windows/Scalability.ini]
[2020.03.02-09.11.12:641][  0]LogConfig: Setting CVar [[r.SkeletalMeshLODBias:0]]
[2020.03.02-09.11.12:641][  0]LogConfig: Setting CVar [[r.ViewDistanceScale:1.0]]
[2020.03.02-09.11.12:641][  0]LogConfig: Applying CVar settings from Section [AntiAliasingQuality@3] File [C:/Users/ericf/Desktop/repos/Marine-Squad/Marine_Squad/Saved/Config/Windows/Scalability.ini]
[2020.03.02-09.11.12:641][  0]LogConfig: Setting CVar [[r.PostProcessAAQuality:4]]
[2020.03.02-09.11.12:641][  0]LogConfig: Applying CVar settings from Section [ShadowQuality@3] File [C:/Users/ericf/Desktop/repos/Marine-Squad/Marine_Squad/Saved/Config/Windows/Scalability.ini]
[2020.03.02-09.11.12:641][  0]LogConfig: Setting CVar [[r.LightFunctionQuality:1]]
[2020.03.02-09.11.12:641][  0]LogConfig: Setting CVar [[r.ShadowQuality:5]]
[2020.03.02-09.11.12:641][  0]LogConfig: Setting CVar [[r.Shadow.CSM.MaxCascades:10]]
[2020.03.02-09.11.12:641][  0]LogConfig: Setting CVar [[r.Shadow.MaxResolution:2048]]
[2020.03.02-09.11.12:641][  0]LogConfig: Setting CVar [[r.Shadow.MaxCSMResolution:2048]]
[2020.03.02-09.11.12:641][  0]LogConfig: Setting CVar [[r.Shadow.RadiusThreshold:0.01]]
[2020.03.02-09.11.12:641][  0]LogConfig: Setting CVar [[r.Shadow.DistanceScale:1.0]]
[2020.03.02-09.11.12:641][  0]LogConfig: Setting CVar [[r.Shadow.CSM.TransitionScale:1.0]]
[2020.03.02-09.11.12:641][  0]LogConfig: Setting CVar [[r.Shadow.PreShadowResolutionFactor:1.0]]
[2020.03.02-09.11.12:641][  0]LogConfig: Setting CVar [[r.DistanceFieldShadowing:1]]
[2020.03.02-09.11.12:641][  0]LogConfig: Setting CVar [[r.DistanceFieldAO:1]]
[2020.03.02-09.11.12:641][  0]LogConfig: Setting CVar [[r.AOQuality:2]]
[2020.03.02-09.11.12:641][  0]LogConfig: Setting CVar [[r.VolumetricFog:1]]
[2020.03.02-09.11.12:641][  0]LogConfig: Setting CVar [[r.VolumetricFog.GridPixelSize:8]]
[2020.03.02-09.11.12:641][  0]LogConfig: Setting CVar [[r.VolumetricFog.GridSizeZ:128]]
[2020.03.02-09.11.12:641][  0]LogConfig: Setting CVar [[r.VolumetricFog.HistoryMissSupersampleCount:4]]
[2020.03.02-09.11.12:641][  0]LogConfig: Setting CVar [[r.LightMaxDrawDistanceScale:1]]
[2020.03.02-09.11.12:641][  0]LogConfig: Setting CVar [[r.CapsuleShadows:1]]
[2020.03.02-09.11.12:641][  0]LogConfig: Applying CVar settings from Section [PostProcessQuality@3] File [C:/Users/ericf/Desktop/repos/Marine-Squad/Marine_Squad/Saved/Config/Windows/Scalability.ini]
[2020.03.02-09.11.12:641][  0]LogConfig: Setting CVar [[r.MotionBlurQuality:4]]
[2020.03.02-09.11.12:641][  0]LogConfig: Setting CVar [[r.AmbientOcclusionMipLevelFactor:0.4]]
[2020.03.02-09.11.12:641][  0]LogConfig: Setting CVar [[r.AmbientOcclusionMaxQuality:100]]
[2020.03.02-09.11.12:641][  0]LogConfig: Setting CVar [[r.AmbientOcclusionLevels:-1]]
[2020.03.02-09.11.12:641][  0]LogConfig: Setting CVar [[r.AmbientOcclusionRadiusScale:1.0]]
[2020.03.02-09.11.12:641][  0]LogConfig: Setting CVar [[r.DepthOfFieldQuality:2]]
[2020.03.02-09.11.12:641][  0]LogConfig: Setting CVar [[r.RenderTargetPoolMin:400]]
[2020.03.02-09.11.12:641][  0]LogConfig: Setting CVar [[r.LensFlareQuality:2]]
[2020.03.02-09.11.12:641][  0]LogConfig: Setting CVar [[r.SceneColorFringeQuality:1]]
[2020.03.02-09.11.12:641][  0]LogConfig: Setting CVar [[r.EyeAdaptationQuality:2]]
[2020.03.02-09.11.12:641][  0]LogConfig: Setting CVar [[r.BloomQuality:5]]
[2020.03.02-09.11.12:641][  0]LogConfig: Setting CVar [[r.FastBlurThreshold:100]]
[2020.03.02-09.11.12:641][  0]LogConfig: Setting CVar [[r.Upscale.Quality:3]]
[2020.03.02-09.11.12:641][  0]LogConfig: Setting CVar [[r.Tonemapper.GrainQuantization:1]]
[2020.03.02-09.11.12:641][  0]LogConfig: Setting CVar [[r.LightShaftQuality:1]]
[2020.03.02-09.11.12:641][  0]LogConfig: Setting CVar [[r.Filter.SizeScale:1]]
[2020.03.02-09.11.12:641][  0]LogConfig: Setting CVar [[r.Tonemapper.Quality:5]]
[2020.03.02-09.11.12:641][  0]LogConfig: Setting CVar [[r.DOF.Gather.AccumulatorQuality:1        ; higher gathering accumulator quality]]
[2020.03.02-09.11.12:641][  0]LogConfig: Setting CVar [[r.DOF.Gather.PostfilterMethod:1          ; Median3x3 postfilering method]]
[2020.03.02-09.11.12:641][  0]LogConfig: Setting CVar [[r.DOF.Gather.EnableBokehSettings:0       ; no bokeh simulation when gathering]]
[2020.03.02-09.11.12:641][  0]LogConfig: Setting CVar [[r.DOF.Gather.RingCount:4                 ; medium number of samples when gathering]]
[2020.03.02-09.11.12:641][  0]LogConfig: Setting CVar [[r.DOF.Scatter.ForegroundCompositing:1    ; additive foreground scattering]]
[2020.03.02-09.11.12:641][  0]LogConfig: Setting CVar [[r.DOF.Scatter.BackgroundCompositing:2    ; additive background scattering]]
[2020.03.02-09.11.12:641][  0]LogConfig: Setting CVar [[r.DOF.Scatter.EnableBokehSettings:1      ; bokeh simulation when scattering]]
[2020.03.02-09.11.12:641][  0]LogConfig: Setting CVar [[r.DOF.Scatter.MaxSpriteRatio:0.1         ; only a maximum of 10% of scattered bokeh]]
[2020.03.02-09.11.12:641][  0]LogConfig: Setting CVar [[r.DOF.Recombine.Quality:1                ; cheap slight out of focus]]
[2020.03.02-09.11.12:641][  0]LogConfig: Setting CVar [[r.DOF.Recombine.EnableBokehSettings:0    ; no bokeh simulation on slight out of focus]]
[2020.03.02-09.11.12:641][  0]LogConfig: Setting CVar [[r.DOF.TemporalAAQuality:1                ; more stable temporal accumulation]]
[2020.03.02-09.11.12:641][  0]LogConfig: Setting CVar [[r.DOF.Kernel.MaxForegroundRadius:0.025]]
[2020.03.02-09.11.12:641][  0]LogConfig: Setting CVar [[r.DOF.Kernel.MaxBackgroundRadius:0.025]]
[2020.03.02-09.11.12:641][  0]LogConfig: Applying CVar settings from Section [TextureQuality@3] File [C:/Users/ericf/Desktop/repos/Marine-Squad/Marine_Squad/Saved/Config/Windows/Scalability.ini]
[2020.03.02-09.11.12:641][  0]LogConfig: Setting CVar [[r.Streaming.MipBias:0]]
[2020.03.02-09.11.12:641][  0]LogConfig: Setting CVar [[r.Streaming.AmortizeCPUToGPUCopy:0]]
[2020.03.02-09.11.12:641][  0]LogConfig: Setting CVar [[r.Streaming.MaxNumTexturesToStreamPerFrame:0]]
[2020.03.02-09.11.12:641][  0]LogConfig: Setting CVar [[r.Streaming.Boost:1]]
[2020.03.02-09.11.12:641][  0]LogConfig: Setting CVar [[r.MaxAnisotropy:8]]
[2020.03.02-09.11.12:641][  0]LogConfig: Setting CVar [[r.Streaming.LimitPoolSizeToVRAM:0]]
[2020.03.02-09.11.12:641][  0]LogConfig: Setting CVar [[r.Streaming.PoolSize:1000]]
[2020.03.02-09.11.12:641][  0]LogConfig: Setting CVar [[r.Streaming.MaxEffectiveScreenSize:0]]
[2020.03.02-09.11.12:641][  0]LogConfig: Applying CVar settings from Section [EffectsQuality@3] File [C:/Users/ericf/Desktop/repos/Marine-Squad/Marine_Squad/Saved/Config/Windows/Scalability.ini]
[2020.03.02-09.11.12:641][  0]LogConfig: Setting CVar [[r.TranslucencyLightingVolumeDim:64]]
[2020.03.02-09.11.12:641][  0]LogConfig: Setting CVar [[r.RefractionQuality:2]]
[2020.03.02-09.11.12:641][  0]LogConfig: Setting CVar [[r.SSR.Quality:3]]
[2020.03.02-09.11.12:641][  0]LogConfig: Setting CVar [[r.SceneColorFormat:4]]
[2020.03.02-09.11.12:641][  0]LogConfig: Setting CVar [[r.DetailMode:2]]
[2020.03.02-09.11.12:641][  0]LogConfig: Setting CVar [[r.TranslucencyVolumeBlur:1]]
[2020.03.02-09.11.12:641][  0]LogConfig: Setting CVar [[r.MaterialQualityLevel:1 ; High quality]]
[2020.03.02-09.11.12:641][  0]LogConfig: Setting CVar [[r.SSS.Scale:1]]
[2020.03.02-09.11.12:641][  0]LogConfig: Setting CVar [[r.SSS.SampleSet:2]]
[2020.03.02-09.11.12:641][  0]LogConfig: Setting CVar [[r.SSS.Quality:1]]
[2020.03.02-09.11.12:642][  0]LogConfig: Setting CVar [[r.SSS.HalfRes:1]]
[2020.03.02-09.11.12:642][  0]LogConfig: Setting CVar [[r.EmitterSpawnRateScale:1.0]]
[2020.03.02-09.11.12:642][  0]LogConfig: Setting CVar [[r.ParticleLightQuality:2]]
[2020.03.02-09.11.12:642][  0]LogConfig: Applying CVar settings from Section [FoliageQuality@3] File [C:/Users/ericf/Desktop/repos/Marine-Squad/Marine_Squad/Saved/Config/Windows/Scalability.ini]
[2020.03.02-09.11.12:642][  0]LogConfig: Setting CVar [[foliage.DensityScale:1.0]]
[2020.03.02-09.11.12:642][  0]LogConfig: Setting CVar [[grass.DensityScale:1.0]]
[2020.03.02-09.11.12:642][  0]LogInit: Selected Device Profile: [Windows]
[2020.03.02-09.11.12:642][  0]LogInit: Applying CVar settings loaded from the selected device profile: [Windows]
[2020.03.02-09.11.12:655][  0]LogHAL: Display: Platform has ~ 8 GB [8444633088 / 8589934592 / 8], which maps to Default [LargestMinGB=32, LargerMinGB=12, DefaultMinGB=8, SmallerMinGB=6, SmallestMinGB=0)
[2020.03.02-09.11.12:655][  0]LogConfig: Setting CVar [[r.Vulkan.UseRealUBs:0		; Required until we fix HLR fall-out]]
[2020.03.02-09.11.12:655][  0]LogInit: Going up to parent DeviceProfile []
[2020.03.02-09.11.12:655][  0]LogConfig: Applying CVar settings from Section [ViewDistanceQuality@3] File [C:/Users/ericf/Desktop/repos/Marine-Squad/Marine_Squad/Saved/Config/Windows/Scalability.ini]
[2020.03.02-09.11.12:655][  0]LogConfig: Setting CVar [[r.SkeletalMeshLODBias:0]]
[2020.03.02-09.11.12:655][  0]LogConfig: Setting CVar [[r.ViewDistanceScale:1.0]]
[2020.03.02-09.11.12:655][  0]LogConfig: Applying CVar settings from Section [AntiAliasingQuality@3] File [C:/Users/ericf/Desktop/repos/Marine-Squad/Marine_Squad/Saved/Config/Windows/Scalability.ini]
[2020.03.02-09.11.12:655][  0]LogConfig: Setting CVar [[r.PostProcessAAQuality:4]]
[2020.03.02-09.11.12:655][  0]LogConfig: Applying CVar settings from Section [ShadowQuality@3] File [C:/Users/ericf/Desktop/repos/Marine-Squad/Marine_Squad/Saved/Config/Windows/Scalability.ini]
[2020.03.02-09.11.12:655][  0]LogConfig: Setting CVar [[r.LightFunctionQuality:1]]
[2020.03.02-09.11.12:655][  0]LogConfig: Setting CVar [[r.ShadowQuality:5]]
[2020.03.02-09.11.12:655][  0]LogConfig: Setting CVar [[r.Shadow.CSM.MaxCascades:10]]
[2020.03.02-09.11.12:655][  0]LogConfig: Setting CVar [[r.Shadow.MaxResolution:2048]]
[2020.03.02-09.11.12:655][  0]LogConfig: Setting CVar [[r.Shadow.MaxCSMResolution:2048]]
[2020.03.02-09.11.12:655][  0]LogConfig: Setting CVar [[r.Shadow.RadiusThreshold:0.01]]
[2020.03.02-09.11.12:655][  0]LogConfig: Setting CVar [[r.Shadow.DistanceScale:1.0]]
[2020.03.02-09.11.12:655][  0]LogConfig: Setting CVar [[r.Shadow.CSM.TransitionScale:1.0]]
[2020.03.02-09.11.12:655][  0]LogConfig: Setting CVar [[r.Shadow.PreShadowResolutionFactor:1.0]]
[2020.03.02-09.11.12:655][  0]LogConfig: Setting CVar [[r.DistanceFieldShadowing:1]]
[2020.03.02-09.11.12:655][  0]LogConfig: Setting CVar [[r.DistanceFieldAO:1]]
[2020.03.02-09.11.12:655][  0]LogConfig: Setting CVar [[r.AOQuality:2]]
[2020.03.02-09.11.12:655][  0]LogConfig: Setting CVar [[r.VolumetricFog:1]]
[2020.03.02-09.11.12:655][  0]LogConfig: Setting CVar [[r.VolumetricFog.GridPixelSize:8]]
[2020.03.02-09.11.12:655][  0]LogConfig: Setting CVar [[r.VolumetricFog.GridSizeZ:128]]
[2020.03.02-09.11.12:656][  0]LogConfig: Setting CVar [[r.VolumetricFog.HistoryMissSupersampleCount:4]]
[2020.03.02-09.11.12:656][  0]LogConfig: Setting CVar [[r.LightMaxDrawDistanceScale:1]]
[2020.03.02-09.11.12:656][  0]LogConfig: Setting CVar [[r.CapsuleShadows:1]]
[2020.03.02-09.11.12:656][  0]LogConfig: Applying CVar settings from Section [PostProcessQuality@3] File [C:/Users/ericf/Desktop/repos/Marine-Squad/Marine_Squad/Saved/Config/Windows/Scalability.ini]
[2020.03.02-09.11.12:656][  0]LogConfig: Setting CVar [[r.MotionBlurQuality:4]]
[2020.03.02-09.11.12:656][  0]LogConfig: Setting CVar [[r.AmbientOcclusionMipLevelFactor:0.4]]
[2020.03.02-09.11.12:656][  0]LogConfig: Setting CVar [[r.AmbientOcclusionMaxQuality:100]]
[2020.03.02-09.11.12:656][  0]LogConfig: Setting CVar [[r.AmbientOcclusionLevels:-1]]
[2020.03.02-09.11.12:656][  0]LogConfig: Setting CVar [[r.AmbientOcclusionRadiusScale:1.0]]
[2020.03.02-09.11.12:656][  0]LogConfig: Setting CVar [[r.DepthOfFieldQuality:2]]
[2020.03.02-09.11.12:656][  0]LogConfig: Setting CVar [[r.RenderTargetPoolMin:400]]
[2020.03.02-09.11.12:656][  0]LogConfig: Setting CVar [[r.LensFlareQuality:2]]
[2020.03.02-09.11.12:656][  0]LogConfig: Setting CVar [[r.SceneColorFringeQuality:1]]
[2020.03.02-09.11.12:656][  0]LogConfig: Setting CVar [[r.EyeAdaptationQuality:2]]
[2020.03.02-09.11.12:656][  0]LogConfig: Setting CVar [[r.BloomQuality:5]]
[2020.03.02-09.11.12:656][  0]LogConfig: Setting CVar [[r.FastBlurThreshold:100]]
[2020.03.02-09.11.12:656][  0]LogConfig: Setting CVar [[r.Upscale.Quality:3]]
[2020.03.02-09.11.12:656][  0]LogConfig: Setting CVar [[r.Tonemapper.GrainQuantization:1]]
[2020.03.02-09.11.12:656][  0]LogConfig: Setting CVar [[r.LightShaftQuality:1]]
[2020.03.02-09.11.12:656][  0]LogConfig: Setting CVar [[r.Filter.SizeScale:1]]
[2020.03.02-09.11.12:656][  0]LogConfig: Setting CVar [[r.Tonemapper.Quality:5]]
[2020.03.02-09.11.12:656][  0]LogConfig: Setting CVar [[r.DOF.Gather.AccumulatorQuality:1        ; higher gathering accumulator quality]]
[2020.03.02-09.11.12:656][  0]LogConfig: Setting CVar [[r.DOF.Gather.PostfilterMethod:1          ; Median3x3 postfilering method]]
[2020.03.02-09.11.12:656][  0]LogConfig: Setting CVar [[r.DOF.Gather.EnableBokehSettings:0       ; no bokeh simulation when gathering]]
[2020.03.02-09.11.12:656][  0]LogConfig: Setting CVar [[r.DOF.Gather.RingCount:4                 ; medium number of samples when gathering]]
[2020.03.02-09.11.12:656][  0]LogConfig: Setting CVar [[r.DOF.Scatter.ForegroundCompositing:1    ; additive foreground scattering]]
[2020.03.02-09.11.12:656][  0]LogConfig: Setting CVar [[r.DOF.Scatter.BackgroundCompositing:2    ; additive background scattering]]
[2020.03.02-09.11.12:656][  0]LogConfig: Setting CVar [[r.DOF.Scatter.EnableBokehSettings:1      ; bokeh simulation when scattering]]
[2020.03.02-09.11.12:656][  0]LogConfig: Setting CVar [[r.DOF.Scatter.MaxSpriteRatio:0.1         ; only a maximum of 10% of scattered bokeh]]
[2020.03.02-09.11.12:656][  0]LogConfig: Setting CVar [[r.DOF.Recombine.Quality:1                ; cheap slight out of focus]]
[2020.03.02-09.11.12:656][  0]LogConfig: Setting CVar [[r.DOF.Recombine.EnableBokehSettings:0    ; no bokeh simulation on slight out of focus]]
[2020.03.02-09.11.12:656][  0]LogConfig: Setting CVar [[r.DOF.TemporalAAQuality:1                ; more stable temporal accumulation]]
[2020.03.02-09.11.12:656][  0]LogConfig: Setting CVar [[r.DOF.Kernel.MaxForegroundRadius:0.025]]
[2020.03.02-09.11.12:656][  0]LogConfig: Setting CVar [[r.DOF.Kernel.MaxBackgroundRadius:0.025]]
[2020.03.02-09.11.12:656][  0]LogConfig: Applying CVar settings from Section [TextureQuality@3] File [C:/Users/ericf/Desktop/repos/Marine-Squad/Marine_Squad/Saved/Config/Windows/Scalability.ini]
[2020.03.02-09.11.12:656][  0]LogConfig: Setting CVar [[r.Streaming.MipBias:0]]
[2020.03.02-09.11.12:656][  0]LogConfig: Setting CVar [[r.Streaming.AmortizeCPUToGPUCopy:0]]
[2020.03.02-09.11.12:656][  0]LogConfig: Setting CVar [[r.Streaming.MaxNumTexturesToStreamPerFrame:0]]
[2020.03.02-09.11.12:656][  0]LogConfig: Setting CVar [[r.Streaming.Boost:1]]
[2020.03.02-09.11.12:656][  0]LogConfig: Setting CVar [[r.MaxAnisotropy:8]]
[2020.03.02-09.11.12:656][  0]LogConfig: Setting CVar [[r.Streaming.LimitPoolSizeToVRAM:0]]
[2020.03.02-09.11.12:656][  0]LogConfig: Setting CVar [[r.Streaming.PoolSize:1000]]
[2020.03.02-09.11.12:656][  0]LogConfig: Setting CVar [[r.Streaming.MaxEffectiveScreenSize:0]]
[2020.03.02-09.11.12:656][  0]LogConfig: Applying CVar settings from Section [EffectsQuality@3] File [C:/Users/ericf/Desktop/repos/Marine-Squad/Marine_Squad/Saved/Config/Windows/Scalability.ini]
[2020.03.02-09.11.12:656][  0]LogConfig: Setting CVar [[r.TranslucencyLightingVolumeDim:64]]
[2020.03.02-09.11.12:656][  0]LogConfig: Setting CVar [[r.RefractionQuality:2]]
[2020.03.02-09.11.12:656][  0]LogConfig: Setting CVar [[r.SSR.Quality:3]]
[2020.03.02-09.11.12:656][  0]LogConfig: Setting CVar [[r.SceneColorFormat:4]]
[2020.03.02-09.11.12:656][  0]LogConfig: Setting CVar [[r.DetailMode:2]]
[2020.03.02-09.11.12:656][  0]LogConfig: Setting CVar [[r.TranslucencyVolumeBlur:1]]
[2020.03.02-09.11.12:656][  0]LogConfig: Setting CVar [[r.MaterialQualityLevel:1 ; High quality]]
[2020.03.02-09.11.12:656][  0]LogConfig: Setting CVar [[r.SSS.Scale:1]]
[2020.03.02-09.11.12:656][  0]LogConfig: Setting CVar [[r.SSS.SampleSet:2]]
[2020.03.02-09.11.12:656][  0]LogConfig: Setting CVar [[r.SSS.Quality:1]]
[2020.03.02-09.11.12:656][  0]LogConfig: Setting CVar [[r.SSS.HalfRes:1]]
[2020.03.02-09.11.12:656][  0]LogConfig: Setting CVar [[r.EmitterSpawnRateScale:1.0]]
[2020.03.02-09.11.12:656][  0]LogConfig: Setting CVar [[r.ParticleLightQuality:2]]
[2020.03.02-09.11.12:656][  0]LogConfig: Applying CVar settings from Section [FoliageQuality@3] File [C:/Users/ericf/Desktop/repos/Marine-Squad/Marine_Squad/Saved/Config/Windows/Scalability.ini]
[2020.03.02-09.11.12:656][  0]LogConfig: Setting CVar [[foliage.DensityScale:1.0]]
[2020.03.02-09.11.12:656][  0]LogConfig: Setting CVar [[grass.DensityScale:1.0]]
[2020.03.02-09.11.12:656][  0]LogConfig: Applying CVar settings from Section [Startup] File [../../../Engine/Config/ConsoleVariables.ini]
[2020.03.02-09.11.12:656][  0]LogConfig: Setting CVar [[net.UseAdaptiveNetUpdateFrequency:0]]
[2020.03.02-09.11.12:656][  0]LogConfig: Setting CVar [[p.chaos.AllowCreatePhysxBodies:1]]
[2020.03.02-09.11.12:656][  0]LogConfig: Applying CVar settings from Section [ConsoleVariables] File [C:/Users/ericf/Desktop/repos/Marine-Squad/Marine_Squad/Saved/Config/Windows/Engine.ini]
[2020.03.02-09.11.12:656][  0]LogInit: Computer: FALL-PC
[2020.03.02-09.11.12:656][  0]LogInit: User: ericf
[2020.03.02-09.11.12:656][  0]LogInit: CPU Page size=4096, Cores=4
[2020.03.02-09.11.12:656][  0]LogInit: High frequency timer resolution =10.000000 MHz
[2020.03.02-09.11.12:657][  0]LogMemory: Memory total: Physical=7.9GB (8GB approx)
[2020.03.02-09.11.12:657][  0]LogMemory: Platform Memory Stats for Windows
[2020.03.02-09.11.12:657][  0]LogMemory: Process Physical Memory: 103.21 MB used, 103.22 MB peak
[2020.03.02-09.11.12:657][  0]LogMemory: Process Virtual Memory: 87.04 MB used, 87.04 MB peak
[2020.03.02-09.11.12:657][  0]LogMemory: Physical Memory: 4290.12 MB used,  3763.31 MB free, 8053.43 MB total
[2020.03.02-09.11.12:657][  0]LogMemory: Virtual Memory: 4675.52 MB used,  134213056.00 MB free, 134217728.00 MB total
[2020.03.02-09.11.12:674][  0]LogInit: Using OS detected language (en-US).
[2020.03.02-09.11.12:674][  0]LogInit: Using OS detected locale (en-US).
[2020.03.02-09.11.12:675][  0]LogTextLocalizationManager: No specific localization for 'en-US' exists, so the 'en' localization will be used.
[2020.03.02-09.11.12:830][  0]LogInit: Setting process to per monitor DPI aware
[2020.03.02-09.11.12:869][  0]LogSlate: New Slate User Created.  User Index 0, Is Virtual User: 0
[2020.03.02-09.11.12:869][  0]LogSlate: Slate User Registered.  User Index 0, Is Virtual User: 0
[2020.03.02-09.11.13:003][  0]LogHMD: Failed to initialize OpenVR with code 110
[2020.03.02-09.11.13:003][  0]LogD3D11RHI: D3D11 adapters:
[2020.03.02-09.11.13:071][  0]LogD3D11RHI:    0. 'NVIDIA GeForce GTX 970' (Feature Level 11_0)
[2020.03.02-09.11.13:071][  0]LogD3D11RHI:       4043/0/4026 MB DedicatedVideo/DedicatedSystem/SharedSystem, Outputs:2, VendorId:0x10de
[2020.03.02-09.11.13:077][  0]LogD3D11RHI:    1. 'Intel(R) HD Graphics 4600' (Feature Level 11_0)
[2020.03.02-09.11.13:077][  0]LogD3D11RHI:       112/0/2048 MB DedicatedVideo/DedicatedSystem/SharedSystem, Outputs:0, VendorId:0x8086
[2020.03.02-09.11.13:079][  0]LogD3D11RHI:    2. 'Microsoft Basic Render Driver' (Feature Level 11_0)
[2020.03.02-09.11.13:079][  0]LogD3D11RHI:       0/0/4026 MB DedicatedVideo/DedicatedSystem/SharedSystem, Outputs:0, VendorId:0x1414
[2020.03.02-09.11.13:079][  0]LogD3D11RHI: Chosen D3D11 Adapter: 0
[2020.03.02-09.11.13:087][  0]LogD3D11RHI: Creating new Direct3DDevice
[2020.03.02-09.11.13:087][  0]LogD3D11RHI:     GPU DeviceId: 0x13c2 (for the marketing name, search the web for "GPU Device Id")
[2020.03.02-09.11.13:087][  0]LogWindows: EnumDisplayDevices:
[2020.03.02-09.11.13:087][  0]LogWindows:    0. 'NVIDIA GeForce GTX 970' (P:1 D:1)
[2020.03.02-09.11.13:087][  0]LogWindows:    1. 'NVIDIA GeForce GTX 970' (P:0 D:1)
[2020.03.02-09.11.13:087][  0]LogWindows:    2. 'NVIDIA GeForce GTX 970' (P:0 D:0)
[2020.03.02-09.11.13:088][  0]LogWindows:    3. 'NVIDIA GeForce GTX 970' (P:0 D:0)
[2020.03.02-09.11.13:088][  0]LogWindows:    4. 'Intel(R) HD Graphics 4600' (P:0 D:0)
[2020.03.02-09.11.13:088][  0]LogWindows:    5. 'Intel(R) HD Graphics 4600' (P:0 D:0)
[2020.03.02-09.11.13:088][  0]LogWindows:    6. 'Intel(R) HD Graphics 4600' (P:0 D:0)
[2020.03.02-09.11.13:088][  0]LogWindows: DebugString: PrimaryIsNotTheChoosenAdapter PrimaryIsNotTheChoosenAdapter PrimaryIsNotTheChoosenAdapter FoundDriverCount:4 
[2020.03.02-09.11.13:088][  0]LogD3D11RHI:     Adapter Name: NVIDIA GeForce GTX 970
[2020.03.02-09.11.13:088][  0]LogD3D11RHI:   Driver Version: 436.02 (internal:26.21.14.3602, unified:436.02)
[2020.03.02-09.11.13:088][  0]LogD3D11RHI:      Driver Date: 8-16-2019
[2020.03.02-09.11.13:088][  0]LogRHI: Texture pool is 2830 MB (70% of 4043 MB)
[2020.03.02-09.11.13:126][  0]LogD3D11RHI: Async texture creation enabled
[2020.03.02-09.11.13:151][  0]LogRendererCore: FGlobalReadBuffer::InitRHI
[2020.03.02-09.11.13:152][  0]LogRendererCore: FGlobalReadBuffer::InitRHI
[2020.03.02-09.11.13:152][  0]LogRendererCore: FGlobalReadBuffer::InitRHI
[2020.03.02-09.11.13:160][  0]LogD3D11RHI: GPU Timing Frequency: 1000.000000 (Debug: 2 1)
[2020.03.02-09.11.13:522][  0]LogTemp: Display: Module 'AllDesktopTargetPlatform' loaded TargetPlatform 'AllDesktop'
[2020.03.02-09.11.13:535][  0]LogTemp: Display: Module 'MacClientTargetPlatform' loaded TargetPlatform 'MacClient'
[2020.03.02-09.11.13:547][  0]LogTemp: Display: Module 'MacNoEditorTargetPlatform' loaded TargetPlatform 'MacNoEditor'
[2020.03.02-09.11.13:559][  0]LogTemp: Display: Module 'MacServerTargetPlatform' loaded TargetPlatform 'MacServer'
[2020.03.02-09.11.13:572][  0]LogTemp: Display: Module 'MacTargetPlatform' loaded TargetPlatform 'Mac'
[2020.03.02-09.11.13:583][  0]LogTemp: Display: Module 'WindowsClientTargetPlatform' loaded TargetPlatform 'WindowsClient'
[2020.03.02-09.11.13:596][  0]LogTemp: Display: Module 'WindowsNoEditorTargetPlatform' loaded TargetPlatform 'WindowsNoEditor'
[2020.03.02-09.11.13:609][  0]LogTemp: Display: Module 'WindowsServerTargetPlatform' loaded TargetPlatform 'WindowsServer'
[2020.03.02-09.11.13:614][  0]LogTemp: Display: Module 'WindowsTargetPlatform' loaded TargetPlatform 'Windows'
[2020.03.02-09.11.13:691][  0]LogTemp: Display: Module 'AndroidTargetPlatform' loaded TargetPlatform 'Android'
[2020.03.02-09.11.13:691][  0]LogTemp: Display: Module 'AndroidTargetPlatform' loaded TargetPlatform 'Android_ASTC'
[2020.03.02-09.11.13:691][  0]LogTemp: Display: Module 'AndroidTargetPlatform' loaded TargetPlatform 'Android_ATC'
[2020.03.02-09.11.13:691][  0]LogTemp: Display: Module 'AndroidTargetPlatform' loaded TargetPlatform 'Android_DXT'
[2020.03.02-09.11.13:691][  0]LogTemp: Display: Module 'AndroidTargetPlatform' loaded TargetPlatform 'Android_ETC1'
[2020.03.02-09.11.13:691][  0]LogTemp: Display: Module 'AndroidTargetPlatform' loaded TargetPlatform 'Android_ETC1a'
[2020.03.02-09.11.13:691][  0]LogTemp: Display: Module 'AndroidTargetPlatform' loaded TargetPlatform 'Android_ETC2'
[2020.03.02-09.11.13:691][  0]LogTemp: Display: Module 'AndroidTargetPlatform' loaded TargetPlatform 'Android_PVRTC'
[2020.03.02-09.11.13:691][  0]LogTemp: Display: Module 'AndroidTargetPlatform' loaded TargetPlatform 'AndroidClient'
[2020.03.02-09.11.13:691][  0]LogTemp: Display: Module 'AndroidTargetPlatform' loaded TargetPlatform 'Android_ASTCClient'
[2020.03.02-09.11.13:691][  0]LogTemp: Display: Module 'AndroidTargetPlatform' loaded TargetPlatform 'Android_ATCClient'
[2020.03.02-09.11.13:691][  0]LogTemp: Display: Module 'AndroidTargetPlatform' loaded TargetPlatform 'Android_DXTClient'
[2020.03.02-09.11.13:691][  0]LogTemp: Display: Module 'AndroidTargetPlatform' loaded TargetPlatform 'Android_ETC1Client'
[2020.03.02-09.11.13:691][  0]LogTemp: Display: Module 'AndroidTargetPlatform' loaded TargetPlatform 'Android_ETC1aClient'
[2020.03.02-09.11.13:691][  0]LogTemp: Display: Module 'AndroidTargetPlatform' loaded TargetPlatform 'Android_ETC2Client'
[2020.03.02-09.11.13:691][  0]LogTemp: Display: Module 'AndroidTargetPlatform' loaded TargetPlatform 'Android_PVRTCClient'
[2020.03.02-09.11.13:691][  0]LogTemp: Display: Module 'AndroidTargetPlatform' loaded TargetPlatform 'Android_Multi'
[2020.03.02-09.11.13:691][  0]LogTemp: Display: Module 'AndroidTargetPlatform' loaded TargetPlatform 'Android_MultiClient'
[2020.03.02-09.11.13:692][  0]LogTemp: Display: Module 'HTML5TargetPlatform' loaded TargetPlatform 'HTML5'
[2020.03.02-09.11.13:740][  0]LogTemp: Display: Module 'IOSTargetPlatform' loaded TargetPlatform 'IOSClient'
[2020.03.02-09.11.13:740][  0]LogTemp: Display: Module 'IOSTargetPlatform' loaded TargetPlatform 'IOS'
[2020.03.02-09.11.13:764][  0]LogTemp: Display: Module 'TVOSTargetPlatform' loaded TargetPlatform 'TVOSClient'
[2020.03.02-09.11.13:764][  0]LogTemp: Display: Module 'TVOSTargetPlatform' loaded TargetPlatform 'TVOS'
[2020.03.02-09.11.13:776][  0]LogTemp: Display: Module 'LinuxClientTargetPlatform' loaded TargetPlatform 'LinuxClient'
[2020.03.02-09.11.13:788][  0]LogTemp: Display: Module 'LinuxNoEditorTargetPlatform' loaded TargetPlatform 'LinuxNoEditor'
[2020.03.02-09.11.13:800][  0]LogTemp: Display: Module 'LinuxServerTargetPlatform' loaded TargetPlatform 'LinuxServer'
[2020.03.02-09.11.13:812][  0]LogTemp: Display: Module 'LinuxTargetPlatform' loaded TargetPlatform 'Linux'
[2020.03.02-09.11.13:855][  0]LogTemp: Display: Module 'LuminTargetPlatform' loaded TargetPlatform 'Lumin'
[2020.03.02-09.11.13:855][  0]LogTemp: Display: Module 'LuminTargetPlatform' loaded TargetPlatform 'LuminClient'
[2020.03.02-09.11.13:855][  0]LogTargetPlatformManager: Display: Building Assets For Windows
[2020.03.02-09.11.13:860][  0]LogAudioDebug: Display: Lib vorbis DLL was dynamically loaded.
[2020.03.02-09.11.13:890][  0]LogShaderCompilers: Guid format shader working directory is -9 characters bigger than the processId version (C:/Users/ericf/Desktop/repos/Marine-Squad/Marine_Squad/Intermediate/Shaders/WorkingDirectory/14680/).
[2020.03.02-09.11.13:890][  0]LogShaderCompilers: Cleaned the shader compiler working directory 'C:/Users/ericf/AppData/Local/Temp/UnrealShaderWorkingDir/DB622819451C846607F0A1BA411DB7D0/'.
[2020.03.02-09.11.13:891][  0]LogXGEController: Cleaning working directory: C:/Users/ericf/AppData/Local/Temp/UnrealXGEWorkingDir/
[2020.03.02-09.11.13:892][  0]LogXGEController: Cannot use XGE Controller as Incredibuild is not installed on this machine.
[2020.03.02-09.11.13:892][  0]LogShaderCompilers: Cannot use XGE Shader Compiler as Incredibuild is not installed on this machine.
[2020.03.02-09.11.13:892][  0]LogShaderCompilers: Display: Using Local Shader Compiler.
[2020.03.02-09.11.14:435][  0]LogDerivedDataCache: Display: Max Cache Size: 512 MB
[2020.03.02-09.11.14:503][  0]LogDerivedDataCache: Loaded boot cache 0.07s 85MB C:/Users/ericf/AppData/Local/UnrealEngine/4.22/DerivedDataCache/Boot.ddc.
[2020.03.02-09.11.14:503][  0]LogDerivedDataCache: Display: Loaded Boot cache: C:/Users/ericf/AppData/Local/UnrealEngine/4.22/DerivedDataCache/Boot.ddc
[2020.03.02-09.11.14:503][  0]LogDerivedDataCache: FDerivedDataBackendGraph:  Pak pak cache file C:/Users/ericf/Desktop/repos/Marine-Squad/Marine_Squad/DerivedDataCache/DDC.ddp not found, will not use a pak cache.
[2020.03.02-09.11.14:503][  0]LogDerivedDataCache: Unable to find inner node Pak for hierarchical cache Hierarchy.
[2020.03.02-09.11.14:503][  0]LogDerivedDataCache: FDerivedDataBackendGraph:  CompressedPak pak cache file C:/Users/ericf/Desktop/repos/Marine-Squad/Marine_Squad/DerivedDataCache/Compressed.ddp not found, will not use a pak cache.
[2020.03.02-09.11.14:503][  0]LogDerivedDataCache: Unable to find inner node CompressedPak for hierarchical cache Hierarchy.
[2020.03.02-09.11.14:515][  0]LogDerivedDataCache: Display: Pak cache opened for reading ../../../Engine/DerivedDataCache/Compressed.ddp.
[2020.03.02-09.11.14:515][  0]LogDerivedDataCache: FDerivedDataBackendGraph:  EnterprisePak pak cache file ../../../Enterprise/DerivedDataCache/Compressed.ddp not found, will not use a pak cache.
[2020.03.02-09.11.14:515][  0]LogDerivedDataCache: Unable to find inner node EnterprisePak for hierarchical cache Hierarchy.
[2020.03.02-09.11.14:527][  0]LogDerivedDataCache: Using Local data cache path C:/Users/ericf/AppData/Local/UnrealEngine/Common/DerivedDataCache: Writable
[2020.03.02-09.11.14:527][  0]LogDerivedDataCache: Shared data cache path not found in *engine.ini, will not use an Shared cache.
[2020.03.02-09.11.14:527][  0]LogDerivedDataCache: Unable to find inner node Shared for hierarchical cache Hierarchy.
[2020.03.02-09.11.14:550][  0]LogMaterial: Verifying Global Shaders for PCD3D_SM5
[2020.03.02-09.11.14:551][  0]LogSlate: Using FreeType 2.6.0
[2020.03.02-09.11.14:551][  0]LogSlate: SlateFontServices - WITH_FREETYPE: 1, WITH_HARFBUZZ: 1
[2020.03.02-09.11.14:634][  0]LogAssetRegistry: FAssetRegistry took 0.0330 seconds to start up
[2020.03.02-09.11.14:940][  0]LogInit: Selected Device Profile: [Windows]
[2020.03.02-09.11.15:063][  0]LogMeshReduction: Using QuadricMeshReduction for automatic static mesh reduction
[2020.03.02-09.11.15:063][  0]LogMeshReduction: Using SimplygonMeshReduction for automatic skeletal mesh reduction
[2020.03.02-09.11.15:063][  0]LogMeshReduction: Using ProxyLODMeshReduction for automatic mesh merging
[2020.03.02-09.11.15:063][  0]LogMeshReduction: No distributed automatic mesh merging module available
[2020.03.02-09.11.15:063][  0]LogMeshMerging: No distributed automatic mesh merging module available
[2020.03.02-09.11.15:073][  0]LogNetVersion: Marine_Squad 1.0.0, NetCL: 5660361, EngineNetVer: 10, GameNetVer: 0 (Checksum: 4148284594)
[2020.03.02-09.11.15:451][  0]LogPackageLocalizationCache: Processed 10 localized package path(s) for 1 prioritized culture(s) in 0.040623 seconds
[2020.03.02-09.11.15:458][  0]LogUObjectArray: 42205 objects as part of root set at end of initial load.
[2020.03.02-09.11.15:458][  0]LogUObjectAllocator: 7325032 out of 0 bytes used by permanent object pool.
[2020.03.02-09.11.15:458][  0]LogUObjectArray: CloseDisregardForGC: 0/0 objects in disregard for GC pool
[2020.03.02-09.11.16:166][  0]LogVaFog: [FVaFogOfWarModule::StartupModule(44)] VaFogOfWar module started
[2020.03.02-09.11.16:169][  0]LogTcpMessaging: Initializing TcpMessaging bridge
[2020.03.02-09.11.16:190][  0]LogUdpMessaging: Initializing bridge on interface 0.0.0.0:0 to multicast group 230.0.0.1:6666.
[2020.03.02-09.11.16:342][  0]LogStats: UGameplayTagsManager::InitializeManager -  0.000 s
[2020.03.02-09.11.16:493][  0]SourceControl: Source control is disabled
[2020.03.02-09.11.16:493][  0]SourceControl: Source control is disabled
[2020.03.02-09.11.16:495][  0]SourceControl: Source control is disabled
[2020.03.02-09.11.16:495][  0]SourceControl: Source control is disabled
[2020.03.02-09.11.16:554][  0]LogAndroidPermission: UAndroidPermissionCallbackProxy::GetInstance
[2020.03.02-09.11.16:700][  0]LogOcInput: OculusInput pre-init called
[2020.03.02-09.11.17:362][  0]LogEngine: Initializing Engine...
[2020.03.02-09.11.17:363][  0]LogHMD: Failed to initialize OpenVR with code 110
[2020.03.02-09.11.17:595][  0]LogInit: Initializing FReadOnlyCVARCache
[2020.03.02-09.11.17:603][  0]LogAIModule: Creating AISystem for world Untitled
[2020.03.02-09.11.17:604][  0]LogVaFog: [FVaFogOfWarModule::StartupModule::<lambda_976865d7f760a47e2a086b15bf7dcbd9>::operator ()(41)] Fog Controller is created for: Untitled
[2020.03.02-09.11.17:659][  0]LogInit: XAudio2 using 'HEAD SET (Corsair VOID PRO USB Gaming Headset )' : 2 channels at 48 kHz using 16 bits per sample (channel mask 0x3)
[2020.03.02-09.11.17:727][  0]LogInit: FAudioDevice initialized.
[2020.03.02-09.11.17:728][  0]LogNetVersion: Set ProjectVersion to 1.0.0.0. Version Checksum will be recalculated on next use.
[2020.03.02-09.11.18:748][  0]LogDerivedDataCache: Saved boot cache 1.02s 85MB C:/Users/ericf/AppData/Local/UnrealEngine/4.22/DerivedDataCache/Boot.ddc.
[2020.03.02-09.11.18:764][  0]LogInit: Texture streaming: Enabled
[2020.03.02-09.11.18:810][  0]LogEngineSessionManager: EngineSessionManager initialized
[2020.03.02-09.11.18:854][  0]LogInit: Transaction tracking system initialized
[2020.03.02-09.11.18:868][  0]BlueprintLog: New page: Editor Load
[2020.03.02-09.11.18:923][  0]LocalizationService: Localization service is disabled
[2020.03.02-09.11.19:550][  0]LogCook: Display: Max memory allowance for cook 16384mb min free memory 0mb
[2020.03.02-09.11.19:550][  0]LogCook: Display: Mobile HDR setting 1
[2020.03.02-09.11.19:560][  0]LogFileCache: Scanning file cache for directory 'C:/Users/ericf/Desktop/repos/Marine-Squad/Marine_Squad/Content/' took 0.04s
[2020.03.02-09.11.19:560][  0]LogStats: FGameplayAbilitiesEditorModule::GameplayTagTreeChanged -  0.000 s
[2020.03.02-09.11.19:834][  0]SourceControl: Source control is disabled
[2020.03.02-09.11.19:834][  0]Cmd: MAP LOAD FILE="C:/Users/ericf/Desktop/repos/Marine-Squad/Marine_Squad/Content/StarterContent/Maps/Minimal_Default.umap" TEMPLATE=0 SHOWPROGRESS=1 FEATURELEVEL=3
[2020.03.02-09.11.19:834][  0]LightingResults: New page: Lighting Build
[2020.03.02-09.11.19:835][  0]LogVaFog: [FVaFogOfWarModule::StartupModule::<lambda_144d8ffb0c7ca55232a4412d9c0c3636>::operator ()(31)] Fog Controller is removed for: Untitled
[2020.03.02-09.11.19:836][  0]MapCheck: New page: Map Check
[2020.03.02-09.11.19:836][  0]LightingResults: New page: Lighting Build
[2020.03.02-09.11.19:859][  0]LogUObjectHash: Compacting FUObjectHashTables data took   2.02ms
[2020.03.02-09.11.19:862][  0]LogLinker: Warning: Can't find file '/Game/BP/Units_BP/BaseEnemyUnit'
[2020.03.02-09.11.19:862][  0]LogLinker: Warning: Can't find file for asset '/Game/BP/Units_BP/BaseEnemyUnit' while loading NULL.
[2020.03.02-09.11.23:134][  0]LogLinker: Warning: Can't find file '/Game/BP/Units_BP/BaseEnemyUnit'
[2020.03.02-09.11.23:135][  0]LogLinker: Warning: Can't find file for asset '/Game/BP/Units_BP/BaseEnemyUnit' while loading NULL.
[2020.03.02-09.11.23:448][  0]LogLinker: Warning: Can't find file '/Game/BP/Units_BP/BaseEnemyUnit'
[2020.03.02-09.11.23:448][  0]LogLinker: Warning: Can't find file for asset '/Game/BP/Units_BP/BaseEnemyUnit' while loading NULL.
[2020.03.02-09.11.23:449][  0]LogLinker: Warning: Can't find file '/Game/BP/Units_BP/BaseEnemyUnit'
[2020.03.02-09.11.23:449][  0]LogLinker: Warning: Can't find file for asset '/Game/BP/Units_BP/BaseEnemyUnit' while loading NULL.
[2020.03.02-09.11.23:450][  0]LogLinker: Warning: Can't find file '/Game/BP/Units_BP/BaseEnemyUnit'
[2020.03.02-09.11.23:450][  0]LogLinker: Warning: Can't find file for asset '/Game/BP/Units_BP/BaseEnemyUnit' while loading NULL.
[2020.03.02-09.11.23:647][  0]LogLinker: Warning: Can't find file '/Game/BP/Units_BP/BaseEnemyUnit'
[2020.03.02-09.11.23:647][  0]LogLinker: Warning: Can't find file for asset '/Game/BP/Units_BP/BaseEnemyUnit' while loading NULL.
[2020.03.02-09.11.23:678][  0]LogLinker: Warning: Can't find file '/Game/BP/Units_BP/BaseEnemyUnit'
[2020.03.02-09.11.23:678][  0]LogLinker: Warning: Can't find file for asset '/Game/BP/Units_BP/BaseEnemyUnit' while loading NULL.
[2020.03.02-09.11.23:680][  0]LogLinker: Warning: Can't find file '/Game/BP/Units_BP/BaseEnemyUnit'
[2020.03.02-09.11.23:680][  0]LogLinker: Warning: Can't find file for asset '/Game/BP/Units_BP/BaseEnemyUnit' while loading NULL.
[2020.03.02-09.11.23:680][  0]LogLinker: Warning: Can't find file '/Game/BP/Units_BP/BaseEnemyUnit'
[2020.03.02-09.11.23:680][  0]LogLinker: Warning: Can't find file for asset '/Game/BP/Units_BP/BaseEnemyUnit' while loading NULL.
[2020.03.02-09.11.23:681][  0]LogLinker: Warning: Can't find file '/Game/BP/Units_BP/BaseEnemyUnit'
[2020.03.02-09.11.23:681][  0]LogLinker: Warning: Can't find file for asset '/Game/BP/Units_BP/BaseEnemyUnit' while loading NULL.
[2020.03.02-09.11.23:681][  0]LogLinker: Warning: Can't find file '/Game/BP/Units_BP/BaseEnemyUnit'
[2020.03.02-09.11.23:681][  0]LogLinker: Warning: Can't find file for asset '/Game/BP/Units_BP/BaseEnemyUnit' while loading NULL.
[2020.03.02-09.11.23:682][  0]LogLinker: Warning: Can't find file '/Game/BP/Units_BP/BaseEnemyUnit'
[2020.03.02-09.11.23:682][  0]LogLinker: Warning: Can't find file for asset '/Game/BP/Units_BP/BaseEnemyUnit' while loading NULL.
[2020.03.02-09.11.23:682][  0]LogLinker: Warning: Can't find file '/Game/BP/Units_BP/BaseEnemyUnit'
[2020.03.02-09.11.23:682][  0]LogLinker: Warning: Can't find file for asset '/Game/BP/Units_BP/BaseEnemyUnit' while loading NULL.
[2020.03.02-09.11.23:682][  0]LogLinker: Warning: Can't find file '/Game/BP/Units_BP/BaseEnemyUnit'
[2020.03.02-09.11.23:683][  0]LogLinker: Warning: Can't find file for asset '/Game/BP/Units_BP/BaseEnemyUnit' while loading NULL.
[2020.03.02-09.11.23:684][  0]LogLinker: Warning: Can't find file '/Game/BP/Units_BP/BaseEnemyUnit'
[2020.03.02-09.11.23:684][  0]LogLinker: Warning: Can't find file for asset '/Game/BP/Units_BP/BaseEnemyUnit' while loading NULL.
[2020.03.02-09.11.23:684][  0]LogLinker: Warning: Can't find file '/Game/BP/Units_BP/BaseEnemyUnit'
[2020.03.02-09.11.23:684][  0]LogLinker: Warning: Can't find file for asset '/Game/BP/Units_BP/BaseEnemyUnit' while loading NULL.
[2020.03.02-09.11.24:554][  0]LogAIModule: Creating AISystem for world Minimal_Default
[2020.03.02-09.11.24:554][  0]LogVaFog: [FVaFogOfWarModule::StartupModule::<lambda_976865d7f760a47e2a086b15bf7dcbd9>::operator ()(41)] Fog Controller is created for: Minimal_Default
[2020.03.02-09.11.24:720][  0]LogEditorServer: Finished looking for orphan Actors (0.000 secs)
[2020.03.02-09.11.24:745][  0]LogUObjectHash: Compacting FUObjectHashTables data took   2.33ms
[2020.03.02-09.11.24:746][  0]Cmd: MAP CHECKDEP NOCLEARLOG
[2020.03.02-09.11.24:746][  0]MapCheck: Map check complete: 0 Error(s), 0 Warning(s), took 0.153ms to complete.
[2020.03.02-09.11.24:746][  0]LogFileHelpers: Loading map 'Minimal_Default' took 4.912
[2020.03.02-09.11.24:942][  0]LogSlate: Updating window title bar state: overlay mode, drag disabled, window buttons hidden, title bar hidden
[2020.03.02-09.11.24:950][  0]LogSlate: Updating window title bar state: overlay mode, drag disabled, window buttons hidden, title bar hidden
[2020.03.02-09.11.24:958][  0]LogSlate: Updating window title bar state: overlay mode, drag disabled, window buttons hidden, title bar hidden
[2020.03.02-09.11.24:966][  0]LogSlate: Updating window title bar state: overlay mode, drag disabled, window buttons hidden, title bar hidden
[2020.03.02-09.11.24:977][  0]LogCollectionManager: Loaded 0 collections in 0.000765 seconds
[2020.03.02-09.11.24:991][  0]LogFileCache: Scanning file cache for directory 'C:/Users/ericf/Desktop/repos/Marine-Squad/Marine_Squad/Saved/Collections/' took 0.01s
[2020.03.02-09.11.24:992][  0]LogFileCache: Scanning file cache for directory 'C:/Users/ericf/Desktop/repos/Marine-Squad/Marine_Squad/Content/Developers/ericf/Collections/' took 0.00s
[2020.03.02-09.11.24:992][  0]LogFileCache: Scanning file cache for directory 'C:/Users/ericf/Desktop/repos/Marine-Squad/Marine_Squad/Content/Collections/' took 0.00s
[2020.03.02-09.11.24:992][  0]LogCollectionManager: Rebuilt the GUID cache for 0 collections in 0.000000 seconds
[2020.03.02-09.11.25:001][  0]LogContentBrowser: Native class hierarchy populated in 0.0088 seconds. Added 2836 classes and 674 folders.
[2020.03.02-09.11.25:005][  0]LogContentBrowser: Native class hierarchy updated for 'WidgetCarousel' in 0.0004 seconds. Added 0 classes and 0 folders.
[2020.03.02-09.11.25:006][  0]LogPakFile: Registered encryption key '00000000000000000000000000000000': 0 pak files mounted, 0 remain pending
[2020.03.02-09.11.25:006][  0]LogPakFile: Registered encryption key '00000000000000000000000000000000': 0 pak files mounted, 0 remain pending
[2020.03.02-09.11.25:007][  0]LogPakFile: Registered encryption key '00000000000000000000000000000000': 0 pak files mounted, 0 remain pending
[2020.03.02-09.11.25:007][  0]LogPakFile: Registered encryption key '00000000000000000000000000000000': 0 pak files mounted, 0 remain pending
[2020.03.02-09.11.25:007][  0]LogPakFile: Registered encryption key '00000000000000000000000000000000': 0 pak files mounted, 0 remain pending
[2020.03.02-09.11.25:008][  0]LogPakFile: Registered encryption key '00000000000000000000000000000000': 0 pak files mounted, 0 remain pending
[2020.03.02-09.11.25:008][  0]LogPakFile: Registered encryption key '00000000000000000000000000000000': 0 pak files mounted, 0 remain pending
[2020.03.02-09.11.25:008][  0]LogPakFile: Registered encryption key '00000000000000000000000000000000': 0 pak files mounted, 0 remain pending
[2020.03.02-09.11.25:009][  0]LogPakFile: Registered encryption key '00000000000000000000000000000000': 0 pak files mounted, 0 remain pending
[2020.03.02-09.11.25:009][  0]LogPakFile: Registered encryption key '00000000000000000000000000000000': 0 pak files mounted, 0 remain pending
[2020.03.02-09.11.25:010][  0]LogPakFile: Registered encryption key '00000000000000000000000000000000': 0 pak files mounted, 0 remain pending
[2020.03.02-09.11.25:010][  0]LogPakFile: Registered encryption key '00000000000000000000000000000000': 0 pak files mounted, 0 remain pending
[2020.03.02-09.11.25:010][  0]LogPakFile: Registered encryption key '00000000000000000000000000000000': 0 pak files mounted, 0 remain pending
[2020.03.02-09.11.25:011][  0]LogPakFile: Registered encryption key '00000000000000000000000000000000': 0 pak files mounted, 0 remain pending
[2020.03.02-09.11.25:011][  0]LogPakFile: Registered encryption key '00000000000000000000000000000000': 0 pak files mounted, 0 remain pending
[2020.03.02-09.11.25:011][  0]LogPakFile: Registered encryption key '00000000000000000000000000000000': 0 pak files mounted, 0 remain pending
[2020.03.02-09.11.25:012][  0]LogPakFile: Registered encryption key '00000000000000000000000000000000': 0 pak files mounted, 0 remain pending
[2020.03.02-09.11.25:012][  0]LogPakFile: Registered encryption key '00000000000000000000000000000000': 0 pak files mounted, 0 remain pending
[2020.03.02-09.11.25:012][  0]LogPakFile: Registered encryption key '00000000000000000000000000000000': 0 pak files mounted, 0 remain pending
[2020.03.02-09.11.25:013][  0]LogPakFile: Registered encryption key '00000000000000000000000000000000': 0 pak files mounted, 0 remain pending
[2020.03.02-09.11.25:013][  0]LogPakFile: Registered encryption key '00000000000000000000000000000000': 0 pak files mounted, 0 remain pending
[2020.03.02-09.11.25:014][  0]LogPakFile: Registered encryption key '00000000000000000000000000000000': 0 pak files mounted, 0 remain pending
[2020.03.02-09.11.25:014][  0]LogPakFile: Registered encryption key '00000000000000000000000000000000': 0 pak files mounted, 0 remain pending
[2020.03.02-09.11.25:015][  0]LogPakFile: Registered encryption key '00000000000000000000000000000000': 0 pak files mounted, 0 remain pending
[2020.03.02-09.11.25:015][  0]LogPakFile: Registered encryption key '00000000000000000000000000000000': 0 pak files mounted, 0 remain pending
[2020.03.02-09.11.25:015][  0]LogPakFile: Registered encryption key '00000000000000000000000000000000': 0 pak files mounted, 0 remain pending
[2020.03.02-09.11.25:032][  0]LogContentBrowser: Native class hierarchy updated for 'AddContentDialog' in 0.0005 seconds. Added 0 classes and 0 folders.
[2020.03.02-09.11.25:103][  0]LogSlate: Took 0.000140 seconds to synchronously load lazily loaded font '../../../Engine/Content/Slate/Fonts/Roboto-Regular.ttf' (155K)
[2020.03.02-09.11.25:106][  0]LogSlate: Took 0.000159 seconds to synchronously load lazily loaded font '../../../Engine/Content/Slate/Fonts/Roboto-Bold.ttf' (160K)
[2020.03.02-09.11.25:109][  0]LogSlate: Took 0.000175 seconds to synchronously load lazily loaded font '../../../Engine/Content/Editor/Slate/Fonts/FontAwesome.ttf' (139K)
[2020.03.02-09.11.25:184][  0]LogRenderer: Reallocating scene render targets to support 1964x896 Format 10 NumSamples 1 (Frame:1).
[2020.03.02-09.11.25:543][  0]LogContentBrowser: Native class hierarchy updated for 'HierarchicalLODOutliner' in 0.0012 seconds. Added 0 classes and 0 folders.
[2020.03.02-09.11.25:543][  0]LogLoad: (Engine Initialization) Total time: 50.08 seconds
[2020.03.02-09.11.25:543][  0]LogLoad: (Engine Initialization) Total Blueprint compile time: 0.00 seconds
[2020.03.02-09.11.25:557][  0]LoadErrors: Warning: CreateExport: Failed to load Outer for resource 'Arrow': BaseEnemyUnit_C /Game/StarterContent/Maps/Minimal_Default.Minimal_Default:PersistentLevel.BaseEnemyUnit_2
[2020.03.02-09.11.25:557][  0]LoadErrors: Warning: CreateExport: Failed to load Outer for resource 'CollisionCylinder': BaseEnemyUnit_C /Game/StarterContent/Maps/Minimal_Default.Minimal_Default:PersistentLevel.BaseEnemyUnit_2
[2020.03.02-09.11.25:557][  0]LoadErrors: Warning: CreateExport: Failed to load Outer for resource 'CharMoveComp': BaseEnemyUnit_C /Game/StarterContent/Maps/Minimal_Default.Minimal_Default:PersistentLevel.BaseEnemyUnit_2
[2020.03.02-09.11.25:557][  0]LoadErrors: Warning: CreateExport: Failed to load Outer for resource 'CharacterMesh0': BaseEnemyUnit_C /Game/StarterContent/Maps/Minimal_Default.Minimal_Default:PersistentLevel.BaseEnemyUnit_2
[2020.03.02-09.11.25:605][  0]LogAssetRegistry: Asset discovery search completed in 10.9928 seconds
[2020.03.02-09.11.25:608][  0]LogCollectionManager: Rebuilt the object cache for 0 collections in 0.000000 seconds (found 0 objects)
[2020.03.02-09.11.25:608][  0]LogCollectionManager: Fixed up redirectors for 0 collections in 0.000065 seconds (updated 0 objects)
[2020.03.02-09.11.25:610][  0]LogContentStreaming: Texture pool size now 1000 MB
[2020.03.02-09.11.43:132][ 87]LogSlate: FSceneViewport::OnFocusLost() reason 0
[2020.03.02-09.11.48:516][729]LogSlate: Took 0.006729 seconds to synchronously load lazily loaded font '../../../Engine/Content/Slate/Fonts/Roboto-Light.ttf' (167K)
[2020.03.02-09.11.48:527][729]LogAssetEditorManager: Opening Asset editor for Class /Script/Marine_Squad.ParentUnit
[2020.03.02-09.12.31:079][202]LogSlate: FSceneViewport::OnFocusLost() reason 0
[2020.03.02-09.13.49:553][307]LogAIModule: Creating AISystem for world Town
[2020.03.02-09.13.49:554][307]LogVaFog: [FVaFogOfWarModule::StartupModule::<lambda_976865d7f760a47e2a086b15bf7dcbd9>::operator ()(41)] Fog Controller is created for: Town
[2020.03.02-09.13.49:603][307]LogAssetEditorManager: Opening Asset editor for World /Game/Maps/Town.Town
[2020.03.02-09.13.49:632][307]LogUObjectHash: Compacting FUObjectHashTables data took   1.96ms
[2020.03.02-09.13.49:636][307]Cmd: MAP LOAD FILE="C:/Users/ericf/Desktop/repos/Marine-Squad/Marine_Squad/Content/Maps/Town.umap" TEMPLATE=0 SHOWPROGRESS=1 FEATURELEVEL=3
[2020.03.02-09.13.49:636][307]LightingResults: New page: Lighting Build
[2020.03.02-09.13.49:636][307]LoadErrors: New page: Loading map: Town.umap
[2020.03.02-09.13.49:644][307]LogVaFog: [FVaFogOfWarModule::StartupModule::<lambda_144d8ffb0c7ca55232a4412d9c0c3636>::operator ()(31)] Fog Controller is removed for: Minimal_Default
[2020.03.02-09.13.49:644][307]MapCheck: New page: Map Check
[2020.03.02-09.13.49:644][307]LightingResults: New page: Lighting Build
[2020.03.02-09.13.49:679][307]LogUObjectHash: Compacting FUObjectHashTables data took   1.99ms
[2020.03.02-09.14.05:365][307]LogEditorServer: Finished looking for orphan Actors (0.000 secs)
[2020.03.02-09.14.05:394][307]LogUObjectHash: Compacting FUObjectHashTables data took   1.65ms
[2020.03.02-09.14.05:434][307]Cmd: MAP CHECKDEP NOCLEARLOG
[2020.03.02-09.14.05:434][307]MapCheck: Map check complete: 0 Error(s), 0 Warning(s), took 0.118ms to complete.
[2020.03.02-09.14.05:434][307]LogFileHelpers: Loading map 'Town' took 15.801
[2020.03.02-09.14.09:644][633]LogEditorViewport: Clicking on Actor (LMB): BasicUnit_C (BasicEnemyUni4)
[2020.03.02-09.14.10:400][634]LogVaFog: [FVaFogOfWarModule::StartupModule::<lambda_976865d7f760a47e2a086b15bf7dcbd9>::operator ()(41)] Fog Controller is created for: World_0
[2020.03.02-09.14.10:834][635]LogVaFog: [FVaFogOfWarModule::StartupModule::<lambda_976865d7f760a47e2a086b15bf7dcbd9>::operator ()(41)] Fog Controller is created for: World_1
[2020.03.02-09.14.11:250][642]LogSlate: Took 0.007206 seconds to synchronously load lazily loaded font '../../../Engine/Content/Slate/Fonts/Roboto-Italic.ttf' (157K)
[2020.03.02-09.14.12:474][684]LogSlate: FSceneViewport::OnFocusLost() reason 0
[2020.03.02-09.14.16:259][973]LogTemp: Repeating last play command: New Editor Window (PIE)
[2020.03.02-09.14.18:504][973]LogBlueprintUserMessages: Early PlayInEditor Detection: Level '/Game/Maps/Town.Town:PersistentLevel' has LevelScriptBlueprint '/Game/Maps/Town.Town:PersistentLevel.Town' with GeneratedClass '/Game/Maps/Town.Town_C' with ClassGeneratedBy '/Game/Maps/Town.Town:PersistentLevel.Town'
[2020.03.02-09.14.18:505][973]LogPlayLevel: PlayLevel: No blueprints needed recompiling
[2020.03.02-09.14.18:508][973]PIE: New page: PIE session: Town (Mar 1, 2020, 9:14:18 PM)
[2020.03.02-09.14.18:521][973]LogPlayLevel: Creating play world package: /Game/Maps/UEDPIE_0_Town
[2020.03.02-09.14.18:593][973]LogPlayLevel: PIE: StaticDuplicateObject took: (0.071260s)
[2020.03.02-09.14.18:593][973]LogAIModule: Creating AISystem for world Town
[2020.03.02-09.14.18:594][973]LogVaFog: [FVaFogOfWarModule::StartupModule::<lambda_976865d7f760a47e2a086b15bf7dcbd9>::operator ()(41)] Fog Controller is created for: Town
[2020.03.02-09.14.18:594][973]LogPlayLevel: PIE: World Init took: (0.002001s)
[2020.03.02-09.14.18:595][973]LogPlayLevel: PIE: Created PIE world by copying editor world from /Game/Maps/Town.Town to /Game/Maps/UEDPIE_0_Town.Town (0.073699s)
[2020.03.02-09.14.18:620][973]LogUObjectHash: Compacting FUObjectHashTables data took   1.20ms
[2020.03.02-09.14.18:671][973]LogInit: XAudio2 using 'HEAD SET (Corsair VOID PRO USB Gaming Headset )' : 2 channels at 48 kHz using 16 bits per sample (channel mask 0x3)
[2020.03.02-09.14.18:693][973]LogInit: FAudioDevice initialized.
[2020.03.02-09.14.18:708][973]LogSlate: Updating window title bar state: overlay mode, drag disabled, window buttons hidden, title bar hidden
[2020.03.02-09.14.22:998][973]LogLoad: Game class is 'MyGameModeBase_MarineSquad_BP_C'
[2020.03.02-09.14.23:019][973]LogWorld: Bringing World /Game/Maps/UEDPIE_0_Town.Town up for play (max tick rate 0) at 2020.03.02-03.14.23
[2020.03.02-09.14.23:034][973]LogWorld: Bringing up level for play took: 0.029110
[2020.03.02-09.14.23:059][973]LogContentBrowser: Native class hierarchy updated for 'MovieSceneCapture' in 0.0006 seconds. Added 20 classes and 0 folders.
[2020.03.02-09.14.23:104][973]PIE: Play in editor start time for /Game/Maps/UEDPIE_0_Town 5.522
[2020.03.02-09.14.23:105][973]LogBlueprintUserMessages: Late PlayInEditor Detection: Level '/Game/Maps/Town.Town:PersistentLevel' has LevelScriptBlueprint '/Game/Maps/Town.Town:PersistentLevel.Town' with GeneratedClass '/Game/Maps/Town.Town_C' with ClassGeneratedBy '/Game/Maps/Town.Town:PersistentLevel.Town'
[2020.03.02-09.14.23:169][974]LogCharacterMovement: Warning: GetSimulationTimeStep() - Max iterations 8 hit while remaining time 0.098664 > MaxSimulationTimeStep (0.050) for 'BasicEnemyUni2', movement 'Walking'
[2020.03.02-09.14.24:169][ 68]LogTemp: Warning: Left Mouse Button Pressed
[2020.03.02-09.14.24:260][ 79]LogTemp: Warning: Left Mouse Button pressed for : 0.092698
[2020.03.02-09.14.25:100][147]LogTemp: Warning: Left Mouse Button Pressed
[2020.03.02-09.14.25:558][202]LogUnrealEdMisc: Warning: Heartbeat event firing too frequently (19.947 sec). This should never happen. Something is wrong with the timer delegate!
[2020.03.02-09.14.25:821][233]LogTemp: Warning: Left Mouse Button pressed for : 0.719453
[2020.03.02-09.14.27:964][361]LogSlate: FSceneViewport::OnFocusLost() reason 2
[2020.03.02-09.14.28:689][389]LogSlate: Took 0.009838 seconds to synchronously load lazily loaded font '../../../Engine/Content/Slate/Fonts/DroidSansMono.ttf' (77K)
[2020.03.02-09.14.29:982][490]LogTemp: Warning: Left Mouse Button Pressed
[2020.03.02-09.14.30:048][498]LogTemp: Warning: Left Mouse Button pressed for : 0.067252
[2020.03.02-09.14.31:411][661]LogTemp: Warning: Left Mouse Button Pressed
[2020.03.02-09.14.31:661][691]LogTemp: Warning: Left Mouse Button pressed for : 0.251155
[2020.03.02-09.14.31:920][722]LogTemp: Warning: AbilityOne Pressed
[2020.03.02-09.14.31:920][722]LogTemp: Warning: Unit casted - 0
[2020.03.02-09.14.32:321][770]LogTemp: Warning: AbilityTwo Pressed
[2020.03.02-09.14.32:321][770]LogTemp: Warning: Unit casted - 1
[2020.03.02-09.14.32:497][791]LogTemp: Warning: AbilityThree Pressed
[2020.03.02-09.14.32:497][791]LogTemp: Warning: Unit casted - 2
[2020.03.02-09.14.32:831][831]LogTemp: Warning: AbilityFour Pressed
[2020.03.02-09.14.32:831][831]LogTemp: Warning: Unit casted - 3
[2020.03.02-09.14.33:632][927]LogTemp: Warning: AbilityFour Pressed
[2020.03.02-09.14.33:632][927]LogTemp: Warning: Unit casted - 3
[2020.03.02-09.14.33:906][960]LogTemp: Warning: AbilityThree Pressed
[2020.03.02-09.14.33:906][960]LogTemp: Warning: Unit casted - 2
[2020.03.02-09.14.34:140][988]LogTemp: Warning: AbilityTwo Pressed
[2020.03.02-09.14.34:140][988]LogTemp: Warning: Unit casted - 1
[2020.03.02-09.14.34:190][994]LogTemp: Warning: AbilityOne Pressed
[2020.03.02-09.14.34:190][994]LogTemp: Warning: Unit casted - 0
[2020.03.02-09.14.34:624][ 46]LogTemp: Warning:  Focusing unit: 1
[2020.03.02-09.14.34:849][ 73]LogTemp: Warning:  Focusing unit: 2
[2020.03.02-09.14.35:024][ 94]LogTemp: Warning:  Focusing unit: 3
[2020.03.02-09.14.35:234][119]LogTemp: Warning:  Focusing unit: 4
[2020.03.02-09.14.35:392][138]LogTemp: Warning:  Focusing unit: 0
[2020.03.02-09.14.35:618][165]LogTemp: Warning:  Focusing unit: 1
[2020.03.02-09.14.35:811][188]LogTemp: Warning:  Focusing unit: 2
[2020.03.02-09.14.36:018][212]LogTemp: Warning:  Focusing unit: 3
[2020.03.02-09.14.36:228][237]LogTemp: Warning:  Focusing unit: 4
[2020.03.02-09.14.36:428][261]LogTemp: Warning:  Focusing unit: 0
[2020.03.02-09.14.36:654][288]LogTemp: Warning:  Focusing unit: 1
[2020.03.02-09.14.36:863][313]LogTemp: Warning:  Focusing unit: 2
[2020.03.02-09.14.37:089][340]LogTemp: Warning:  Focusing unit: 3
[2020.03.02-09.14.37:340][370]LogTemp: Warning:  Focusing unit: 4
[2020.03.02-09.14.37:565][397]LogTemp: Warning:  Focusing unit: 0
[2020.03.02-09.14.37:807][426]LogTemp: Warning:  Focusing unit: 1
[2020.03.02-09.14.38:015][451]LogTemp: Warning:  Focusing unit: 2
[2020.03.02-09.14.38:228][476]LogTemp: Warning:  Focusing unit: 3
[2020.03.02-09.14.38:446][498]LogTemp: Warning:  Focusing unit: 4
[2020.03.02-09.14.38:655][522]LogTemp: Warning:  Focusing unit: 0
[2020.03.02-09.14.38:897][551]LogTemp: Warning:  Focusing unit: 1
[2020.03.02-09.14.39:810][660]LogTemp: Warning: Right Mouse Button Pressed
[2020.03.02-09.14.39:905][670]LogTemp: Warning: Right Mouse Button Released
[2020.03.02-09.14.40:066][688]LogTemp: Warning: Right Mouse Button Pressed
[2020.03.02-09.14.40:165][699]LogTemp: Warning: Right Mouse Button Released
[2020.03.02-09.14.40:263][710]LogTemp: Warning: Right Mouse Button Pressed
[2020.03.02-09.14.40:337][719]LogTemp: Warning: Right Mouse Button Released
[2020.03.02-09.14.56:411][582]LogTemp: Warning: Right Mouse Button Pressed
[2020.03.02-09.14.56:557][598]LogTemp: Warning: Right Mouse Button Released
[2020.03.02-09.14.58:033][760]LogBlueprintUserMessages: Early EndPlayMap Detection: Level '/Game/Maps/Town.Town:PersistentLevel' has LevelScriptBlueprint '/Game/Maps/Town.Town:PersistentLevel.Town' with GeneratedClass '/Game/Maps/Town.Town_C' with ClassGeneratedBy '/Game/Maps/Town.Town:PersistentLevel.Town'
[2020.03.02-09.14.58:035][760]LogSlate: Updating window title bar state: overlay mode, drag disabled, window buttons hidden, title bar hidden
[2020.03.02-09.14.58:056][760]LogSlate: Window 'Marine_Squad Game Preview Standalone (64-bit/PCD3D_SM5)' being destroyed
[2020.03.02-09.14.58:082][760]LogVaFog: [FVaFogOfWarModule::StartupModule::<lambda_144d8ffb0c7ca55232a4412d9c0c3636>::operator ()(31)] Fog Controller is removed for: Town
[2020.03.02-09.14.58:116][760]LogPlayLevel: Display: Shutting down PIE online subsystems
[2020.03.02-09.14.58:116][760]LogBlueprintUserMessages: Late EndPlayMap Detection: Level '/Game/Maps/Town.Town:PersistentLevel' has LevelScriptBlueprint '/Game/Maps/Town.Town:PersistentLevel.Town' with GeneratedClass '/Game/Maps/Town.Town_C' with ClassGeneratedBy '/Game/Maps/Town.Town:PersistentLevel.Town'
[2020.03.02-09.14.58:239][760]LogUObjectHash: Compacting FUObjectHashTables data took   2.50ms
[2020.03.02-09.14.58:248][761]LogPlayLevel: Display: Destroying online subsystem :Context_3
[2020.03.02-09.17.59:453][879]LogEditorViewport: Clicking on Actor (LMB): Landscape (Landscape1)
[2020.03.02-09.18.49:575][722]LogEditorViewport: Clicking on Actor (LMB): Landscape (Landscape1)
[2020.03.02-09.18.50:238][795]LogEditorViewport: Clicking on Actor (LMB): Landscape (Landscape1)
[2020.03.02-09.19.04:685][795]LogEditorViewport: Clicking on Actor (LMB): Landscape (Landscape1)
[2020.03.02-09.24.24:643][960]LogSlate: FSceneViewport::OnFocusLost() reason 0
[2020.03.02-09.24.24:961][960]LogUObjectHash: Compacting FUObjectHashTables data took   1.07ms
[2020.03.02-09.24.25:089][960]LogSlate: Window 'Marine_Squad - Unreal Editor' being destroyed
[2020.03.02-09.24.25:091][960]LogWindowsTextInputMethodSystem: Display: IME system now deactivated.
[2020.03.02-09.24.25:395][961]Cmd: QUIT_EDITOR
[2020.03.02-09.24.26:565][961]LogExit: Preparing to exit.
[2020.03.02-09.24.28:026][961]LogVaFog: [FVaFogOfWarModule::StartupModule::<lambda_144d8ffb0c7ca55232a4412d9c0c3636>::operator ()(31)] Fog Controller is removed for: World_1
[2020.03.02-09.24.28:027][961]LogVaFog: [FVaFogOfWarModule::StartupModule::<lambda_144d8ffb0c7ca55232a4412d9c0c3636>::operator ()(31)] Fog Controller is removed for: World_0
[2020.03.02-09.24.28:981][961]LogVaFog: [FVaFogOfWarModule::StartupModule::<lambda_144d8ffb0c7ca55232a4412d9c0c3636>::operator ()(31)] Fog Controller is removed for: None
[2020.03.02-09.24.28:982][961]LogExit: Editor shut down
[2020.03.02-09.24.28:983][961]LogExit: Transaction tracking system shut down
[2020.03.02-09.24.29:755][961]LogExit: Object subsystem successfully closed.
[2020.03.02-09.24.29:791][961]LogShaderCompilers: Display: Shaders left to compile 0
[2020.03.02-09.24.29:807][961]LogD3D11RHI: Shutdown
[2020.03.02-09.24.29:807][961]LogD3D11RHI: CleanupD3DDevice
[2020.03.02-09.24.29:810][961]LogRendererCore: FGlobalReadBuffer::ReleaseRHI
[2020.03.02-09.24.29:811][961]LogRendererCore: FGlobalDynamicReadBuffer::Cleanup()
[2020.03.02-09.24.29:811][961]LogRendererCore: FGlobalReadBuffer::ReleaseRHI
[2020.03.02-09.24.29:811][961]LogRendererCore: FGlobalDynamicReadBuffer::Cleanup()
[2020.03.02-09.24.29:811][961]LogRendererCore: FGlobalReadBuffer::ReleaseRHI
[2020.03.02-09.24.29:811][961]LogRendererCore: FGlobalDynamicReadBuffer::Cleanup()
[2020.03.02-09.24.32:006][961]LogD3D11RHI: ~FD3D11DynamicRHI
[2020.03.02-09.24.32:063][961]LogModuleManager: Shutting down and abandoning module MovieSceneCapture (654)
[2020.03.02-09.24.32:063][961]LogModuleManager: Shutting down and abandoning module Voice (652)
[2020.03.02-09.24.32:063][961]LogModuleManager: Shutting down and abandoning module HierarchicalLODOutliner (650)
[2020.03.02-09.24.32:063][961]LogModuleManager: Shutting down and abandoning module AddContentDialog (648)
[2020.03.02-09.24.32:067][961]LogModuleManager: Shutting down and abandoning module WidgetCarousel (647)
[2020.03.02-09.24.32:067][961]LogModuleManager: Shutting down and abandoning module EditorWidgets (644)
[2020.03.02-09.24.32:067][961]LogModuleManager: Shutting down and abandoning module CollectionManager (642)
[2020.03.02-09.24.32:067][961]LogModuleManager: Shutting down and abandoning module SceneOutliner (640)
[2020.03.02-09.24.32:067][961]LogModuleManager: Shutting down and abandoning module StatsViewer (638)
[2020.03.02-09.24.32:068][961]LogModuleManager: Shutting down and abandoning module FoliageEdit (636)
[2020.03.02-09.24.32:068][961]LogModuleManager: Shutting down and abandoning module LandscapeEditor (634)
[2020.03.02-09.24.32:069][961]LogModuleManager: Shutting down and abandoning module MeshPaintMode (632)
[2020.03.02-09.24.32:070][961]LogModuleManager: Shutting down and abandoning module SceneDepthPickerMode (630)
[2020.03.02-09.24.32:070][961]LogModuleManager: Shutting down and abandoning module ActorPickerMode (628)
[2020.03.02-09.24.32:070][961]LogModuleManager: Shutting down and abandoning module GeometryMode (626)
[2020.03.02-09.24.32:070][961]LogModuleManager: Shutting down and abandoning module TextureAlignMode (624)
[2020.03.02-09.24.32:070][961]LogModuleManager: Shutting down and abandoning module BspMode (622)
[2020.03.02-09.24.32:070][961]LogModuleManager: Shutting down and abandoning module PIEPreviewDeviceProfileSelector (620)
[2020.03.02-09.24.32:072][961]LogModuleManager: Shutting down and abandoning module SequenceRecorderSections (618)
[2020.03.02-09.24.32:072][961]LogModuleManager: Shutting down and abandoning module AutomationWorker (616)
[2020.03.02-09.24.32:073][961]LogModuleManager: Shutting down and abandoning module OculusMR (614)
[2020.03.02-09.24.32:073][961]LogModuleManager: Shutting down and abandoning module AudioCaptureEditor (612)
[2020.03.02-09.24.32:073][961]LogModuleManager: Shutting down and abandoning module MatineeToLevelSequence (610)
[2020.03.02-09.24.32:074][961]LogModuleManager: Shutting down and abandoning module LevelSequenceEditor (608)
[2020.03.02-09.24.32:075][961]LogModuleManager: Shutting down and abandoning module PlacementMode (607)
[2020.03.02-09.24.32:075][961]LogModuleManager: Shutting down and abandoning module MaterialEditor (606)
[2020.03.02-09.24.32:077][961]LogModuleManager: Shutting down and abandoning module ActorSequenceEditor (602)
[2020.03.02-09.24.32:077][961]LogModuleManager: Shutting down and abandoning module WmfMediaFactory (600)
[2020.03.02-09.24.32:077][961]LogModuleManager: Shutting down and abandoning module WmfMediaEditor (598)
[2020.03.02-09.24.32:077][961]LogModuleManager: Shutting down and abandoning module WebMMediaFactory (596)
[2020.03.02-09.24.32:077][961]LogModuleManager: Shutting down and abandoning module WebMMediaEditor (594)
[2020.03.02-09.24.32:077][961]LogModuleManager: Shutting down and abandoning module WebMMedia (592)
[2020.03.02-09.24.32:078][961]LogModuleManager: Shutting down and abandoning module MediaPlayerEditor (590)
[2020.03.02-09.24.32:079][961]LogModuleManager: Shutting down and abandoning module MediaCompositingEditor (588)
[2020.03.02-09.24.32:079][961]LogModuleManager: Shutting down and abandoning module SequenceRecorder (587)
[2020.03.02-09.24.32:079][961]LogModuleManager: Shutting down and abandoning module OpenExrWrapper (584)
[2020.03.02-09.24.32:079][961]LogModuleManager: Shutting down and abandoning module ImgMediaFactory (582)
[2020.03.02-09.24.32:079][961]LogModuleManager: Shutting down and abandoning module ImgMediaEditor (580)
[2020.03.02-09.24.32:079][961]LogModuleManager: Shutting down and abandoning module AvfMediaFactory (578)
[2020.03.02-09.24.32:079][961]LogModuleManager: Shutting down and abandoning module AvfMediaEditor (576)
[2020.03.02-09.24.32:079][961]LogModuleManager: Shutting down and abandoning module AndroidMediaFactory (574)
[2020.03.02-09.24.32:079][961]LogModuleManager: Shutting down and abandoning module AndroidMediaEditor (572)
[2020.03.02-09.24.32:079][961]LogModuleManager: Shutting down and abandoning module MagicLeapCameraPreviewFactory (570)
[2020.03.02-09.24.32:079][961]LogModuleManager: Shutting down and abandoning module MagicLeapMediaCodecFactory (568)
[2020.03.02-09.24.32:079][961]LogModuleManager: Shutting down and abandoning module MagicLeapMediaFactory (566)
[2020.03.02-09.24.32:079][961]LogModuleManager: Shutting down and abandoning module MagicLeapMediaEditor (564)
[2020.03.02-09.24.32:079][961]LogModuleManager: Shutting down and abandoning module CharacterAI (562)
[2020.03.02-09.24.32:079][961]LogModuleManager: Shutting down and abandoning module SmartSnapping (560)
[2020.03.02-09.24.32:079][961]LogModuleManager: Shutting down and abandoning module SessionServices (558)
[2020.03.02-09.24.32:079][961]LogModuleManager: Shutting down and abandoning module MeshPaint (556)
[2020.03.02-09.24.32:080][961]LogModuleManager: Shutting down and abandoning module ViewportSnapping (554)
[2020.03.02-09.24.32:080][961]LogModuleManager: Shutting down and abandoning module ViewportInteraction (552)
[2020.03.02-09.24.32:080][961]LogModuleManager: Shutting down and abandoning module ClothPainter (550)
[2020.03.02-09.24.32:080][961]LogModuleManager: Shutting down and abandoning module SkeletalMeshEditor (549)
[2020.03.02-09.24.32:082][961]LogModuleManager: Shutting down and abandoning module LogVisualizer (546)
[2020.03.02-09.24.32:083][961]LogModuleManager: Shutting down and abandoning module IntroTutorials (544)
[2020.03.02-09.24.32:084][961]LogModuleManager: Shutting down and abandoning module GameProjectGeneration (543)
[2020.03.02-09.24.32:085][961]LogModuleManager: Shutting down and abandoning module LuminPlatformEditor (540)
[2020.03.02-09.24.32:085][961]LogModuleManager: Shutting down and abandoning module IOSPlatformEditor (538)
[2020.03.02-09.24.32:085][961]LogModuleManager: Shutting down and abandoning module HTML5PlatformEditor (536)
[2020.03.02-09.24.32:085][961]LogModuleManager: Shutting down and abandoning module AndroidPlatformEditor (534)
[2020.03.02-09.24.32:085][961]LogModuleManager: Shutting down and abandoning module AndroidDeviceDetection (533)
