Log file open, 02/24/20 23:33:00
LogWindows: Failed to load 'aqProf.dll' (GetLastError=126)
LogWindows: File 'aqProf.dll' does not exist
LogWindows: Failed to load 'VtuneApi.dll' (GetLastError=126)
LogWindows: File 'VtuneApi.dll' does not exist
LogWindows: Failed to load 'VtuneApi32e.dll' (GetLastError=126)
LogWindows: File 'VtuneApi32e.dll' does not exist
LogConsoleResponse: Display: Failed to find resolution value strings in scalability ini. Falling back to default.
LogInit: Display: Running engine for game: Marine_Squad
LogPakFile: Registered encryption key '00000000000000000000000000000000': 0 pak files mounted, 0 remain pending
LogPlatformFile: Not using cached read wrapper
LogTaskGraph: Started task graph with 5 named threads and 14 total threads with 3 sets of task threads.
LogStats: Stats thread started at 0.226435
LogD3D11RHI: Loaded GFSDK_Aftermath_Lib.x64.dll
LogICUInternationalization: ICU TimeZone Detection - Raw Offset: -6:00, Platform Override: ''
LogPluginManager: Mounting plugin Paper2D
LogPluginManager: Mounting plugin AISupport
LogPluginManager: Mounting plugin LightPropagationVolume
LogPluginManager: Mounting plugin ActorLayerUtilities
LogPluginManager: Mounting plugin AnimationSharing
LogPluginManager: Mounting plugin CLionSourceCodeAccess
LogPluginManager: Mounting plugin CodeLiteSourceCodeAccess
LogPluginManager: Mounting plugin GitSourceControl
LogPluginManager: Mounting plugin KDevelopSourceCodeAccess
LogPluginManager: Mounting plugin NullSourceCodeAccess
LogPluginManager: Mounting plugin PerforceSourceControl
LogPluginManager: Mounting plugin SubversionSourceControl
LogPluginManager: Mounting plugin UObjectPlugin
LogPluginManager: Mounting plugin VisualStudioCodeSourceCodeAccess
LogPluginManager: Mounting plugin VisualStudioSourceCodeAccess
LogPluginManager: Mounting plugin XCodeSourceCodeAccess
LogPluginManager: Mounting plugin AssetManagerEditor
LogPluginManager: Mounting plugin CryptoKeys
LogPluginManager: Mounting plugin DataValidation
LogPluginManager: Mounting plugin FacialAnimation
LogPluginManager: Mounting plugin GameplayTagsEditor
LogPluginManager: Mounting plugin MacGraphicsSwitching
LogPluginManager: Mounting plugin MaterialAnalyzer
LogPluginManager: Mounting plugin MobileLauncherProfileWizard
LogPluginManager: Mounting plugin PluginBrowser
LogPluginManager: Mounting plugin SpeedTreeImporter
LogPluginManager: Mounting plugin DatasmithContent
LogPluginManager: Mounting plugin VariantManagerContent
LogPluginManager: Mounting plugin AlembicImporter
LogPluginManager: Mounting plugin AppleImageUtils
LogPluginManager: Mounting plugin AppleVision
LogPluginManager: Mounting plugin BackChannel
LogPluginManager: Mounting plugin CharacterAI
LogPluginManager: Mounting plugin GeometryCache
LogPluginManager: Mounting plugin HTML5Networking
LogPluginManager: Mounting plugin ProxyLODPlugin
LogPluginManager: Mounting plugin SkeletalReduction
LogPluginManager: Mounting plugin MagicLeap
LogPluginManager: Mounting plugin MagicLeapMedia
LogPluginManager: Mounting plugin VaFogOfWar
LogPluginManager: Mounting plugin AndroidMedia
LogPluginManager: Mounting plugin AvfMedia
LogPluginManager: Mounting plugin ImgMedia
LogPluginManager: Mounting plugin LinearTimecode
LogPluginManager: Mounting plugin MediaCompositing
LogPluginManager: Mounting plugin MediaPlayerEditor
LogPluginManager: Mounting plugin WebMMedia
LogPluginManager: Mounting plugin WmfMedia
LogPluginManager: Mounting plugin TcpMessaging
LogPluginManager: Mounting plugin UdpMessaging
LogPluginManager: Mounting plugin ActorSequence
LogPluginManager: Mounting plugin LevelSequenceEditor
LogPluginManager: Mounting plugin MatineeToLevelSequence
LogPluginManager: Mounting plugin NetcodeUnitTest
LogPluginManager: Mounting plugin NUTUnrealEngine4
LogPluginManager: Mounting plugin OnlineSubsystemGooglePlay
LogPluginManager: Mounting plugin OnlineSubsystemIOS
LogPluginManager: Mounting plugin OnlineSubsystem
LogPluginManager: Mounting plugin OnlineSubsystemNull
LogPluginManager: Mounting plugin OnlineSubsystemUtils
LogPluginManager: Mounting plugin LauncherChunkInstaller
LogPluginManager: Mounting plugin AndroidDeviceProfileSelector
LogPluginManager: Mounting plugin AndroidMoviePlayer
LogPluginManager: Mounting plugin AndroidPermission
LogPluginManager: Mounting plugin AppleMoviePlayer
LogPluginManager: Mounting plugin ArchVisCharacter
LogPluginManager: Mounting plugin AudioCapture
LogPluginManager: Mounting plugin CableComponent
LogPluginManager: Mounting plugin CustomMeshComponent
LogPluginManager: Mounting plugin EditableMesh
LogPluginManager: Mounting plugin ExampleDeviceProfileSelector
LogPluginManager: Mounting plugin Firebase
LogPluginManager: Mounting plugin GoogleCloudMessaging
LogPluginManager: Mounting plugin IOSDeviceProfileSelector
LogPluginManager: Mounting plugin LinuxDeviceProfileSelector
LogPluginManager: Mounting plugin LocationServicesBPLibrary
LogPluginManager: Mounting plugin MobilePatchingUtils
LogPluginManager: Mounting plugin OculusVR
LogPluginManager: Mounting plugin PhysXVehicles
LogPluginManager: Mounting plugin ProceduralMeshComponent
LogPluginManager: Mounting plugin RuntimePhysXCooking
LogPluginManager: Mounting plugin SignificanceManager
LogPluginManager: Mounting plugin SteamVR
LogPluginManager: Mounting plugin WebMMoviePlayer
LogPluginManager: Mounting plugin WindowsMoviePlayer
LogInit: Using libcurl 7.55.1-DEV
LogInit:  - built for x86_64-pc-win32
LogInit:  - supports SSL with OpenSSL/1.1.1
LogInit:  - supports HTTP deflate (compression) using libz 1.2.8
LogInit:  - other features:
LogInit:      CURL_VERSION_SSL
LogInit:      CURL_VERSION_LIBZ
LogInit:      CURL_VERSION_IPV6
LogInit:      CURL_VERSION_ASYNCHDNS
LogInit:      CURL_VERSION_LARGEFILE
LogInit:      CURL_VERSION_IDN
LogInit:  CurlRequestOptions (configurable via config and command line):
LogInit:  - bVerifyPeer = true  - Libcurl will verify peer certificate
LogInit:  - bUseHttpProxy = false  - Libcurl will NOT use HTTP proxy
LogInit:  - bDontReuseConnections = false  - Libcurl will reuse connections
LogInit:  - MaxHostConnections = 16  - Libcurl will limit the number of connections to a host
LogInit:  - LocalHostAddr = Default
LogInit:  - BufferSize = 65536
LogInit: WinSock: version 1.1 (2.2), MaxSocks=32767, MaxUdp=65467
LogInit: Build: ++UE4+Release-4.22-CL-7053642
LogInit: Engine Version: 4.22.3-7053642+++UE4+Release-4.22
LogInit: Compatible Engine Version: 4.22.0-5660361+++UE4+Release-4.22
LogInit: Net CL: 5660361
LogInit: OS: Windows 10 (Release 1903) (), CPU: Intel(R) Core(TM) i5-4690K CPU @ 3.50GHz, GPU: NVIDIA GeForce GTX 970
LogInit: Compiled (64-bit): Jun 18 2019 03:09:11
LogInit: Compiled with Visual C++: 19.16.27025.01
LogInit: Build Configuration: Development
LogInit: Branch Name: ++UE4+Release-4.22
LogInit: Command Line: 
LogInit: Base Directory: Q:/UE_4.22/Engine/Binaries/Win64/
LogInit: Installed Engine Build: 1
LogDevObjectVersion: Number of dev versions registered: 23
LogDevObjectVersion:   Dev-Blueprints (B0D832E4-1F89-4F0D-ACCF-7EB736FD4AA2): 10
LogDevObjectVersion:   Dev-Build (E1C64328-A22C-4D53-A36C-8E866417BD8C): 0
LogDevObjectVersion:   Dev-Core (375EC13C-06E4-48FB-B500-84F0262A717E): 3
LogDevObjectVersion:   Dev-Editor (E4B068ED-F494-42E9-A231-DA0B2E46BB41): 30
LogDevObjectVersion:   Dev-Framework (CFFC743F-43B0-4480-9391-14DF171D2073): 35
LogDevObjectVersion:   Dev-Mobile (B02B49B5-BB20-44E9-A304-32B752E40360): 2
LogDevObjectVersion:   Dev-Networking (A4E4105C-59A1-49B5-A7C5-40C4547EDFEE): 0
LogDevObjectVersion:   Dev-Online (39C831C9-5AE6-47DC-9A44-9C173E1C8E7C): 0
LogDevObjectVersion:   Dev-Physics (78F01B33-EBEA-4F98-B9B4-84EACCB95AA2): 0
LogDevObjectVersion:   Dev-Platform (6631380F-2D4D-43E0-8009-CF276956A95A): 0
LogDevObjectVersion:   Dev-Rendering (12F88B9F-8875-4AFC-A67C-D90C383ABD29): 28
LogDevObjectVersion:   Dev-Sequencer (7B5AE74C-D270-4C10-A958-57980B212A5A): 11
LogDevObjectVersion:   Dev-VR (D7296918-1DD6-4BDD-9DE2-64A83CC13884): 2
LogDevObjectVersion:   Dev-LoadTimes (C2A15278-BFE7-4AFE-6C17-90FF531DF755): 1
LogDevObjectVersion:   Private-Geometry (6EACA3D4-40EC-4CC1-B786-8BED09428FC5): 3
LogDevObjectVersion:   Dev-AnimPhys (29E575DD-E0A3-4627-9D10-D276232CDCEA): 17
LogDevObjectVersion:   Dev-Anim (AF43A65D-7FD3-4947-9873-3E8ED9C1BB05): 2
LogDevObjectVersion:   Dev-ReflectionCapture (6B266CEC-1EC7-4B8F-A30B-E4D90942FC07): 1
LogDevObjectVersion:   Dev-Automation (0DF73D61-A23F-47EA-B727-89E90C41499A): 1
LogDevObjectVersion:   FortniteMain (601D1886-AC64-4F84-AA16-D3DE0DEAC7D6): 25
LogDevObjectVersion:   Dev-Enterprise (9DFFBCD6-494F-0158-E221-12823C92A888): 6
LogDevObjectVersion:   Dev-Niagara (F2AED0AC-9AFE-416F-8664-AA7FFA26D6FC): 1
LogDevObjectVersion:   Dev-Destruction (174F1F0B-B4C6-45A5-B13F-2EE8D0FB917D): 2
LogInit: Presizing for max 16777216 objects, including 0 objects not considered by GC, pre-allocating 0 bytes for permanent pool.
LogInit: Object subsystem initialized
LogConfig: Setting CVar [[con.DebugEarlyDefault:1]]
LogConfig: Setting CVar [[r.setres:1280x720]]
[2020.02.25-05.33.00:767][  0]LogConfig: Setting CVar [[r.VSync:0]]
[2020.02.25-05.33.00:768][  0]LogConfig: Setting CVar [[r.RHICmdBypass:0]]
[2020.02.25-05.33.00:768][  0]LogConfig: Applying CVar settings from Section [/Script/Engine.RendererSettings] File [C:/Users/ericf/Desktop/repos/Marine-Squad/Marine_Squad/Saved/Config/Windows/Engine.ini]
[2020.02.25-05.33.00:768][  0]LogConfig: Setting CVar [[r.GPUCrashDebugging:0]]
[2020.02.25-05.33.00:768][  0]LogConfig: Setting CVar [[r.DefaultFeature.AutoExposure.ExtendDefaultLuminanceRange:1]]
[2020.02.25-05.33.00:768][  0]LogConfig: Setting CVar [[r.AllowGlobalClipPlane:1]]
[2020.02.25-05.33.00:768][  0]LogConfig: Applying CVar settings from Section [/Script/Engine.RendererOverrideSettings] File [C:/Users/ericf/Desktop/repos/Marine-Squad/Marine_Squad/Saved/Config/Windows/Engine.ini]
[2020.02.25-05.33.00:768][  0]LogConfig: Applying CVar settings from Section [/Script/Engine.StreamingSettings] File [C:/Users/ericf/Desktop/repos/Marine-Squad/Marine_Squad/Saved/Config/Windows/Engine.ini]
[2020.02.25-05.33.00:768][  0]LogConfig: Setting CVar [[s.MinBulkDataSizeForAsyncLoading:131072]]
[2020.02.25-05.33.00:768][  0]LogConfig: Setting CVar [[s.AsyncLoadingThreadEnabled:0]]
[2020.02.25-05.33.00:768][  0]LogConfig: Setting CVar [[s.EventDrivenLoaderEnabled:1]]
[2020.02.25-05.33.00:768][  0]LogConfig: Setting CVar [[s.WarnIfTimeLimitExceeded:0]]
[2020.02.25-05.33.00:768][  0]LogConfig: Setting CVar [[s.TimeLimitExceededMultiplier:1.5]]
[2020.02.25-05.33.00:768][  0]LogConfig: Setting CVar [[s.TimeLimitExceededMinTime:0.005]]
[2020.02.25-05.33.00:768][  0]LogConfig: Setting CVar [[s.UseBackgroundLevelStreaming:1]]
[2020.02.25-05.33.00:768][  0]LogConfig: Setting CVar [[s.PriorityAsyncLoadingExtraTime:15.0]]
[2020.02.25-05.33.00:768][  0]LogConfig: Setting CVar [[s.LevelStreamingActorsUpdateTimeLimit:5.0]]
[2020.02.25-05.33.00:768][  0]LogConfig: Setting CVar [[s.PriorityLevelStreamingActorsUpdateExtraTime:5.0]]
[2020.02.25-05.33.00:768][  0]LogConfig: Setting CVar [[s.LevelStreamingComponentsRegistrationGranularity:10]]
[2020.02.25-05.33.00:768][  0]LogConfig: Setting CVar [[s.UnregisterComponentsTimeLimit:1.0]]
[2020.02.25-05.33.00:768][  0]LogConfig: Setting CVar [[s.LevelStreamingComponentsUnregistrationGranularity:5]]
[2020.02.25-05.33.00:768][  0]LogConfig: Applying CVar settings from Section [/Script/Engine.GarbageCollectionSettings] File [C:/Users/ericf/Desktop/repos/Marine-Squad/Marine_Squad/Saved/Config/Windows/Engine.ini]
[2020.02.25-05.33.00:768][  0]LogConfig: Setting CVar [[gc.MaxObjectsNotConsideredByGC:1]]
[2020.02.25-05.33.00:768][  0]LogConfig: Setting CVar [[gc.SizeOfPermanentObjectPool:0]]
[2020.02.25-05.33.00:768][  0]LogConfig: Setting CVar [[gc.FlushStreamingOnGC:0]]
[2020.02.25-05.33.00:768][  0]LogConfig: Setting CVar [[gc.NumRetriesBeforeForcingGC:10]]
[2020.02.25-05.33.00:768][  0]LogConfig: Setting CVar [[gc.AllowParallelGC:1]]
[2020.02.25-05.33.00:768][  0]LogConfig: Setting CVar [[gc.TimeBetweenPurgingPendingKillObjects:61.1]]
[2020.02.25-05.33.00:768][  0]LogConfig: Setting CVar [[gc.MaxObjectsInEditor:16777216]]
[2020.02.25-05.33.00:768][  0]LogConfig: Setting CVar [[gc.IncrementalBeginDestroyEnabled:1]]
[2020.02.25-05.33.00:768][  0]LogConfig: Setting CVar [[gc.CreateGCClusters:1]]
[2020.02.25-05.33.00:768][  0]LogConfig: Setting CVar [[gc.MinGCClusterSize:5]]
[2020.02.25-05.33.00:768][  0]LogConfig: Setting CVar [[gc.ActorClusteringEnabled:0]]
[2020.02.25-05.33.00:768][  0]LogConfig: Setting CVar [[gc.BlueprintClusteringEnabled:0]]
[2020.02.25-05.33.00:768][  0]LogConfig: Setting CVar [[gc.UseDisregardForGCOnDedicatedServers:0]]
[2020.02.25-05.33.00:768][  0]LogConfig: Applying CVar settings from Section [/Script/Engine.NetworkSettings] File [C:/Users/ericf/Desktop/repos/Marine-Squad/Marine_Squad/Saved/Config/Windows/Engine.ini]
[2020.02.25-05.33.00:768][  0]LogConfig: Applying CVar settings from Section [/Script/UnrealEd.CookerSettings] File [C:/Users/ericf/Desktop/repos/Marine-Squad/Marine_Squad/Saved/Config/Windows/Engine.ini]
[2020.02.25-05.33.00:777][  0]LogConfig: Applying CVar settings from Section [ViewDistanceQuality@3] File [C:/Users/ericf/Desktop/repos/Marine-Squad/Marine_Squad/Saved/Config/Windows/Scalability.ini]
[2020.02.25-05.33.00:777][  0]LogConfig: Setting CVar [[r.SkeletalMeshLODBias:0]]
[2020.02.25-05.33.00:777][  0]LogConfig: Setting CVar [[r.ViewDistanceScale:1.0]]
[2020.02.25-05.33.00:777][  0]LogConfig: Applying CVar settings from Section [AntiAliasingQuality@3] File [C:/Users/ericf/Desktop/repos/Marine-Squad/Marine_Squad/Saved/Config/Windows/Scalability.ini]
[2020.02.25-05.33.00:777][  0]LogConfig: Setting CVar [[r.PostProcessAAQuality:4]]
[2020.02.25-05.33.00:777][  0]LogConfig: Applying CVar settings from Section [ShadowQuality@3] File [C:/Users/ericf/Desktop/repos/Marine-Squad/Marine_Squad/Saved/Config/Windows/Scalability.ini]
[2020.02.25-05.33.00:777][  0]LogConfig: Setting CVar [[r.LightFunctionQuality:1]]
[2020.02.25-05.33.00:777][  0]LogConfig: Setting CVar [[r.ShadowQuality:5]]
[2020.02.25-05.33.00:777][  0]LogConfig: Setting CVar [[r.Shadow.CSM.MaxCascades:10]]
[2020.02.25-05.33.00:777][  0]LogConfig: Setting CVar [[r.Shadow.MaxResolution:2048]]
[2020.02.25-05.33.00:777][  0]LogConfig: Setting CVar [[r.Shadow.MaxCSMResolution:2048]]
[2020.02.25-05.33.00:777][  0]LogConfig: Setting CVar [[r.Shadow.RadiusThreshold:0.01]]
[2020.02.25-05.33.00:777][  0]LogConfig: Setting CVar [[r.Shadow.DistanceScale:1.0]]
[2020.02.25-05.33.00:777][  0]LogConfig: Setting CVar [[r.Shadow.CSM.TransitionScale:1.0]]
[2020.02.25-05.33.00:777][  0]LogConfig: Setting CVar [[r.Shadow.PreShadowResolutionFactor:1.0]]
[2020.02.25-05.33.00:777][  0]LogConfig: Setting CVar [[r.DistanceFieldShadowing:1]]
[2020.02.25-05.33.00:777][  0]LogConfig: Setting CVar [[r.DistanceFieldAO:1]]
[2020.02.25-05.33.00:777][  0]LogConfig: Setting CVar [[r.AOQuality:2]]
[2020.02.25-05.33.00:777][  0]LogConfig: Setting CVar [[r.VolumetricFog:1]]
[2020.02.25-05.33.00:777][  0]LogConfig: Setting CVar [[r.VolumetricFog.GridPixelSize:8]]
[2020.02.25-05.33.00:777][  0]LogConfig: Setting CVar [[r.VolumetricFog.GridSizeZ:128]]
[2020.02.25-05.33.00:777][  0]LogConfig: Setting CVar [[r.VolumetricFog.HistoryMissSupersampleCount:4]]
[2020.02.25-05.33.00:777][  0]LogConfig: Setting CVar [[r.LightMaxDrawDistanceScale:1]]
[2020.02.25-05.33.00:777][  0]LogConfig: Setting CVar [[r.CapsuleShadows:1]]
[2020.02.25-05.33.00:777][  0]LogConfig: Applying CVar settings from Section [PostProcessQuality@3] File [C:/Users/ericf/Desktop/repos/Marine-Squad/Marine_Squad/Saved/Config/Windows/Scalability.ini]
[2020.02.25-05.33.00:777][  0]LogConfig: Setting CVar [[r.MotionBlurQuality:4]]
[2020.02.25-05.33.00:777][  0]LogConfig: Setting CVar [[r.AmbientOcclusionMipLevelFactor:0.4]]
[2020.02.25-05.33.00:777][  0]LogConfig: Setting CVar [[r.AmbientOcclusionMaxQuality:100]]
[2020.02.25-05.33.00:777][  0]LogConfig: Setting CVar [[r.AmbientOcclusionLevels:-1]]
[2020.02.25-05.33.00:777][  0]LogConfig: Setting CVar [[r.AmbientOcclusionRadiusScale:1.0]]
[2020.02.25-05.33.00:777][  0]LogConfig: Setting CVar [[r.DepthOfFieldQuality:2]]
[2020.02.25-05.33.00:777][  0]LogConfig: Setting CVar [[r.RenderTargetPoolMin:400]]
[2020.02.25-05.33.00:777][  0]LogConfig: Setting CVar [[r.LensFlareQuality:2]]
[2020.02.25-05.33.00:777][  0]LogConfig: Setting CVar [[r.SceneColorFringeQuality:1]]
[2020.02.25-05.33.00:777][  0]LogConfig: Setting CVar [[r.EyeAdaptationQuality:2]]
[2020.02.25-05.33.00:777][  0]LogConfig: Setting CVar [[r.BloomQuality:5]]
[2020.02.25-05.33.00:777][  0]LogConfig: Setting CVar [[r.FastBlurThreshold:100]]
[2020.02.25-05.33.00:777][  0]LogConfig: Setting CVar [[r.Upscale.Quality:3]]
[2020.02.25-05.33.00:777][  0]LogConfig: Setting CVar [[r.Tonemapper.GrainQuantization:1]]
[2020.02.25-05.33.00:777][  0]LogConfig: Setting CVar [[r.LightShaftQuality:1]]
[2020.02.25-05.33.00:777][  0]LogConfig: Setting CVar [[r.Filter.SizeScale:1]]
[2020.02.25-05.33.00:777][  0]LogConfig: Setting CVar [[r.Tonemapper.Quality:5]]
[2020.02.25-05.33.00:777][  0]LogConfig: Setting CVar [[r.DOF.Gather.AccumulatorQuality:1        ; higher gathering accumulator quality]]
[2020.02.25-05.33.00:777][  0]LogConfig: Setting CVar [[r.DOF.Gather.PostfilterMethod:1          ; Median3x3 postfilering method]]
[2020.02.25-05.33.00:777][  0]LogConfig: Setting CVar [[r.DOF.Gather.EnableBokehSettings:0       ; no bokeh simulation when gathering]]
[2020.02.25-05.33.00:777][  0]LogConfig: Setting CVar [[r.DOF.Gather.RingCount:4                 ; medium number of samples when gathering]]
[2020.02.25-05.33.00:777][  0]LogConfig: Setting CVar [[r.DOF.Scatter.ForegroundCompositing:1    ; additive foreground scattering]]
[2020.02.25-05.33.00:777][  0]LogConfig: Setting CVar [[r.DOF.Scatter.BackgroundCompositing:2    ; additive background scattering]]
[2020.02.25-05.33.00:777][  0]LogConfig: Setting CVar [[r.DOF.Scatter.EnableBokehSettings:1      ; bokeh simulation when scattering]]
[2020.02.25-05.33.00:777][  0]LogConfig: Setting CVar [[r.DOF.Scatter.MaxSpriteRatio:0.1         ; only a maximum of 10% of scattered bokeh]]
[2020.02.25-05.33.00:777][  0]LogConfig: Setting CVar [[r.DOF.Recombine.Quality:1                ; cheap slight out of focus]]
[2020.02.25-05.33.00:777][  0]LogConfig: Setting CVar [[r.DOF.Recombine.EnableBokehSettings:0    ; no bokeh simulation on slight out of focus]]
[2020.02.25-05.33.00:777][  0]LogConfig: Setting CVar [[r.DOF.TemporalAAQuality:1                ; more stable temporal accumulation]]
[2020.02.25-05.33.00:777][  0]LogConfig: Setting CVar [[r.DOF.Kernel.MaxForegroundRadius:0.025]]
[2020.02.25-05.33.00:777][  0]LogConfig: Setting CVar [[r.DOF.Kernel.MaxBackgroundRadius:0.025]]
[2020.02.25-05.33.00:777][  0]LogConfig: Applying CVar settings from Section [TextureQuality@3] File [C:/Users/ericf/Desktop/repos/Marine-Squad/Marine_Squad/Saved/Config/Windows/Scalability.ini]
[2020.02.25-05.33.00:777][  0]LogConfig: Setting CVar [[r.Streaming.MipBias:0]]
[2020.02.25-05.33.00:777][  0]LogConfig: Setting CVar [[r.Streaming.AmortizeCPUToGPUCopy:0]]
[2020.02.25-05.33.00:777][  0]LogConfig: Setting CVar [[r.Streaming.MaxNumTexturesToStreamPerFrame:0]]
[2020.02.25-05.33.00:777][  0]LogConfig: Setting CVar [[r.Streaming.Boost:1]]
[2020.02.25-05.33.00:777][  0]LogConfig: Setting CVar [[r.MaxAnisotropy:8]]
[2020.02.25-05.33.00:777][  0]LogConfig: Setting CVar [[r.Streaming.LimitPoolSizeToVRAM:0]]
[2020.02.25-05.33.00:777][  0]LogConfig: Setting CVar [[r.Streaming.PoolSize:1000]]
[2020.02.25-05.33.00:777][  0]LogConfig: Setting CVar [[r.Streaming.MaxEffectiveScreenSize:0]]
[2020.02.25-05.33.00:777][  0]LogConfig: Applying CVar settings from Section [EffectsQuality@3] File [C:/Users/ericf/Desktop/repos/Marine-Squad/Marine_Squad/Saved/Config/Windows/Scalability.ini]
[2020.02.25-05.33.00:777][  0]LogConfig: Setting CVar [[r.TranslucencyLightingVolumeDim:64]]
[2020.02.25-05.33.00:777][  0]LogConfig: Setting CVar [[r.RefractionQuality:2]]
[2020.02.25-05.33.00:777][  0]LogConfig: Setting CVar [[r.SSR.Quality:3]]
[2020.02.25-05.33.00:777][  0]LogConfig: Setting CVar [[r.SceneColorFormat:4]]
[2020.02.25-05.33.00:777][  0]LogConfig: Setting CVar [[r.DetailMode:2]]
[2020.02.25-05.33.00:777][  0]LogConfig: Setting CVar [[r.TranslucencyVolumeBlur:1]]
[2020.02.25-05.33.00:777][  0]LogConfig: Setting CVar [[r.MaterialQualityLevel:1 ; High quality]]
[2020.02.25-05.33.00:777][  0]LogConfig: Setting CVar [[r.SSS.Scale:1]]
[2020.02.25-05.33.00:777][  0]LogConfig: Setting CVar [[r.SSS.SampleSet:2]]
[2020.02.25-05.33.00:777][  0]LogConfig: Setting CVar [[r.SSS.Quality:1]]
[2020.02.25-05.33.00:777][  0]LogConfig: Setting CVar [[r.SSS.HalfRes:1]]
[2020.02.25-05.33.00:777][  0]LogConfig: Setting CVar [[r.EmitterSpawnRateScale:1.0]]
[2020.02.25-05.33.00:777][  0]LogConfig: Setting CVar [[r.ParticleLightQuality:2]]
[2020.02.25-05.33.00:777][  0]LogConfig: Applying CVar settings from Section [FoliageQuality@3] File [C:/Users/ericf/Desktop/repos/Marine-Squad/Marine_Squad/Saved/Config/Windows/Scalability.ini]
[2020.02.25-05.33.00:777][  0]LogConfig: Setting CVar [[foliage.DensityScale:1.0]]
[2020.02.25-05.33.00:777][  0]LogConfig: Setting CVar [[grass.DensityScale:1.0]]
[2020.02.25-05.33.00:777][  0]LogInit: Selected Device Profile: [Windows]
[2020.02.25-05.33.00:777][  0]LogInit: Applying CVar settings loaded from the selected device profile: [Windows]
[2020.02.25-05.33.00:797][  0]LogHAL: Display: Platform has ~ 8 GB [8444633088 / 8589934592 / 8], which maps to Default [LargestMinGB=32, LargerMinGB=12, DefaultMinGB=8, SmallerMinGB=6, SmallestMinGB=0)
[2020.02.25-05.33.00:797][  0]LogConfig: Setting CVar [[r.Vulkan.UseRealUBs:0		; Required until we fix HLR fall-out]]
[2020.02.25-05.33.00:797][  0]LogInit: Going up to parent DeviceProfile []
[2020.02.25-05.33.00:798][  0]LogConfig: Applying CVar settings from Section [ViewDistanceQuality@3] File [C:/Users/ericf/Desktop/repos/Marine-Squad/Marine_Squad/Saved/Config/Windows/Scalability.ini]
[2020.02.25-05.33.00:798][  0]LogConfig: Setting CVar [[r.SkeletalMeshLODBias:0]]
[2020.02.25-05.33.00:798][  0]LogConfig: Setting CVar [[r.ViewDistanceScale:1.0]]
[2020.02.25-05.33.00:798][  0]LogConfig: Applying CVar settings from Section [AntiAliasingQuality@3] File [C:/Users/ericf/Desktop/repos/Marine-Squad/Marine_Squad/Saved/Config/Windows/Scalability.ini]
[2020.02.25-05.33.00:798][  0]LogConfig: Setting CVar [[r.PostProcessAAQuality:4]]
[2020.02.25-05.33.00:798][  0]LogConfig: Applying CVar settings from Section [ShadowQuality@3] File [C:/Users/ericf/Desktop/repos/Marine-Squad/Marine_Squad/Saved/Config/Windows/Scalability.ini]
[2020.02.25-05.33.00:798][  0]LogConfig: Setting CVar [[r.LightFunctionQuality:1]]
[2020.02.25-05.33.00:798][  0]LogConfig: Setting CVar [[r.ShadowQuality:5]]
[2020.02.25-05.33.00:798][  0]LogConfig: Setting CVar [[r.Shadow.CSM.MaxCascades:10]]
[2020.02.25-05.33.00:798][  0]LogConfig: Setting CVar [[r.Shadow.MaxResolution:2048]]
[2020.02.25-05.33.00:798][  0]LogConfig: Setting CVar [[r.Shadow.MaxCSMResolution:2048]]
[2020.02.25-05.33.00:798][  0]LogConfig: Setting CVar [[r.Shadow.RadiusThreshold:0.01]]
[2020.02.25-05.33.00:798][  0]LogConfig: Setting CVar [[r.Shadow.DistanceScale:1.0]]
[2020.02.25-05.33.00:798][  0]LogConfig: Setting CVar [[r.Shadow.CSM.TransitionScale:1.0]]
[2020.02.25-05.33.00:798][  0]LogConfig: Setting CVar [[r.Shadow.PreShadowResolutionFactor:1.0]]
[2020.02.25-05.33.00:798][  0]LogConfig: Setting CVar [[r.DistanceFieldShadowing:1]]
[2020.02.25-05.33.00:798][  0]LogConfig: Setting CVar [[r.DistanceFieldAO:1]]
[2020.02.25-05.33.00:798][  0]LogConfig: Setting CVar [[r.AOQuality:2]]
[2020.02.25-05.33.00:798][  0]LogConfig: Setting CVar [[r.VolumetricFog:1]]
[2020.02.25-05.33.00:798][  0]LogConfig: Setting CVar [[r.VolumetricFog.GridPixelSize:8]]
[2020.02.25-05.33.00:798][  0]LogConfig: Setting CVar [[r.VolumetricFog.GridSizeZ:128]]
[2020.02.25-05.33.00:798][  0]LogConfig: Setting CVar [[r.VolumetricFog.HistoryMissSupersampleCount:4]]
[2020.02.25-05.33.00:798][  0]LogConfig: Setting CVar [[r.LightMaxDrawDistanceScale:1]]
[2020.02.25-05.33.00:798][  0]LogConfig: Setting CVar [[r.CapsuleShadows:1]]
[2020.02.25-05.33.00:798][  0]LogConfig: Applying CVar settings from Section [PostProcessQuality@3] File [C:/Users/ericf/Desktop/repos/Marine-Squad/Marine_Squad/Saved/Config/Windows/Scalability.ini]
[2020.02.25-05.33.00:798][  0]LogConfig: Setting CVar [[r.MotionBlurQuality:4]]
[2020.02.25-05.33.00:798][  0]LogConfig: Setting CVar [[r.AmbientOcclusionMipLevelFactor:0.4]]
[2020.02.25-05.33.00:798][  0]LogConfig: Setting CVar [[r.AmbientOcclusionMaxQuality:100]]
[2020.02.25-05.33.00:798][  0]LogConfig: Setting CVar [[r.AmbientOcclusionLevels:-1]]
[2020.02.25-05.33.00:798][  0]LogConfig: Setting CVar [[r.AmbientOcclusionRadiusScale:1.0]]
[2020.02.25-05.33.00:798][  0]LogConfig: Setting CVar [[r.DepthOfFieldQuality:2]]
[2020.02.25-05.33.00:798][  0]LogConfig: Setting CVar [[r.RenderTargetPoolMin:400]]
[2020.02.25-05.33.00:798][  0]LogConfig: Setting CVar [[r.LensFlareQuality:2]]
[2020.02.25-05.33.00:798][  0]LogConfig: Setting CVar [[r.SceneColorFringeQuality:1]]
[2020.02.25-05.33.00:798][  0]LogConfig: Setting CVar [[r.EyeAdaptationQuality:2]]
[2020.02.25-05.33.00:798][  0]LogConfig: Setting CVar [[r.BloomQuality:5]]
[2020.02.25-05.33.00:798][  0]LogConfig: Setting CVar [[r.FastBlurThreshold:100]]
[2020.02.25-05.33.00:798][  0]LogConfig: Setting CVar [[r.Upscale.Quality:3]]
[2020.02.25-05.33.00:798][  0]LogConfig: Setting CVar [[r.Tonemapper.GrainQuantization:1]]
[2020.02.25-05.33.00:798][  0]LogConfig: Setting CVar [[r.LightShaftQuality:1]]
[2020.02.25-05.33.00:798][  0]LogConfig: Setting CVar [[r.Filter.SizeScale:1]]
[2020.02.25-05.33.00:798][  0]LogConfig: Setting CVar [[r.Tonemapper.Quality:5]]
[2020.02.25-05.33.00:798][  0]LogConfig: Setting CVar [[r.DOF.Gather.AccumulatorQuality:1        ; higher gathering accumulator quality]]
[2020.02.25-05.33.00:798][  0]LogConfig: Setting CVar [[r.DOF.Gather.PostfilterMethod:1          ; Median3x3 postfilering method]]
[2020.02.25-05.33.00:798][  0]LogConfig: Setting CVar [[r.DOF.Gather.EnableBokehSettings:0       ; no bokeh simulation when gathering]]
[2020.02.25-05.33.00:798][  0]LogConfig: Setting CVar [[r.DOF.Gather.RingCount:4                 ; medium number of samples when gathering]]
[2020.02.25-05.33.00:798][  0]LogConfig: Setting CVar [[r.DOF.Scatter.ForegroundCompositing:1    ; additive foreground scattering]]
[2020.02.25-05.33.00:798][  0]LogConfig: Setting CVar [[r.DOF.Scatter.BackgroundCompositing:2    ; additive background scattering]]
[2020.02.25-05.33.00:798][  0]LogConfig: Setting CVar [[r.DOF.Scatter.EnableBokehSettings:1      ; bokeh simulation when scattering]]
[2020.02.25-05.33.00:798][  0]LogConfig: Setting CVar [[r.DOF.Scatter.MaxSpriteRatio:0.1         ; only a maximum of 10% of scattered bokeh]]
[2020.02.25-05.33.00:798][  0]LogConfig: Setting CVar [[r.DOF.Recombine.Quality:1                ; cheap slight out of focus]]
[2020.02.25-05.33.00:798][  0]LogConfig: Setting CVar [[r.DOF.Recombine.EnableBokehSettings:0    ; no bokeh simulation on slight out of focus]]
[2020.02.25-05.33.00:798][  0]LogConfig: Setting CVar [[r.DOF.TemporalAAQuality:1                ; more stable temporal accumulation]]
[2020.02.25-05.33.00:798][  0]LogConfig: Setting CVar [[r.DOF.Kernel.MaxForegroundRadius:0.025]]
[2020.02.25-05.33.00:798][  0]LogConfig: Setting CVar [[r.DOF.Kernel.MaxBackgroundRadius:0.025]]
[2020.02.25-05.33.00:798][  0]LogConfig: Applying CVar settings from Section [TextureQuality@3] File [C:/Users/ericf/Desktop/repos/Marine-Squad/Marine_Squad/Saved/Config/Windows/Scalability.ini]
[2020.02.25-05.33.00:798][  0]LogConfig: Setting CVar [[r.Streaming.MipBias:0]]
[2020.02.25-05.33.00:798][  0]LogConfig: Setting CVar [[r.Streaming.AmortizeCPUToGPUCopy:0]]
[2020.02.25-05.33.00:798][  0]LogConfig: Setting CVar [[r.Streaming.MaxNumTexturesToStreamPerFrame:0]]
[2020.02.25-05.33.00:798][  0]LogConfig: Setting CVar [[r.Streaming.Boost:1]]
[2020.02.25-05.33.00:798][  0]LogConfig: Setting CVar [[r.MaxAnisotropy:8]]
[2020.02.25-05.33.00:798][  0]LogConfig: Setting CVar [[r.Streaming.LimitPoolSizeToVRAM:0]]
[2020.02.25-05.33.00:798][  0]LogConfig: Setting CVar [[r.Streaming.PoolSize:1000]]
[2020.02.25-05.33.00:798][  0]LogConfig: Setting CVar [[r.Streaming.MaxEffectiveScreenSize:0]]
[2020.02.25-05.33.00:798][  0]LogConfig: Applying CVar settings from Section [EffectsQuality@3] File [C:/Users/ericf/Desktop/repos/Marine-Squad/Marine_Squad/Saved/Config/Windows/Scalability.ini]
[2020.02.25-05.33.00:798][  0]LogConfig: Setting CVar [[r.TranslucencyLightingVolumeDim:64]]
[2020.02.25-05.33.00:798][  0]LogConfig: Setting CVar [[r.RefractionQuality:2]]
[2020.02.25-05.33.00:798][  0]LogConfig: Setting CVar [[r.SSR.Quality:3]]
[2020.02.25-05.33.00:798][  0]LogConfig: Setting CVar [[r.SceneColorFormat:4]]
[2020.02.25-05.33.00:798][  0]LogConfig: Setting CVar [[r.DetailMode:2]]
[2020.02.25-05.33.00:798][  0]LogConfig: Setting CVar [[r.TranslucencyVolumeBlur:1]]
[2020.02.25-05.33.00:798][  0]LogConfig: Setting CVar [[r.MaterialQualityLevel:1 ; High quality]]
[2020.02.25-05.33.00:798][  0]LogConfig: Setting CVar [[r.SSS.Scale:1]]
[2020.02.25-05.33.00:798][  0]LogConfig: Setting CVar [[r.SSS.SampleSet:2]]
[2020.02.25-05.33.00:798][  0]LogConfig: Setting CVar [[r.SSS.Quality:1]]
[2020.02.25-05.33.00:798][  0]LogConfig: Setting CVar [[r.SSS.HalfRes:1]]
[2020.02.25-05.33.00:798][  0]LogConfig: Setting CVar [[r.EmitterSpawnRateScale:1.0]]
[2020.02.25-05.33.00:798][  0]LogConfig: Setting CVar [[r.ParticleLightQuality:2]]
[2020.02.25-05.33.00:798][  0]LogConfig: Applying CVar settings from Section [FoliageQuality@3] File [C:/Users/ericf/Desktop/repos/Marine-Squad/Marine_Squad/Saved/Config/Windows/Scalability.ini]
[2020.02.25-05.33.00:798][  0]LogConfig: Setting CVar [[foliage.DensityScale:1.0]]
[2020.02.25-05.33.00:798][  0]LogConfig: Setting CVar [[grass.DensityScale:1.0]]
[2020.02.25-05.33.00:798][  0]LogConfig: Applying CVar settings from Section [Startup] File [../../../Engine/Config/ConsoleVariables.ini]
[2020.02.25-05.33.00:804][  0]LogConfig: Setting CVar [[net.UseAdaptiveNetUpdateFrequency:0]]
[2020.02.25-05.33.00:804][  0]LogConfig: Setting CVar [[p.chaos.AllowCreatePhysxBodies:1]]
[2020.02.25-05.33.00:804][  0]LogConfig: Applying CVar settings from Section [ConsoleVariables] File [C:/Users/ericf/Desktop/repos/Marine-Squad/Marine_Squad/Saved/Config/Windows/Engine.ini]
[2020.02.25-05.33.00:804][  0]LogInit: Computer: FALL-PC
[2020.02.25-05.33.00:805][  0]LogInit: User: ericf
[2020.02.25-05.33.00:805][  0]LogInit: CPU Page size=4096, Cores=4
[2020.02.25-05.33.00:805][  0]LogInit: High frequency timer resolution =10.000000 MHz
[2020.02.25-05.33.00:805][  0]LogMemory: Memory total: Physical=7.9GB (8GB approx)
[2020.02.25-05.33.00:805][  0]LogMemory: Platform Memory Stats for Windows
[2020.02.25-05.33.00:805][  0]LogMemory: Process Physical Memory: 99.25 MB used, 99.26 MB peak
[2020.02.25-05.33.00:805][  0]LogMemory: Process Virtual Memory: 98.43 MB used, 98.43 MB peak
[2020.02.25-05.33.00:805][  0]LogMemory: Physical Memory: 5046.14 MB used,  3007.29 MB free, 8053.43 MB total
[2020.02.25-05.33.00:805][  0]LogMemory: Virtual Memory: 4639.39 MB used,  134213088.00 MB free, 134217728.00 MB total
[2020.02.25-05.33.00:874][  0]LogInit: Using OS detected language (en-US).
[2020.02.25-05.33.00:874][  0]LogInit: Using OS detected locale (en-US).
[2020.02.25-05.33.00:877][  0]LogTextLocalizationManager: No specific localization for 'en-US' exists, so the 'en' localization will be used.
[2020.02.25-05.33.01:186][  0]LogInit: Setting process to per monitor DPI aware
[2020.02.25-05.33.01:295][  0]LogSlate: New Slate User Created.  User Index 0, Is Virtual User: 0
[2020.02.25-05.33.01:295][  0]LogSlate: Slate User Registered.  User Index 0, Is Virtual User: 0
[2020.02.25-05.33.04:097][  0]LogHMD: Failed to initialize OpenVR with code 110
[2020.02.25-05.33.04:097][  0]LogD3D11RHI: D3D11 adapters:
[2020.02.25-05.33.04:354][  0]LogD3D11RHI:    0. 'NVIDIA GeForce GTX 970' (Feature Level 11_0)
[2020.02.25-05.33.04:354][  0]LogD3D11RHI:       4043/0/4026 MB DedicatedVideo/DedicatedSystem/SharedSystem, Outputs:2, VendorId:0x10de
[2020.02.25-05.33.04:446][  0]LogD3D11RHI:    1. 'Intel(R) HD Graphics 4600' (Feature Level 11_0)
[2020.02.25-05.33.04:446][  0]LogD3D11RHI:       112/0/2048 MB DedicatedVideo/DedicatedSystem/SharedSystem, Outputs:0, VendorId:0x8086
[2020.02.25-05.33.04:450][  0]LogD3D11RHI:    2. 'Microsoft Basic Render Driver' (Feature Level 11_0)
[2020.02.25-05.33.04:450][  0]LogD3D11RHI:       0/0/4026 MB DedicatedVideo/DedicatedSystem/SharedSystem, Outputs:0, VendorId:0x1414
[2020.02.25-05.33.04:450][  0]LogD3D11RHI: Chosen D3D11 Adapter: 0
[2020.02.25-05.33.04:457][  0]LogD3D11RHI: Creating new Direct3DDevice
[2020.02.25-05.33.04:457][  0]LogD3D11RHI:     GPU DeviceId: 0x13c2 (for the marketing name, search the web for "GPU Device Id")
[2020.02.25-05.33.04:457][  0]LogWindows: EnumDisplayDevices:
[2020.02.25-05.33.04:458][  0]LogWindows:    0. 'NVIDIA GeForce GTX 970' (P:1 D:1)
[2020.02.25-05.33.04:458][  0]LogWindows:    1. 'NVIDIA GeForce GTX 970' (P:0 D:1)
[2020.02.25-05.33.04:458][  0]LogWindows:    2. 'NVIDIA GeForce GTX 970' (P:0 D:0)
[2020.02.25-05.33.04:458][  0]LogWindows:    3. 'NVIDIA GeForce GTX 970' (P:0 D:0)
[2020.02.25-05.33.04:458][  0]LogWindows:    4. 'Intel(R) HD Graphics 4600' (P:0 D:0)
[2020.02.25-05.33.04:459][  0]LogWindows:    5. 'Intel(R) HD Graphics 4600' (P:0 D:0)
[2020.02.25-05.33.04:459][  0]LogWindows:    6. 'Intel(R) HD Graphics 4600' (P:0 D:0)
[2020.02.25-05.33.04:459][  0]LogWindows: DebugString: PrimaryIsNotTheChoosenAdapter PrimaryIsNotTheChoosenAdapter PrimaryIsNotTheChoosenAdapter FoundDriverCount:4 
[2020.02.25-05.33.04:459][  0]LogD3D11RHI:     Adapter Name: NVIDIA GeForce GTX 970
[2020.02.25-05.33.04:459][  0]LogD3D11RHI:   Driver Version: 436.02 (internal:26.21.14.3602, unified:436.02)
[2020.02.25-05.33.04:459][  0]LogD3D11RHI:      Driver Date: 8-16-2019
[2020.02.25-05.33.04:459][  0]LogRHI: Texture pool is 2830 MB (70% of 4043 MB)
[2020.02.25-05.33.04:503][  0]LogD3D11RHI: Async texture creation enabled
[2020.02.25-05.33.04:526][  0]LogRendererCore: FGlobalReadBuffer::InitRHI
[2020.02.25-05.33.04:527][  0]LogRendererCore: FGlobalReadBuffer::InitRHI
[2020.02.25-05.33.04:527][  0]LogRendererCore: FGlobalReadBuffer::InitRHI
[2020.02.25-05.33.04:535][  0]LogD3D11RHI: GPU Timing Frequency: 1000.000000 (Debug: 2 1)
[2020.02.25-05.33.06:114][  0]LogTemp: Display: Module 'AllDesktopTargetPlatform' loaded TargetPlatform 'AllDesktop'
[2020.02.25-05.33.06:127][  0]LogTemp: Display: Module 'MacClientTargetPlatform' loaded TargetPlatform 'MacClient'
[2020.02.25-05.33.06:140][  0]LogTemp: Display: Module 'MacNoEditorTargetPlatform' loaded TargetPlatform 'MacNoEditor'
[2020.02.25-05.33.06:152][  0]LogTemp: Display: Module 'MacServerTargetPlatform' loaded TargetPlatform 'MacServer'
[2020.02.25-05.33.06:172][  0]LogTemp: Display: Module 'MacTargetPlatform' loaded TargetPlatform 'Mac'
[2020.02.25-05.33.06:186][  0]LogTemp: Display: Module 'WindowsClientTargetPlatform' loaded TargetPlatform 'WindowsClient'
[2020.02.25-05.33.06:199][  0]LogTemp: Display: Module 'WindowsNoEditorTargetPlatform' loaded TargetPlatform 'WindowsNoEditor'
[2020.02.25-05.33.06:213][  0]LogTemp: Display: Module 'WindowsServerTargetPlatform' loaded TargetPlatform 'WindowsServer'
[2020.02.25-05.33.06:219][  0]LogTemp: Display: Module 'WindowsTargetPlatform' loaded TargetPlatform 'Windows'
[2020.02.25-05.33.06:311][  0]LogTemp: Display: Module 'AndroidTargetPlatform' loaded TargetPlatform 'Android'
[2020.02.25-05.33.06:311][  0]LogTemp: Display: Module 'AndroidTargetPlatform' loaded TargetPlatform 'Android_ASTC'
[2020.02.25-05.33.06:311][  0]LogTemp: Display: Module 'AndroidTargetPlatform' loaded TargetPlatform 'Android_ATC'
[2020.02.25-05.33.06:311][  0]LogTemp: Display: Module 'AndroidTargetPlatform' loaded TargetPlatform 'Android_DXT'
[2020.02.25-05.33.06:311][  0]LogTemp: Display: Module 'AndroidTargetPlatform' loaded TargetPlatform 'Android_ETC1'
[2020.02.25-05.33.06:311][  0]LogTemp: Display: Module 'AndroidTargetPlatform' loaded TargetPlatform 'Android_ETC1a'
[2020.02.25-05.33.06:311][  0]LogTemp: Display: Module 'AndroidTargetPlatform' loaded TargetPlatform 'Android_ETC2'
[2020.02.25-05.33.06:311][  0]LogTemp: Display: Module 'AndroidTargetPlatform' loaded TargetPlatform 'Android_PVRTC'
[2020.02.25-05.33.06:311][  0]LogTemp: Display: Module 'AndroidTargetPlatform' loaded TargetPlatform 'AndroidClient'
[2020.02.25-05.33.06:311][  0]LogTemp: Display: Module 'AndroidTargetPlatform' loaded TargetPlatform 'Android_ASTCClient'
[2020.02.25-05.33.06:311][  0]LogTemp: Display: Module 'AndroidTargetPlatform' loaded TargetPlatform 'Android_ATCClient'
[2020.02.25-05.33.06:312][  0]LogTemp: Display: Module 'AndroidTargetPlatform' loaded TargetPlatform 'Android_DXTClient'
[2020.02.25-05.33.06:312][  0]LogTemp: Display: Module 'AndroidTargetPlatform' loaded TargetPlatform 'Android_ETC1Client'
[2020.02.25-05.33.06:312][  0]LogTemp: Display: Module 'AndroidTargetPlatform' loaded TargetPlatform 'Android_ETC1aClient'
[2020.02.25-05.33.06:312][  0]LogTemp: Display: Module 'AndroidTargetPlatform' loaded TargetPlatform 'Android_ETC2Client'
[2020.02.25-05.33.06:312][  0]LogTemp: Display: Module 'AndroidTargetPlatform' loaded TargetPlatform 'Android_PVRTCClient'
[2020.02.25-05.33.06:312][  0]LogTemp: Display: Module 'AndroidTargetPlatform' loaded TargetPlatform 'Android_Multi'
[2020.02.25-05.33.06:312][  0]LogTemp: Display: Module 'AndroidTargetPlatform' loaded TargetPlatform 'Android_MultiClient'
[2020.02.25-05.33.06:314][  0]LogTemp: Display: Module 'HTML5TargetPlatform' loaded TargetPlatform 'HTML5'
[2020.02.25-05.33.06:372][  0]LogTemp: Display: Module 'IOSTargetPlatform' loaded TargetPlatform 'IOSClient'
[2020.02.25-05.33.06:372][  0]LogTemp: Display: Module 'IOSTargetPlatform' loaded TargetPlatform 'IOS'
[2020.02.25-05.33.06:397][  0]LogTemp: Display: Module 'TVOSTargetPlatform' loaded TargetPlatform 'TVOSClient'
[2020.02.25-05.33.06:397][  0]LogTemp: Display: Module 'TVOSTargetPlatform' loaded TargetPlatform 'TVOS'
[2020.02.25-05.33.06:410][  0]LogTemp: Display: Module 'LinuxClientTargetPlatform' loaded TargetPlatform 'LinuxClient'
[2020.02.25-05.33.06:423][  0]LogTemp: Display: Module 'LinuxNoEditorTargetPlatform' loaded TargetPlatform 'LinuxNoEditor'
[2020.02.25-05.33.06:437][  0]LogTemp: Display: Module 'LinuxServerTargetPlatform' loaded TargetPlatform 'LinuxServer'
[2020.02.25-05.33.06:460][  0]LogTemp: Display: Module 'LinuxTargetPlatform' loaded TargetPlatform 'Linux'
[2020.02.25-05.33.06:511][  0]LogTemp: Display: Module 'LuminTargetPlatform' loaded TargetPlatform 'Lumin'
[2020.02.25-05.33.06:511][  0]LogTemp: Display: Module 'LuminTargetPlatform' loaded TargetPlatform 'LuminClient'
[2020.02.25-05.33.06:511][  0]LogTargetPlatformManager: Display: Building Assets For Windows
[2020.02.25-05.33.06:521][  0]LogAudioDebug: Display: Lib vorbis DLL was dynamically loaded.
[2020.02.25-05.33.06:640][  0]LogShaderCompilers: Guid format shader working directory is -9 characters bigger than the processId version (C:/Users/ericf/Desktop/repos/Marine-Squad/Marine_Squad/Intermediate/Shaders/WorkingDirectory/13348/).
[2020.02.25-05.33.06:640][  0]LogShaderCompilers: Cleaned the shader compiler working directory 'C:/Users/ericf/AppData/Local/Temp/UnrealShaderWorkingDir/E5AED2BF4157F158EEF9D0B77B3F4607/'.
[2020.02.25-05.33.06:642][  0]LogXGEController: Cleaning working directory: C:/Users/ericf/AppData/Local/Temp/UnrealXGEWorkingDir/
[2020.02.25-05.33.06:642][  0]LogXGEController: Cannot use XGE Controller as Incredibuild is not installed on this machine.
[2020.02.25-05.33.06:642][  0]LogShaderCompilers: Cannot use XGE Shader Compiler as Incredibuild is not installed on this machine.
[2020.02.25-05.33.06:642][  0]LogShaderCompilers: Display: Using Local Shader Compiler.
[2020.02.25-05.33.09:206][  0]LogDerivedDataCache: Display: Max Cache Size: 512 MB
[2020.02.25-05.33.09:879][  0]LogDerivedDataCache: Loaded boot cache 0.67s 71MB C:/Users/ericf/AppData/Local/UnrealEngine/4.22/DerivedDataCache/Boot.ddc.
[2020.02.25-05.33.09:879][  0]LogDerivedDataCache: Display: Loaded Boot cache: C:/Users/ericf/AppData/Local/UnrealEngine/4.22/DerivedDataCache/Boot.ddc
[2020.02.25-05.33.09:879][  0]LogDerivedDataCache: FDerivedDataBackendGraph:  Pak pak cache file C:/Users/ericf/Desktop/repos/Marine-Squad/Marine_Squad/DerivedDataCache/DDC.ddp not found, will not use a pak cache.
[2020.02.25-05.33.09:879][  0]LogDerivedDataCache: Unable to find inner node Pak for hierarchical cache Hierarchy.
[2020.02.25-05.33.09:879][  0]LogDerivedDataCache: FDerivedDataBackendGraph:  CompressedPak pak cache file C:/Users/ericf/Desktop/repos/Marine-Squad/Marine_Squad/DerivedDataCache/Compressed.ddp not found, will not use a pak cache.
[2020.02.25-05.33.09:879][  0]LogDerivedDataCache: Unable to find inner node CompressedPak for hierarchical cache Hierarchy.
[2020.02.25-05.33.09:892][  0]LogDerivedDataCache: Display: Pak cache opened for reading ../../../Engine/DerivedDataCache/Compressed.ddp.
[2020.02.25-05.33.09:892][  0]LogDerivedDataCache: FDerivedDataBackendGraph:  EnterprisePak pak cache file ../../../Enterprise/DerivedDataCache/Compressed.ddp not found, will not use a pak cache.
[2020.02.25-05.33.09:892][  0]LogDerivedDataCache: Unable to find inner node EnterprisePak for hierarchical cache Hierarchy.
[2020.02.25-05.33.09:904][  0]LogDerivedDataCache: Using Local data cache path C:/Users/ericf/AppData/Local/UnrealEngine/Common/DerivedDataCache: Writable
[2020.02.25-05.33.09:904][  0]LogDerivedDataCache: Shared data cache path not found in *engine.ini, will not use an Shared cache.
[2020.02.25-05.33.09:904][  0]LogDerivedDataCache: Unable to find inner node Shared for hierarchical cache Hierarchy.
[2020.02.25-05.33.09:927][  0]LogMaterial: Verifying Global Shaders for PCD3D_SM5
[2020.02.25-05.33.09:928][  0]LogSlate: Using FreeType 2.6.0
[2020.02.25-05.33.09:947][  0]LogSlate: SlateFontServices - WITH_FREETYPE: 1, WITH_HARFBUZZ: 1
[2020.02.25-05.33.10:221][  0]LogAssetRegistry: FAssetRegistry took 0.0337 seconds to start up
[2020.02.25-05.33.10:555][  0]LogInit: Selected Device Profile: [Windows]
[2020.02.25-05.33.10:706][  0]LogMeshReduction: Using QuadricMeshReduction for automatic static mesh reduction
[2020.02.25-05.33.10:706][  0]LogMeshReduction: Using SimplygonMeshReduction for automatic skeletal mesh reduction
[2020.02.25-05.33.10:706][  0]LogMeshReduction: Using ProxyLODMeshReduction for automatic mesh merging
[2020.02.25-05.33.10:706][  0]LogMeshReduction: No distributed automatic mesh merging module available
[2020.02.25-05.33.10:706][  0]LogMeshMerging: No distributed automatic mesh merging module available
[2020.02.25-05.33.10:717][  0]LogNetVersion: Marine_Squad 1.0.0, NetCL: 5660361, EngineNetVer: 10, GameNetVer: 0 (Checksum: 4148284594)
[2020.02.25-05.33.11:163][  0]LogPackageLocalizationCache: Processed 10 localized package path(s) for 1 prioritized culture(s) in 0.045183 seconds
[2020.02.25-05.33.11:169][  0]LogUObjectArray: 42205 objects as part of root set at end of initial load.
[2020.02.25-05.33.11:169][  0]LogUObjectAllocator: 7325032 out of 0 bytes used by permanent object pool.
[2020.02.25-05.33.11:169][  0]LogUObjectArray: CloseDisregardForGC: 0/0 objects in disregard for GC pool
[2020.02.25-05.33.13:984][  0]LogVaFog: [FVaFogOfWarModule::StartupModule(44)] VaFogOfWar module started
[2020.02.25-05.33.13:990][  0]LogTcpMessaging: Initializing TcpMessaging bridge
[2020.02.25-05.33.14:005][  0]LogUdpMessaging: Initializing bridge on interface 0.0.0.0:0 to multicast group 230.0.0.1:6666.
[2020.02.25-05.33.14:158][  0]SourceControl: Source control is disabled
[2020.02.25-05.33.14:158][  0]SourceControl: Source control is disabled
[2020.02.25-05.33.14:161][  0]SourceControl: Source control is disabled
[2020.02.25-05.33.14:163][  0]SourceControl: Source control is disabled
[2020.02.25-05.33.14:305][  0]LogAndroidPermission: UAndroidPermissionCallbackProxy::GetInstance
[2020.02.25-05.33.14:504][  0]LogOcInput: OculusInput pre-init called
[2020.02.25-05.33.15:152][  0]LogEngine: Initializing Engine...
[2020.02.25-05.33.15:153][  0]LogHMD: Failed to initialize OpenVR with code 110
[2020.02.25-05.33.15:154][  0]LogStats: UGameplayTagsManager::InitializeManager -  0.000 s
[2020.02.25-05.33.15:397][  0]LogInit: Initializing FReadOnlyCVARCache
[2020.02.25-05.33.15:415][  0]LogAIModule: Creating AISystem for world Untitled
[2020.02.25-05.33.15:416][  0]LogVaFog: [FVaFogOfWarModule::StartupModule::<lambda_976865d7f760a47e2a086b15bf7dcbd9>::operator ()(41)] Fog Controller is created for: Untitled
[2020.02.25-05.33.15:494][  0]LogInit: XAudio2 using 'HEAD SET (Corsair VOID PRO USB Gaming Headset )' : 2 channels at 48 kHz using 16 bits per sample (channel mask 0x3)
[2020.02.25-05.33.15:529][  0]LogInit: FAudioDevice initialized.
[2020.02.25-05.33.15:530][  0]LogNetVersion: Set ProjectVersion to 1.0.0.0. Version Checksum will be recalculated on next use.
[2020.02.25-05.33.16:529][  0]LogDerivedDataCache: Saved boot cache 1.00s 71MB C:/Users/ericf/AppData/Local/UnrealEngine/4.22/DerivedDataCache/Boot.ddc.
[2020.02.25-05.33.16:545][  0]LogInit: Texture streaming: Enabled
[2020.02.25-05.33.16:564][  0]LogEngineSessionManager: EngineSessionManager initialized
[2020.02.25-05.33.16:590][  0]LogInit: Transaction tracking system initialized
[2020.02.25-05.33.16:618][  0]BlueprintLog: New page: Editor Load
[2020.02.25-05.33.16:733][  0]LocalizationService: Localization service is disabled
[2020.02.25-05.33.17:189][  0]LogCook: Display: Max memory allowance for cook 16384mb min free memory 0mb
[2020.02.25-05.33.17:189][  0]LogCook: Display: Mobile HDR setting 1
[2020.02.25-05.33.17:527][  0]LogFileCache: Scanning file cache for directory 'C:/Users/ericf/Desktop/repos/Marine-Squad/Marine_Squad/Content/' took 0.03s
[2020.02.25-05.33.17:527][  0]SourceControl: Source control is disabled
[2020.02.25-05.33.17:527][  0]Cmd: MAP LOAD FILE="C:/Users/ericf/Desktop/repos/Marine-Squad/Marine_Squad/Content/StarterContent/Maps/Minimal_Default.umap" TEMPLATE=0 SHOWPROGRESS=1 FEATURELEVEL=3
[2020.02.25-05.33.17:555][  0]LightingResults: New page: Lighting Build
[2020.02.25-05.33.17:558][  0]LogVaFog: [FVaFogOfWarModule::StartupModule::<lambda_144d8ffb0c7ca55232a4412d9c0c3636>::operator ()(31)] Fog Controller is removed for: Untitled
[2020.02.25-05.33.17:558][  0]MapCheck: New page: Map Check
[2020.02.25-05.33.17:558][  0]LightingResults: New page: Lighting Build
[2020.02.25-05.33.17:582][  0]LogUObjectHash: Compacting FUObjectHashTables data took   1.92ms
[2020.02.25-05.33.17:595][  0]LogLinker: Warning: Can't find file '/Game/BP/Units_BP/BaseEnemyUnit'
[2020.02.25-05.33.17:596][  0]LogLinker: Warning: Can't find file for asset '/Game/BP/Units_BP/BaseEnemyUnit' while loading NULL.
[2020.02.25-05.33.17:857][  0]LogLinker: Warning: Can't find file '/Game/BP/Units_BP/BaseEnemyUnit'
[2020.02.25-05.33.17:857][  0]LogLinker: Warning: Can't find file for asset '/Game/BP/Units_BP/BaseEnemyUnit' while loading NULL.
[2020.02.25-05.33.17:916][  0]LogLinker: Warning: Can't find file '/Game/BP/Units_BP/BaseEnemyUnit'
[2020.02.25-05.33.17:916][  0]LogLinker: Warning: Can't find file for asset '/Game/BP/Units_BP/BaseEnemyUnit' while loading NULL.
[2020.02.25-05.33.17:917][  0]LogLinker: Warning: Can't find file '/Game/BP/Units_BP/BaseEnemyUnit'
[2020.02.25-05.33.17:917][  0]LogLinker: Warning: Can't find file for asset '/Game/BP/Units_BP/BaseEnemyUnit' while loading NULL.
[2020.02.25-05.33.17:918][  0]LogLinker: Warning: Can't find file '/Game/BP/Units_BP/BaseEnemyUnit'
[2020.02.25-05.33.17:918][  0]LogLinker: Warning: Can't find file for asset '/Game/BP/Units_BP/BaseEnemyUnit' while loading NULL.
[2020.02.25-05.33.17:983][  0]LogLinker: Warning: Can't find file '/Game/BP/Units_BP/BaseEnemyUnit'
[2020.02.25-05.33.17:983][  0]LogLinker: Warning: Can't find file for asset '/Game/BP/Units_BP/BaseEnemyUnit' while loading NULL.
[2020.02.25-05.33.17:985][  0]LogLinker: Warning: Can't find file '/Game/BP/Units_BP/BaseEnemyUnit'
[2020.02.25-05.33.17:985][  0]LogLinker: Warning: Can't find file for asset '/Game/BP/Units_BP/BaseEnemyUnit' while loading NULL.
[2020.02.25-05.33.17:986][  0]LogLinker: Warning: Can't find file '/Game/BP/Units_BP/BaseEnemyUnit'
[2020.02.25-05.33.17:986][  0]LogLinker: Warning: Can't find file for asset '/Game/BP/Units_BP/BaseEnemyUnit' while loading NULL.
[2020.02.25-05.33.17:986][  0]LogLinker: Warning: Can't find file '/Game/BP/Units_BP/BaseEnemyUnit'
[2020.02.25-05.33.17:986][  0]LogLinker: Warning: Can't find file for asset '/Game/BP/Units_BP/BaseEnemyUnit' while loading NULL.
[2020.02.25-05.33.17:986][  0]LogLinker: Warning: Can't find file '/Game/BP/Units_BP/BaseEnemyUnit'
[2020.02.25-05.33.17:986][  0]LogLinker: Warning: Can't find file for asset '/Game/BP/Units_BP/BaseEnemyUnit' while loading NULL.
[2020.02.25-05.33.17:986][  0]LogLinker: Warning: Can't find file '/Game/BP/Units_BP/BaseEnemyUnit'
[2020.02.25-05.33.17:986][  0]LogLinker: Warning: Can't find file for asset '/Game/BP/Units_BP/BaseEnemyUnit' while loading NULL.
[2020.02.25-05.33.17:987][  0]LogLinker: Warning: Can't find file '/Game/BP/Units_BP/BaseEnemyUnit'
[2020.02.25-05.33.17:987][  0]LogLinker: Warning: Can't find file for asset '/Game/BP/Units_BP/BaseEnemyUnit' while loading NULL.
[2020.02.25-05.33.17:987][  0]LogLinker: Warning: Can't find file '/Game/BP/Units_BP/BaseEnemyUnit'
[2020.02.25-05.33.17:987][  0]LogLinker: Warning: Can't find file for asset '/Game/BP/Units_BP/BaseEnemyUnit' while loading NULL.
[2020.02.25-05.33.17:987][  0]LogLinker: Warning: Can't find file '/Game/BP/Units_BP/BaseEnemyUnit'
[2020.02.25-05.33.17:987][  0]LogLinker: Warning: Can't find file for asset '/Game/BP/Units_BP/BaseEnemyUnit' while loading NULL.
[2020.02.25-05.33.17:991][  0]LogLinker: Warning: Can't find file '/Game/BP/Units_BP/BaseEnemyUnit'
[2020.02.25-05.33.17:991][  0]LogLinker: Warning: Can't find file for asset '/Game/BP/Units_BP/BaseEnemyUnit' while loading NULL.
[2020.02.25-05.33.17:992][  0]LogLinker: Warning: Can't find file '/Game/BP/Units_BP/BaseEnemyUnit'
[2020.02.25-05.33.17:992][  0]LogLinker: Warning: Can't find file for asset '/Game/BP/Units_BP/BaseEnemyUnit' while loading NULL.
[2020.02.25-05.33.18:613][  0]LogAIModule: Creating AISystem for world Minimal_Default
[2020.02.25-05.33.18:613][  0]LogVaFog: [FVaFogOfWarModule::StartupModule::<lambda_976865d7f760a47e2a086b15bf7dcbd9>::operator ()(41)] Fog Controller is created for: Minimal_Default
[2020.02.25-05.33.18:664][  0]LogEditorServer: Finished looking for orphan Actors (0.000 secs)
[2020.02.25-05.33.18:691][  0]LogUObjectHash: Compacting FUObjectHashTables data took   2.21ms
[2020.02.25-05.33.18:691][  0]Cmd: MAP CHECKDEP NOCLEARLOG
[2020.02.25-05.33.18:692][  0]MapCheck: Map check complete: 0 Error(s), 0 Warning(s), took 0.152ms to complete.
[2020.02.25-05.33.18:692][  0]LogFileHelpers: Loading map 'Minimal_Default' took 1.164
[2020.02.25-05.33.18:839][  0]LogSlate: Updating window title bar state: overlay mode, drag disabled, window buttons hidden, title bar hidden
[2020.02.25-05.33.18:846][  0]LogSlate: Updating window title bar state: overlay mode, drag disabled, window buttons hidden, title bar hidden
[2020.02.25-05.33.18:854][  0]LogSlate: Updating window title bar state: overlay mode, drag disabled, window buttons hidden, title bar hidden
[2020.02.25-05.33.18:861][  0]LogSlate: Updating window title bar state: overlay mode, drag disabled, window buttons hidden, title bar hidden
[2020.02.25-05.33.18:893][  0]LogCollectionManager: Loaded 0 collections in 0.000791 seconds
[2020.02.25-05.33.18:921][  0]LogFileCache: Scanning file cache for directory 'C:/Users/ericf/Desktop/repos/Marine-Squad/Marine_Squad/Saved/Collections/' took 0.01s
[2020.02.25-05.33.18:921][  0]LogFileCache: Scanning file cache for directory 'C:/Users/ericf/Desktop/repos/Marine-Squad/Marine_Squad/Content/Developers/ericf/Collections/' took 0.00s
[2020.02.25-05.33.18:921][  0]LogFileCache: Scanning file cache for directory 'C:/Users/ericf/Desktop/repos/Marine-Squad/Marine_Squad/Content/Collections/' took 0.01s
[2020.02.25-05.33.18:921][  0]LogCollectionManager: Rebuilt the GUID cache for 0 collections in 0.000000 seconds
[2020.02.25-05.33.18:929][  0]LogContentBrowser: Native class hierarchy populated in 0.0084 seconds. Added 2751 classes and 666 folders.
[2020.02.25-05.33.18:935][  0]LogContentBrowser: Native class hierarchy updated for 'WidgetCarousel' in 0.0004 seconds. Added 0 classes and 0 folders.
[2020.02.25-05.33.18:943][  0]LogPakFile: Registered encryption key '00000000000000000000000000000000': 0 pak files mounted, 0 remain pending
[2020.02.25-05.33.18:951][  0]LogPakFile: Registered encryption key '00000000000000000000000000000000': 0 pak files mounted, 0 remain pending
[2020.02.25-05.33.18:968][  0]LogPakFile: Registered encryption key '00000000000000000000000000000000': 0 pak files mounted, 0 remain pending
[2020.02.25-05.33.18:975][  0]LogPakFile: Registered encryption key '00000000000000000000000000000000': 0 pak files mounted, 0 remain pending
[2020.02.25-05.33.18:983][  0]LogPakFile: Registered encryption key '00000000000000000000000000000000': 0 pak files mounted, 0 remain pending
[2020.02.25-05.33.18:989][  0]LogPakFile: Registered encryption key '00000000000000000000000000000000': 0 pak files mounted, 0 remain pending
[2020.02.25-05.33.18:996][  0]LogPakFile: Registered encryption key '00000000000000000000000000000000': 0 pak files mounted, 0 remain pending
[2020.02.25-05.33.19:003][  0]LogPakFile: Registered encryption key '00000000000000000000000000000000': 0 pak files mounted, 0 remain pending
[2020.02.25-05.33.19:010][  0]LogPakFile: Registered encryption key '00000000000000000000000000000000': 0 pak files mounted, 0 remain pending
[2020.02.25-05.33.19:019][  0]LogPakFile: Registered encryption key '00000000000000000000000000000000': 0 pak files mounted, 0 remain pending
[2020.02.25-05.33.19:026][  0]LogPakFile: Registered encryption key '00000000000000000000000000000000': 0 pak files mounted, 0 remain pending
[2020.02.25-05.33.19:032][  0]LogPakFile: Registered encryption key '00000000000000000000000000000000': 0 pak files mounted, 0 remain pending
[2020.02.25-05.33.19:039][  0]LogPakFile: Registered encryption key '00000000000000000000000000000000': 0 pak files mounted, 0 remain pending
[2020.02.25-05.33.19:046][  0]LogPakFile: Registered encryption key '00000000000000000000000000000000': 0 pak files mounted, 0 remain pending
[2020.02.25-05.33.19:053][  0]LogPakFile: Registered encryption key '00000000000000000000000000000000': 0 pak files mounted, 0 remain pending
[2020.02.25-05.33.19:059][  0]LogPakFile: Registered encryption key '00000000000000000000000000000000': 0 pak files mounted, 0 remain pending
[2020.02.25-05.33.19:091][  0]LogPakFile: Registered encryption key '00000000000000000000000000000000': 0 pak files mounted, 0 remain pending
[2020.02.25-05.33.19:099][  0]LogPakFile: Registered encryption key '00000000000000000000000000000000': 0 pak files mounted, 0 remain pending
[2020.02.25-05.33.19:106][  0]LogPakFile: Registered encryption key '00000000000000000000000000000000': 0 pak files mounted, 0 remain pending
[2020.02.25-05.33.19:112][  0]LogPakFile: Registered encryption key '00000000000000000000000000000000': 0 pak files mounted, 0 remain pending
[2020.02.25-05.33.19:120][  0]LogPakFile: Registered encryption key '00000000000000000000000000000000': 0 pak files mounted, 0 remain pending
[2020.02.25-05.33.19:126][  0]LogPakFile: Registered encryption key '00000000000000000000000000000000': 0 pak files mounted, 0 remain pending
[2020.02.25-05.33.19:132][  0]LogPakFile: Registered encryption key '00000000000000000000000000000000': 0 pak files mounted, 0 remain pending
[2020.02.25-05.33.19:140][  0]LogPakFile: Registered encryption key '00000000000000000000000000000000': 0 pak files mounted, 0 remain pending
[2020.02.25-05.33.19:147][  0]LogPakFile: Registered encryption key '00000000000000000000000000000000': 0 pak files mounted, 0 remain pending
[2020.02.25-05.33.19:154][  0]LogPakFile: Registered encryption key '00000000000000000000000000000000': 0 pak files mounted, 0 remain pending
[2020.02.25-05.33.19:319][  0]LogContentBrowser: Native class hierarchy updated for 'AddContentDialog' in 0.0004 seconds. Added 0 classes and 0 folders.
[2020.02.25-05.33.19:396][  0]LogSlate: Took 0.006600 seconds to synchronously load lazily loaded font '../../../Engine/Content/Slate/Fonts/Roboto-Regular.ttf' (155K)
[2020.02.25-05.33.19:405][  0]LogSlate: Took 0.006279 seconds to synchronously load lazily loaded font '../../../Engine/Content/Slate/Fonts/Roboto-Bold.ttf' (160K)
[2020.02.25-05.33.19:414][  0]LogSlate: Took 0.006711 seconds to synchronously load lazily loaded font '../../../Engine/Content/Editor/Slate/Fonts/FontAwesome.ttf' (139K)
[2020.02.25-05.33.19:530][  0]LogRenderer: Reallocating scene render targets to support 1964x916 Format 10 NumSamples 1 (Frame:1).
[2020.02.25-05.33.19:703][  0]LogContentBrowser: Native class hierarchy updated for 'HierarchicalLODOutliner' in 0.0005 seconds. Added 0 classes and 0 folders.
[2020.02.25-05.33.19:703][  0]LogLoad: (Engine Initialization) Total time: 22.64 seconds
[2020.02.25-05.33.19:703][  0]LogLoad: (Engine Initialization) Total Blueprint compile time: 0.00 seconds
[2020.02.25-05.33.19:713][  0]LoadErrors: Warning: CreateExport: Failed to load Outer for resource 'Arrow': BaseEnemyUnit_C /Game/StarterContent/Maps/Minimal_Default.Minimal_Default:PersistentLevel.BaseEnemyUnit_2
[2020.02.25-05.33.19:713][  0]LoadErrors: Warning: CreateExport: Failed to load Outer for resource 'CollisionCylinder': BaseEnemyUnit_C /Game/StarterContent/Maps/Minimal_Default.Minimal_Default:PersistentLevel.BaseEnemyUnit_2
[2020.02.25-05.33.19:713][  0]LoadErrors: Warning: CreateExport: Failed to load Outer for resource 'CharMoveComp': BaseEnemyUnit_C /Game/StarterContent/Maps/Minimal_Default.Minimal_Default:PersistentLevel.BaseEnemyUnit_2
[2020.02.25-05.33.19:713][  0]LoadErrors: Warning: CreateExport: Failed to load Outer for resource 'CharacterMesh0': BaseEnemyUnit_C /Game/StarterContent/Maps/Minimal_Default.Minimal_Default:PersistentLevel.BaseEnemyUnit_2
[2020.02.25-05.33.19:744][  0]LogAssetRegistry: Asset discovery search completed in 9.5440 seconds
[2020.02.25-05.33.19:746][  0]LogCollectionManager: Rebuilt the object cache for 0 collections in 0.000000 seconds (found 0 objects)
[2020.02.25-05.33.19:746][  0]LogCollectionManager: Fixed up redirectors for 0 collections in 0.000070 seconds (updated 0 objects)
[2020.02.25-05.33.19:747][  0]LogContentStreaming: Texture pool size now 1000 MB
[2020.02.25-05.33.22:289][295]Cmd: POLY SELECT MEMORY INTERSECTION
[2020.02.25-05.41.13:454][845]LogSlate: FSceneViewport::OnFocusLost() reason 0
[2020.02.25-05.41.18:763][432]LogSlate: Took 0.007159 seconds to synchronously load lazily loaded font '../../../Engine/Content/Slate/Fonts/Roboto-Light.ttf' (167K)
[2020.02.25-05.41.18:773][432]LogAssetEditorManager: Opening Asset editor for Class /Script/Marine_Squad.MoveIndicator
[2020.02.25-05.41.22:691][499]LogAssetEditorManager: Opening Asset editor for Class /Script/Marine_Squad.PlayerController_MarineSquad
[2020.02.25-05.43.53:442][984]Candidate modules for hot reload:
[2020.02.25-05.43.53:442][984]  Marine_Squad
[2020.02.25-05.43.53:443][984]Launching UnrealBuildTool... [Q:/UE_4.22/Engine/Binaries/DotNET/UnrealBuildTool.exe  -ModuleWithSuffix=Marine_Squad,3627 Win64 Development -TargetType=Editor -Project="C:/Users/ericf/Desktop/repos/Marine-Squad/Marine_Squad/Marine_Squad.uproject" "C:/Users/ericf/Desktop/repos/Marine-Squad/Marine_Squad/Marine_Squad.uproject"  -IgnoreJunk]
[2020.02.25-05.43.53:609][984]Warning: Starting HotReload took  0.2s.
[2020.02.25-05.44.18:910][688]LogAIModule: Creating AISystem for world Town
[2020.02.25-05.44.18:912][688]LogVaFog: [FVaFogOfWarModule::StartupModule::<lambda_976865d7f760a47e2a086b15bf7dcbd9>::operator ()(41)] Fog Controller is created for: Town
[2020.02.25-05.44.18:968][688]LogAssetEditorManager: Opening Asset editor for World /Game/Maps/Town.Town
[2020.02.25-05.44.19:020][688]LogUObjectHash: Compacting FUObjectHashTables data took   1.94ms
[2020.02.25-05.44.19:023][688]Cmd: MAP LOAD FILE="C:/Users/ericf/Desktop/repos/Marine-Squad/Marine_Squad/Content/Maps/Town.umap" TEMPLATE=0 SHOWPROGRESS=1 FEATURELEVEL=3
[2020.02.25-05.44.19:024][688]LightingResults: New page: Lighting Build
[2020.02.25-05.44.19:025][688]LoadErrors: New page: Loading map: Town.umap
[2020.02.25-05.44.19:036][688]LogVaFog: [FVaFogOfWarModule::StartupModule::<lambda_144d8ffb0c7ca55232a4412d9c0c3636>::operator ()(31)] Fog Controller is removed for: Minimal_Default
[2020.02.25-05.44.19:036][688]MapCheck: New page: Map Check
[2020.02.25-05.44.19:036][688]LightingResults: New page: Lighting Build
[2020.02.25-05.44.19:102][688]LogUObjectHash: Compacting FUObjectHashTables data took   2.19ms
[2020.02.25-05.44.21:190][688]LogEditorServer: Finished looking for orphan Actors (0.001 secs)
[2020.02.25-05.44.21:278][688]LogUObjectHash: Compacting FUObjectHashTables data took   2.06ms
[2020.02.25-05.44.21:351][688]Cmd: MAP CHECKDEP NOCLEARLOG
[2020.02.25-05.44.21:352][688]MapCheck: Map check complete: 0 Error(s), 0 Warning(s), took 0.373ms to complete.
[2020.02.25-05.44.21:352][688]LogFileHelpers: Loading map 'Town' took 2.332
[2020.02.25-05.44.31:584][702]CompilerResultsLog: New page: Compilation - Feb 24, 2020, 5:44:31 PM
[2020.02.25-05.44.31:584][702]CompilerResultsLog: Using 'git status' to determine working set for adaptive non-unity build (C:\Users\ericf\Desktop\repos\Marine-Squad).
[2020.02.25-05.44.31:584][702]CompilerResultsLog: Creating makefile for Marine_SquadEditor (ini files are newer than makefile)
[2020.02.25-05.44.31:584][702]CompilerResultsLog: Parsing headers for Marine_SquadEditor
[2020.02.25-05.44.31:584][702]CompilerResultsLog:   Running UnrealHeaderTool "C:\Users\ericf\Desktop\repos\Marine-Squad\Marine_Squad\Marine_Squad.uproject" "C:\Users\ericf\Desktop\repos\Marine-Squad\Marine_Squad\Intermediate\Build\Win64\Marine_SquadEditor\Development\Marine_SquadEditor.uhtmanifest" -LogCmds="loginit warning, logexit warning, logdatabase error" -Unattended -WarningsAsErrors -installed
[2020.02.25-05.44.31:592][702]CompilerResultsLog: Error: C:/Users/ericf/Desktop/repos/Marine-Squad/Marine_Squad/Source/Marine_Squad/PlayerController_MarineSquad.h(42)  : Error: Class 'ParentUnit' is missing a prefix, expecting 'AParentUnit'
[2020.02.25-05.44.31:593][702]LogMainFrame: MainFrame: Module compiling took 38.161 seconds
[2020.02.25-05.44.31:594][702]Warning: HotReload failed, recompile failed
[2020.02.25-05.45.02:622][618]Candidate modules for hot reload:
[2020.02.25-05.45.02:622][618]  Marine_Squad
[2020.02.25-05.45.02:622][618]Launching UnrealBuildTool... [Q:/UE_4.22/Engine/Binaries/DotNET/UnrealBuildTool.exe  -ModuleWithSuffix=Marine_Squad,3846 Win64 Development -TargetType=Editor -Project="C:/Users/ericf/Desktop/repos/Marine-Squad/Marine_Squad/Marine_Squad.uproject" "C:/Users/ericf/Desktop/repos/Marine-Squad/Marine_Squad/Marine_Squad.uproject"  -IgnoreJunk]
[2020.02.25-05.45.02:624][618]Warning: Starting HotReload took  0.0s.
[2020.02.25-05.46.18:027][ 61]LogEditorViewport: Clicking on Actor (LMB): Landscape (Landscape1)
[2020.02.25-05.47.05:537][226]CompilerResultsLog: New page: Compilation - Feb 24, 2020, 5:47:05 PM
[2020.02.25-05.47.05:538][226]CompilerResultsLog: Using 'git status' to determine working set for adaptive non-unity build (C:\Users\ericf\Desktop\repos\Marine-Squad).
[2020.02.25-05.47.05:538][226]CompilerResultsLog: Creating makefile for Marine_SquadEditor (ini files are newer than makefile)
[2020.02.25-05.47.05:538][226]CompilerResultsLog: Parsing headers for Marine_SquadEditor
[2020.02.25-05.47.05:538][226]CompilerResultsLog:   Running UnrealHeaderTool "C:\Users\ericf\Desktop\repos\Marine-Squad\Marine_Squad\Marine_Squad.uproject" "C:\Users\ericf\Desktop\repos\Marine-Squad\Marine_Squad\Intermediate\Build\Win64\Marine_SquadEditor\Development\Marine_SquadEditor.uhtmanifest" -LogCmds="loginit warning, logexit warning, logdatabase error" -Unattended -WarningsAsErrors -installed
[2020.02.25-05.47.05:538][226]CompilerResultsLog: Reflection code generated for Marine_SquadEditor in 6.2735649 seconds
[2020.02.25-05.47.05:538][226]CompilerResultsLog: Using Visual Studio 2019 14.21.27702 toolchain (C:\Program Files (x86)\Microsoft Visual Studio\2019\BuildTools\VC\Tools\MSVC\14.21.27702) and Windows 10.0.17763.0 SDK (C:\Program Files (x86)\Windows Kits\10).
[2020.02.25-05.47.05:538][226]CompilerResultsLog: Building 6 actions with 4 processes...
[2020.02.25-05.47.05:538][226]CompilerResultsLog:   [1/6] Marine_Squad.init.gen.cpp
[2020.02.25-05.47.05:538][226]CompilerResultsLog:   [2/6] PlayerController_MarineSquad.gen.cpp
[2020.02.25-05.47.05:538][226]CompilerResultsLog:   C:\Users\ericf\Desktop\repos\Marine-Squad\Marine_Squad\Source\Marine_Squad\ParentUnit.h(45): warning C4263: 'void AParentUnit::TakeDamage(float)': member function does not override any base class virtual member function
[2020.02.25-05.47.05:538][226]CompilerResultsLog:   C:\Users\ericf\Desktop\repos\Marine-Squad\Marine_Squad\Source\Marine_Squad\ParentUnit.h(106): warning C4264: 'float APawn::TakeDamage(float,const FDamageEvent &,AController *,AActor *)': no override available for virtual member function from base 'APawn'; function is hidden
[2020.02.25-05.47.05:538][226]CompilerResultsLog:   Q:\UE_4.22\Engine\Source\Runtime\Engine\Classes\GameFramework/Pawn.h(242): note: see declaration of 'APawn::TakeDamage'
[2020.02.25-05.47.05:538][226]CompilerResultsLog:   Q:\UE_4.22\Engine\Intermediate\Build\Win64\UE4Editor\Inc\UMG\UserWidget.generated.h(18): note: see declaration of 'APawn'
[2020.02.25-05.47.05:538][226]CompilerResultsLog:   [3/6] PlayerController_MarineSquad.cpp
[2020.02.25-05.47.05:538][226]CompilerResultsLog:   C:\Users\ericf\Desktop\repos\Marine-Squad\Marine_Squad\Source\Marine_Squad\ParentUnit.h(45): warning C4263: 'void AParentUnit::TakeDamage(float)': member function does not override any base class virtual member function
[2020.02.25-05.47.05:538][226]CompilerResultsLog:   C:\Users\ericf\Desktop\repos\Marine-Squad\Marine_Squad\Source\Marine_Squad\ParentUnit.h(106): warning C4264: 'float APawn::TakeDamage(float,const FDamageEvent &,AController *,AActor *)': no override available for virtual member function from base 'APawn'; function is hidden
[2020.02.25-05.47.05:538][226]CompilerResultsLog:   Q:\UE_4.22\Engine\Source\Runtime\Engine\Classes\GameFramework/Pawn.h(242): note: see declaration of 'APawn::TakeDamage'
[2020.02.25-05.47.05:538][226]CompilerResultsLog:   Q:\UE_4.22\Engine\Intermediate\Build\Win64\UE4Editor\Inc\UMG\UserWidget.generated.h(18): note: see declaration of 'APawn'
[2020.02.25-05.47.05:538][226]CompilerResultsLog:   [4/6] UE4Editor-Marine_Squad-3846.lib
[2020.02.25-05.47.05:538][226]CompilerResultsLog:      Creating library C:\Users\ericf\Desktop\repos\Marine-Squad\Marine_Squad\Intermediate\Build\Win64\UE4Editor\Development\Marine_Squad\UE4Editor-Marine_Squad-3846.lib and object C:\Users\ericf\Desktop\repos\Marine-Squad\Marine_Squad\Intermediate\Build\Win64\UE4Editor\Development\Marine_Squad\UE4Editor-Marine_Squad-3846.exp
[2020.02.25-05.47.05:538][226]CompilerResultsLog:   [5/6] UE4Editor-Marine_Squad-3846.dll
[2020.02.25-05.47.05:538][226]CompilerResultsLog:      Creating library C:\Users\ericf\Desktop\repos\Marine-Squad\Marine_Squad\Intermediate\Build\Win64\UE4Editor\Development\Marine_Squad\UE4Editor-Marine_Squad-3846.suppressed.lib and object C:\Users\ericf\Desktop\repos\Marine-Squad\Marine_Squad\Intermediate\Build\Win64\UE4Editor\Development\Marine_Squad\UE4Editor-Marine_Squad-3846.suppressed.exp
[2020.02.25-05.47.05:538][226]CompilerResultsLog:   [6/6] Marine_SquadEditor.target
[2020.02.25-05.47.05:538][226]CompilerResultsLog: Total time in Parallel executor: 109.84 seconds
[2020.02.25-05.47.05:538][226]CompilerResultsLog: Total execution time: 122.47 seconds
[2020.02.25-05.47.05:538][226]LogMainFrame: MainFrame: Module compiling took 122.919 seconds
[2020.02.25-05.47.05:567][226]LogUObjectHash: Compacting FUObjectHashTables data took   0.81ms
[2020.02.25-05.47.05:718][226]LogClass: Could not find existing class PlayerController_MarineSquad in package /Script/Marine_Squad for HotReload, assuming new class
[2020.02.25-05.47.05:719][226]LogClass: ECommandsEnum HotReload.
[2020.02.25-05.47.05:730][226]LogHotReload: Re-instancing PlayerController_MarineSquad after hot-reload.
[2020.02.25-05.47.05:901][226]LogContentBrowser: Native class hierarchy updated for 'Marine_Squad' in 0.0005 seconds. Added 10 classes and 2 folders.
[2020.02.25-05.47.05:905][226]Display: HotReload successful (10 functions remapped  0 scriptstructs remapped)
[2020.02.25-05.47.06:017][226]LogUObjectHash: Compacting FUObjectHashTables data took   1.78ms
[2020.02.25-05.47.06:041][226]LogContentBrowser: Native class hierarchy populated in 0.0093 seconds. Added 2751 classes and 666 folders.
[2020.02.25-05.47.06:042][226]Display: HotReload took 123.4s.
[2020.02.25-05.50.19:395][801]LogSlate: FSceneViewport::OnFocusLost() reason 0
[2020.02.25-05.50.19:556][801]Candidate modules for hot reload:
[2020.02.25-05.50.19:556][801]  Marine_Squad
[2020.02.25-05.50.19:556][801]Launching UnrealBuildTool... [Q:/UE_4.22/Engine/Binaries/DotNET/UnrealBuildTool.exe  -ModuleWithSuffix=Marine_Squad,7631 Win64 Development -TargetType=Editor -Project="C:/Users/ericf/Desktop/repos/Marine-Squad/Marine_Squad/Marine_Squad.uproject" "C:/Users/ericf/Desktop/repos/Marine-Squad/Marine_Squad/Marine_Squad.uproject"  -IgnoreJunk]
[2020.02.25-05.50.19:559][801]Warning: Starting HotReload took  0.0s.
[2020.02.25-05.52.41:895][313]CompilerResultsLog: New page: Compilation - Feb 24, 2020, 5:52:41 PM
[2020.02.25-05.52.41:895][313]CompilerResultsLog: Using 'git status' to determine working set for adaptive non-unity build (C:\Users\ericf\Desktop\repos\Marine-Squad).
[2020.02.25-05.52.41:895][313]CompilerResultsLog: Parsing headers for Marine_SquadEditor
[2020.02.25-05.52.41:895][313]CompilerResultsLog:   Running UnrealHeaderTool "C:\Users\ericf\Desktop\repos\Marine-Squad\Marine_Squad\Marine_Squad.uproject" "C:\Users\ericf\Desktop\repos\Marine-Squad\Marine_Squad\Intermediate\Build\Win64\Marine_SquadEditor\Development\Marine_SquadEditor.uhtmanifest" -LogCmds="loginit warning, logexit warning, logdatabase error" -Unattended -WarningsAsErrors -installed
[2020.02.25-05.52.41:896][313]CompilerResultsLog: Reflection code generated for Marine_SquadEditor in 23.6311973 seconds
[2020.02.25-05.52.41:896][313]CompilerResultsLog: Using Visual Studio 2019 14.21.27702 toolchain (C:\Program Files (x86)\Microsoft Visual Studio\2019\BuildTools\VC\Tools\MSVC\14.21.27702) and Windows 10.0.17763.0 SDK (C:\Program Files (x86)\Windows Kits\10).
[2020.02.25-05.52.41:897][313]CompilerResultsLog: Building 5 actions with 4 processes...
[2020.02.25-05.52.41:897][313]CompilerResultsLog:   [1/5] PlayerController_MarineSquad.gen.cpp
[2020.02.25-05.52.41:897][313]CompilerResultsLog:   C:\Users\ericf\Desktop\repos\Marine-Squad\Marine_Squad\Source\Marine_Squad\ParentUnit.h(45): warning C4263: 'void AParentUnit::TakeDamage(float)': member function does not override any base class virtual member function
[2020.02.25-05.52.41:897][313]CompilerResultsLog:   C:\Users\ericf\Desktop\repos\Marine-Squad\Marine_Squad\Source\Marine_Squad\ParentUnit.h(106): warning C4264: 'float APawn::TakeDamage(float,const FDamageEvent &,AController *,AActor *)': no override available for virtual member function from base 'APawn'; function is hidden
[2020.02.25-05.52.41:897][313]CompilerResultsLog:   Q:\UE_4.22\Engine\Source\Runtime\Engine\Classes\GameFramework/Pawn.h(242): note: see declaration of 'APawn::TakeDamage'
[2020.02.25-05.52.41:897][313]CompilerResultsLog:   Q:\UE_4.22\Engine\Intermediate\Build\Win64\UE4Editor\Inc\UMG\UserWidget.generated.h(18): note: see declaration of 'APawn'
[2020.02.25-05.52.41:897][313]CompilerResultsLog:   [2/5] PlayerController_MarineSquad.cpp
[2020.02.25-05.52.41:897][313]CompilerResultsLog:   C:\Users\ericf\Desktop\repos\Marine-Squad\Marine_Squad\Source\Marine_Squad\ParentUnit.h(45): warning C4263: 'void AParentUnit::TakeDamage(float)': member function does not override any base class virtual member function
[2020.02.25-05.52.41:897][313]CompilerResultsLog:   C:\Users\ericf\Desktop\repos\Marine-Squad\Marine_Squad\Source\Marine_Squad\ParentUnit.h(106): warning C4264: 'float APawn::TakeDamage(float,const FDamageEvent &,AController *,AActor *)': no override available for virtual member function from base 'APawn'; function is hidden
[2020.02.25-05.52.41:897][313]CompilerResultsLog:   Q:\UE_4.22\Engine\Source\Runtime\Engine\Classes\GameFramework/Pawn.h(242): note: see declaration of 'APawn::TakeDamage'
[2020.02.25-05.52.41:897][313]CompilerResultsLog:   Q:\UE_4.22\Engine\Intermediate\Build\Win64\UE4Editor\Inc\UMG\UserWidget.generated.h(18): note: see declaration of 'APawn'
[2020.02.25-05.52.41:897][313]CompilerResultsLog:   [3/5] UE4Editor-Marine_Squad-7631.lib
[2020.02.25-05.52.41:897][313]CompilerResultsLog:      Creating library C:\Users\ericf\Desktop\repos\Marine-Squad\Marine_Squad\Intermediate\Build\Win64\UE4Editor\Development\Marine_Squad\UE4Editor-Marine_Squad-7631.lib and object C:\Users\ericf\Desktop\repos\Marine-Squad\Marine_Squad\Intermediate\Build\Win64\UE4Editor\Development\Marine_Squad\UE4Editor-Marine_Squad-7631.exp
[2020.02.25-05.52.41:897][313]CompilerResultsLog:   [4/5] UE4Editor-Marine_Squad-7631.dll
[2020.02.25-05.52.41:897][313]CompilerResultsLog:      Creating library C:\Users\ericf\Desktop\repos\Marine-Squad\Marine_Squad\Intermediate\Build\Win64\UE4Editor\Development\Marine_Squad\UE4Editor-Marine_Squad-7631.suppressed.lib and object C:\Users\ericf\Desktop\repos\Marine-Squad\Marine_Squad\Intermediate\Build\Win64\UE4Editor\Development\Marine_Squad\UE4Editor-Marine_Squad-7631.suppressed.exp
[2020.02.25-05.52.41:897][313]CompilerResultsLog:   [5/5] Marine_SquadEditor.target
[2020.02.25-05.52.41:897][313]CompilerResultsLog: Total time in Parallel executor: 111.95 seconds
[2020.02.25-05.52.41:897][313]CompilerResultsLog: Total execution time: 142.05 seconds
[2020.02.25-05.52.41:897][313]LogMainFrame: MainFrame: Module compiling took 142.346 seconds
[2020.02.25-05.52.41:932][313]LogUObjectHash: Compacting FUObjectHashTables data took   1.21ms
[2020.02.25-05.52.42:152][313]LogClass: Could not find existing class PlayerController_MarineSquad in package /Script/Marine_Squad for HotReload, assuming new class
[2020.02.25-05.52.42:157][313]LogClass: ECommandsEnum HotReload.
[2020.02.25-05.52.42:166][313]LogHotReload: Re-instancing PlayerController_MarineSquad after hot-reload.
[2020.02.25-05.52.42:318][313]LogContentBrowser: Native class hierarchy updated for 'Marine_Squad' in 0.0006 seconds. Added 10 classes and 2 folders.
[2020.02.25-05.52.42:326][313]Display: HotReload successful (10 functions remapped  0 scriptstructs remapped)
[2020.02.25-05.52.42:406][313]LogUObjectHash: Compacting FUObjectHashTables data took   4.00ms
[2020.02.25-05.52.42:430][313]LogContentBrowser: Native class hierarchy populated in 0.0194 seconds. Added 2751 classes and 666 folders.
[2020.02.25-05.52.42:431][313]Display: HotReload took 142.9s.
[2020.02.25-05.54.06:650][562]Candidate modules for hot reload:
[2020.02.25-05.54.06:650][562]  Marine_Squad
[2020.02.25-05.54.06:651][562]Launching UnrealBuildTool... [Q:/UE_4.22/Engine/Binaries/DotNET/UnrealBuildTool.exe  -ModuleWithSuffix=Marine_Squad,6403 Win64 Development -TargetType=Editor -Project="C:/Users/ericf/Desktop/repos/Marine-Squad/Marine_Squad/Marine_Squad.uproject" "C:/Users/ericf/Desktop/repos/Marine-Squad/Marine_Squad/Marine_Squad.uproject"  -IgnoreJunk]
[2020.02.25-05.54.06:653][562]Warning: Starting HotReload took  0.0s.
[2020.02.25-05.56.05:865][103]CompilerResultsLog: New page: Compilation - Feb 24, 2020, 5:56:05 PM
[2020.02.25-05.56.05:876][103]CompilerResultsLog: Using 'git status' to determine working set for adaptive non-unity build (C:\Users\ericf\Desktop\repos\Marine-Squad).
[2020.02.25-05.56.05:876][103]CompilerResultsLog: Parsing headers for Marine_SquadEditor
[2020.02.25-05.56.05:877][103]CompilerResultsLog:   Running UnrealHeaderTool "C:\Users\ericf\Desktop\repos\Marine-Squad\Marine_Squad\Marine_Squad.uproject" "C:\Users\ericf\Desktop\repos\Marine-Squad\Marine_Squad\Intermediate\Build\Win64\Marine_SquadEditor\Development\Marine_SquadEditor.uhtmanifest" -LogCmds="loginit warning, logexit warning, logdatabase error" -Unattended -WarningsAsErrors -installed
[2020.02.25-05.56.05:877][103]CompilerResultsLog: Reflection code generated for Marine_SquadEditor in 29.9507968 seconds
[2020.02.25-05.56.05:877][103]CompilerResultsLog: Using Visual Studio 2019 14.21.27702 toolchain (C:\Program Files (x86)\Microsoft Visual Studio\2019\BuildTools\VC\Tools\MSVC\14.21.27702) and Windows 10.0.17763.0 SDK (C:\Program Files (x86)\Windows Kits\10).
[2020.02.25-05.56.05:877][103]CompilerResultsLog: Building 4 actions with 4 processes...
[2020.02.25-05.56.05:877][103]CompilerResultsLog:   [1/4] PlayerController_MarineSquad.cpp
[2020.02.25-05.56.05:877][103]CompilerResultsLog:   C:\Users\ericf\Desktop\repos\Marine-Squad\Marine_Squad\Source\Marine_Squad\ParentUnit.h(45): warning C4263: 'void AParentUnit::TakeDamage(float)': member function does not override any base class virtual member function
[2020.02.25-05.56.05:878][103]CompilerResultsLog:   C:\Users\ericf\Desktop\repos\Marine-Squad\Marine_Squad\Source\Marine_Squad\ParentUnit.h(106): warning C4264: 'float APawn::TakeDamage(float,const FDamageEvent &,AController *,AActor *)': no override available for virtual member function from base 'APawn'; function is hidden
[2020.02.25-05.56.05:878][103]CompilerResultsLog:   Q:\UE_4.22\Engine\Source\Runtime\Engine\Classes\GameFramework/Pawn.h(242): note: see declaration of 'APawn::TakeDamage'
[2020.02.25-05.56.05:878][103]CompilerResultsLog:   Q:\UE_4.22\Engine\Intermediate\Build\Win64\UE4Editor\Inc\UMG\UserWidget.generated.h(18): note: see declaration of 'APawn'
[2020.02.25-05.56.05:878][103]CompilerResultsLog:   [2/4] UE4Editor-Marine_Squad-6403.lib
[2020.02.25-05.56.05:878][103]CompilerResultsLog:      Creating library C:\Users\ericf\Desktop\repos\Marine-Squad\Marine_Squad\Intermediate\Build\Win64\UE4Editor\Development\Marine_Squad\UE4Editor-Marine_Squad-6403.lib and object C:\Users\ericf\Desktop\repos\Marine-Squad\Marine_Squad\Intermediate\Build\Win64\UE4Editor\Development\Marine_Squad\UE4Editor-Marine_Squad-6403.exp
[2020.02.25-05.56.05:878][103]CompilerResultsLog:   [3/4] UE4Editor-Marine_Squad-6403.dll
[2020.02.25-05.56.05:878][103]CompilerResultsLog:      Creating library C:\Users\ericf\Desktop\repos\Marine-Squad\Marine_Squad\Intermediate\Build\Win64\UE4Editor\Development\Marine_Squad\UE4Editor-Marine_Squad-6403.suppressed.lib and object C:\Users\ericf\Desktop\repos\Marine-Squad\Marine_Squad\Intermediate\Build\Win64\UE4Editor\Development\Marine_Squad\UE4Editor-Marine_Squad-6403.suppressed.exp
[2020.02.25-05.56.05:878][103]CompilerResultsLog:   [4/4] Marine_SquadEditor.target
[2020.02.25-05.56.05:878][103]CompilerResultsLog: Total time in Parallel executor: 83.84 seconds
[2020.02.25-05.56.05:878][103]CompilerResultsLog: Total execution time: 118.84 seconds
[2020.02.25-05.56.05:878][103]LogMainFrame: MainFrame: Module compiling took 119.230 seconds
[2020.02.25-05.56.05:932][103]LogUObjectHash: Compacting FUObjectHashTables data took   0.91ms
[2020.02.25-05.56.05:980][103]LogClass: ECommandsEnum HotReload.
[2020.02.25-05.56.05:987][103]LogContentBrowser: Native class hierarchy updated for 'Marine_Squad' in 0.0006 seconds. Added 10 classes and 2 folders.
[2020.02.25-05.56.05:997][103]Display: HotReload successful (10 functions remapped  0 scriptstructs remapped)
[2020.02.25-05.56.06:096][103]LogUObjectHash: Compacting FUObjectHashTables data took   1.54ms
[2020.02.25-05.56.06:129][103]LogContentBrowser: Native class hierarchy populated in 0.0265 seconds. Added 2751 classes and 666 folders.
[2020.02.25-05.56.06:130][103]Display: HotReload took 119.5s.
[2020.02.25-05.56.08:854][111]LogTemp: Repeating last play command: New Editor Window (PIE)
[2020.02.25-05.56.08:890][111]LogBlueprintUserMessages: Early PlayInEditor Detection: Level '/Game/Maps/Town.Town:PersistentLevel' has LevelScriptBlueprint '/Game/Maps/Town.Town:PersistentLevel.Town' with GeneratedClass '/Game/Maps/Town.Town_C' with ClassGeneratedBy '/Game/Maps/Town.Town:PersistentLevel.Town'
[2020.02.25-05.56.08:892][111]LogPlayLevel: PlayLevel: No blueprints needed recompiling
[2020.02.25-05.56.08:894][111]PIE: New page: PIE session: Town (Feb 24, 2020, 5:56:08 PM)
[2020.02.25-05.56.08:922][111]LogPlayLevel: Creating play world package: /Game/Maps/UEDPIE_0_Town
[2020.02.25-05.56.09:026][111]LogPlayLevel: PIE: StaticDuplicateObject took: (0.102705s)
[2020.02.25-05.56.09:027][111]LogAIModule: Creating AISystem for world Town
[2020.02.25-05.56.09:028][111]LogVaFog: [FVaFogOfWarModule::StartupModule::<lambda_976865d7f760a47e2a086b15bf7dcbd9>::operator ()(41)] Fog Controller is created for: Town
[2020.02.25-05.56.09:028][111]LogPlayLevel: PIE: World Init took: (0.002551s)
[2020.02.25-05.56.09:028][111]LogPlayLevel: PIE: Created PIE world by copying editor world from /Game/Maps/Town.Town to /Game/Maps/UEDPIE_0_Town.Town (0.105922s)
[2020.02.25-05.56.09:053][111]LogUObjectHash: Compacting FUObjectHashTables data took   1.21ms
[2020.02.25-05.56.09:109][111]LogInit: XAudio2 using 'HEAD SET (Corsair VOID PRO USB Gaming Headset )' : 2 channels at 48 kHz using 16 bits per sample (channel mask 0x3)
[2020.02.25-05.56.09:130][111]LogInit: FAudioDevice initialized.
[2020.02.25-05.56.09:146][111]LogSlate: Updating window title bar state: overlay mode, drag disabled, window buttons hidden, title bar hidden
[2020.02.25-05.56.09:200][111]LogLoad: Game class is 'MyGameModeBase_MarineSquad_BP_C'
[2020.02.25-05.56.09:220][111]LogWorld: Bringing World /Game/Maps/UEDPIE_0_Town.Town up for play (max tick rate 0) at 2020.02.24-23.56.09
[2020.02.25-05.56.09:237][111]LogWorld: Bringing up level for play took: 0.026176
[2020.02.25-05.56.09:299][111]LogContentBrowser: Native class hierarchy updated for 'MovieSceneCapture' in 0.0005 seconds. Added 20 classes and 0 folders.
[2020.02.25-05.56.09:337][111]PIE: Play in editor start time for /Game/Maps/UEDPIE_0_Town 0.058
[2020.02.25-05.56.09:337][111]LogBlueprintUserMessages: Late PlayInEditor Detection: Level '/Game/Maps/Town.Town:PersistentLevel' has LevelScriptBlueprint '/Game/Maps/Town.Town:PersistentLevel.Town' with GeneratedClass '/Game/Maps/Town.Town_C' with ClassGeneratedBy '/Game/Maps/Town.Town:PersistentLevel.Town'
[2020.02.25-05.56.10:592][217]LogTemp: Warning: Left Mouse Button Pressed
[2020.02.25-05.56.10:818][242]LogTemp: Warning: Left Mouse Button Released
[2020.02.25-05.56.11:181][282]LogTemp: Warning: Right Mouse Button Pressed
[2020.02.25-05.56.11:303][294]LogTemp: Warning: Right Mouse Button Released
[2020.02.25-05.56.12:340][407]LogBlueprintUserMessages: Early EndPlayMap Detection: Level '/Game/Maps/Town.Town:PersistentLevel' has LevelScriptBlueprint '/Game/Maps/Town.Town:PersistentLevel.Town' with GeneratedClass '/Game/Maps/Town.Town_C' with ClassGeneratedBy '/Game/Maps/Town.Town:PersistentLevel.Town'
[2020.02.25-05.56.12:344][407]LogSlate: Updating window title bar state: overlay mode, drag disabled, window buttons hidden, title bar hidden
[2020.02.25-05.56.12:366][407]LogSlate: Window 'Marine_Squad Game Preview Standalone (64-bit/PCD3D_SM5)' being destroyed
[2020.02.25-05.56.12:414][407]LogVaFog: [FVaFogOfWarModule::StartupModule::<lambda_144d8ffb0c7ca55232a4412d9c0c3636>::operator ()(31)] Fog Controller is removed for: Town
[2020.02.25-05.56.12:441][407]LogPlayLevel: Display: Shutting down PIE online subsystems
[2020.02.25-05.56.12:441][407]LogBlueprintUserMessages: Late EndPlayMap Detection: Level '/Game/Maps/Town.Town:PersistentLevel' has LevelScriptBlueprint '/Game/Maps/Town.Town:PersistentLevel.Town' with GeneratedClass '/Game/Maps/Town.Town_C' with ClassGeneratedBy '/Game/Maps/Town.Town:PersistentLevel.Town'
[2020.02.25-05.56.12:487][407]LogUObjectHash: Compacting FUObjectHashTables data took   1.90ms
[2020.02.25-05.56.12:497][408]LogPlayLevel: Display: Destroying online subsystem :Context_1
[2020.02.25-05.56.37:152][820]LogEditorViewport: Clicking on Actor (LMB): Landscape (Landscape1)
[2020.02.25-05.56.48:071][857]LogSlate: FSceneViewport::OnFocusLost() reason 0
[2020.02.25-05.56.52:686][284]LogAssetEditorManager: Opening Asset editor for Blueprint /Game/BP/MyPlayerController_MarineSqu_BP.MyPlayerController_MarineSqu_BP
[2020.02.25-05.56.52:690][284]LogVaFog: [FVaFogOfWarModule::StartupModule::<lambda_976865d7f760a47e2a086b15bf7dcbd9>::operator ()(41)] Fog Controller is created for: World_0
[2020.02.25-05.56.53:254][284]LogContentBrowser: Native class hierarchy updated for 'BlueprintGraph' in 0.0008 seconds. Added 121 classes and 0 folders.
[2020.02.25-05.57.12:047][256]BlueprintLog: New page: Compile MyPlayerController_MarineSqu_BP
[2020.02.25-05.57.12:262][256]LogUObjectHash: Compacting FUObjectHashTables data took   3.94ms
[2020.02.25-05.57.12:993][308]Cmd: OBJ SAVEPACKAGE PACKAGE="/Game/BP/MyPlayerController_MarineSqu_BP" FILE="C:/Users/ericf/Desktop/repos/Marine-Squad/Marine_Squad/Content/BP/MyPlayerController_MarineSqu_BP.uasset" SILENT=true
[2020.02.25-05.57.13:117][308]LogSavePackage: Moving 'C:/Users/ericf/Desktop/repos/Marine-Squad/Marine_Squad/Saved/MyPlayerController_MarineSqu_BPA8A71C454B0E33CDE97D269A4C3C185D.tmp' to 'C:/Users/ericf/Desktop/repos/Marine-Squad/Marine_Squad/Content/BP/MyPlayerController_MarineSqu_BP.uasset'
[2020.02.25-05.57.14:179][380]LogTemp: Repeating last play command: New Editor Window (PIE)
[2020.02.25-05.57.14:206][380]LogBlueprintUserMessages: Early PlayInEditor Detection: Level '/Game/Maps/Town.Town:PersistentLevel' has LevelScriptBlueprint '/Game/Maps/Town.Town:PersistentLevel.Town' with GeneratedClass '/Game/Maps/Town.Town_C' with ClassGeneratedBy '/Game/Maps/Town.Town:PersistentLevel.Town'
[2020.02.25-05.57.14:206][380]LogPlayLevel: PlayLevel: No blueprints needed recompiling
[2020.02.25-05.57.14:206][380]PIE: New page: PIE session: Town (Feb 24, 2020, 5:57:14 PM)
[2020.02.25-05.57.14:206][380]LogPlayLevel: Creating play world package: /Game/Maps/UEDPIE_0_Town
[2020.02.25-05.57.14:255][380]LogPlayLevel: PIE: StaticDuplicateObject took: (0.049099s)
[2020.02.25-05.57.14:256][380]LogAIModule: Creating AISystem for world Town
[2020.02.25-05.57.14:256][380]LogVaFog: [FVaFogOfWarModule::StartupModule::<lambda_976865d7f760a47e2a086b15bf7dcbd9>::operator ()(41)] Fog Controller is created for: Town
[2020.02.25-05.57.14:256][380]LogPlayLevel: PIE: World Init took: (0.000669s)
[2020.02.25-05.57.14:256][380]LogPlayLevel: PIE: Created PIE world by copying editor world from /Game/Maps/Town.Town to /Game/Maps/UEDPIE_0_Town.Town (0.050060s)
[2020.02.25-05.57.14:291][380]LogUObjectHash: Compacting FUObjectHashTables data took   2.08ms
[2020.02.25-05.57.14:340][380]LogInit: XAudio2 using 'HEAD SET (Corsair VOID PRO USB Gaming Headset )' : 2 channels at 48 kHz using 16 bits per sample (channel mask 0x3)
[2020.02.25-05.57.14:354][380]LogInit: FAudioDevice initialized.
[2020.02.25-05.57.14:367][380]LogSlate: Updating window title bar state: overlay mode, drag disabled, window buttons hidden, title bar hidden
[2020.02.25-05.57.14:401][380]LogLoad: Game class is 'MyGameModeBase_MarineSquad_BP_C'
[2020.02.25-05.57.14:409][380]LogWorld: Bringing World /Game/Maps/UEDPIE_0_Town.Town up for play (max tick rate 0) at 2020.02.24-23.57.14
[2020.02.25-05.57.14:410][380]LogWorld: Bringing up level for play took: 0.008769
[2020.02.25-05.57.14:427][380]LogScript: Warning: Accessed None trying to read property CallFunc_GetBlackboard_ReturnValue
	BasicUnit_C /Game/Maps/UEDPIE_0_Town.Town:PersistentLevel.BasicUnit_C_0
	Function /Game/BP/Units_BP/BasicUnit.BasicUnit_C:ExecuteUbergraph_BasicUnit:070A
[2020.02.25-05.57.14:428][380]PIE: Error: Blueprint Runtime Error: "Accessed None trying to read property CallFunc_GetBlackboard_ReturnValue". Blueprint:  BasicUnit Function:  Execute Ubergraph Basic Unit Graph:  EventGraph Node:  Set Value as Bool
[2020.02.25-05.57.14:431][380]PIE: Play in editor start time for /Game/Maps/UEDPIE_0_Town 1.154
[2020.02.25-05.57.14:432][380]LogBlueprintUserMessages: Late PlayInEditor Detection: Level '/Game/Maps/Town.Town:PersistentLevel' has LevelScriptBlueprint '/Game/Maps/Town.Town:PersistentLevel.Town' with GeneratedClass '/Game/Maps/Town.Town_C' with ClassGeneratedBy '/Game/Maps/Town.Town:PersistentLevel.Town'
[2020.02.25-05.57.15:697][476]LogTemp: Warning: Left Mouse Button Pressed
[2020.02.25-05.57.15:894][492]LogTemp: Warning: Left Mouse Button Released
[2020.02.25-05.57.16:121][510]LogTemp: Warning: Right Mouse Button Pressed
[2020.02.25-05.57.16:228][520]LogTemp: Warning: Right Mouse Button Released
[2020.02.25-05.57.18:249][688]LogTemp: Warning: Left Mouse Button Pressed
[2020.02.25-05.57.18:488][707]LogTemp: Warning: Left Mouse Button Released
[2020.02.25-05.57.18:767][730]LogTemp: Warning: Right Mouse Button Pressed
[2020.02.25-05.57.18:890][741]LogTemp: Warning: Right Mouse Button Released
[2020.02.25-05.57.25:189][271]LogTemp: Warning: Left Mouse Button Pressed
[2020.02.25-05.57.25:630][307]LogTemp: Warning: Left Mouse Button Released
[2020.02.25-05.57.25:930][332]LogTemp: Warning: Right Mouse Button Pressed
[2020.02.25-05.57.26:062][344]LogTemp: Warning: Right Mouse Button Released
[2020.02.25-05.57.29:418][624]LogBlueprintUserMessages: Early EndPlayMap Detection: Level '/Game/Maps/Town.Town:PersistentLevel' has LevelScriptBlueprint '/Game/Maps/Town.Town:PersistentLevel.Town' with GeneratedClass '/Game/Maps/Town.Town_C' with ClassGeneratedBy '/Game/Maps/Town.Town:PersistentLevel.Town'
[2020.02.25-05.57.29:420][624]LogSlate: Updating window title bar state: overlay mode, drag disabled, window buttons hidden, title bar hidden
[2020.02.25-05.57.29:443][624]LogSlate: Window 'Marine_Squad Game Preview Standalone (64-bit/PCD3D_SM5)' being destroyed
[2020.02.25-05.57.29:455][624]LogVaFog: [FVaFogOfWarModule::StartupModule::<lambda_144d8ffb0c7ca55232a4412d9c0c3636>::operator ()(31)] Fog Controller is removed for: Town
[2020.02.25-05.57.29:485][624]LogPlayLevel: Display: Shutting down PIE online subsystems
[2020.02.25-05.57.29:485][624]LogBlueprintUserMessages: Late EndPlayMap Detection: Level '/Game/Maps/Town.Town:PersistentLevel' has LevelScriptBlueprint '/Game/Maps/Town.Town:PersistentLevel.Town' with GeneratedClass '/Game/Maps/Town.Town_C' with ClassGeneratedBy '/Game/Maps/Town.Town:PersistentLevel.Town'
[2020.02.25-05.57.29:554][624]LogUObjectHash: Compacting FUObjectHashTables data took   2.11ms
[2020.02.25-05.57.29:575][625]LogPlayLevel: Display: Destroying online subsystem :Context_3
[2020.02.25-05.57.38:962][361]LogVaFog: [FVaFogOfWarModule::StartupModule::<lambda_976865d7f760a47e2a086b15bf7dcbd9>::operator ()(41)] Fog Controller is created for: World_1
[2020.02.25-05.57.40:050][436]LogAssetEditorManager: Opening Asset editor for Blueprint /Game/BP/Units_BP/BasicUnit.BasicUnit
[2020.02.25-05.57.40:051][436]LogVaFog: [FVaFogOfWarModule::StartupModule::<lambda_976865d7f760a47e2a086b15bf7dcbd9>::operator ()(41)] Fog Controller is created for: World_2
[2020.02.25-05.57.40:425][436]LogSlate: Took 0.009574 seconds to synchronously load lazily loaded font '../../../Engine/Content/Slate/Fonts/Roboto-BoldCondensed.ttf' (158K)
[2020.02.25-05.57.40:656][437]LogSlate: Took 0.009088 seconds to synchronously load lazily loaded font '../../../Engine/Content/Slate/Fonts/Roboto-Italic.ttf' (157K)
[2020.02.25-05.57.48:995][969]BlueprintLog: New page: Compile BasicUnit
[2020.02.25-05.57.49:271][969]LogUObjectHash: Compacting FUObjectHashTables data took   3.32ms
[2020.02.25-05.57.51:035][ 69]LogTemp: Repeating last play command: New Editor Window (PIE)
[2020.02.25-05.57.51:079][ 69]LogBlueprintUserMessages: Early PlayInEditor Detection: Level '/Game/Maps/Town.Town:PersistentLevel' has LevelScriptBlueprint '/Game/Maps/Town.Town:PersistentLevel.Town' with GeneratedClass '/Game/Maps/Town.Town_C' with ClassGeneratedBy '/Game/Maps/Town.Town:PersistentLevel.Town'
[2020.02.25-05.57.51:079][ 69]LogPlayLevel: PlayLevel: No blueprints needed recompiling
[2020.02.25-05.57.51:079][ 69]PIE: New page: PIE session: Town (Feb 24, 2020, 5:57:51 PM)
[2020.02.25-05.57.51:079][ 69]LogPlayLevel: Creating play world package: /Game/Maps/UEDPIE_0_Town
[2020.02.25-05.57.51:129][ 69]LogPlayLevel: PIE: StaticDuplicateObject took: (0.049824s)
[2020.02.25-05.57.51:130][ 69]LogAIModule: Creating AISystem for world Town
[2020.02.25-05.57.51:130][ 69]LogVaFog: [FVaFogOfWarModule::StartupModule::<lambda_976865d7f760a47e2a086b15bf7dcbd9>::operator ()(41)] Fog Controller is created for: Town
[2020.02.25-05.57.51:130][ 69]LogPlayLevel: PIE: World Init took: (0.000584s)
[2020.02.25-05.57.51:130][ 69]LogPlayLevel: PIE: Created PIE world by copying editor world from /Game/Maps/Town.Town to /Game/Maps/UEDPIE_0_Town.Town (0.050554s)
[2020.02.25-05.57.51:169][ 69]LogUObjectHash: Compacting FUObjectHashTables data took   3.39ms
[2020.02.25-05.57.51:214][ 69]LogInit: XAudio2 using 'HEAD SET (Corsair VOID PRO USB Gaming Headset )' : 2 channels at 48 kHz using 16 bits per sample (channel mask 0x3)
[2020.02.25-05.57.51:227][ 69]LogInit: FAudioDevice initialized.
[2020.02.25-05.57.51:236][ 69]LogSlate: Updating window title bar state: overlay mode, drag disabled, window buttons hidden, title bar hidden
[2020.02.25-05.57.51:269][ 69]LogLoad: Game class is 'MyGameModeBase_MarineSquad_BP_C'
[2020.02.25-05.57.51:278][ 69]LogWorld: Bringing World /Game/Maps/UEDPIE_0_Town.Town up for play (max tick rate 0) at 2020.02.24-23.57.51
[2020.02.25-05.57.51:279][ 69]LogWorld: Bringing up level for play took: 0.009521
[2020.02.25-05.57.51:296][ 69]LogScript: Warning: Accessed None trying to read property CallFunc_GetBlackboard_ReturnValue
	BasicUnit_C /Game/Maps/UEDPIE_0_Town.Town:PersistentLevel.BasicUnit_C_0
	Function /Game/BP/Units_BP/BasicUnit.BasicUnit_C:ExecuteUbergraph_BasicUnit:070A
[2020.02.25-05.57.51:296][ 69]PIE: Error: Blueprint Runtime Error: "Accessed None trying to read property CallFunc_GetBlackboard_ReturnValue". Blueprint:  BasicUnit Function:  Execute Ubergraph Basic Unit Graph:  EventGraph Node:  Set Value as Bool
[2020.02.25-05.57.51:299][ 69]PIE: Play in editor start time for /Game/Maps/UEDPIE_0_Town 0.021
[2020.02.25-05.57.51:299][ 69]LogBlueprintUserMessages: Late PlayInEditor Detection: Level '/Game/Maps/Town.Town:PersistentLevel' has LevelScriptBlueprint '/Game/Maps/Town.Town:PersistentLevel.Town' with GeneratedClass '/Game/Maps/Town.Town_C' with ClassGeneratedBy '/Game/Maps/Town.Town:PersistentLevel.Town'
[2020.02.25-05.57.52:473][126]LogTemp: Warning: Left Mouse Button Pressed
[2020.02.25-05.57.52:698][139]LogTemp: Warning: Left Mouse Button Released
[2020.02.25-05.57.52:911][151]LogTemp: Warning: Right Mouse Button Pressed
[2020.02.25-05.57.56:228][151]LogWindows: Error: === Critical error: ===
[2020.02.25-05.57.56:228][151]LogWindows: Error: 
[2020.02.25-05.57.56:228][151]LogWindows: Error: Fatal error!
[2020.02.25-05.57.56:228][151]LogWindows: Error: 
[2020.02.25-05.57.56:228][151]LogWindows: Error: Unhandled Exception: EXCEPTION_ACCESS_VIOLATION reading address 0x000004b8
[2020.02.25-05.57.56:228][151]LogWindows: Error: 
[2020.02.25-05.57.56:228][151]LogWindows: Error: [Callstack] 0x00007ffc043c2c5c UE4Editor-AIModule.dll!UnknownFunction []
[2020.02.25-05.57.56:228][151]LogWindows: Error: [Callstack] 0x00007ffbf5364da6 UE4Editor-Marine_Squad-6403.dll!AParentUnit::Move() [C:\Users\ericf\Desktop\repos\Marine-Squad\Marine_Squad\Source\Marine_Squad\ParentUnit.cpp:50]
[2020.02.25-05.57.56:228][151]LogWindows: Error: [Callstack] 0x00007ffbf53667b2 UE4Editor-Marine_Squad-6403.dll!APlayerController_MarineSquad::MoveCommand() [C:\Users\ericf\Desktop\repos\Marine-Squad\Marine_Squad\Source\Marine_Squad\PlayerController_MarineSquad.cpp:118]
[2020.02.25-05.57.56:228][151]LogWindows: Error: [Callstack] 0x00007ffc14846ac7 UE4Editor-Engine.dll!UnknownFunction []
[2020.02.25-05.57.56:228][151]LogWindows: Error: [Callstack] 0x00007ffc14870ef1 UE4Editor-Engine.dll!UnknownFunction []
[2020.02.25-05.57.56:228][151]LogWindows: Error: [Callstack] 0x00007ffc143e0dc4 UE4Editor-Engine.dll!UnknownFunction []
[2020.02.25-05.57.56:228][151]LogWindows: Error: [Callstack] 0x00007ffc143f3c88 UE4Editor-Engine.dll!UnknownFunction []
[2020.02.25-05.57.56:228][151]LogWindows: Error: [Callstack] 0x00007ffc143df1cb UE4Editor-Engine.dll!UnknownFunction []
[2020.02.25-05.57.56:228][151]LogWindows: Error: [Callstack] 0x00007ffc143f2697 UE4Editor-Engine.dll!UnknownFunction []
[2020.02.25-05.57.56:228][151]LogWindows: Error: [Callstack] 0x00007ffc137daeed UE4Editor-Engine.dll!UnknownFunction []
[2020.02.25-05.57.56:228][151]LogWindows: Error: [Callstack] 0x00007ffc147972bc UE4Editor-Engine.dll!UnknownFunction []
[2020.02.25-05.57.56:228][151]LogWindows: Error: [Callstack] 0x00007ffc172c22d8 UE4Editor-Core.dll!UnknownFunction []
[2020.02.25-05.57.56:228][151]LogWindows: Error: [Callstack] 0x00007ffc172c2563 UE4Editor-Core.dll!UnknownFunction []
[2020.02.25-05.57.56:228][151]LogWindows: Error: [Callstack] 0x00007ffc172d2309 UE4Editor-Core.dll!UnknownFunction []
[2020.02.25-05.57.56:228][151]LogWindows: Error: [Callstack] 0x00007ffc147df9e3 UE4Editor-Engine.dll!UnknownFunction []
[2020.02.25-05.57.56:228][151]LogWindows: Error: [Callstack] 0x00007ffc147ebd12 UE4Editor-Engine.dll!UnknownFunction []
[2020.02.25-05.57.56:228][151]LogWindows: Error: [Callstack] 0x00007ffc1400dc4f UE4Editor-Engine.dll!UnknownFunction []
[2020.02.25-05.57.56:228][151]LogWindows: Error: [Callstack] 0x00007ffc14017e28 UE4Editor-Engine.dll!UnknownFunction []
[2020.02.25-05.57.56:228][151]LogWindows: Error: [Callstack] 0x00007ffc09ff02f7 UE4Editor-UnrealEd.dll!UnknownFunction []
[2020.02.25-05.57.56:228][151]LogWindows: Error: [Callstack] 0x00007ffc0a80d396 UE4Editor-UnrealEd.dll!UnknownFunction []
[2020.02.25-05.57.56:228][151]LogWindows: Error: [Callstack] 0x00007ff7059f6bb1 UE4Editor.exe!UnknownFunction []
[2020.02.25-05.57.56:228][151]LogWindows: Error: [Callstack] 0x00007ff705a0554c UE4Editor.exe!UnknownFunction []
[2020.02.25-05.57.56:228][151]LogWindows: Error: [Callstack] 0x00007ff705a055ca UE4Editor.exe!UnknownFunction []
[2020.02.25-05.57.56:228][151]LogWindows: Error: [Callstack] 0x00007ff705a1316c UE4Editor.exe!UnknownFunction []
[2020.02.25-05.57.56:228][151]LogWindows: Error: [Callstack] 0x00007ff705a15b8e UE4Editor.exe!UnknownFunction []
[2020.02.25-05.57.56:228][151]LogWindows: Error: [Callstack] 0x00007ffc620d7bd4 KERNEL32.DLL!UnknownFunction []
[2020.02.25-05.57.56:228][151]LogWindows: Error: [Callstack] 0x00007ffc6392ced1 ntdll.dll!UnknownFunction []
[2020.02.25-05.57.56:228][151]LogWindows: Error: 
[2020.02.25-05.57.56:271][151]LogExit: Executing StaticShutdownAfterError
[2020.02.25-05.57.56:374][151]LogWindows: FPlatformMisc::RequestExit(1)
[2020.02.25-05.57.56:416][151]Log file closed, 02/24/20 23:57:56
