Log file open, 03/17/20 01:19:29
LogWindows: Failed to load 'aqProf.dll' (GetLastError=126)
LogWindows: File 'aqProf.dll' does not exist
LogWindows: Failed to load 'VtuneApi.dll' (GetLastError=126)
LogWindows: File 'VtuneApi.dll' does not exist
LogWindows: Failed to load 'VtuneApi32e.dll' (GetLastError=126)
LogWindows: File 'VtuneApi32e.dll' does not exist
LogConsoleResponse: Display: Failed to find resolution value strings in scalability ini. Falling back to default.
LogInit: Display: Running engine for game: Marine_Squad
LogPakFile: Registered encryption key '00000000000000000000000000000000': 0 pak files mounted, 0 remain pending
LogPlatformFile: Not using cached read wrapper
LogTaskGraph: Started task graph with 5 named threads and 14 total threads with 3 sets of task threads.
LogStats: Stats thread started at 0.607507
LogD3D11RHI: Loaded GFSDK_Aftermath_Lib.x64.dll
LogICUInternationalization: ICU TimeZone Detection - Raw Offset: -6:00, Platform Override: ''
LogPluginManager: Mounting plugin Paper2D
LogPluginManager: Mounting plugin AISupport
LogPluginManager: Mounting plugin LightPropagationVolume
LogPluginManager: Mounting plugin ActorLayerUtilities
LogPluginManager: Mounting plugin AnimationSharing
LogPluginManager: Mounting plugin CLionSourceCodeAccess
LogPluginManager: Mounting plugin CodeLiteSourceCodeAccess
LogPluginManager: Mounting plugin GitSourceControl
LogPluginManager: Mounting plugin KDevelopSourceCodeAccess
LogPluginManager: Mounting plugin NullSourceCodeAccess
LogPluginManager: Mounting plugin PerforceSourceControl
LogPluginManager: Mounting plugin SubversionSourceControl
LogPluginManager: Mounting plugin UObjectPlugin
LogPluginManager: Mounting plugin VisualStudioCodeSourceCodeAccess
LogPluginManager: Mounting plugin VisualStudioSourceCodeAccess
LogPluginManager: Mounting plugin XCodeSourceCodeAccess
LogPluginManager: Mounting plugin AssetManagerEditor
LogPluginManager: Mounting plugin CryptoKeys
LogPluginManager: Mounting plugin DataValidation
LogPluginManager: Mounting plugin FacialAnimation
LogPluginManager: Mounting plugin GameplayTagsEditor
LogPluginManager: Mounting plugin MacGraphicsSwitching
LogPluginManager: Mounting plugin MaterialAnalyzer
LogPluginManager: Mounting plugin MobileLauncherProfileWizard
LogPluginManager: Mounting plugin PluginBrowser
LogPluginManager: Mounting plugin SpeedTreeImporter
LogPluginManager: Mounting plugin DatasmithContent
LogPluginManager: Mounting plugin VariantManagerContent
LogPluginManager: Mounting plugin AlembicImporter
LogPluginManager: Mounting plugin AppleImageUtils
LogPluginManager: Mounting plugin AppleVision
LogPluginManager: Mounting plugin BackChannel
LogPluginManager: Mounting plugin CharacterAI
LogPluginManager: Mounting plugin GeometryCache
LogPluginManager: Mounting plugin HTML5Networking
LogPluginManager: Mounting plugin ProxyLODPlugin
LogPluginManager: Mounting plugin SkeletalReduction
LogPluginManager: Mounting plugin MagicLeap
LogPluginManager: Mounting plugin MagicLeapMedia
LogPluginManager: Mounting plugin VaFogOfWar
LogPluginManager: Mounting plugin AndroidMedia
LogPluginManager: Mounting plugin AvfMedia
LogPluginManager: Mounting plugin ImgMedia
LogPluginManager: Mounting plugin LinearTimecode
LogPluginManager: Mounting plugin MediaCompositing
LogPluginManager: Mounting plugin MediaPlayerEditor
LogPluginManager: Mounting plugin WebMMedia
LogPluginManager: Mounting plugin WmfMedia
LogPluginManager: Mounting plugin TcpMessaging
LogPluginManager: Mounting plugin UdpMessaging
LogPluginManager: Mounting plugin ActorSequence
LogPluginManager: Mounting plugin LevelSequenceEditor
LogPluginManager: Mounting plugin MatineeToLevelSequence
LogPluginManager: Mounting plugin NetcodeUnitTest
LogPluginManager: Mounting plugin NUTUnrealEngine4
LogPluginManager: Mounting plugin OnlineSubsystemGooglePlay
LogPluginManager: Mounting plugin OnlineSubsystemIOS
LogPluginManager: Mounting plugin OnlineSubsystem
LogPluginManager: Mounting plugin OnlineSubsystemNull
LogPluginManager: Mounting plugin OnlineSubsystemUtils
LogPluginManager: Mounting plugin LauncherChunkInstaller
LogPluginManager: Mounting plugin AndroidDeviceProfileSelector
LogPluginManager: Mounting plugin AndroidMoviePlayer
LogPluginManager: Mounting plugin AndroidPermission
LogPluginManager: Mounting plugin AppleMoviePlayer
LogPluginManager: Mounting plugin ArchVisCharacter
LogPluginManager: Mounting plugin AudioCapture
LogPluginManager: Mounting plugin CableComponent
LogPluginManager: Mounting plugin CustomMeshComponent
LogPluginManager: Mounting plugin EditableMesh
LogPluginManager: Mounting plugin ExampleDeviceProfileSelector
LogPluginManager: Mounting plugin Firebase
LogPluginManager: Mounting plugin GameplayAbilities
LogPluginManager: Mounting plugin GoogleCloudMessaging
LogPluginManager: Mounting plugin IOSDeviceProfileSelector
LogPluginManager: Mounting plugin LinuxDeviceProfileSelector
LogPluginManager: Mounting plugin LocationServicesBPLibrary
LogPluginManager: Mounting plugin MobilePatchingUtils
LogPluginManager: Mounting plugin OculusVR
LogPluginManager: Mounting plugin PhysXVehicles
LogPluginManager: Mounting plugin ProceduralMeshComponent
LogPluginManager: Mounting plugin RuntimePhysXCooking
LogPluginManager: Mounting plugin SignificanceManager
LogPluginManager: Mounting plugin SteamVR
LogPluginManager: Mounting plugin WebMMoviePlayer
LogPluginManager: Mounting plugin WindowsMoviePlayer
LogInit: Using libcurl 7.55.1-DEV
LogInit:  - built for x86_64-pc-win32
LogInit:  - supports SSL with OpenSSL/1.1.1
LogInit:  - supports HTTP deflate (compression) using libz 1.2.8
LogInit:  - other features:
LogInit:      CURL_VERSION_SSL
LogInit:      CURL_VERSION_LIBZ
LogInit:      CURL_VERSION_IPV6
LogInit:      CURL_VERSION_ASYNCHDNS
LogInit:      CURL_VERSION_LARGEFILE
LogInit:      CURL_VERSION_IDN
LogInit:  CurlRequestOptions (configurable via config and command line):
LogInit:  - bVerifyPeer = true  - Libcurl will verify peer certificate
LogInit:  - bUseHttpProxy = false  - Libcurl will NOT use HTTP proxy
LogInit:  - bDontReuseConnections = false  - Libcurl will reuse connections
LogInit:  - MaxHostConnections = 16  - Libcurl will limit the number of connections to a host
LogInit:  - LocalHostAddr = Default
LogInit:  - BufferSize = 65536
LogInit: WinSock: version 1.1 (2.2), MaxSocks=32767, MaxUdp=65467
LogInit: Build: ++UE4+Release-4.22-CL-7053642
LogInit: Engine Version: 4.22.3-7053642+++UE4+Release-4.22
LogInit: Compatible Engine Version: 4.22.0-5660361+++UE4+Release-4.22
LogInit: Net CL: 5660361
LogInit: OS: Windows 10 (Release 1903) (), CPU: Intel(R) Core(TM) i5-4690K CPU @ 3.50GHz, GPU: NVIDIA GeForce GTX 970
LogInit: Compiled (64-bit): Jun 18 2019 03:09:11
LogInit: Compiled with Visual C++: 19.16.27025.01
LogInit: Build Configuration: Development
LogInit: Branch Name: ++UE4+Release-4.22
LogInit: Command Line: 
LogInit: Base Directory: Q:/UE_4.22/Engine/Binaries/Win64/
LogInit: Installed Engine Build: 1
LogDevObjectVersion: Number of dev versions registered: 23
LogDevObjectVersion:   Dev-Blueprints (B0D832E4-1F89-4F0D-ACCF-7EB736FD4AA2): 10
LogDevObjectVersion:   Dev-Build (E1C64328-A22C-4D53-A36C-8E866417BD8C): 0
LogDevObjectVersion:   Dev-Core (375EC13C-06E4-48FB-B500-84F0262A717E): 3
LogDevObjectVersion:   Dev-Editor (E4B068ED-F494-42E9-A231-DA0B2E46BB41): 30
LogDevObjectVersion:   Dev-Framework (CFFC743F-43B0-4480-9391-14DF171D2073): 35
LogDevObjectVersion:   Dev-Mobile (B02B49B5-BB20-44E9-A304-32B752E40360): 2
LogDevObjectVersion:   Dev-Networking (A4E4105C-59A1-49B5-A7C5-40C4547EDFEE): 0
LogDevObjectVersion:   Dev-Online (39C831C9-5AE6-47DC-9A44-9C173E1C8E7C): 0
LogDevObjectVersion:   Dev-Physics (78F01B33-EBEA-4F98-B9B4-84EACCB95AA2): 0
LogDevObjectVersion:   Dev-Platform (6631380F-2D4D-43E0-8009-CF276956A95A): 0
LogDevObjectVersion:   Dev-Rendering (12F88B9F-8875-4AFC-A67C-D90C383ABD29): 28
LogDevObjectVersion:   Dev-Sequencer (7B5AE74C-D270-4C10-A958-57980B212A5A): 11
LogDevObjectVersion:   Dev-VR (D7296918-1DD6-4BDD-9DE2-64A83CC13884): 2
LogDevObjectVersion:   Dev-LoadTimes (C2A15278-BFE7-4AFE-6C17-90FF531DF755): 1
LogDevObjectVersion:   Private-Geometry (6EACA3D4-40EC-4CC1-B786-8BED09428FC5): 3
LogDevObjectVersion:   Dev-AnimPhys (29E575DD-E0A3-4627-9D10-D276232CDCEA): 17
LogDevObjectVersion:   Dev-Anim (AF43A65D-7FD3-4947-9873-3E8ED9C1BB05): 2
LogDevObjectVersion:   Dev-ReflectionCapture (6B266CEC-1EC7-4B8F-A30B-E4D90942FC07): 1
LogDevObjectVersion:   Dev-Automation (0DF73D61-A23F-47EA-B727-89E90C41499A): 1
LogDevObjectVersion:   FortniteMain (601D1886-AC64-4F84-AA16-D3DE0DEAC7D6): 25
LogDevObjectVersion:   Dev-Enterprise (9DFFBCD6-494F-0158-E221-12823C92A888): 6
LogDevObjectVersion:   Dev-Niagara (F2AED0AC-9AFE-416F-8664-AA7FFA26D6FC): 1
LogDevObjectVersion:   Dev-Destruction (174F1F0B-B4C6-45A5-B13F-2EE8D0FB917D): 2
LogInit: Presizing for max 16777216 objects, including 0 objects not considered by GC, pre-allocating 0 bytes for permanent pool.
LogInit: Object subsystem initialized
LogConfig: Setting CVar [[con.DebugEarlyDefault:1]]
LogConfig: Setting CVar [[r.setres:1280x720]]
[2020.03.17-06.19.30:763][  0]LogConfig: Setting CVar [[r.VSync:0]]
[2020.03.17-06.19.30:763][  0]LogConfig: Setting CVar [[r.RHICmdBypass:0]]
[2020.03.17-06.19.30:763][  0]LogConfig: Applying CVar settings from Section [/Script/Engine.RendererSettings] File [C:/Users/ericf/Desktop/repos/Marine-Squad/Marine_Squad/Saved/Config/Windows/Engine.ini]
[2020.03.17-06.19.30:763][  0]LogConfig: Setting CVar [[r.GPUCrashDebugging:0]]
[2020.03.17-06.19.30:763][  0]LogConfig: Setting CVar [[r.DefaultFeature.AutoExposure.ExtendDefaultLuminanceRange:1]]
[2020.03.17-06.19.30:763][  0]LogConfig: Setting CVar [[r.AllowGlobalClipPlane:1]]
[2020.03.17-06.19.30:763][  0]LogConfig: Applying CVar settings from Section [/Script/Engine.RendererOverrideSettings] File [C:/Users/ericf/Desktop/repos/Marine-Squad/Marine_Squad/Saved/Config/Windows/Engine.ini]
[2020.03.17-06.19.30:763][  0]LogConfig: Applying CVar settings from Section [/Script/Engine.StreamingSettings] File [C:/Users/ericf/Desktop/repos/Marine-Squad/Marine_Squad/Saved/Config/Windows/Engine.ini]
[2020.03.17-06.19.30:763][  0]LogConfig: Setting CVar [[s.MinBulkDataSizeForAsyncLoading:131072]]
[2020.03.17-06.19.30:763][  0]LogConfig: Setting CVar [[s.AsyncLoadingThreadEnabled:0]]
[2020.03.17-06.19.30:763][  0]LogConfig: Setting CVar [[s.EventDrivenLoaderEnabled:1]]
[2020.03.17-06.19.30:763][  0]LogConfig: Setting CVar [[s.WarnIfTimeLimitExceeded:0]]
[2020.03.17-06.19.30:763][  0]LogConfig: Setting CVar [[s.TimeLimitExceededMultiplier:1.5]]
[2020.03.17-06.19.30:763][  0]LogConfig: Setting CVar [[s.TimeLimitExceededMinTime:0.005]]
[2020.03.17-06.19.30:763][  0]LogConfig: Setting CVar [[s.UseBackgroundLevelStreaming:1]]
[2020.03.17-06.19.30:763][  0]LogConfig: Setting CVar [[s.PriorityAsyncLoadingExtraTime:15.0]]
[2020.03.17-06.19.30:763][  0]LogConfig: Setting CVar [[s.LevelStreamingActorsUpdateTimeLimit:5.0]]
[2020.03.17-06.19.30:763][  0]LogConfig: Setting CVar [[s.PriorityLevelStreamingActorsUpdateExtraTime:5.0]]
[2020.03.17-06.19.30:763][  0]LogConfig: Setting CVar [[s.LevelStreamingComponentsRegistrationGranularity:10]]
[2020.03.17-06.19.30:763][  0]LogConfig: Setting CVar [[s.UnregisterComponentsTimeLimit:1.0]]
[2020.03.17-06.19.30:763][  0]LogConfig: Setting CVar [[s.LevelStreamingComponentsUnregistrationGranularity:5]]
[2020.03.17-06.19.30:763][  0]LogConfig: Applying CVar settings from Section [/Script/Engine.GarbageCollectionSettings] File [C:/Users/ericf/Desktop/repos/Marine-Squad/Marine_Squad/Saved/Config/Windows/Engine.ini]
[2020.03.17-06.19.30:763][  0]LogConfig: Setting CVar [[gc.MaxObjectsNotConsideredByGC:1]]
[2020.03.17-06.19.30:763][  0]LogConfig: Setting CVar [[gc.SizeOfPermanentObjectPool:0]]
[2020.03.17-06.19.30:763][  0]LogConfig: Setting CVar [[gc.FlushStreamingOnGC:0]]
[2020.03.17-06.19.30:763][  0]LogConfig: Setting CVar [[gc.NumRetriesBeforeForcingGC:10]]
[2020.03.17-06.19.30:763][  0]LogConfig: Setting CVar [[gc.AllowParallelGC:1]]
[2020.03.17-06.19.30:763][  0]LogConfig: Setting CVar [[gc.TimeBetweenPurgingPendingKillObjects:61.1]]
[2020.03.17-06.19.30:763][  0]LogConfig: Setting CVar [[gc.MaxObjectsInEditor:16777216]]
[2020.03.17-06.19.30:763][  0]LogConfig: Setting CVar [[gc.IncrementalBeginDestroyEnabled:1]]
[2020.03.17-06.19.30:763][  0]LogConfig: Setting CVar [[gc.CreateGCClusters:1]]
[2020.03.17-06.19.30:763][  0]LogConfig: Setting CVar [[gc.MinGCClusterSize:5]]
[2020.03.17-06.19.30:763][  0]LogConfig: Setting CVar [[gc.ActorClusteringEnabled:0]]
[2020.03.17-06.19.30:763][  0]LogConfig: Setting CVar [[gc.BlueprintClusteringEnabled:0]]
[2020.03.17-06.19.30:763][  0]LogConfig: Setting CVar [[gc.UseDisregardForGCOnDedicatedServers:0]]
[2020.03.17-06.19.30:763][  0]LogConfig: Applying CVar settings from Section [/Script/Engine.NetworkSettings] File [C:/Users/ericf/Desktop/repos/Marine-Squad/Marine_Squad/Saved/Config/Windows/Engine.ini]
[2020.03.17-06.19.30:763][  0]LogConfig: Applying CVar settings from Section [/Script/UnrealEd.CookerSettings] File [C:/Users/ericf/Desktop/repos/Marine-Squad/Marine_Squad/Saved/Config/Windows/Engine.ini]
[2020.03.17-06.19.30:775][  0]LogConfig: Applying CVar settings from Section [ViewDistanceQuality@3] File [C:/Users/ericf/Desktop/repos/Marine-Squad/Marine_Squad/Saved/Config/Windows/Scalability.ini]
[2020.03.17-06.19.30:775][  0]LogConfig: Setting CVar [[r.SkeletalMeshLODBias:0]]
[2020.03.17-06.19.30:775][  0]LogConfig: Setting CVar [[r.ViewDistanceScale:1.0]]
[2020.03.17-06.19.30:775][  0]LogConfig: Applying CVar settings from Section [AntiAliasingQuality@3] File [C:/Users/ericf/Desktop/repos/Marine-Squad/Marine_Squad/Saved/Config/Windows/Scalability.ini]
[2020.03.17-06.19.30:775][  0]LogConfig: Setting CVar [[r.PostProcessAAQuality:4]]
[2020.03.17-06.19.30:775][  0]LogConfig: Applying CVar settings from Section [ShadowQuality@3] File [C:/Users/ericf/Desktop/repos/Marine-Squad/Marine_Squad/Saved/Config/Windows/Scalability.ini]
[2020.03.17-06.19.30:775][  0]LogConfig: Setting CVar [[r.LightFunctionQuality:1]]
[2020.03.17-06.19.30:775][  0]LogConfig: Setting CVar [[r.ShadowQuality:5]]
[2020.03.17-06.19.30:775][  0]LogConfig: Setting CVar [[r.Shadow.CSM.MaxCascades:10]]
[2020.03.17-06.19.30:775][  0]LogConfig: Setting CVar [[r.Shadow.MaxResolution:2048]]
[2020.03.17-06.19.30:775][  0]LogConfig: Setting CVar [[r.Shadow.MaxCSMResolution:2048]]
[2020.03.17-06.19.30:775][  0]LogConfig: Setting CVar [[r.Shadow.RadiusThreshold:0.01]]
[2020.03.17-06.19.30:775][  0]LogConfig: Setting CVar [[r.Shadow.DistanceScale:1.0]]
[2020.03.17-06.19.30:775][  0]LogConfig: Setting CVar [[r.Shadow.CSM.TransitionScale:1.0]]
[2020.03.17-06.19.30:775][  0]LogConfig: Setting CVar [[r.Shadow.PreShadowResolutionFactor:1.0]]
[2020.03.17-06.19.30:775][  0]LogConfig: Setting CVar [[r.DistanceFieldShadowing:1]]
[2020.03.17-06.19.30:775][  0]LogConfig: Setting CVar [[r.DistanceFieldAO:1]]
[2020.03.17-06.19.30:775][  0]LogConfig: Setting CVar [[r.AOQuality:2]]
[2020.03.17-06.19.30:775][  0]LogConfig: Setting CVar [[r.VolumetricFog:1]]
[2020.03.17-06.19.30:775][  0]LogConfig: Setting CVar [[r.VolumetricFog.GridPixelSize:8]]
[2020.03.17-06.19.30:775][  0]LogConfig: Setting CVar [[r.VolumetricFog.GridSizeZ:128]]
[2020.03.17-06.19.30:775][  0]LogConfig: Setting CVar [[r.VolumetricFog.HistoryMissSupersampleCount:4]]
[2020.03.17-06.19.30:775][  0]LogConfig: Setting CVar [[r.LightMaxDrawDistanceScale:1]]
[2020.03.17-06.19.30:775][  0]LogConfig: Setting CVar [[r.CapsuleShadows:1]]
[2020.03.17-06.19.30:775][  0]LogConfig: Applying CVar settings from Section [PostProcessQuality@3] File [C:/Users/ericf/Desktop/repos/Marine-Squad/Marine_Squad/Saved/Config/Windows/Scalability.ini]
[2020.03.17-06.19.30:775][  0]LogConfig: Setting CVar [[r.MotionBlurQuality:4]]
[2020.03.17-06.19.30:775][  0]LogConfig: Setting CVar [[r.AmbientOcclusionMipLevelFactor:0.4]]
[2020.03.17-06.19.30:775][  0]LogConfig: Setting CVar [[r.AmbientOcclusionMaxQuality:100]]
[2020.03.17-06.19.30:775][  0]LogConfig: Setting CVar [[r.AmbientOcclusionLevels:-1]]
[2020.03.17-06.19.30:775][  0]LogConfig: Setting CVar [[r.AmbientOcclusionRadiusScale:1.0]]
[2020.03.17-06.19.30:775][  0]LogConfig: Setting CVar [[r.DepthOfFieldQuality:2]]
[2020.03.17-06.19.30:775][  0]LogConfig: Setting CVar [[r.RenderTargetPoolMin:400]]
[2020.03.17-06.19.30:775][  0]LogConfig: Setting CVar [[r.LensFlareQuality:2]]
[2020.03.17-06.19.30:775][  0]LogConfig: Setting CVar [[r.SceneColorFringeQuality:1]]
[2020.03.17-06.19.30:775][  0]LogConfig: Setting CVar [[r.EyeAdaptationQuality:2]]
[2020.03.17-06.19.30:775][  0]LogConfig: Setting CVar [[r.BloomQuality:5]]
[2020.03.17-06.19.30:775][  0]LogConfig: Setting CVar [[r.FastBlurThreshold:100]]
[2020.03.17-06.19.30:775][  0]LogConfig: Setting CVar [[r.Upscale.Quality:3]]
[2020.03.17-06.19.30:776][  0]LogConfig: Setting CVar [[r.Tonemapper.GrainQuantization:1]]
[2020.03.17-06.19.30:776][  0]LogConfig: Setting CVar [[r.LightShaftQuality:1]]
[2020.03.17-06.19.30:776][  0]LogConfig: Setting CVar [[r.Filter.SizeScale:1]]
[2020.03.17-06.19.30:776][  0]LogConfig: Setting CVar [[r.Tonemapper.Quality:5]]
[2020.03.17-06.19.30:776][  0]LogConfig: Setting CVar [[r.DOF.Gather.AccumulatorQuality:1        ; higher gathering accumulator quality]]
[2020.03.17-06.19.30:776][  0]LogConfig: Setting CVar [[r.DOF.Gather.PostfilterMethod:1          ; Median3x3 postfilering method]]
[2020.03.17-06.19.30:776][  0]LogConfig: Setting CVar [[r.DOF.Gather.EnableBokehSettings:0       ; no bokeh simulation when gathering]]
[2020.03.17-06.19.30:776][  0]LogConfig: Setting CVar [[r.DOF.Gather.RingCount:4                 ; medium number of samples when gathering]]
[2020.03.17-06.19.30:776][  0]LogConfig: Setting CVar [[r.DOF.Scatter.ForegroundCompositing:1    ; additive foreground scattering]]
[2020.03.17-06.19.30:776][  0]LogConfig: Setting CVar [[r.DOF.Scatter.BackgroundCompositing:2    ; additive background scattering]]
[2020.03.17-06.19.30:776][  0]LogConfig: Setting CVar [[r.DOF.Scatter.EnableBokehSettings:1      ; bokeh simulation when scattering]]
[2020.03.17-06.19.30:776][  0]LogConfig: Setting CVar [[r.DOF.Scatter.MaxSpriteRatio:0.1         ; only a maximum of 10% of scattered bokeh]]
[2020.03.17-06.19.30:776][  0]LogConfig: Setting CVar [[r.DOF.Recombine.Quality:1                ; cheap slight out of focus]]
[2020.03.17-06.19.30:776][  0]LogConfig: Setting CVar [[r.DOF.Recombine.EnableBokehSettings:0    ; no bokeh simulation on slight out of focus]]
[2020.03.17-06.19.30:776][  0]LogConfig: Setting CVar [[r.DOF.TemporalAAQuality:1                ; more stable temporal accumulation]]
[2020.03.17-06.19.30:776][  0]LogConfig: Setting CVar [[r.DOF.Kernel.MaxForegroundRadius:0.025]]
[2020.03.17-06.19.30:776][  0]LogConfig: Setting CVar [[r.DOF.Kernel.MaxBackgroundRadius:0.025]]
[2020.03.17-06.19.30:776][  0]LogConfig: Applying CVar settings from Section [TextureQuality@3] File [C:/Users/ericf/Desktop/repos/Marine-Squad/Marine_Squad/Saved/Config/Windows/Scalability.ini]
[2020.03.17-06.19.30:776][  0]LogConfig: Setting CVar [[r.Streaming.MipBias:0]]
[2020.03.17-06.19.30:776][  0]LogConfig: Setting CVar [[r.Streaming.AmortizeCPUToGPUCopy:0]]
[2020.03.17-06.19.30:776][  0]LogConfig: Setting CVar [[r.Streaming.MaxNumTexturesToStreamPerFrame:0]]
[2020.03.17-06.19.30:776][  0]LogConfig: Setting CVar [[r.Streaming.Boost:1]]
[2020.03.17-06.19.30:776][  0]LogConfig: Setting CVar [[r.MaxAnisotropy:8]]
[2020.03.17-06.19.30:776][  0]LogConfig: Setting CVar [[r.Streaming.LimitPoolSizeToVRAM:0]]
[2020.03.17-06.19.30:776][  0]LogConfig: Setting CVar [[r.Streaming.PoolSize:1000]]
[2020.03.17-06.19.30:776][  0]LogConfig: Setting CVar [[r.Streaming.MaxEffectiveScreenSize:0]]
[2020.03.17-06.19.30:776][  0]LogConfig: Applying CVar settings from Section [EffectsQuality@3] File [C:/Users/ericf/Desktop/repos/Marine-Squad/Marine_Squad/Saved/Config/Windows/Scalability.ini]
[2020.03.17-06.19.30:776][  0]LogConfig: Setting CVar [[r.TranslucencyLightingVolumeDim:64]]
[2020.03.17-06.19.30:776][  0]LogConfig: Setting CVar [[r.RefractionQuality:2]]
[2020.03.17-06.19.30:776][  0]LogConfig: Setting CVar [[r.SSR.Quality:3]]
[2020.03.17-06.19.30:776][  0]LogConfig: Setting CVar [[r.SceneColorFormat:4]]
[2020.03.17-06.19.30:776][  0]LogConfig: Setting CVar [[r.DetailMode:2]]
[2020.03.17-06.19.30:776][  0]LogConfig: Setting CVar [[r.TranslucencyVolumeBlur:1]]
[2020.03.17-06.19.30:776][  0]LogConfig: Setting CVar [[r.MaterialQualityLevel:1 ; High quality]]
[2020.03.17-06.19.30:776][  0]LogConfig: Setting CVar [[r.SSS.Scale:1]]
[2020.03.17-06.19.30:776][  0]LogConfig: Setting CVar [[r.SSS.SampleSet:2]]
[2020.03.17-06.19.30:776][  0]LogConfig: Setting CVar [[r.SSS.Quality:1]]
[2020.03.17-06.19.30:776][  0]LogConfig: Setting CVar [[r.SSS.HalfRes:1]]
[2020.03.17-06.19.30:776][  0]LogConfig: Setting CVar [[r.EmitterSpawnRateScale:1.0]]
[2020.03.17-06.19.30:776][  0]LogConfig: Setting CVar [[r.ParticleLightQuality:2]]
[2020.03.17-06.19.30:776][  0]LogConfig: Applying CVar settings from Section [FoliageQuality@3] File [C:/Users/ericf/Desktop/repos/Marine-Squad/Marine_Squad/Saved/Config/Windows/Scalability.ini]
[2020.03.17-06.19.30:776][  0]LogConfig: Setting CVar [[foliage.DensityScale:1.0]]
[2020.03.17-06.19.30:776][  0]LogConfig: Setting CVar [[grass.DensityScale:1.0]]
[2020.03.17-06.19.30:777][  0]LogInit: Selected Device Profile: [Windows]
[2020.03.17-06.19.30:777][  0]LogInit: Applying CVar settings loaded from the selected device profile: [Windows]
[2020.03.17-06.19.30:804][  0]LogHAL: Display: Platform has ~ 8 GB [8444633088 / 8589934592 / 8], which maps to Default [LargestMinGB=32, LargerMinGB=12, DefaultMinGB=8, SmallerMinGB=6, SmallestMinGB=0)
[2020.03.17-06.19.30:805][  0]LogConfig: Setting CVar [[r.Vulkan.UseRealUBs:0		; Required until we fix HLR fall-out]]
[2020.03.17-06.19.30:805][  0]LogInit: Going up to parent DeviceProfile []
[2020.03.17-06.19.30:805][  0]LogConfig: Applying CVar settings from Section [ViewDistanceQuality@3] File [C:/Users/ericf/Desktop/repos/Marine-Squad/Marine_Squad/Saved/Config/Windows/Scalability.ini]
[2020.03.17-06.19.30:806][  0]LogConfig: Setting CVar [[r.SkeletalMeshLODBias:0]]
[2020.03.17-06.19.30:806][  0]LogConfig: Setting CVar [[r.ViewDistanceScale:1.0]]
[2020.03.17-06.19.30:806][  0]LogConfig: Applying CVar settings from Section [AntiAliasingQuality@3] File [C:/Users/ericf/Desktop/repos/Marine-Squad/Marine_Squad/Saved/Config/Windows/Scalability.ini]
[2020.03.17-06.19.30:806][  0]LogConfig: Setting CVar [[r.PostProcessAAQuality:4]]
[2020.03.17-06.19.30:806][  0]LogConfig: Applying CVar settings from Section [ShadowQuality@3] File [C:/Users/ericf/Desktop/repos/Marine-Squad/Marine_Squad/Saved/Config/Windows/Scalability.ini]
[2020.03.17-06.19.30:806][  0]LogConfig: Setting CVar [[r.LightFunctionQuality:1]]
[2020.03.17-06.19.30:806][  0]LogConfig: Setting CVar [[r.ShadowQuality:5]]
[2020.03.17-06.19.30:806][  0]LogConfig: Setting CVar [[r.Shadow.CSM.MaxCascades:10]]
[2020.03.17-06.19.30:806][  0]LogConfig: Setting CVar [[r.Shadow.MaxResolution:2048]]
[2020.03.17-06.19.30:806][  0]LogConfig: Setting CVar [[r.Shadow.MaxCSMResolution:2048]]
[2020.03.17-06.19.30:806][  0]LogConfig: Setting CVar [[r.Shadow.RadiusThreshold:0.01]]
[2020.03.17-06.19.30:806][  0]LogConfig: Setting CVar [[r.Shadow.DistanceScale:1.0]]
[2020.03.17-06.19.30:806][  0]LogConfig: Setting CVar [[r.Shadow.CSM.TransitionScale:1.0]]
[2020.03.17-06.19.30:806][  0]LogConfig: Setting CVar [[r.Shadow.PreShadowResolutionFactor:1.0]]
[2020.03.17-06.19.30:806][  0]LogConfig: Setting CVar [[r.DistanceFieldShadowing:1]]
[2020.03.17-06.19.30:806][  0]LogConfig: Setting CVar [[r.DistanceFieldAO:1]]
[2020.03.17-06.19.30:806][  0]LogConfig: Setting CVar [[r.AOQuality:2]]
[2020.03.17-06.19.30:806][  0]LogConfig: Setting CVar [[r.VolumetricFog:1]]
[2020.03.17-06.19.30:806][  0]LogConfig: Setting CVar [[r.VolumetricFog.GridPixelSize:8]]
[2020.03.17-06.19.30:806][  0]LogConfig: Setting CVar [[r.VolumetricFog.GridSizeZ:128]]
[2020.03.17-06.19.30:806][  0]LogConfig: Setting CVar [[r.VolumetricFog.HistoryMissSupersampleCount:4]]
[2020.03.17-06.19.30:806][  0]LogConfig: Setting CVar [[r.LightMaxDrawDistanceScale:1]]
[2020.03.17-06.19.30:806][  0]LogConfig: Setting CVar [[r.CapsuleShadows:1]]
[2020.03.17-06.19.30:806][  0]LogConfig: Applying CVar settings from Section [PostProcessQuality@3] File [C:/Users/ericf/Desktop/repos/Marine-Squad/Marine_Squad/Saved/Config/Windows/Scalability.ini]
[2020.03.17-06.19.30:806][  0]LogConfig: Setting CVar [[r.MotionBlurQuality:4]]
[2020.03.17-06.19.30:806][  0]LogConfig: Setting CVar [[r.AmbientOcclusionMipLevelFactor:0.4]]
[2020.03.17-06.19.30:806][  0]LogConfig: Setting CVar [[r.AmbientOcclusionMaxQuality:100]]
[2020.03.17-06.19.30:806][  0]LogConfig: Setting CVar [[r.AmbientOcclusionLevels:-1]]
[2020.03.17-06.19.30:806][  0]LogConfig: Setting CVar [[r.AmbientOcclusionRadiusScale:1.0]]
[2020.03.17-06.19.30:806][  0]LogConfig: Setting CVar [[r.DepthOfFieldQuality:2]]
[2020.03.17-06.19.30:806][  0]LogConfig: Setting CVar [[r.RenderTargetPoolMin:400]]
[2020.03.17-06.19.30:806][  0]LogConfig: Setting CVar [[r.LensFlareQuality:2]]
[2020.03.17-06.19.30:806][  0]LogConfig: Setting CVar [[r.SceneColorFringeQuality:1]]
[2020.03.17-06.19.30:806][  0]LogConfig: Setting CVar [[r.EyeAdaptationQuality:2]]
[2020.03.17-06.19.30:806][  0]LogConfig: Setting CVar [[r.BloomQuality:5]]
[2020.03.17-06.19.30:806][  0]LogConfig: Setting CVar [[r.FastBlurThreshold:100]]
[2020.03.17-06.19.30:806][  0]LogConfig: Setting CVar [[r.Upscale.Quality:3]]
[2020.03.17-06.19.30:806][  0]LogConfig: Setting CVar [[r.Tonemapper.GrainQuantization:1]]
[2020.03.17-06.19.30:806][  0]LogConfig: Setting CVar [[r.LightShaftQuality:1]]
[2020.03.17-06.19.30:806][  0]LogConfig: Setting CVar [[r.Filter.SizeScale:1]]
[2020.03.17-06.19.30:806][  0]LogConfig: Setting CVar [[r.Tonemapper.Quality:5]]
[2020.03.17-06.19.30:806][  0]LogConfig: Setting CVar [[r.DOF.Gather.AccumulatorQuality:1        ; higher gathering accumulator quality]]
[2020.03.17-06.19.30:806][  0]LogConfig: Setting CVar [[r.DOF.Gather.PostfilterMethod:1          ; Median3x3 postfilering method]]
[2020.03.17-06.19.30:806][  0]LogConfig: Setting CVar [[r.DOF.Gather.EnableBokehSettings:0       ; no bokeh simulation when gathering]]
[2020.03.17-06.19.30:806][  0]LogConfig: Setting CVar [[r.DOF.Gather.RingCount:4                 ; medium number of samples when gathering]]
[2020.03.17-06.19.30:806][  0]LogConfig: Setting CVar [[r.DOF.Scatter.ForegroundCompositing:1    ; additive foreground scattering]]
[2020.03.17-06.19.30:806][  0]LogConfig: Setting CVar [[r.DOF.Scatter.BackgroundCompositing:2    ; additive background scattering]]
[2020.03.17-06.19.30:806][  0]LogConfig: Setting CVar [[r.DOF.Scatter.EnableBokehSettings:1      ; bokeh simulation when scattering]]
[2020.03.17-06.19.30:806][  0]LogConfig: Setting CVar [[r.DOF.Scatter.MaxSpriteRatio:0.1         ; only a maximum of 10% of scattered bokeh]]
[2020.03.17-06.19.30:806][  0]LogConfig: Setting CVar [[r.DOF.Recombine.Quality:1                ; cheap slight out of focus]]
[2020.03.17-06.19.30:806][  0]LogConfig: Setting CVar [[r.DOF.Recombine.EnableBokehSettings:0    ; no bokeh simulation on slight out of focus]]
[2020.03.17-06.19.30:806][  0]LogConfig: Setting CVar [[r.DOF.TemporalAAQuality:1                ; more stable temporal accumulation]]
[2020.03.17-06.19.30:806][  0]LogConfig: Setting CVar [[r.DOF.Kernel.MaxForegroundRadius:0.025]]
[2020.03.17-06.19.30:806][  0]LogConfig: Setting CVar [[r.DOF.Kernel.MaxBackgroundRadius:0.025]]
[2020.03.17-06.19.30:806][  0]LogConfig: Applying CVar settings from Section [TextureQuality@3] File [C:/Users/ericf/Desktop/repos/Marine-Squad/Marine_Squad/Saved/Config/Windows/Scalability.ini]
[2020.03.17-06.19.30:806][  0]LogConfig: Setting CVar [[r.Streaming.MipBias:0]]
[2020.03.17-06.19.30:806][  0]LogConfig: Setting CVar [[r.Streaming.AmortizeCPUToGPUCopy:0]]
[2020.03.17-06.19.30:806][  0]LogConfig: Setting CVar [[r.Streaming.MaxNumTexturesToStreamPerFrame:0]]
[2020.03.17-06.19.30:806][  0]LogConfig: Setting CVar [[r.Streaming.Boost:1]]
[2020.03.17-06.19.30:806][  0]LogConfig: Setting CVar [[r.MaxAnisotropy:8]]
[2020.03.17-06.19.30:806][  0]LogConfig: Setting CVar [[r.Streaming.LimitPoolSizeToVRAM:0]]
[2020.03.17-06.19.30:806][  0]LogConfig: Setting CVar [[r.Streaming.PoolSize:1000]]
[2020.03.17-06.19.30:806][  0]LogConfig: Setting CVar [[r.Streaming.MaxEffectiveScreenSize:0]]
[2020.03.17-06.19.30:806][  0]LogConfig: Applying CVar settings from Section [EffectsQuality@3] File [C:/Users/ericf/Desktop/repos/Marine-Squad/Marine_Squad/Saved/Config/Windows/Scalability.ini]
[2020.03.17-06.19.30:806][  0]LogConfig: Setting CVar [[r.TranslucencyLightingVolumeDim:64]]
[2020.03.17-06.19.30:806][  0]LogConfig: Setting CVar [[r.RefractionQuality:2]]
[2020.03.17-06.19.30:806][  0]LogConfig: Setting CVar [[r.SSR.Quality:3]]
[2020.03.17-06.19.30:806][  0]LogConfig: Setting CVar [[r.SceneColorFormat:4]]
[2020.03.17-06.19.30:806][  0]LogConfig: Setting CVar [[r.DetailMode:2]]
[2020.03.17-06.19.30:806][  0]LogConfig: Setting CVar [[r.TranslucencyVolumeBlur:1]]
[2020.03.17-06.19.30:806][  0]LogConfig: Setting CVar [[r.MaterialQualityLevel:1 ; High quality]]
[2020.03.17-06.19.30:806][  0]LogConfig: Setting CVar [[r.SSS.Scale:1]]
[2020.03.17-06.19.30:806][  0]LogConfig: Setting CVar [[r.SSS.SampleSet:2]]
[2020.03.17-06.19.30:806][  0]LogConfig: Setting CVar [[r.SSS.Quality:1]]
[2020.03.17-06.19.30:806][  0]LogConfig: Setting CVar [[r.SSS.HalfRes:1]]
[2020.03.17-06.19.30:806][  0]LogConfig: Setting CVar [[r.EmitterSpawnRateScale:1.0]]
[2020.03.17-06.19.30:806][  0]LogConfig: Setting CVar [[r.ParticleLightQuality:2]]
[2020.03.17-06.19.30:806][  0]LogConfig: Applying CVar settings from Section [FoliageQuality@3] File [C:/Users/ericf/Desktop/repos/Marine-Squad/Marine_Squad/Saved/Config/Windows/Scalability.ini]
[2020.03.17-06.19.30:806][  0]LogConfig: Setting CVar [[foliage.DensityScale:1.0]]
[2020.03.17-06.19.30:806][  0]LogConfig: Setting CVar [[grass.DensityScale:1.0]]
[2020.03.17-06.19.30:806][  0]LogConfig: Applying CVar settings from Section [Startup] File [../../../Engine/Config/ConsoleVariables.ini]
[2020.03.17-06.19.30:814][  0]LogConfig: Setting CVar [[net.UseAdaptiveNetUpdateFrequency:0]]
[2020.03.17-06.19.30:814][  0]LogConfig: Setting CVar [[p.chaos.AllowCreatePhysxBodies:1]]
[2020.03.17-06.19.30:814][  0]LogConfig: Applying CVar settings from Section [ConsoleVariables] File [C:/Users/ericf/Desktop/repos/Marine-Squad/Marine_Squad/Saved/Config/Windows/Engine.ini]
[2020.03.17-06.19.30:814][  0]LogInit: Computer: FALL-PC
[2020.03.17-06.19.30:814][  0]LogInit: User: ericf
[2020.03.17-06.19.30:814][  0]LogInit: CPU Page size=4096, Cores=4
[2020.03.17-06.19.30:814][  0]LogInit: High frequency timer resolution =10.000000 MHz
[2020.03.17-06.19.30:815][  0]LogMemory: Memory total: Physical=7.9GB (8GB approx)
[2020.03.17-06.19.30:815][  0]LogMemory: Platform Memory Stats for Windows
[2020.03.17-06.19.30:815][  0]LogMemory: Process Physical Memory: 97.57 MB used, 97.57 MB peak
[2020.03.17-06.19.30:815][  0]LogMemory: Process Virtual Memory: 100.02 MB used, 100.02 MB peak
[2020.03.17-06.19.30:815][  0]LogMemory: Physical Memory: 5497.43 MB used,  2556.00 MB free, 8053.43 MB total
[2020.03.17-06.19.30:815][  0]LogMemory: Virtual Memory: 4640.98 MB used,  134213088.00 MB free, 134217728.00 MB total
[2020.03.17-06.19.31:062][  0]LogInit: Using OS detected language (en-US).
[2020.03.17-06.19.31:062][  0]LogInit: Using OS detected locale (en-US).
[2020.03.17-06.19.31:064][  0]LogTextLocalizationManager: No specific localization for 'en-US' exists, so the 'en' localization will be used.
[2020.03.17-06.19.31:346][  0]LogInit: Setting process to per monitor DPI aware
[2020.03.17-06.19.31:455][  0]LogSlate: New Slate User Created.  User Index 0, Is Virtual User: 0
[2020.03.17-06.19.31:455][  0]LogSlate: Slate User Registered.  User Index 0, Is Virtual User: 0
[2020.03.17-06.19.34:249][  0]LogHMD: Failed to initialize OpenVR with code 110
[2020.03.17-06.19.34:249][  0]LogD3D11RHI: D3D11 adapters:
[2020.03.17-06.19.34:333][  0]LogD3D11RHI:    0. 'NVIDIA GeForce GTX 970' (Feature Level 11_0)
[2020.03.17-06.19.34:333][  0]LogD3D11RHI:       4043/0/4026 MB DedicatedVideo/DedicatedSystem/SharedSystem, Outputs:2, VendorId:0x10de
[2020.03.17-06.19.34:391][  0]LogD3D11RHI:    1. 'Intel(R) HD Graphics 4600' (Feature Level 11_0)
[2020.03.17-06.19.34:391][  0]LogD3D11RHI:       112/0/2048 MB DedicatedVideo/DedicatedSystem/SharedSystem, Outputs:0, VendorId:0x8086
[2020.03.17-06.19.34:401][  0]LogD3D11RHI:    2. 'Microsoft Basic Render Driver' (Feature Level 11_0)
[2020.03.17-06.19.34:401][  0]LogD3D11RHI:       0/0/4026 MB DedicatedVideo/DedicatedSystem/SharedSystem, Outputs:0, VendorId:0x1414
[2020.03.17-06.19.34:401][  0]LogD3D11RHI: Chosen D3D11 Adapter: 0
[2020.03.17-06.19.34:411][  0]LogD3D11RHI: Creating new Direct3DDevice
[2020.03.17-06.19.34:411][  0]LogD3D11RHI:     GPU DeviceId: 0x13c2 (for the marketing name, search the web for "GPU Device Id")
[2020.03.17-06.19.34:411][  0]LogWindows: EnumDisplayDevices:
[2020.03.17-06.19.34:411][  0]LogWindows:    0. 'NVIDIA GeForce GTX 970' (P:1 D:1)
[2020.03.17-06.19.34:411][  0]LogWindows:    1. 'NVIDIA GeForce GTX 970' (P:0 D:1)
[2020.03.17-06.19.34:411][  0]LogWindows:    2. 'NVIDIA GeForce GTX 970' (P:0 D:0)
[2020.03.17-06.19.34:412][  0]LogWindows:    3. 'NVIDIA GeForce GTX 970' (P:0 D:0)
[2020.03.17-06.19.34:412][  0]LogWindows:    4. 'Intel(R) HD Graphics 4600' (P:0 D:0)
[2020.03.17-06.19.34:412][  0]LogWindows:    5. 'Intel(R) HD Graphics 4600' (P:0 D:0)
[2020.03.17-06.19.34:412][  0]LogWindows:    6. 'Intel(R) HD Graphics 4600' (P:0 D:0)
[2020.03.17-06.19.34:413][  0]LogWindows: DebugString: PrimaryIsNotTheChoosenAdapter PrimaryIsNotTheChoosenAdapter PrimaryIsNotTheChoosenAdapter FoundDriverCount:4 
[2020.03.17-06.19.34:413][  0]LogD3D11RHI:     Adapter Name: NVIDIA GeForce GTX 970
[2020.03.17-06.19.34:413][  0]LogD3D11RHI:   Driver Version: 436.02 (internal:26.21.14.3602, unified:436.02)
[2020.03.17-06.19.34:413][  0]LogD3D11RHI:      Driver Date: 8-16-2019
[2020.03.17-06.19.34:413][  0]LogRHI: Texture pool is 2830 MB (70% of 4043 MB)
[2020.03.17-06.19.34:471][  0]LogD3D11RHI: Async texture creation enabled
[2020.03.17-06.19.34:508][  0]LogRendererCore: FGlobalReadBuffer::InitRHI
[2020.03.17-06.19.34:509][  0]LogRendererCore: FGlobalReadBuffer::InitRHI
[2020.03.17-06.19.34:509][  0]LogRendererCore: FGlobalReadBuffer::InitRHI
[2020.03.17-06.19.34:519][  0]LogD3D11RHI: GPU Timing Frequency: 1000.000000 (Debug: 2 1)
[2020.03.17-06.19.35:283][  0]LogTemp: Display: Module 'AllDesktopTargetPlatform' loaded TargetPlatform 'AllDesktop'
[2020.03.17-06.19.35:310][  0]LogTemp: Display: Module 'MacClientTargetPlatform' loaded TargetPlatform 'MacClient'
[2020.03.17-06.19.35:336][  0]LogTemp: Display: Module 'MacNoEditorTargetPlatform' loaded TargetPlatform 'MacNoEditor'
[2020.03.17-06.19.35:363][  0]LogTemp: Display: Module 'MacServerTargetPlatform' loaded TargetPlatform 'MacServer'
[2020.03.17-06.19.35:396][  0]LogTemp: Display: Module 'MacTargetPlatform' loaded TargetPlatform 'Mac'
[2020.03.17-06.19.35:423][  0]LogTemp: Display: Module 'WindowsClientTargetPlatform' loaded TargetPlatform 'WindowsClient'
[2020.03.17-06.19.35:451][  0]LogTemp: Display: Module 'WindowsNoEditorTargetPlatform' loaded TargetPlatform 'WindowsNoEditor'
[2020.03.17-06.19.35:480][  0]LogTemp: Display: Module 'WindowsServerTargetPlatform' loaded TargetPlatform 'WindowsServer'
[2020.03.17-06.19.35:500][  0]LogTemp: Display: Module 'WindowsTargetPlatform' loaded TargetPlatform 'Windows'
[2020.03.17-06.19.35:609][  0]LogTemp: Display: Module 'AndroidTargetPlatform' loaded TargetPlatform 'Android'
[2020.03.17-06.19.35:609][  0]LogTemp: Display: Module 'AndroidTargetPlatform' loaded TargetPlatform 'Android_ASTC'
[2020.03.17-06.19.35:609][  0]LogTemp: Display: Module 'AndroidTargetPlatform' loaded TargetPlatform 'Android_ATC'
[2020.03.17-06.19.35:609][  0]LogTemp: Display: Module 'AndroidTargetPlatform' loaded TargetPlatform 'Android_DXT'
[2020.03.17-06.19.35:609][  0]LogTemp: Display: Module 'AndroidTargetPlatform' loaded TargetPlatform 'Android_ETC1'
[2020.03.17-06.19.35:609][  0]LogTemp: Display: Module 'AndroidTargetPlatform' loaded TargetPlatform 'Android_ETC1a'
[2020.03.17-06.19.35:609][  0]LogTemp: Display: Module 'AndroidTargetPlatform' loaded TargetPlatform 'Android_ETC2'
[2020.03.17-06.19.35:609][  0]LogTemp: Display: Module 'AndroidTargetPlatform' loaded TargetPlatform 'Android_PVRTC'
[2020.03.17-06.19.35:609][  0]LogTemp: Display: Module 'AndroidTargetPlatform' loaded TargetPlatform 'AndroidClient'
[2020.03.17-06.19.35:609][  0]LogTemp: Display: Module 'AndroidTargetPlatform' loaded TargetPlatform 'Android_ASTCClient'
[2020.03.17-06.19.35:609][  0]LogTemp: Display: Module 'AndroidTargetPlatform' loaded TargetPlatform 'Android_ATCClient'
[2020.03.17-06.19.35:609][  0]LogTemp: Display: Module 'AndroidTargetPlatform' loaded TargetPlatform 'Android_DXTClient'
[2020.03.17-06.19.35:609][  0]LogTemp: Display: Module 'AndroidTargetPlatform' loaded TargetPlatform 'Android_ETC1Client'
[2020.03.17-06.19.35:609][  0]LogTemp: Display: Module 'AndroidTargetPlatform' loaded TargetPlatform 'Android_ETC1aClient'
[2020.03.17-06.19.35:609][  0]LogTemp: Display: Module 'AndroidTargetPlatform' loaded TargetPlatform 'Android_ETC2Client'
[2020.03.17-06.19.35:609][  0]LogTemp: Display: Module 'AndroidTargetPlatform' loaded TargetPlatform 'Android_PVRTCClient'
[2020.03.17-06.19.35:609][  0]LogTemp: Display: Module 'AndroidTargetPlatform' loaded TargetPlatform 'Android_Multi'
[2020.03.17-06.19.35:609][  0]LogTemp: Display: Module 'AndroidTargetPlatform' loaded TargetPlatform 'Android_MultiClient'
[2020.03.17-06.19.35:624][  0]LogTemp: Display: Module 'HTML5TargetPlatform' loaded TargetPlatform 'HTML5'
[2020.03.17-06.19.35:729][  0]LogTemp: Display: Module 'IOSTargetPlatform' loaded TargetPlatform 'IOSClient'
[2020.03.17-06.19.35:729][  0]LogTemp: Display: Module 'IOSTargetPlatform' loaded TargetPlatform 'IOS'
[2020.03.17-06.19.35:770][  0]LogTemp: Display: Module 'TVOSTargetPlatform' loaded TargetPlatform 'TVOSClient'
[2020.03.17-06.19.35:770][  0]LogTemp: Display: Module 'TVOSTargetPlatform' loaded TargetPlatform 'TVOS'
[2020.03.17-06.19.35:798][  0]LogTemp: Display: Module 'LinuxClientTargetPlatform' loaded TargetPlatform 'LinuxClient'
[2020.03.17-06.19.35:825][  0]LogTemp: Display: Module 'LinuxNoEditorTargetPlatform' loaded TargetPlatform 'LinuxNoEditor'
[2020.03.17-06.19.35:852][  0]LogTemp: Display: Module 'LinuxServerTargetPlatform' loaded TargetPlatform 'LinuxServer'
[2020.03.17-06.19.35:886][  0]LogTemp: Display: Module 'LinuxTargetPlatform' loaded TargetPlatform 'Linux'
[2020.03.17-06.19.35:952][  0]LogTemp: Display: Module 'LuminTargetPlatform' loaded TargetPlatform 'Lumin'
[2020.03.17-06.19.35:952][  0]LogTemp: Display: Module 'LuminTargetPlatform' loaded TargetPlatform 'LuminClient'
[2020.03.17-06.19.35:952][  0]LogTargetPlatformManager: Display: Building Assets For Windows
[2020.03.17-06.19.36:021][  0]LogAudioDebug: Display: Lib vorbis DLL was dynamically loaded.
[2020.03.17-06.19.36:379][  0]LogShaderCompilers: Guid format shader working directory is -8 characters bigger than the processId version (C:/Users/ericf/Desktop/repos/Marine-Squad/Marine_Squad/Intermediate/Shaders/WorkingDirectory/4780/).
[2020.03.17-06.19.36:380][  0]LogShaderCompilers: Cleaned the shader compiler working directory 'C:/Users/ericf/AppData/Local/Temp/UnrealShaderWorkingDir/E6F75D6E4ABCECEB35D7C0A046F52212/'.
[2020.03.17-06.19.36:381][  0]LogXGEController: Cleaning working directory: C:/Users/ericf/AppData/Local/Temp/UnrealXGEWorkingDir/
[2020.03.17-06.19.36:381][  0]LogXGEController: Cannot use XGE Controller as Incredibuild is not installed on this machine.
[2020.03.17-06.19.36:382][  0]LogShaderCompilers: Cannot use XGE Shader Compiler as Incredibuild is not installed on this machine.
[2020.03.17-06.19.36:382][  0]LogShaderCompilers: Display: Using Local Shader Compiler.
[2020.03.17-06.19.39:107][  0]LogDerivedDataCache: Display: Max Cache Size: 512 MB
[2020.03.17-06.19.39:715][  0]LogDerivedDataCache: Loaded boot cache 0.61s 71MB C:/Users/ericf/AppData/Local/UnrealEngine/4.22/DerivedDataCache/Boot.ddc.
[2020.03.17-06.19.39:715][  0]LogDerivedDataCache: Display: Loaded Boot cache: C:/Users/ericf/AppData/Local/UnrealEngine/4.22/DerivedDataCache/Boot.ddc
[2020.03.17-06.19.39:715][  0]LogDerivedDataCache: FDerivedDataBackendGraph:  Pak pak cache file C:/Users/ericf/Desktop/repos/Marine-Squad/Marine_Squad/DerivedDataCache/DDC.ddp not found, will not use a pak cache.
[2020.03.17-06.19.39:715][  0]LogDerivedDataCache: Unable to find inner node Pak for hierarchical cache Hierarchy.
[2020.03.17-06.19.39:715][  0]LogDerivedDataCache: FDerivedDataBackendGraph:  CompressedPak pak cache file C:/Users/ericf/Desktop/repos/Marine-Squad/Marine_Squad/DerivedDataCache/Compressed.ddp not found, will not use a pak cache.
[2020.03.17-06.19.39:715][  0]LogDerivedDataCache: Unable to find inner node CompressedPak for hierarchical cache Hierarchy.
[2020.03.17-06.19.39:740][  0]LogDerivedDataCache: Display: Pak cache opened for reading ../../../Engine/DerivedDataCache/Compressed.ddp.
[2020.03.17-06.19.39:740][  0]LogDerivedDataCache: FDerivedDataBackendGraph:  EnterprisePak pak cache file ../../../Enterprise/DerivedDataCache/Compressed.ddp not found, will not use a pak cache.
[2020.03.17-06.19.39:740][  0]LogDerivedDataCache: Unable to find inner node EnterprisePak for hierarchical cache Hierarchy.
[2020.03.17-06.19.39:753][  0]LogDerivedDataCache: Using Local data cache path C:/Users/ericf/AppData/Local/UnrealEngine/Common/DerivedDataCache: Writable
[2020.03.17-06.19.39:753][  0]LogDerivedDataCache: Shared data cache path not found in *engine.ini, will not use an Shared cache.
[2020.03.17-06.19.39:753][  0]LogDerivedDataCache: Unable to find inner node Shared for hierarchical cache Hierarchy.
[2020.03.17-06.19.39:780][  0]LogMaterial: Verifying Global Shaders for PCD3D_SM5
[2020.03.17-06.19.39:787][  0]LogSlate: Using FreeType 2.6.0
[2020.03.17-06.19.39:808][  0]LogSlate: SlateFontServices - WITH_FREETYPE: 1, WITH_HARFBUZZ: 1
[2020.03.17-06.19.40:095][  0]LogAssetRegistry: FAssetRegistry took 0.0361 seconds to start up
[2020.03.17-06.19.40:558][  0]LogInit: Selected Device Profile: [Windows]
[2020.03.17-06.19.41:044][  0]LogMeshReduction: Using QuadricMeshReduction for automatic static mesh reduction
[2020.03.17-06.19.41:044][  0]LogMeshReduction: Using SimplygonMeshReduction for automatic skeletal mesh reduction
[2020.03.17-06.19.41:044][  0]LogMeshReduction: Using ProxyLODMeshReduction for automatic mesh merging
[2020.03.17-06.19.41:044][  0]LogMeshReduction: No distributed automatic mesh merging module available
[2020.03.17-06.19.41:044][  0]LogMeshMerging: No distributed automatic mesh merging module available
[2020.03.17-06.19.41:103][  0]LogNetVersion: Marine_Squad 1.0.0, NetCL: 5660361, EngineNetVer: 10, GameNetVer: 0 (Checksum: 4148284594)
[2020.03.17-06.19.42:443][  0]LogPackageLocalizationCache: Processed 10 localized package path(s) for 1 prioritized culture(s) in 0.057058 seconds
[2020.03.17-06.19.42:450][  0]LogUObjectArray: 42205 objects as part of root set at end of initial load.
[2020.03.17-06.19.42:450][  0]LogUObjectAllocator: 7325032 out of 0 bytes used by permanent object pool.
[2020.03.17-06.19.42:450][  0]LogUObjectArray: CloseDisregardForGC: 0/0 objects in disregard for GC pool
[2020.03.17-06.19.46:547][  0]LogVaFog: [FVaFogOfWarModule::StartupModule(44)] VaFogOfWar module started
[2020.03.17-06.19.46:595][  0]LogTcpMessaging: Initializing TcpMessaging bridge
[2020.03.17-06.19.46:625][  0]LogUdpMessaging: Initializing bridge on interface 0.0.0.0:0 to multicast group 230.0.0.1:6666.
[2020.03.17-06.19.46:762][  0]LogStats: UGameplayTagsManager::InitializeManager -  0.002 s
[2020.03.17-06.19.47:181][  0]SourceControl: Source control is disabled
[2020.03.17-06.19.47:182][  0]SourceControl: Source control is disabled
[2020.03.17-06.19.47:222][  0]SourceControl: Source control is disabled
[2020.03.17-06.19.47:248][  0]SourceControl: Source control is disabled
[2020.03.17-06.19.48:048][  0]LogAndroidPermission: UAndroidPermissionCallbackProxy::GetInstance
[2020.03.17-06.19.48:502][  0]LogOcInput: OculusInput pre-init called
[2020.03.17-06.19.49:373][  0]LogEngine: Initializing Engine...
[2020.03.17-06.19.49:375][  0]LogHMD: Failed to initialize OpenVR with code 110
[2020.03.17-06.19.49:863][  0]LogInit: Initializing FReadOnlyCVARCache
[2020.03.17-06.19.49:909][  0]LogAIModule: Creating AISystem for world Untitled
[2020.03.17-06.19.49:912][  0]LogVaFog: [FVaFogOfWarModule::StartupModule::<lambda_976865d7f760a47e2a086b15bf7dcbd9>::operator ()(41)] Fog Controller is created for: Untitled
[2020.03.17-06.19.49:992][  0]LogInit: XAudio2 using 'HEAD SET (Corsair VOID PRO USB Gaming Headset )' : 2 channels at 48 kHz using 16 bits per sample (channel mask 0x3)
[2020.03.17-06.19.50:030][  0]LogInit: FAudioDevice initialized.
[2020.03.17-06.19.50:030][  0]LogNetVersion: Set ProjectVersion to 1.0.0.0. Version Checksum will be recalculated on next use.
[2020.03.17-06.19.50:907][  0]LogDerivedDataCache: Saved boot cache 0.88s 71MB C:/Users/ericf/AppData/Local/UnrealEngine/4.22/DerivedDataCache/Boot.ddc.
[2020.03.17-06.19.50:921][  0]LogInit: Texture streaming: Enabled
[2020.03.17-06.19.51:005][  0]LogEngineSessionManager: EngineSessionManager initialized
[2020.03.17-06.19.51:066][  0]LogInit: Transaction tracking system initialized
[2020.03.17-06.19.51:183][  0]BlueprintLog: New page: Editor Load
[2020.03.17-06.19.51:688][  0]LocalizationService: Localization service is disabled
[2020.03.17-06.19.53:127][  0]LogCook: Display: Max memory allowance for cook 16384mb min free memory 0mb
[2020.03.17-06.19.53:127][  0]LogCook: Display: Mobile HDR setting 1
[2020.03.17-06.19.53:201][  0]LogFileCache: Scanning file cache for directory 'C:/Users/ericf/Desktop/repos/Marine-Squad/Marine_Squad/Content/' took 0.03s
[2020.03.17-06.19.53:201][  0]LogStats: FGameplayAbilitiesEditorModule::GameplayTagTreeChanged -  0.000 s
[2020.03.17-06.19.54:237][  0]SourceControl: Source control is disabled
[2020.03.17-06.19.54:239][  0]Cmd: MAP LOAD FILE="C:/Users/ericf/Desktop/repos/Marine-Squad/Marine_Squad/Content/StarterContent/Maps/Minimal_Default.umap" TEMPLATE=0 SHOWPROGRESS=1 FEATURELEVEL=3
[2020.03.17-06.19.54:283][  0]LightingResults: New page: Lighting Build
[2020.03.17-06.19.54:291][  0]LogVaFog: [FVaFogOfWarModule::StartupModule::<lambda_144d8ffb0c7ca55232a4412d9c0c3636>::operator ()(31)] Fog Controller is removed for: Untitled
[2020.03.17-06.19.54:292][  0]MapCheck: New page: Map Check
[2020.03.17-06.19.54:292][  0]LightingResults: New page: Lighting Build
[2020.03.17-06.19.54:338][  0]LogUObjectHash: Compacting FUObjectHashTables data took   2.05ms
[2020.03.17-06.19.57:568][  0]LogAIModule: Creating AISystem for world Minimal_Default
[2020.03.17-06.19.57:569][  0]LogVaFog: [FVaFogOfWarModule::StartupModule::<lambda_976865d7f760a47e2a086b15bf7dcbd9>::operator ()(41)] Fog Controller is created for: Minimal_Default
[2020.03.17-06.19.57:663][  0]LogEditorServer: Finished looking for orphan Actors (0.000 secs)
[2020.03.17-06.19.57:756][  0]LogUObjectHash: Compacting FUObjectHashTables data took   3.28ms
[2020.03.17-06.19.57:756][  0]Cmd: MAP CHECKDEP NOCLEARLOG
[2020.03.17-06.19.57:756][  0]MapCheck: Map check complete: 0 Error(s), 0 Warning(s), took 0.132ms to complete.
[2020.03.17-06.19.57:756][  0]LogFileHelpers: Loading map 'Minimal_Default' took 3.519
[2020.03.17-06.19.57:963][  0]LogSlate: Updating window title bar state: overlay mode, drag disabled, window buttons hidden, title bar hidden
[2020.03.17-06.19.57:973][  0]LogSlate: Updating window title bar state: overlay mode, drag disabled, window buttons hidden, title bar hidden
[2020.03.17-06.19.57:982][  0]LogSlate: Updating window title bar state: overlay mode, drag disabled, window buttons hidden, title bar hidden
[2020.03.17-06.19.57:992][  0]LogSlate: Updating window title bar state: overlay mode, drag disabled, window buttons hidden, title bar hidden
[2020.03.17-06.19.58:099][  0]LogCollectionManager: Loaded 0 collections in 0.000899 seconds
[2020.03.17-06.19.58:131][  0]LogFileCache: Scanning file cache for directory 'C:/Users/ericf/Desktop/repos/Marine-Squad/Marine_Squad/Saved/Collections/' took 0.01s
[2020.03.17-06.19.58:131][  0]LogFileCache: Scanning file cache for directory 'C:/Users/ericf/Desktop/repos/Marine-Squad/Marine_Squad/Content/Developers/ericf/Collections/' took 0.01s
[2020.03.17-06.19.58:131][  0]LogFileCache: Scanning file cache for directory 'C:/Users/ericf/Desktop/repos/Marine-Squad/Marine_Squad/Content/Collections/' took 0.00s
[2020.03.17-06.19.58:131][  0]LogCollectionManager: Rebuilt the GUID cache for 0 collections in 0.000000 seconds
[2020.03.17-06.19.58:145][  0]LogContentBrowser: Native class hierarchy populated in 0.0136 seconds. Added 2840 classes and 674 folders.
[2020.03.17-06.19.58:152][  0]LogContentBrowser: Native class hierarchy updated for 'WidgetCarousel' in 0.0005 seconds. Added 0 classes and 0 folders.
[2020.03.17-06.19.58:164][  0]LogPakFile: Registered encryption key '00000000000000000000000000000000': 0 pak files mounted, 0 remain pending
[2020.03.17-06.19.58:175][  0]LogPakFile: Registered encryption key '00000000000000000000000000000000': 0 pak files mounted, 0 remain pending
[2020.03.17-06.19.58:192][  0]LogPakFile: Registered encryption key '00000000000000000000000000000000': 0 pak files mounted, 0 remain pending
[2020.03.17-06.19.58:211][  0]LogPakFile: Registered encryption key '00000000000000000000000000000000': 0 pak files mounted, 0 remain pending
[2020.03.17-06.19.58:218][  0]LogPakFile: Registered encryption key '00000000000000000000000000000000': 0 pak files mounted, 0 remain pending
[2020.03.17-06.19.58:227][  0]LogPakFile: Registered encryption key '00000000000000000000000000000000': 0 pak files mounted, 0 remain pending
[2020.03.17-06.19.58:234][  0]LogPakFile: Registered encryption key '00000000000000000000000000000000': 0 pak files mounted, 0 remain pending
[2020.03.17-06.19.58:243][  0]LogPakFile: Registered encryption key '00000000000000000000000000000000': 0 pak files mounted, 0 remain pending
[2020.03.17-06.19.58:250][  0]LogPakFile: Registered encryption key '00000000000000000000000000000000': 0 pak files mounted, 0 remain pending
[2020.03.17-06.19.58:263][  0]LogPakFile: Registered encryption key '00000000000000000000000000000000': 0 pak files mounted, 0 remain pending
[2020.03.17-06.19.58:272][  0]LogPakFile: Registered encryption key '00000000000000000000000000000000': 0 pak files mounted, 0 remain pending
[2020.03.17-06.19.58:279][  0]LogPakFile: Registered encryption key '00000000000000000000000000000000': 0 pak files mounted, 0 remain pending
[2020.03.17-06.19.58:288][  0]LogPakFile: Registered encryption key '00000000000000000000000000000000': 0 pak files mounted, 0 remain pending
[2020.03.17-06.19.58:296][  0]LogPakFile: Registered encryption key '00000000000000000000000000000000': 0 pak files mounted, 0 remain pending
[2020.03.17-06.19.58:304][  0]LogPakFile: Registered encryption key '00000000000000000000000000000000': 0 pak files mounted, 0 remain pending
[2020.03.17-06.19.58:312][  0]LogPakFile: Registered encryption key '00000000000000000000000000000000': 0 pak files mounted, 0 remain pending
[2020.03.17-06.19.58:345][  0]LogPakFile: Registered encryption key '00000000000000000000000000000000': 0 pak files mounted, 0 remain pending
[2020.03.17-06.19.58:355][  0]LogPakFile: Registered encryption key '00000000000000000000000000000000': 0 pak files mounted, 0 remain pending
[2020.03.17-06.19.58:364][  0]LogPakFile: Registered encryption key '00000000000000000000000000000000': 0 pak files mounted, 0 remain pending
[2020.03.17-06.19.58:374][  0]LogPakFile: Registered encryption key '00000000000000000000000000000000': 0 pak files mounted, 0 remain pending
[2020.03.17-06.19.58:383][  0]LogPakFile: Registered encryption key '00000000000000000000000000000000': 0 pak files mounted, 0 remain pending
[2020.03.17-06.19.58:391][  0]LogPakFile: Registered encryption key '00000000000000000000000000000000': 0 pak files mounted, 0 remain pending
[2020.03.17-06.19.58:398][  0]LogPakFile: Registered encryption key '00000000000000000000000000000000': 0 pak files mounted, 0 remain pending
[2020.03.17-06.19.58:406][  0]LogPakFile: Registered encryption key '00000000000000000000000000000000': 0 pak files mounted, 0 remain pending
[2020.03.17-06.19.58:415][  0]LogPakFile: Registered encryption key '00000000000000000000000000000000': 0 pak files mounted, 0 remain pending
[2020.03.17-06.19.58:423][  0]LogPakFile: Registered encryption key '00000000000000000000000000000000': 0 pak files mounted, 0 remain pending
[2020.03.17-06.19.58:598][  0]LogContentBrowser: Native class hierarchy updated for 'AddContentDialog' in 0.0008 seconds. Added 0 classes and 0 folders.
[2020.03.17-06.19.58:766][  0]LogSlate: Took 0.006852 seconds to synchronously load lazily loaded font '../../../Engine/Content/Slate/Fonts/Roboto-Regular.ttf' (155K)
[2020.03.17-06.19.58:776][  0]LogSlate: Took 0.006612 seconds to synchronously load lazily loaded font '../../../Engine/Content/Slate/Fonts/Roboto-Bold.ttf' (160K)
[2020.03.17-06.19.58:784][  0]LogSlate: Took 0.005740 seconds to synchronously load lazily loaded font '../../../Engine/Content/Editor/Slate/Fonts/FontAwesome.ttf' (139K)
[2020.03.17-06.19.58:793][  0]LogSlate: Took 0.007541 seconds to synchronously load lazily loaded font '../../../Engine/Content/Slate/Fonts/DroidSansMono.ttf' (77K)
[2020.03.17-06.19.59:003][  0]LogRenderer: Reallocating scene render targets to support 1968x896 Format 10 NumSamples 1 (Frame:1).
[2020.03.17-06.19.59:253][  0]LogContentBrowser: Native class hierarchy updated for 'HierarchicalLODOutliner' in 0.0007 seconds. Added 0 classes and 0 folders.
[2020.03.17-06.19.59:253][  0]LogLoad: (Engine Initialization) Total time: 33.58 seconds
[2020.03.17-06.19.59:253][  0]LogLoad: (Engine Initialization) Total Blueprint compile time: 0.00 seconds
[2020.03.17-06.19.59:338][  0]LogContentStreaming: Texture pool size now 1000 MB
[2020.03.17-06.19.59:412][  1]LogAssetRegistry: Asset discovery search completed in 19.3402 seconds
[2020.03.17-06.19.59:416][  1]LogCollectionManager: Rebuilt the object cache for 0 collections in 0.000000 seconds (found 0 objects)
[2020.03.17-06.19.59:416][  1]LogCollectionManager: Fixed up redirectors for 0 collections in 0.000209 seconds (updated 0 objects)
[2020.03.17-06.43.59:473][283]LogHttp: Warning: 000001B773F89800: request failed, libcurl error: 6 (Couldn't resolve host name)
[2020.03.17-06.43.59:511][283]LogHttp: Warning: 000001B773F89800: libcurl info message cache 0 (Connection 7 seems to be dead!)
[2020.03.17-06.43.59:514][283]LogHttp: Warning: 000001B773F89800: libcurl info message cache 1 (Closing connection 7)
[2020.03.17-06.43.59:515][283]LogHttp: Warning: 000001B773F89800: libcurl info message cache 2 (TLSv1.2 (OUT), TLS alert, Client hello (1):)
[2020.03.17-06.43.59:517][283]LogHttp: Warning: 000001B773F89800: libcurl info message cache 3 (Could not resolve host: datarouter.ol.epicgames.com)
[2020.03.17-06.43.59:518][283]LogHttp: Warning: 000001B773F89800: libcurl info message cache 4 (Closing connection 8)
[2020.03.17-06.43.59:811][284]LogHttp: Warning: Retry exhausted on https://datarouter.ol.epicgames.com/datarouter/api/v1/public/data?SessionID=%7B406DB596-41EA-27EF-EED2-BCB867F73BCA%7D&AppID=UEEditor.Rocket.Release&AppVersion=4.22.3-7053642%2B%2B%2BUE4%2BRelease-4.22&UserID=ae86788d4134fa5a137890a720085a6a%7C722f828ed35e43ae806c4e05bee10d1a%7C623e5266-bd3d-4d5d-a1dd-fac30eb961f2&AppEnvironment=datacollector-binary&UploadType=eteventstream
[2020.03.17-07.56.00:690][135]LogSlate: FSceneViewport::OnFocusLost() reason 0
[2020.03.17-07.56.01:086][140]LogUObjectHash: Compacting FUObjectHashTables data took  15.52ms
[2020.03.17-07.56.01:288][140]LogSlate: Window 'Marine_Squad - Unreal Editor' being destroyed
[2020.03.17-07.56.01:299][140]LogWindowsTextInputMethodSystem: Display: IME system now deactivated.
[2020.03.17-07.56.01:840][141]Cmd: QUIT_EDITOR
[2020.03.17-07.56.01:973][141]LogExit: Preparing to exit.
[2020.03.17-07.56.03:914][141]LogVaFog: [FVaFogOfWarModule::StartupModule::<lambda_144d8ffb0c7ca55232a4412d9c0c3636>::operator ()(31)] Fog Controller is removed for: None
[2020.03.17-07.56.03:938][141]LogExit: Editor shut down
[2020.03.17-07.56.03:941][141]LogExit: Transaction tracking system shut down
[2020.03.17-07.56.04:759][141]LogExit: Object subsystem successfully closed.
[2020.03.17-07.56.04:826][141]LogShaderCompilers: Display: Shaders left to compile 0
[2020.03.17-07.56.04:834][141]LogD3D11RHI: Shutdown
[2020.03.17-07.56.04:834][141]LogD3D11RHI: CleanupD3DDevice
[2020.03.17-07.56.04:846][141]LogRendererCore: FGlobalReadBuffer::ReleaseRHI
[2020.03.17-07.56.04:846][141]LogRendererCore: FGlobalDynamicReadBuffer::Cleanup()
[2020.03.17-07.56.04:847][141]LogRendererCore: FGlobalReadBuffer::ReleaseRHI
[2020.03.17-07.56.04:847][141]LogRendererCore: FGlobalDynamicReadBuffer::Cleanup()
[2020.03.17-07.56.04:847][141]LogRendererCore: FGlobalReadBuffer::ReleaseRHI
[2020.03.17-07.56.04:847][141]LogRendererCore: FGlobalDynamicReadBuffer::Cleanup()
[2020.03.17-07.56.04:941][141]LogD3D11RHI: ~FD3D11DynamicRHI
[2020.03.17-07.56.05:087][141]LogModuleManager: Shutting down and abandoning module HierarchicalLODOutliner (650)
[2020.03.17-07.56.05:087][141]LogModuleManager: Shutting down and abandoning module AddContentDialog (648)
[2020.03.17-07.56.05:107][141]LogModuleManager: Shutting down and abandoning module WidgetCarousel (647)
[2020.03.17-07.56.05:107][141]LogModuleManager: Shutting down and abandoning module EditorWidgets (644)
[2020.03.17-07.56.05:108][141]LogModuleManager: Shutting down and abandoning module CollectionManager (642)
[2020.03.17-07.56.05:109][141]LogModuleManager: Shutting down and abandoning module SceneOutliner (640)
[2020.03.17-07.56.05:109][141]LogModuleManager: Shutting down and abandoning module StatsViewer (638)
[2020.03.17-07.56.05:111][141]LogModuleManager: Shutting down and abandoning module FoliageEdit (636)
[2020.03.17-07.56.05:111][141]LogModuleManager: Shutting down and abandoning module LandscapeEditor (634)
[2020.03.17-07.56.05:114][141]LogModuleManager: Shutting down and abandoning module MeshPaintMode (632)
[2020.03.17-07.56.05:114][141]LogModuleManager: Shutting down and abandoning module SceneDepthPickerMode (630)
[2020.03.17-07.56.05:114][141]LogModuleManager: Shutting down and abandoning module ActorPickerMode (628)
[2020.03.17-07.56.05:114][141]LogModuleManager: Shutting down and abandoning module GeometryMode (626)
[2020.03.17-07.56.05:114][141]LogModuleManager: Shutting down and abandoning module TextureAlignMode (624)
[2020.03.17-07.56.05:114][141]LogModuleManager: Shutting down and abandoning module BspMode (622)
[2020.03.17-07.56.05:114][141]LogModuleManager: Shutting down and abandoning module PIEPreviewDeviceProfileSelector (620)
[2020.03.17-07.56.05:116][141]LogModuleManager: Shutting down and abandoning module SequenceRecorderSections (618)
[2020.03.17-07.56.05:116][141]LogModuleManager: Shutting down and abandoning module AutomationWorker (616)
[2020.03.17-07.56.05:117][141]LogModuleManager: Shutting down and abandoning module OculusMR (614)
[2020.03.17-07.56.05:117][141]LogModuleManager: Shutting down and abandoning module AudioCaptureEditor (612)
[2020.03.17-07.56.05:117][141]LogModuleManager: Shutting down and abandoning module MatineeToLevelSequence (610)
[2020.03.17-07.56.05:118][141]LogModuleManager: Shutting down and abandoning module LevelSequenceEditor (608)
[2020.03.17-07.56.05:122][141]LogModuleManager: Shutting down and abandoning module PlacementMode (607)
[2020.03.17-07.56.05:122][141]LogModuleManager: Shutting down and abandoning module MaterialEditor (606)
[2020.03.17-07.56.05:125][141]LogModuleManager: Shutting down and abandoning module ActorSequenceEditor (602)
[2020.03.17-07.56.05:126][141]LogModuleManager: Shutting down and abandoning module WmfMediaFactory (600)
[2020.03.17-07.56.05:126][141]LogModuleManager: Shutting down and abandoning module WmfMediaEditor (598)
[2020.03.17-07.56.05:126][141]LogModuleManager: Shutting down and abandoning module WebMMediaFactory (596)
[2020.03.17-07.56.05:126][141]LogModuleManager: Shutting down and abandoning module WebMMediaEditor (594)
[2020.03.17-07.56.05:126][141]LogModuleManager: Shutting down and abandoning module WebMMedia (592)
[2020.03.17-07.56.05:126][141]LogModuleManager: Shutting down and abandoning module MediaPlayerEditor (590)
[2020.03.17-07.56.05:128][141]LogModuleManager: Shutting down and abandoning module MediaCompositingEditor (588)
[2020.03.17-07.56.05:129][141]LogModuleManager: Shutting down and abandoning module SequenceRecorder (587)
[2020.03.17-07.56.05:130][141]LogModuleManager: Shutting down and abandoning module OpenExrWrapper (584)
[2020.03.17-07.56.05:130][141]LogModuleManager: Shutting down and abandoning module ImgMediaFactory (582)
[2020.03.17-07.56.05:130][141]LogModuleManager: Shutting down and abandoning module ImgMediaEditor (580)
[2020.03.17-07.56.05:130][141]LogModuleManager: Shutting down and abandoning module AvfMediaFactory (578)
[2020.03.17-07.56.05:130][141]LogModuleManager: Shutting down and abandoning module AvfMediaEditor (576)
[2020.03.17-07.56.05:130][141]LogModuleManager: Shutting down and abandoning module AndroidMediaFactory (574)
[2020.03.17-07.56.05:130][141]LogModuleManager: Shutting down and abandoning module AndroidMediaEditor (572)
[2020.03.17-07.56.05:130][141]LogModuleManager: Shutting down and abandoning module MagicLeapCameraPreviewFactory (570)
[2020.03.17-07.56.05:130][141]LogModuleManager: Shutting down and abandoning module MagicLeapMediaCodecFactory (568)
[2020.03.17-07.56.05:130][141]LogModuleManager: Shutting down and abandoning module MagicLeapMediaFactory (566)
[2020.03.17-07.56.05:130][141]LogModuleManager: Shutting down and abandoning module MagicLeapMediaEditor (564)
[2020.03.17-07.56.05:130][141]LogModuleManager: Shutting down and abandoning module CharacterAI (562)
[2020.03.17-07.56.05:130][141]LogModuleManager: Shutting down and abandoning module SmartSnapping (560)
[2020.03.17-07.56.05:130][141]LogModuleManager: Shutting down and abandoning module SessionServices (558)
[2020.03.17-07.56.05:130][141]LogModuleManager: Shutting down and abandoning module MeshPaint (556)
[2020.03.17-07.56.05:131][141]LogModuleManager: Shutting down and abandoning module ViewportSnapping (554)
[2020.03.17-07.56.05:131][141]LogModuleManager: Shutting down and abandoning module ViewportInteraction (552)
[2020.03.17-07.56.05:131][141]LogModuleManager: Shutting down and abandoning module ClothPainter (550)
[2020.03.17-07.56.05:133][141]LogModuleManager: Shutting down and abandoning module SkeletalMeshEditor (549)
[2020.03.17-07.56.05:135][141]LogModuleManager: Shutting down and abandoning module LogVisualizer (546)
[2020.03.17-07.56.05:137][141]LogModuleManager: Shutting down and abandoning module IntroTutorials (544)
[2020.03.17-07.56.05:140][141]LogModuleManager: Shutting down and abandoning module GameProjectGeneration (543)
[2020.03.17-07.56.05:140][141]LogModuleManager: Shutting down and abandoning module LuminPlatformEditor (540)
[2020.03.17-07.56.05:140][141]LogModuleManager: Shutting down and abandoning module IOSPlatformEditor (538)
[2020.03.17-07.56.05:141][141]LogModuleManager: Shutting down and abandoning module HTML5PlatformEditor (536)
[2020.03.17-07.56.05:141][141]LogModuleManager: Shutting down and abandoning module AndroidPlatformEditor (534)
[2020.03.17-07.56.05:141][141]LogModuleManager: Shutting down and abandoning module AndroidDeviceDetection (533)
