Log file open, 02/16/20 00:18:45
LogWindows: Failed to load 'aqProf.dll' (GetLastError=126)
LogWindows: File 'aqProf.dll' does not exist
LogWindows: Failed to load 'VtuneApi.dll' (GetLastError=126)
LogWindows: File 'VtuneApi.dll' does not exist
LogWindows: Failed to load 'VtuneApi32e.dll' (GetLastError=126)
LogWindows: File 'VtuneApi32e.dll' does not exist
LogConsoleResponse: Display: Failed to find resolution value strings in scalability ini. Falling back to default.
LogInit: Display: Running engine for game: Marine_Squad
LogPakFile: Registered encryption key '00000000000000000000000000000000': 0 pak files mounted, 0 remain pending
LogPlatformFile: Not using cached read wrapper
LogTaskGraph: Started task graph with 5 named threads and 14 total threads with 3 sets of task threads.
LogStats: Stats thread started at 0.574384
LogD3D11RHI: Loaded GFSDK_Aftermath_Lib.x64.dll
LogICUInternationalization: ICU TimeZone Detection - Raw Offset: -6:00, Platform Override: ''
LogPluginManager: Mounting plugin Paper2D
LogPluginManager: Mounting plugin AISupport
LogPluginManager: Mounting plugin LightPropagationVolume
LogPluginManager: Mounting plugin ActorLayerUtilities
LogPluginManager: Mounting plugin AnimationSharing
LogPluginManager: Mounting plugin CLionSourceCodeAccess
LogPluginManager: Mounting plugin CodeLiteSourceCodeAccess
LogPluginManager: Mounting plugin GitSourceControl
LogPluginManager: Mounting plugin KDevelopSourceCodeAccess
LogPluginManager: Mounting plugin NullSourceCodeAccess
LogPluginManager: Mounting plugin PerforceSourceControl
LogPluginManager: Mounting plugin SubversionSourceControl
LogPluginManager: Mounting plugin UObjectPlugin
LogPluginManager: Mounting plugin VisualStudioCodeSourceCodeAccess
LogPluginManager: Mounting plugin VisualStudioSourceCodeAccess
LogPluginManager: Mounting plugin XCodeSourceCodeAccess
LogPluginManager: Mounting plugin AssetManagerEditor
LogPluginManager: Mounting plugin CryptoKeys
LogPluginManager: Mounting plugin DataValidation
LogPluginManager: Mounting plugin FacialAnimation
LogPluginManager: Mounting plugin GameplayTagsEditor
LogPluginManager: Mounting plugin MacGraphicsSwitching
LogPluginManager: Mounting plugin MaterialAnalyzer
LogPluginManager: Mounting plugin MobileLauncherProfileWizard
LogPluginManager: Mounting plugin PluginBrowser
LogPluginManager: Mounting plugin SpeedTreeImporter
LogPluginManager: Mounting plugin DatasmithContent
LogPluginManager: Mounting plugin VariantManagerContent
LogPluginManager: Mounting plugin AlembicImporter
LogPluginManager: Mounting plugin AppleImageUtils
LogPluginManager: Mounting plugin AppleVision
LogPluginManager: Mounting plugin BackChannel
LogPluginManager: Mounting plugin CharacterAI
LogPluginManager: Mounting plugin GeometryCache
LogPluginManager: Mounting plugin HTML5Networking
LogPluginManager: Mounting plugin ProxyLODPlugin
LogPluginManager: Mounting plugin SkeletalReduction
LogPluginManager: Mounting plugin MagicLeap
LogPluginManager: Mounting plugin MagicLeapMedia
LogPluginManager: Mounting plugin VaFogOfWar
LogPluginManager: Mounting plugin AndroidMedia
LogPluginManager: Mounting plugin AvfMedia
LogPluginManager: Mounting plugin ImgMedia
LogPluginManager: Mounting plugin LinearTimecode
LogPluginManager: Mounting plugin MediaCompositing
LogPluginManager: Mounting plugin MediaPlayerEditor
LogPluginManager: Mounting plugin WebMMedia
LogPluginManager: Mounting plugin WmfMedia
LogPluginManager: Mounting plugin TcpMessaging
LogPluginManager: Mounting plugin UdpMessaging
LogPluginManager: Mounting plugin ActorSequence
LogPluginManager: Mounting plugin LevelSequenceEditor
LogPluginManager: Mounting plugin MatineeToLevelSequence
LogPluginManager: Mounting plugin NetcodeUnitTest
LogPluginManager: Mounting plugin NUTUnrealEngine4
LogPluginManager: Mounting plugin OnlineSubsystemGooglePlay
LogPluginManager: Mounting plugin OnlineSubsystemIOS
LogPluginManager: Mounting plugin OnlineSubsystem
LogPluginManager: Mounting plugin OnlineSubsystemNull
LogPluginManager: Mounting plugin OnlineSubsystemUtils
LogPluginManager: Mounting plugin LauncherChunkInstaller
LogPluginManager: Mounting plugin AndroidDeviceProfileSelector
LogPluginManager: Mounting plugin AndroidMoviePlayer
LogPluginManager: Mounting plugin AndroidPermission
LogPluginManager: Mounting plugin AppleMoviePlayer
LogPluginManager: Mounting plugin ArchVisCharacter
LogPluginManager: Mounting plugin AudioCapture
LogPluginManager: Mounting plugin CableComponent
LogPluginManager: Mounting plugin CustomMeshComponent
LogPluginManager: Mounting plugin EditableMesh
LogPluginManager: Mounting plugin ExampleDeviceProfileSelector
LogPluginManager: Mounting plugin Firebase
LogPluginManager: Mounting plugin GoogleCloudMessaging
LogPluginManager: Mounting plugin IOSDeviceProfileSelector
LogPluginManager: Mounting plugin LinuxDeviceProfileSelector
LogPluginManager: Mounting plugin LocationServicesBPLibrary
LogPluginManager: Mounting plugin MobilePatchingUtils
LogPluginManager: Mounting plugin OculusVR
LogPluginManager: Mounting plugin PhysXVehicles
LogPluginManager: Mounting plugin ProceduralMeshComponent
LogPluginManager: Mounting plugin RuntimePhysXCooking
LogPluginManager: Mounting plugin SignificanceManager
LogPluginManager: Mounting plugin SteamVR
LogPluginManager: Mounting plugin WebMMoviePlayer
LogPluginManager: Mounting plugin WindowsMoviePlayer
LogInit: Using libcurl 7.55.1-DEV
LogInit:  - built for x86_64-pc-win32
LogInit:  - supports SSL with OpenSSL/1.1.1
LogInit:  - supports HTTP deflate (compression) using libz 1.2.8
LogInit:  - other features:
LogInit:      CURL_VERSION_SSL
LogInit:      CURL_VERSION_LIBZ
LogInit:      CURL_VERSION_IPV6
LogInit:      CURL_VERSION_ASYNCHDNS
LogInit:      CURL_VERSION_LARGEFILE
LogInit:      CURL_VERSION_IDN
LogInit:  CurlRequestOptions (configurable via config and command line):
LogInit:  - bVerifyPeer = true  - Libcurl will verify peer certificate
LogInit:  - bUseHttpProxy = false  - Libcurl will NOT use HTTP proxy
LogInit:  - bDontReuseConnections = false  - Libcurl will reuse connections
LogInit:  - MaxHostConnections = 16  - Libcurl will limit the number of connections to a host
LogInit:  - LocalHostAddr = Default
LogInit:  - BufferSize = 65536
LogInit: WinSock: version 1.1 (2.2), MaxSocks=32767, MaxUdp=65467
LogInit: Build: ++UE4+Release-4.22-CL-7053642
LogInit: Engine Version: 4.22.3-7053642+++UE4+Release-4.22
LogInit: Compatible Engine Version: 4.22.0-5660361+++UE4+Release-4.22
LogInit: Net CL: 5660361
LogInit: OS: Windows 10 (Release 1903) (), CPU: Intel(R) Core(TM) i5-4690K CPU @ 3.50GHz, GPU: NVIDIA GeForce GTX 970
LogInit: Compiled (64-bit): Jun 18 2019 03:09:11
LogInit: Compiled with Visual C++: 19.16.27025.01
LogInit: Build Configuration: Development
LogInit: Branch Name: ++UE4+Release-4.22
LogInit: Command Line: 
LogInit: Base Directory: Q:/UE_4.22/Engine/Binaries/Win64/
LogInit: Installed Engine Build: 1
LogDevObjectVersion: Number of dev versions registered: 23
LogDevObjectVersion:   Dev-Blueprints (B0D832E4-1F89-4F0D-ACCF-7EB736FD4AA2): 10
LogDevObjectVersion:   Dev-Build (E1C64328-A22C-4D53-A36C-8E866417BD8C): 0
LogDevObjectVersion:   Dev-Core (375EC13C-06E4-48FB-B500-84F0262A717E): 3
LogDevObjectVersion:   Dev-Editor (E4B068ED-F494-42E9-A231-DA0B2E46BB41): 30
LogDevObjectVersion:   Dev-Framework (CFFC743F-43B0-4480-9391-14DF171D2073): 35
LogDevObjectVersion:   Dev-Mobile (B02B49B5-BB20-44E9-A304-32B752E40360): 2
LogDevObjectVersion:   Dev-Networking (A4E4105C-59A1-49B5-A7C5-40C4547EDFEE): 0
LogDevObjectVersion:   Dev-Online (39C831C9-5AE6-47DC-9A44-9C173E1C8E7C): 0
LogDevObjectVersion:   Dev-Physics (78F01B33-EBEA-4F98-B9B4-84EACCB95AA2): 0
LogDevObjectVersion:   Dev-Platform (6631380F-2D4D-43E0-8009-CF276956A95A): 0
LogDevObjectVersion:   Dev-Rendering (12F88B9F-8875-4AFC-A67C-D90C383ABD29): 28
LogDevObjectVersion:   Dev-Sequencer (7B5AE74C-D270-4C10-A958-57980B212A5A): 11
LogDevObjectVersion:   Dev-VR (D7296918-1DD6-4BDD-9DE2-64A83CC13884): 2
LogDevObjectVersion:   Dev-LoadTimes (C2A15278-BFE7-4AFE-6C17-90FF531DF755): 1
LogDevObjectVersion:   Private-Geometry (6EACA3D4-40EC-4CC1-B786-8BED09428FC5): 3
LogDevObjectVersion:   Dev-AnimPhys (29E575DD-E0A3-4627-9D10-D276232CDCEA): 17
LogDevObjectVersion:   Dev-Anim (AF43A65D-7FD3-4947-9873-3E8ED9C1BB05): 2
LogDevObjectVersion:   Dev-ReflectionCapture (6B266CEC-1EC7-4B8F-A30B-E4D90942FC07): 1
LogDevObjectVersion:   Dev-Automation (0DF73D61-A23F-47EA-B727-89E90C41499A): 1
LogDevObjectVersion:   FortniteMain (601D1886-AC64-4F84-AA16-D3DE0DEAC7D6): 25
LogDevObjectVersion:   Dev-Enterprise (9DFFBCD6-494F-0158-E221-12823C92A888): 6
LogDevObjectVersion:   Dev-Niagara (F2AED0AC-9AFE-416F-8664-AA7FFA26D6FC): 1
LogDevObjectVersion:   Dev-Destruction (174F1F0B-B4C6-45A5-B13F-2EE8D0FB917D): 2
LogInit: Presizing for max 16777216 objects, including 0 objects not considered by GC, pre-allocating 0 bytes for permanent pool.
LogInit: Object subsystem initialized
LogConfig: Setting CVar [[con.DebugEarlyDefault:1]]
LogConfig: Setting CVar [[r.setres:1280x720]]
[2020.02.16-06.18.46:904][  0]LogConfig: Setting CVar [[r.VSync:0]]
[2020.02.16-06.18.46:904][  0]LogConfig: Setting CVar [[r.RHICmdBypass:0]]
[2020.02.16-06.18.46:904][  0]LogConfig: Applying CVar settings from Section [/Script/Engine.RendererSettings] File [C:/Users/ericf/Desktop/repos/Marine-Squad/Marine_Squad/Saved/Config/Windows/Engine.ini]
[2020.02.16-06.18.46:904][  0]LogConfig: Setting CVar [[r.GPUCrashDebugging:0]]
[2020.02.16-06.18.46:904][  0]LogConfig: Setting CVar [[r.DefaultFeature.AutoExposure.ExtendDefaultLuminanceRange:1]]
[2020.02.16-06.18.46:904][  0]LogConfig: Setting CVar [[r.AllowGlobalClipPlane:1]]
[2020.02.16-06.18.46:904][  0]LogConfig: Applying CVar settings from Section [/Script/Engine.RendererOverrideSettings] File [C:/Users/ericf/Desktop/repos/Marine-Squad/Marine_Squad/Saved/Config/Windows/Engine.ini]
[2020.02.16-06.18.46:904][  0]LogConfig: Applying CVar settings from Section [/Script/Engine.StreamingSettings] File [C:/Users/ericf/Desktop/repos/Marine-Squad/Marine_Squad/Saved/Config/Windows/Engine.ini]
[2020.02.16-06.18.46:904][  0]LogConfig: Setting CVar [[s.MinBulkDataSizeForAsyncLoading:131072]]
[2020.02.16-06.18.46:904][  0]LogConfig: Setting CVar [[s.AsyncLoadingThreadEnabled:0]]
[2020.02.16-06.18.46:904][  0]LogConfig: Setting CVar [[s.EventDrivenLoaderEnabled:1]]
[2020.02.16-06.18.46:904][  0]LogConfig: Setting CVar [[s.WarnIfTimeLimitExceeded:0]]
[2020.02.16-06.18.46:904][  0]LogConfig: Setting CVar [[s.TimeLimitExceededMultiplier:1.5]]
[2020.02.16-06.18.46:904][  0]LogConfig: Setting CVar [[s.TimeLimitExceededMinTime:0.005]]
[2020.02.16-06.18.46:904][  0]LogConfig: Setting CVar [[s.UseBackgroundLevelStreaming:1]]
[2020.02.16-06.18.46:904][  0]LogConfig: Setting CVar [[s.PriorityAsyncLoadingExtraTime:15.0]]
[2020.02.16-06.18.46:904][  0]LogConfig: Setting CVar [[s.LevelStreamingActorsUpdateTimeLimit:5.0]]
[2020.02.16-06.18.46:904][  0]LogConfig: Setting CVar [[s.PriorityLevelStreamingActorsUpdateExtraTime:5.0]]
[2020.02.16-06.18.46:904][  0]LogConfig: Setting CVar [[s.LevelStreamingComponentsRegistrationGranularity:10]]
[2020.02.16-06.18.46:904][  0]LogConfig: Setting CVar [[s.UnregisterComponentsTimeLimit:1.0]]
[2020.02.16-06.18.46:904][  0]LogConfig: Setting CVar [[s.LevelStreamingComponentsUnregistrationGranularity:5]]
[2020.02.16-06.18.46:904][  0]LogConfig: Applying CVar settings from Section [/Script/Engine.GarbageCollectionSettings] File [C:/Users/ericf/Desktop/repos/Marine-Squad/Marine_Squad/Saved/Config/Windows/Engine.ini]
[2020.02.16-06.18.46:904][  0]LogConfig: Setting CVar [[gc.MaxObjectsNotConsideredByGC:1]]
[2020.02.16-06.18.46:904][  0]LogConfig: Setting CVar [[gc.SizeOfPermanentObjectPool:0]]
[2020.02.16-06.18.46:904][  0]LogConfig: Setting CVar [[gc.FlushStreamingOnGC:0]]
[2020.02.16-06.18.46:904][  0]LogConfig: Setting CVar [[gc.NumRetriesBeforeForcingGC:10]]
[2020.02.16-06.18.46:904][  0]LogConfig: Setting CVar [[gc.AllowParallelGC:1]]
[2020.02.16-06.18.46:904][  0]LogConfig: Setting CVar [[gc.TimeBetweenPurgingPendingKillObjects:61.1]]
[2020.02.16-06.18.46:904][  0]LogConfig: Setting CVar [[gc.MaxObjectsInEditor:16777216]]
[2020.02.16-06.18.46:904][  0]LogConfig: Setting CVar [[gc.IncrementalBeginDestroyEnabled:1]]
[2020.02.16-06.18.46:904][  0]LogConfig: Setting CVar [[gc.CreateGCClusters:1]]
[2020.02.16-06.18.46:904][  0]LogConfig: Setting CVar [[gc.MinGCClusterSize:5]]
[2020.02.16-06.18.46:904][  0]LogConfig: Setting CVar [[gc.ActorClusteringEnabled:0]]
[2020.02.16-06.18.46:905][  0]LogConfig: Setting CVar [[gc.BlueprintClusteringEnabled:0]]
[2020.02.16-06.18.46:905][  0]LogConfig: Setting CVar [[gc.UseDisregardForGCOnDedicatedServers:0]]
[2020.02.16-06.18.46:905][  0]LogConfig: Applying CVar settings from Section [/Script/Engine.NetworkSettings] File [C:/Users/ericf/Desktop/repos/Marine-Squad/Marine_Squad/Saved/Config/Windows/Engine.ini]
[2020.02.16-06.18.46:905][  0]LogConfig: Applying CVar settings from Section [/Script/UnrealEd.CookerSettings] File [C:/Users/ericf/Desktop/repos/Marine-Squad/Marine_Squad/Saved/Config/Windows/Engine.ini]
[2020.02.16-06.18.46:917][  0]LogConfig: Applying CVar settings from Section [ViewDistanceQuality@3] File [C:/Users/ericf/Desktop/repos/Marine-Squad/Marine_Squad/Saved/Config/Windows/Scalability.ini]
[2020.02.16-06.18.46:917][  0]LogConfig: Setting CVar [[r.SkeletalMeshLODBias:0]]
[2020.02.16-06.18.46:917][  0]LogConfig: Setting CVar [[r.ViewDistanceScale:1.0]]
[2020.02.16-06.18.46:917][  0]LogConfig: Applying CVar settings from Section [AntiAliasingQuality@3] File [C:/Users/ericf/Desktop/repos/Marine-Squad/Marine_Squad/Saved/Config/Windows/Scalability.ini]
[2020.02.16-06.18.46:917][  0]LogConfig: Setting CVar [[r.PostProcessAAQuality:4]]
[2020.02.16-06.18.46:917][  0]LogConfig: Applying CVar settings from Section [ShadowQuality@3] File [C:/Users/ericf/Desktop/repos/Marine-Squad/Marine_Squad/Saved/Config/Windows/Scalability.ini]
[2020.02.16-06.18.46:917][  0]LogConfig: Setting CVar [[r.LightFunctionQuality:1]]
[2020.02.16-06.18.46:917][  0]LogConfig: Setting CVar [[r.ShadowQuality:5]]
[2020.02.16-06.18.46:917][  0]LogConfig: Setting CVar [[r.Shadow.CSM.MaxCascades:10]]
[2020.02.16-06.18.46:917][  0]LogConfig: Setting CVar [[r.Shadow.MaxResolution:2048]]
[2020.02.16-06.18.46:917][  0]LogConfig: Setting CVar [[r.Shadow.MaxCSMResolution:2048]]
[2020.02.16-06.18.46:917][  0]LogConfig: Setting CVar [[r.Shadow.RadiusThreshold:0.01]]
[2020.02.16-06.18.46:917][  0]LogConfig: Setting CVar [[r.Shadow.DistanceScale:1.0]]
[2020.02.16-06.18.46:917][  0]LogConfig: Setting CVar [[r.Shadow.CSM.TransitionScale:1.0]]
[2020.02.16-06.18.46:917][  0]LogConfig: Setting CVar [[r.Shadow.PreShadowResolutionFactor:1.0]]
[2020.02.16-06.18.46:917][  0]LogConfig: Setting CVar [[r.DistanceFieldShadowing:1]]
[2020.02.16-06.18.46:917][  0]LogConfig: Setting CVar [[r.DistanceFieldAO:1]]
[2020.02.16-06.18.46:917][  0]LogConfig: Setting CVar [[r.AOQuality:2]]
[2020.02.16-06.18.46:917][  0]LogConfig: Setting CVar [[r.VolumetricFog:1]]
[2020.02.16-06.18.46:917][  0]LogConfig: Setting CVar [[r.VolumetricFog.GridPixelSize:8]]
[2020.02.16-06.18.46:917][  0]LogConfig: Setting CVar [[r.VolumetricFog.GridSizeZ:128]]
[2020.02.16-06.18.46:917][  0]LogConfig: Setting CVar [[r.VolumetricFog.HistoryMissSupersampleCount:4]]
[2020.02.16-06.18.46:917][  0]LogConfig: Setting CVar [[r.LightMaxDrawDistanceScale:1]]
[2020.02.16-06.18.46:917][  0]LogConfig: Setting CVar [[r.CapsuleShadows:1]]
[2020.02.16-06.18.46:917][  0]LogConfig: Applying CVar settings from Section [PostProcessQuality@3] File [C:/Users/ericf/Desktop/repos/Marine-Squad/Marine_Squad/Saved/Config/Windows/Scalability.ini]
[2020.02.16-06.18.46:917][  0]LogConfig: Setting CVar [[r.MotionBlurQuality:4]]
[2020.02.16-06.18.46:917][  0]LogConfig: Setting CVar [[r.AmbientOcclusionMipLevelFactor:0.4]]
[2020.02.16-06.18.46:917][  0]LogConfig: Setting CVar [[r.AmbientOcclusionMaxQuality:100]]
[2020.02.16-06.18.46:917][  0]LogConfig: Setting CVar [[r.AmbientOcclusionLevels:-1]]
[2020.02.16-06.18.46:917][  0]LogConfig: Setting CVar [[r.AmbientOcclusionRadiusScale:1.0]]
[2020.02.16-06.18.46:917][  0]LogConfig: Setting CVar [[r.DepthOfFieldQuality:2]]
[2020.02.16-06.18.46:917][  0]LogConfig: Setting CVar [[r.RenderTargetPoolMin:400]]
[2020.02.16-06.18.46:917][  0]LogConfig: Setting CVar [[r.LensFlareQuality:2]]
[2020.02.16-06.18.46:917][  0]LogConfig: Setting CVar [[r.SceneColorFringeQuality:1]]
[2020.02.16-06.18.46:917][  0]LogConfig: Setting CVar [[r.EyeAdaptationQuality:2]]
[2020.02.16-06.18.46:917][  0]LogConfig: Setting CVar [[r.BloomQuality:5]]
[2020.02.16-06.18.46:917][  0]LogConfig: Setting CVar [[r.FastBlurThreshold:100]]
[2020.02.16-06.18.46:917][  0]LogConfig: Setting CVar [[r.Upscale.Quality:3]]
[2020.02.16-06.18.46:917][  0]LogConfig: Setting CVar [[r.Tonemapper.GrainQuantization:1]]
[2020.02.16-06.18.46:917][  0]LogConfig: Setting CVar [[r.LightShaftQuality:1]]
[2020.02.16-06.18.46:917][  0]LogConfig: Setting CVar [[r.Filter.SizeScale:1]]
[2020.02.16-06.18.46:917][  0]LogConfig: Setting CVar [[r.Tonemapper.Quality:5]]
[2020.02.16-06.18.46:917][  0]LogConfig: Setting CVar [[r.DOF.Gather.AccumulatorQuality:1        ; higher gathering accumulator quality]]
[2020.02.16-06.18.46:917][  0]LogConfig: Setting CVar [[r.DOF.Gather.PostfilterMethod:1          ; Median3x3 postfilering method]]
[2020.02.16-06.18.46:917][  0]LogConfig: Setting CVar [[r.DOF.Gather.EnableBokehSettings:0       ; no bokeh simulation when gathering]]
[2020.02.16-06.18.46:918][  0]LogConfig: Setting CVar [[r.DOF.Gather.RingCount:4                 ; medium number of samples when gathering]]
[2020.02.16-06.18.46:918][  0]LogConfig: Setting CVar [[r.DOF.Scatter.ForegroundCompositing:1    ; additive foreground scattering]]
[2020.02.16-06.18.46:918][  0]LogConfig: Setting CVar [[r.DOF.Scatter.BackgroundCompositing:2    ; additive background scattering]]
[2020.02.16-06.18.46:918][  0]LogConfig: Setting CVar [[r.DOF.Scatter.EnableBokehSettings:1      ; bokeh simulation when scattering]]
[2020.02.16-06.18.46:918][  0]LogConfig: Setting CVar [[r.DOF.Scatter.MaxSpriteRatio:0.1         ; only a maximum of 10% of scattered bokeh]]
[2020.02.16-06.18.46:918][  0]LogConfig: Setting CVar [[r.DOF.Recombine.Quality:1                ; cheap slight out of focus]]
[2020.02.16-06.18.46:918][  0]LogConfig: Setting CVar [[r.DOF.Recombine.EnableBokehSettings:0    ; no bokeh simulation on slight out of focus]]
[2020.02.16-06.18.46:918][  0]LogConfig: Setting CVar [[r.DOF.TemporalAAQuality:1                ; more stable temporal accumulation]]
[2020.02.16-06.18.46:918][  0]LogConfig: Setting CVar [[r.DOF.Kernel.MaxForegroundRadius:0.025]]
[2020.02.16-06.18.46:918][  0]LogConfig: Setting CVar [[r.DOF.Kernel.MaxBackgroundRadius:0.025]]
[2020.02.16-06.18.46:918][  0]LogConfig: Applying CVar settings from Section [TextureQuality@3] File [C:/Users/ericf/Desktop/repos/Marine-Squad/Marine_Squad/Saved/Config/Windows/Scalability.ini]
[2020.02.16-06.18.46:918][  0]LogConfig: Setting CVar [[r.Streaming.MipBias:0]]
[2020.02.16-06.18.46:918][  0]LogConfig: Setting CVar [[r.Streaming.AmortizeCPUToGPUCopy:0]]
[2020.02.16-06.18.46:918][  0]LogConfig: Setting CVar [[r.Streaming.MaxNumTexturesToStreamPerFrame:0]]
[2020.02.16-06.18.46:918][  0]LogConfig: Setting CVar [[r.Streaming.Boost:1]]
[2020.02.16-06.18.46:918][  0]LogConfig: Setting CVar [[r.MaxAnisotropy:8]]
[2020.02.16-06.18.46:918][  0]LogConfig: Setting CVar [[r.Streaming.LimitPoolSizeToVRAM:0]]
[2020.02.16-06.18.46:918][  0]LogConfig: Setting CVar [[r.Streaming.PoolSize:1000]]
[2020.02.16-06.18.46:918][  0]LogConfig: Setting CVar [[r.Streaming.MaxEffectiveScreenSize:0]]
[2020.02.16-06.18.46:918][  0]LogConfig: Applying CVar settings from Section [EffectsQuality@3] File [C:/Users/ericf/Desktop/repos/Marine-Squad/Marine_Squad/Saved/Config/Windows/Scalability.ini]
[2020.02.16-06.18.46:918][  0]LogConfig: Setting CVar [[r.TranslucencyLightingVolumeDim:64]]
[2020.02.16-06.18.46:918][  0]LogConfig: Setting CVar [[r.RefractionQuality:2]]
[2020.02.16-06.18.46:918][  0]LogConfig: Setting CVar [[r.SSR.Quality:3]]
[2020.02.16-06.18.46:918][  0]LogConfig: Setting CVar [[r.SceneColorFormat:4]]
[2020.02.16-06.18.46:918][  0]LogConfig: Setting CVar [[r.DetailMode:2]]
[2020.02.16-06.18.46:918][  0]LogConfig: Setting CVar [[r.TranslucencyVolumeBlur:1]]
[2020.02.16-06.18.46:918][  0]LogConfig: Setting CVar [[r.MaterialQualityLevel:1 ; High quality]]
[2020.02.16-06.18.46:918][  0]LogConfig: Setting CVar [[r.SSS.Scale:1]]
[2020.02.16-06.18.46:918][  0]LogConfig: Setting CVar [[r.SSS.SampleSet:2]]
[2020.02.16-06.18.46:918][  0]LogConfig: Setting CVar [[r.SSS.Quality:1]]
[2020.02.16-06.18.46:918][  0]LogConfig: Setting CVar [[r.SSS.HalfRes:1]]
[2020.02.16-06.18.46:918][  0]LogConfig: Setting CVar [[r.EmitterSpawnRateScale:1.0]]
[2020.02.16-06.18.46:918][  0]LogConfig: Setting CVar [[r.ParticleLightQuality:2]]
[2020.02.16-06.18.46:918][  0]LogConfig: Applying CVar settings from Section [FoliageQuality@3] File [C:/Users/ericf/Desktop/repos/Marine-Squad/Marine_Squad/Saved/Config/Windows/Scalability.ini]
[2020.02.16-06.18.46:918][  0]LogConfig: Setting CVar [[foliage.DensityScale:1.0]]
[2020.02.16-06.18.46:918][  0]LogConfig: Setting CVar [[grass.DensityScale:1.0]]
[2020.02.16-06.18.46:919][  0]LogInit: Selected Device Profile: [Windows]
[2020.02.16-06.18.46:919][  0]LogInit: Applying CVar settings loaded from the selected device profile: [Windows]
[2020.02.16-06.18.47:020][  0]LogHAL: Display: Platform has ~ 8 GB [8444633088 / 8589934592 / 8], which maps to Default [LargestMinGB=32, LargerMinGB=12, DefaultMinGB=8, SmallerMinGB=6, SmallestMinGB=0)
[2020.02.16-06.18.47:021][  0]LogConfig: Setting CVar [[r.Vulkan.UseRealUBs:0		; Required until we fix HLR fall-out]]
[2020.02.16-06.18.47:021][  0]LogInit: Going up to parent DeviceProfile []
[2020.02.16-06.18.47:021][  0]LogConfig: Applying CVar settings from Section [ViewDistanceQuality@3] File [C:/Users/ericf/Desktop/repos/Marine-Squad/Marine_Squad/Saved/Config/Windows/Scalability.ini]
[2020.02.16-06.18.47:021][  0]LogConfig: Setting CVar [[r.SkeletalMeshLODBias:0]]
[2020.02.16-06.18.47:021][  0]LogConfig: Setting CVar [[r.ViewDistanceScale:1.0]]
[2020.02.16-06.18.47:021][  0]LogConfig: Applying CVar settings from Section [AntiAliasingQuality@3] File [C:/Users/ericf/Desktop/repos/Marine-Squad/Marine_Squad/Saved/Config/Windows/Scalability.ini]
[2020.02.16-06.18.47:021][  0]LogConfig: Setting CVar [[r.PostProcessAAQuality:4]]
[2020.02.16-06.18.47:021][  0]LogConfig: Applying CVar settings from Section [ShadowQuality@3] File [C:/Users/ericf/Desktop/repos/Marine-Squad/Marine_Squad/Saved/Config/Windows/Scalability.ini]
[2020.02.16-06.18.47:021][  0]LogConfig: Setting CVar [[r.LightFunctionQuality:1]]
[2020.02.16-06.18.47:021][  0]LogConfig: Setting CVar [[r.ShadowQuality:5]]
[2020.02.16-06.18.47:021][  0]LogConfig: Setting CVar [[r.Shadow.CSM.MaxCascades:10]]
[2020.02.16-06.18.47:022][  0]LogConfig: Setting CVar [[r.Shadow.MaxResolution:2048]]
[2020.02.16-06.18.47:022][  0]LogConfig: Setting CVar [[r.Shadow.MaxCSMResolution:2048]]
[2020.02.16-06.18.47:022][  0]LogConfig: Setting CVar [[r.Shadow.RadiusThreshold:0.01]]
[2020.02.16-06.18.47:022][  0]LogConfig: Setting CVar [[r.Shadow.DistanceScale:1.0]]
[2020.02.16-06.18.47:022][  0]LogConfig: Setting CVar [[r.Shadow.CSM.TransitionScale:1.0]]
[2020.02.16-06.18.47:022][  0]LogConfig: Setting CVar [[r.Shadow.PreShadowResolutionFactor:1.0]]
[2020.02.16-06.18.47:022][  0]LogConfig: Setting CVar [[r.DistanceFieldShadowing:1]]
[2020.02.16-06.18.47:022][  0]LogConfig: Setting CVar [[r.DistanceFieldAO:1]]
[2020.02.16-06.18.47:022][  0]LogConfig: Setting CVar [[r.AOQuality:2]]
[2020.02.16-06.18.47:022][  0]LogConfig: Setting CVar [[r.VolumetricFog:1]]
[2020.02.16-06.18.47:022][  0]LogConfig: Setting CVar [[r.VolumetricFog.GridPixelSize:8]]
[2020.02.16-06.18.47:022][  0]LogConfig: Setting CVar [[r.VolumetricFog.GridSizeZ:128]]
[2020.02.16-06.18.47:022][  0]LogConfig: Setting CVar [[r.VolumetricFog.HistoryMissSupersampleCount:4]]
[2020.02.16-06.18.47:022][  0]LogConfig: Setting CVar [[r.LightMaxDrawDistanceScale:1]]
[2020.02.16-06.18.47:022][  0]LogConfig: Setting CVar [[r.CapsuleShadows:1]]
[2020.02.16-06.18.47:022][  0]LogConfig: Applying CVar settings from Section [PostProcessQuality@3] File [C:/Users/ericf/Desktop/repos/Marine-Squad/Marine_Squad/Saved/Config/Windows/Scalability.ini]
[2020.02.16-06.18.47:022][  0]LogConfig: Setting CVar [[r.MotionBlurQuality:4]]
[2020.02.16-06.18.47:022][  0]LogConfig: Setting CVar [[r.AmbientOcclusionMipLevelFactor:0.4]]
[2020.02.16-06.18.47:022][  0]LogConfig: Setting CVar [[r.AmbientOcclusionMaxQuality:100]]
[2020.02.16-06.18.47:022][  0]LogConfig: Setting CVar [[r.AmbientOcclusionLevels:-1]]
[2020.02.16-06.18.47:022][  0]LogConfig: Setting CVar [[r.AmbientOcclusionRadiusScale:1.0]]
[2020.02.16-06.18.47:022][  0]LogConfig: Setting CVar [[r.DepthOfFieldQuality:2]]
[2020.02.16-06.18.47:022][  0]LogConfig: Setting CVar [[r.RenderTargetPoolMin:400]]
[2020.02.16-06.18.47:022][  0]LogConfig: Setting CVar [[r.LensFlareQuality:2]]
[2020.02.16-06.18.47:022][  0]LogConfig: Setting CVar [[r.SceneColorFringeQuality:1]]
[2020.02.16-06.18.47:022][  0]LogConfig: Setting CVar [[r.EyeAdaptationQuality:2]]
[2020.02.16-06.18.47:022][  0]LogConfig: Setting CVar [[r.BloomQuality:5]]
[2020.02.16-06.18.47:022][  0]LogConfig: Setting CVar [[r.FastBlurThreshold:100]]
[2020.02.16-06.18.47:022][  0]LogConfig: Setting CVar [[r.Upscale.Quality:3]]
[2020.02.16-06.18.47:022][  0]LogConfig: Setting CVar [[r.Tonemapper.GrainQuantization:1]]
[2020.02.16-06.18.47:022][  0]LogConfig: Setting CVar [[r.LightShaftQuality:1]]
[2020.02.16-06.18.47:022][  0]LogConfig: Setting CVar [[r.Filter.SizeScale:1]]
[2020.02.16-06.18.47:022][  0]LogConfig: Setting CVar [[r.Tonemapper.Quality:5]]
[2020.02.16-06.18.47:022][  0]LogConfig: Setting CVar [[r.DOF.Gather.AccumulatorQuality:1        ; higher gathering accumulator quality]]
[2020.02.16-06.18.47:022][  0]LogConfig: Setting CVar [[r.DOF.Gather.PostfilterMethod:1          ; Median3x3 postfilering method]]
[2020.02.16-06.18.47:022][  0]LogConfig: Setting CVar [[r.DOF.Gather.EnableBokehSettings:0       ; no bokeh simulation when gathering]]
[2020.02.16-06.18.47:022][  0]LogConfig: Setting CVar [[r.DOF.Gather.RingCount:4                 ; medium number of samples when gathering]]
[2020.02.16-06.18.47:022][  0]LogConfig: Setting CVar [[r.DOF.Scatter.ForegroundCompositing:1    ; additive foreground scattering]]
[2020.02.16-06.18.47:022][  0]LogConfig: Setting CVar [[r.DOF.Scatter.BackgroundCompositing:2    ; additive background scattering]]
[2020.02.16-06.18.47:022][  0]LogConfig: Setting CVar [[r.DOF.Scatter.EnableBokehSettings:1      ; bokeh simulation when scattering]]
[2020.02.16-06.18.47:022][  0]LogConfig: Setting CVar [[r.DOF.Scatter.MaxSpriteRatio:0.1         ; only a maximum of 10% of scattered bokeh]]
[2020.02.16-06.18.47:022][  0]LogConfig: Setting CVar [[r.DOF.Recombine.Quality:1                ; cheap slight out of focus]]
[2020.02.16-06.18.47:022][  0]LogConfig: Setting CVar [[r.DOF.Recombine.EnableBokehSettings:0    ; no bokeh simulation on slight out of focus]]
[2020.02.16-06.18.47:022][  0]LogConfig: Setting CVar [[r.DOF.TemporalAAQuality:1                ; more stable temporal accumulation]]
[2020.02.16-06.18.47:022][  0]LogConfig: Setting CVar [[r.DOF.Kernel.MaxForegroundRadius:0.025]]
[2020.02.16-06.18.47:022][  0]LogConfig: Setting CVar [[r.DOF.Kernel.MaxBackgroundRadius:0.025]]
[2020.02.16-06.18.47:022][  0]LogConfig: Applying CVar settings from Section [TextureQuality@3] File [C:/Users/ericf/Desktop/repos/Marine-Squad/Marine_Squad/Saved/Config/Windows/Scalability.ini]
[2020.02.16-06.18.47:022][  0]LogConfig: Setting CVar [[r.Streaming.MipBias:0]]
[2020.02.16-06.18.47:022][  0]LogConfig: Setting CVar [[r.Streaming.AmortizeCPUToGPUCopy:0]]
[2020.02.16-06.18.47:022][  0]LogConfig: Setting CVar [[r.Streaming.MaxNumTexturesToStreamPerFrame:0]]
[2020.02.16-06.18.47:022][  0]LogConfig: Setting CVar [[r.Streaming.Boost:1]]
[2020.02.16-06.18.47:022][  0]LogConfig: Setting CVar [[r.MaxAnisotropy:8]]
[2020.02.16-06.18.47:022][  0]LogConfig: Setting CVar [[r.Streaming.LimitPoolSizeToVRAM:0]]
[2020.02.16-06.18.47:022][  0]LogConfig: Setting CVar [[r.Streaming.PoolSize:1000]]
[2020.02.16-06.18.47:022][  0]LogConfig: Setting CVar [[r.Streaming.MaxEffectiveScreenSize:0]]
[2020.02.16-06.18.47:022][  0]LogConfig: Applying CVar settings from Section [EffectsQuality@3] File [C:/Users/ericf/Desktop/repos/Marine-Squad/Marine_Squad/Saved/Config/Windows/Scalability.ini]
[2020.02.16-06.18.47:022][  0]LogConfig: Setting CVar [[r.TranslucencyLightingVolumeDim:64]]
[2020.02.16-06.18.47:022][  0]LogConfig: Setting CVar [[r.RefractionQuality:2]]
[2020.02.16-06.18.47:022][  0]LogConfig: Setting CVar [[r.SSR.Quality:3]]
[2020.02.16-06.18.47:022][  0]LogConfig: Setting CVar [[r.SceneColorFormat:4]]
[2020.02.16-06.18.47:022][  0]LogConfig: Setting CVar [[r.DetailMode:2]]
[2020.02.16-06.18.47:022][  0]LogConfig: Setting CVar [[r.TranslucencyVolumeBlur:1]]
[2020.02.16-06.18.47:022][  0]LogConfig: Setting CVar [[r.MaterialQualityLevel:1 ; High quality]]
[2020.02.16-06.18.47:022][  0]LogConfig: Setting CVar [[r.SSS.Scale:1]]
[2020.02.16-06.18.47:022][  0]LogConfig: Setting CVar [[r.SSS.SampleSet:2]]
[2020.02.16-06.18.47:022][  0]LogConfig: Setting CVar [[r.SSS.Quality:1]]
[2020.02.16-06.18.47:022][  0]LogConfig: Setting CVar [[r.SSS.HalfRes:1]]
[2020.02.16-06.18.47:022][  0]LogConfig: Setting CVar [[r.EmitterSpawnRateScale:1.0]]
[2020.02.16-06.18.47:022][  0]LogConfig: Setting CVar [[r.ParticleLightQuality:2]]
[2020.02.16-06.18.47:022][  0]LogConfig: Applying CVar settings from Section [FoliageQuality@3] File [C:/Users/ericf/Desktop/repos/Marine-Squad/Marine_Squad/Saved/Config/Windows/Scalability.ini]
[2020.02.16-06.18.47:022][  0]LogConfig: Setting CVar [[foliage.DensityScale:1.0]]
[2020.02.16-06.18.47:022][  0]LogConfig: Setting CVar [[grass.DensityScale:1.0]]
[2020.02.16-06.18.47:022][  0]LogConfig: Applying CVar settings from Section [Startup] File [../../../Engine/Config/ConsoleVariables.ini]
[2020.02.16-06.18.47:030][  0]LogConfig: Setting CVar [[net.UseAdaptiveNetUpdateFrequency:0]]
[2020.02.16-06.18.47:030][  0]LogConfig: Setting CVar [[p.chaos.AllowCreatePhysxBodies:1]]
[2020.02.16-06.18.47:030][  0]LogConfig: Applying CVar settings from Section [ConsoleVariables] File [C:/Users/ericf/Desktop/repos/Marine-Squad/Marine_Squad/Saved/Config/Windows/Engine.ini]
[2020.02.16-06.18.47:030][  0]LogInit: Computer: FALL-PC
[2020.02.16-06.18.47:030][  0]LogInit: User: ericf
[2020.02.16-06.18.47:030][  0]LogInit: CPU Page size=4096, Cores=4
[2020.02.16-06.18.47:030][  0]LogInit: High frequency timer resolution =10.000000 MHz
[2020.02.16-06.18.47:031][  0]LogMemory: Memory total: Physical=7.9GB (8GB approx)
[2020.02.16-06.18.47:031][  0]LogMemory: Platform Memory Stats for Windows
[2020.02.16-06.18.47:031][  0]LogMemory: Process Physical Memory: 97.87 MB used, 97.87 MB peak
[2020.02.16-06.18.47:031][  0]LogMemory: Process Virtual Memory: 85.41 MB used, 85.41 MB peak
[2020.02.16-06.18.47:031][  0]LogMemory: Physical Memory: 5490.23 MB used,  2563.20 MB free, 8053.43 MB total
[2020.02.16-06.18.47:031][  0]LogMemory: Virtual Memory: 4626.46 MB used,  134213104.00 MB free, 134217728.00 MB total
[2020.02.16-06.18.47:429][  0]LogInit: Using OS detected language (en-US).
[2020.02.16-06.18.47:429][  0]LogInit: Using OS detected locale (en-US).
[2020.02.16-06.18.47:432][  0]LogTextLocalizationManager: No specific localization for 'en-US' exists, so the 'en' localization will be used.
[2020.02.16-06.18.47:727][  0]LogInit: Setting process to per monitor DPI aware
[2020.02.16-06.18.47:861][  0]LogSlate: New Slate User Created.  User Index 0, Is Virtual User: 0
[2020.02.16-06.18.47:861][  0]LogSlate: Slate User Registered.  User Index 0, Is Virtual User: 0
[2020.02.16-06.18.51:190][  0]LogHMD: Failed to initialize OpenVR with code 110
[2020.02.16-06.18.51:190][  0]LogD3D11RHI: D3D11 adapters:
[2020.02.16-06.18.51:674][  0]LogD3D11RHI:    0. 'NVIDIA GeForce GTX 970' (Feature Level 11_0)
[2020.02.16-06.18.51:674][  0]LogD3D11RHI:       4043/0/4026 MB DedicatedVideo/DedicatedSystem/SharedSystem, Outputs:2, VendorId:0x10de
[2020.02.16-06.18.51:736][  0]LogD3D11RHI:    1. 'Intel(R) HD Graphics 4600' (Feature Level 11_0)
[2020.02.16-06.18.51:736][  0]LogD3D11RHI:       112/0/2048 MB DedicatedVideo/DedicatedSystem/SharedSystem, Outputs:0, VendorId:0x8086
[2020.02.16-06.18.51:745][  0]LogD3D11RHI:    2. 'Microsoft Basic Render Driver' (Feature Level 11_0)
[2020.02.16-06.18.51:745][  0]LogD3D11RHI:       0/0/4026 MB DedicatedVideo/DedicatedSystem/SharedSystem, Outputs:0, VendorId:0x1414
[2020.02.16-06.18.51:745][  0]LogD3D11RHI: Chosen D3D11 Adapter: 0
[2020.02.16-06.18.51:753][  0]LogD3D11RHI: Creating new Direct3DDevice
[2020.02.16-06.18.51:753][  0]LogD3D11RHI:     GPU DeviceId: 0x13c2 (for the marketing name, search the web for "GPU Device Id")
[2020.02.16-06.18.51:753][  0]LogWindows: EnumDisplayDevices:
[2020.02.16-06.18.51:754][  0]LogWindows:    0. 'NVIDIA GeForce GTX 970' (P:1 D:1)
[2020.02.16-06.18.51:754][  0]LogWindows:    1. 'NVIDIA GeForce GTX 970' (P:0 D:1)
[2020.02.16-06.18.51:754][  0]LogWindows:    2. 'NVIDIA GeForce GTX 970' (P:0 D:0)
[2020.02.16-06.18.51:754][  0]LogWindows:    3. 'NVIDIA GeForce GTX 970' (P:0 D:0)
[2020.02.16-06.18.51:754][  0]LogWindows:    4. 'Intel(R) HD Graphics 4600' (P:0 D:0)
[2020.02.16-06.18.51:755][  0]LogWindows:    5. 'Intel(R) HD Graphics 4600' (P:0 D:0)
[2020.02.16-06.18.51:755][  0]LogWindows:    6. 'Intel(R) HD Graphics 4600' (P:0 D:0)
[2020.02.16-06.18.51:755][  0]LogWindows: DebugString: PrimaryIsNotTheChoosenAdapter PrimaryIsNotTheChoosenAdapter PrimaryIsNotTheChoosenAdapter FoundDriverCount:4 
[2020.02.16-06.18.51:755][  0]LogD3D11RHI:     Adapter Name: NVIDIA GeForce GTX 970
[2020.02.16-06.18.51:755][  0]LogD3D11RHI:   Driver Version: 436.02 (internal:26.21.14.3602, unified:436.02)
[2020.02.16-06.18.51:755][  0]LogD3D11RHI:      Driver Date: 8-16-2019
[2020.02.16-06.18.51:755][  0]LogRHI: Texture pool is 2830 MB (70% of 4043 MB)
[2020.02.16-06.18.51:886][  0]LogD3D11RHI: Async texture creation enabled
[2020.02.16-06.18.51:961][  0]LogRendererCore: FGlobalReadBuffer::InitRHI
[2020.02.16-06.18.51:961][  0]LogRendererCore: FGlobalReadBuffer::InitRHI
[2020.02.16-06.18.51:961][  0]LogRendererCore: FGlobalReadBuffer::InitRHI
[2020.02.16-06.18.51:971][  0]LogD3D11RHI: GPU Timing Frequency: 1000.000000 (Debug: 2 1)
[2020.02.16-06.18.52:793][  0]LogTemp: Display: Module 'AllDesktopTargetPlatform' loaded TargetPlatform 'AllDesktop'
[2020.02.16-06.18.52:844][  0]LogTemp: Display: Module 'MacClientTargetPlatform' loaded TargetPlatform 'MacClient'
[2020.02.16-06.18.52:870][  0]LogTemp: Display: Module 'MacNoEditorTargetPlatform' loaded TargetPlatform 'MacNoEditor'
[2020.02.16-06.18.52:897][  0]LogTemp: Display: Module 'MacServerTargetPlatform' loaded TargetPlatform 'MacServer'
[2020.02.16-06.18.52:932][  0]LogTemp: Display: Module 'MacTargetPlatform' loaded TargetPlatform 'Mac'
[2020.02.16-06.18.53:004][  0]LogTemp: Display: Module 'WindowsClientTargetPlatform' loaded TargetPlatform 'WindowsClient'
[2020.02.16-06.18.53:030][  0]LogTemp: Display: Module 'WindowsNoEditorTargetPlatform' loaded TargetPlatform 'WindowsNoEditor'
[2020.02.16-06.18.53:058][  0]LogTemp: Display: Module 'WindowsServerTargetPlatform' loaded TargetPlatform 'WindowsServer'
[2020.02.16-06.18.53:278][  0]LogTemp: Display: Module 'WindowsTargetPlatform' loaded TargetPlatform 'Windows'
[2020.02.16-06.18.53:404][  0]LogTemp: Display: Module 'AndroidTargetPlatform' loaded TargetPlatform 'Android'
[2020.02.16-06.18.53:404][  0]LogTemp: Display: Module 'AndroidTargetPlatform' loaded TargetPlatform 'Android_ASTC'
[2020.02.16-06.18.53:404][  0]LogTemp: Display: Module 'AndroidTargetPlatform' loaded TargetPlatform 'Android_ATC'
[2020.02.16-06.18.53:404][  0]LogTemp: Display: Module 'AndroidTargetPlatform' loaded TargetPlatform 'Android_DXT'
[2020.02.16-06.18.53:404][  0]LogTemp: Display: Module 'AndroidTargetPlatform' loaded TargetPlatform 'Android_ETC1'
[2020.02.16-06.18.53:404][  0]LogTemp: Display: Module 'AndroidTargetPlatform' loaded TargetPlatform 'Android_ETC1a'
[2020.02.16-06.18.53:404][  0]LogTemp: Display: Module 'AndroidTargetPlatform' loaded TargetPlatform 'Android_ETC2'
[2020.02.16-06.18.53:404][  0]LogTemp: Display: Module 'AndroidTargetPlatform' loaded TargetPlatform 'Android_PVRTC'
[2020.02.16-06.18.53:404][  0]LogTemp: Display: Module 'AndroidTargetPlatform' loaded TargetPlatform 'AndroidClient'
[2020.02.16-06.18.53:404][  0]LogTemp: Display: Module 'AndroidTargetPlatform' loaded TargetPlatform 'Android_ASTCClient'
[2020.02.16-06.18.53:404][  0]LogTemp: Display: Module 'AndroidTargetPlatform' loaded TargetPlatform 'Android_ATCClient'
[2020.02.16-06.18.53:404][  0]LogTemp: Display: Module 'AndroidTargetPlatform' loaded TargetPlatform 'Android_DXTClient'
[2020.02.16-06.18.53:404][  0]LogTemp: Display: Module 'AndroidTargetPlatform' loaded TargetPlatform 'Android_ETC1Client'
[2020.02.16-06.18.53:404][  0]LogTemp: Display: Module 'AndroidTargetPlatform' loaded TargetPlatform 'Android_ETC1aClient'
[2020.02.16-06.18.53:404][  0]LogTemp: Display: Module 'AndroidTargetPlatform' loaded TargetPlatform 'Android_ETC2Client'
[2020.02.16-06.18.53:404][  0]LogTemp: Display: Module 'AndroidTargetPlatform' loaded TargetPlatform 'Android_PVRTCClient'
[2020.02.16-06.18.53:404][  0]LogTemp: Display: Module 'AndroidTargetPlatform' loaded TargetPlatform 'Android_Multi'
[2020.02.16-06.18.53:404][  0]LogTemp: Display: Module 'AndroidTargetPlatform' loaded TargetPlatform 'Android_MultiClient'
[2020.02.16-06.18.53:452][  0]LogTemp: Display: Module 'HTML5TargetPlatform' loaded TargetPlatform 'HTML5'
[2020.02.16-06.18.53:615][  0]LogTemp: Display: Module 'IOSTargetPlatform' loaded TargetPlatform 'IOSClient'
[2020.02.16-06.18.53:615][  0]LogTemp: Display: Module 'IOSTargetPlatform' loaded TargetPlatform 'IOS'
[2020.02.16-06.18.53:652][  0]LogTemp: Display: Module 'TVOSTargetPlatform' loaded TargetPlatform 'TVOSClient'
[2020.02.16-06.18.53:652][  0]LogTemp: Display: Module 'TVOSTargetPlatform' loaded TargetPlatform 'TVOS'
[2020.02.16-06.18.53:678][  0]LogTemp: Display: Module 'LinuxClientTargetPlatform' loaded TargetPlatform 'LinuxClient'
[2020.02.16-06.18.53:705][  0]LogTemp: Display: Module 'LinuxNoEditorTargetPlatform' loaded TargetPlatform 'LinuxNoEditor'
[2020.02.16-06.18.53:741][  0]LogTemp: Display: Module 'LinuxServerTargetPlatform' loaded TargetPlatform 'LinuxServer'
[2020.02.16-06.18.53:780][  0]LogTemp: Display: Module 'LinuxTargetPlatform' loaded TargetPlatform 'Linux'
[2020.02.16-06.18.53:844][  0]LogTemp: Display: Module 'LuminTargetPlatform' loaded TargetPlatform 'Lumin'
[2020.02.16-06.18.53:844][  0]LogTemp: Display: Module 'LuminTargetPlatform' loaded TargetPlatform 'LuminClient'
[2020.02.16-06.18.53:844][  0]LogTargetPlatformManager: Display: Building Assets For Windows
[2020.02.16-06.18.53:957][  0]LogAudioDebug: Display: Lib vorbis DLL was dynamically loaded.
[2020.02.16-06.18.54:369][  0]LogShaderCompilers: Guid format shader working directory is -9 characters bigger than the processId version (C:/Users/ericf/Desktop/repos/Marine-Squad/Marine_Squad/Intermediate/Shaders/WorkingDirectory/16392/).
[2020.02.16-06.18.54:369][  0]LogShaderCompilers: Cleaned the shader compiler working directory 'C:/Users/ericf/AppData/Local/Temp/UnrealShaderWorkingDir/8765E4F64DBF79B4E2229A9A8540D33A/'.
[2020.02.16-06.18.54:371][  0]LogXGEController: Cleaning working directory: C:/Users/ericf/AppData/Local/Temp/UnrealXGEWorkingDir/
[2020.02.16-06.18.54:371][  0]LogXGEController: Cannot use XGE Controller as Incredibuild is not installed on this machine.
[2020.02.16-06.18.54:371][  0]LogShaderCompilers: Cannot use XGE Shader Compiler as Incredibuild is not installed on this machine.
[2020.02.16-06.18.54:371][  0]LogShaderCompilers: Display: Using Local Shader Compiler.
[2020.02.16-06.18.57:252][  0]LogDerivedDataCache: Display: Max Cache Size: 512 MB
[2020.02.16-06.18.57:853][  0]LogDerivedDataCache: Loaded boot cache 0.58s 71MB C:/Users/ericf/AppData/Local/UnrealEngine/4.22/DerivedDataCache/Boot.ddc.
[2020.02.16-06.18.57:853][  0]LogDerivedDataCache: Display: Loaded Boot cache: C:/Users/ericf/AppData/Local/UnrealEngine/4.22/DerivedDataCache/Boot.ddc
[2020.02.16-06.18.57:853][  0]LogDerivedDataCache: FDerivedDataBackendGraph:  Pak pak cache file C:/Users/ericf/Desktop/repos/Marine-Squad/Marine_Squad/DerivedDataCache/DDC.ddp not found, will not use a pak cache.
[2020.02.16-06.18.57:853][  0]LogDerivedDataCache: Unable to find inner node Pak for hierarchical cache Hierarchy.
[2020.02.16-06.18.57:853][  0]LogDerivedDataCache: FDerivedDataBackendGraph:  CompressedPak pak cache file C:/Users/ericf/Desktop/repos/Marine-Squad/Marine_Squad/DerivedDataCache/Compressed.ddp not found, will not use a pak cache.
[2020.02.16-06.18.57:853][  0]LogDerivedDataCache: Unable to find inner node CompressedPak for hierarchical cache Hierarchy.
[2020.02.16-06.18.57:881][  0]LogDerivedDataCache: Display: Pak cache opened for reading ../../../Engine/DerivedDataCache/Compressed.ddp.
[2020.02.16-06.18.57:882][  0]LogDerivedDataCache: FDerivedDataBackendGraph:  EnterprisePak pak cache file ../../../Enterprise/DerivedDataCache/Compressed.ddp not found, will not use a pak cache.
[2020.02.16-06.18.57:882][  0]LogDerivedDataCache: Unable to find inner node EnterprisePak for hierarchical cache Hierarchy.
[2020.02.16-06.18.57:894][  0]LogDerivedDataCache: Using Local data cache path C:/Users/ericf/AppData/Local/UnrealEngine/Common/DerivedDataCache: Writable
[2020.02.16-06.18.57:894][  0]LogDerivedDataCache: Shared data cache path not found in *engine.ini, will not use an Shared cache.
[2020.02.16-06.18.57:894][  0]LogDerivedDataCache: Unable to find inner node Shared for hierarchical cache Hierarchy.
[2020.02.16-06.18.57:918][  0]LogMaterial: Verifying Global Shaders for PCD3D_SM5
[2020.02.16-06.18.57:925][  0]LogSlate: Using FreeType 2.6.0
[2020.02.16-06.18.57:947][  0]LogSlate: SlateFontServices - WITH_FREETYPE: 1, WITH_HARFBUZZ: 1
[2020.02.16-06.18.58:235][  0]LogAssetRegistry: FAssetRegistry took 0.0352 seconds to start up
[2020.02.16-06.18.58:683][  0]LogInit: Selected Device Profile: [Windows]
[2020.02.16-06.18.59:198][  0]LogMeshReduction: Using QuadricMeshReduction for automatic static mesh reduction
[2020.02.16-06.18.59:198][  0]LogMeshReduction: Using SimplygonMeshReduction for automatic skeletal mesh reduction
[2020.02.16-06.18.59:198][  0]LogMeshReduction: Using ProxyLODMeshReduction for automatic mesh merging
[2020.02.16-06.18.59:198][  0]LogMeshReduction: No distributed automatic mesh merging module available
[2020.02.16-06.18.59:199][  0]LogMeshMerging: No distributed automatic mesh merging module available
[2020.02.16-06.18.59:265][  0]LogNetVersion: Marine_Squad 1.0.0, NetCL: 5660361, EngineNetVer: 10, GameNetVer: 0 (Checksum: 4148284594)
[2020.02.16-06.19.00:723][  0]LogPackageLocalizationCache: Processed 10 localized package path(s) for 1 prioritized culture(s) in 0.076340 seconds
[2020.02.16-06.19.00:732][  0]LogUObjectArray: 42205 objects as part of root set at end of initial load.
[2020.02.16-06.19.00:732][  0]LogUObjectAllocator: 7325032 out of 0 bytes used by permanent object pool.
[2020.02.16-06.19.00:732][  0]LogUObjectArray: CloseDisregardForGC: 0/0 objects in disregard for GC pool
[2020.02.16-06.19.04:789][  0]LogVaFog: [FVaFogOfWarModule::StartupModule(44)] VaFogOfWar module started
[2020.02.16-06.19.04:840][  0]LogTcpMessaging: Initializing TcpMessaging bridge
[2020.02.16-06.19.04:870][  0]LogUdpMessaging: Initializing bridge on interface 0.0.0.0:0 to multicast group 230.0.0.1:6666.
[2020.02.16-06.19.05:351][  0]SourceControl: Source control is disabled
[2020.02.16-06.19.05:352][  0]SourceControl: Source control is disabled
[2020.02.16-06.19.05:378][  0]SourceControl: Source control is disabled
[2020.02.16-06.19.05:406][  0]SourceControl: Source control is disabled
[2020.02.16-06.19.06:139][  0]LogAndroidPermission: UAndroidPermissionCallbackProxy::GetInstance
[2020.02.16-06.19.06:555][  0]LogOcInput: OculusInput pre-init called
[2020.02.16-06.19.07:433][  0]LogEngine: Initializing Engine...
[2020.02.16-06.19.07:435][  0]LogHMD: Failed to initialize OpenVR with code 110
[2020.02.16-06.19.07:437][  0]LogStats: UGameplayTagsManager::InitializeManager -  0.001 s
[2020.02.16-06.19.07:904][  0]LogInit: Initializing FReadOnlyCVARCache
[2020.02.16-06.19.07:995][  0]LogAIModule: Creating AISystem for world Untitled
[2020.02.16-06.19.08:005][  0]LogVaFog: [FVaFogOfWarModule::StartupModule::<lambda_976865d7f760a47e2a086b15bf7dcbd9>::operator ()(41)] Fog Controller is created for: Untitled
[2020.02.16-06.19.08:145][  0]LogInit: XAudio2 using 'HEAD SET (Corsair VOID PRO USB Gaming Headset )' : 2 channels at 48 kHz using 16 bits per sample (channel mask 0x3)
[2020.02.16-06.19.08:247][  0]LogInit: FAudioDevice initialized.
[2020.02.16-06.19.08:248][  0]LogNetVersion: Set ProjectVersion to 1.0.0.0. Version Checksum will be recalculated on next use.
[2020.02.16-06.19.08:834][  0]LogDerivedDataCache: Saved boot cache 0.59s 71MB C:/Users/ericf/AppData/Local/UnrealEngine/4.22/DerivedDataCache/Boot.ddc.
[2020.02.16-06.19.08:844][  0]LogInit: Texture streaming: Enabled
[2020.02.16-06.19.08:931][  0]LogEngineSessionManager: EngineSessionManager initialized
[2020.02.16-06.19.08:997][  0]LogInit: Transaction tracking system initialized
[2020.02.16-06.19.09:330][  0]BlueprintLog: New page: Editor Load
[2020.02.16-06.19.10:199][  0]LocalizationService: Localization service is disabled
[2020.02.16-06.19.11:691][  0]LogCook: Display: Max memory allowance for cook 16384mb min free memory 0mb
[2020.02.16-06.19.11:692][  0]LogCook: Display: Mobile HDR setting 1
[2020.02.16-06.19.12:301][  0]LogFileCache: Scanning file cache for directory 'C:/Users/ericf/Desktop/repos/Marine-Squad/Marine_Squad/Content/' took 0.08s
[2020.02.16-06.19.13:125][  0]SourceControl: Source control is disabled
[2020.02.16-06.19.13:127][  0]Cmd: MAP LOAD FILE="C:/Users/ericf/Desktop/repos/Marine-Squad/Marine_Squad/Content/StarterContent/Maps/Minimal_Default.umap" TEMPLATE=0 SHOWPROGRESS=1 FEATURELEVEL=3
[2020.02.16-06.19.13:683][  0]LightingResults: New page: Lighting Build
[2020.02.16-06.19.13:699][  0]LogVaFog: [FVaFogOfWarModule::StartupModule::<lambda_144d8ffb0c7ca55232a4412d9c0c3636>::operator ()(31)] Fog Controller is removed for: Untitled
[2020.02.16-06.19.13:700][  0]MapCheck: New page: Map Check
[2020.02.16-06.19.13:700][  0]LightingResults: New page: Lighting Build
[2020.02.16-06.19.13:758][  0]LogUObjectHash: Compacting FUObjectHashTables data took   2.06ms
[2020.02.16-06.19.13:828][  0]LogLinker: Warning: Can't find file '/Game/BP/Units_BP/BaseEnemyUnit'
[2020.02.16-06.19.13:828][  0]LogLinker: Warning: Can't find file for asset '/Game/BP/Units_BP/BaseEnemyUnit' while loading NULL.
[2020.02.16-06.19.14:982][  0]LogLinker: Warning: Can't find file '/Game/BP/Units_BP/BaseEnemyUnit'
[2020.02.16-06.19.14:982][  0]LogLinker: Warning: Can't find file for asset '/Game/BP/Units_BP/BaseEnemyUnit' while loading NULL.
[2020.02.16-06.19.15:094][  0]LogLinker: Warning: Can't find file '/Game/BP/Units_BP/BaseEnemyUnit'
[2020.02.16-06.19.15:094][  0]LogLinker: Warning: Can't find file for asset '/Game/BP/Units_BP/BaseEnemyUnit' while loading NULL.
[2020.02.16-06.19.15:094][  0]LogLinker: Warning: Can't find file '/Game/BP/Units_BP/BaseEnemyUnit'
[2020.02.16-06.19.15:094][  0]LogLinker: Warning: Can't find file for asset '/Game/BP/Units_BP/BaseEnemyUnit' while loading NULL.
[2020.02.16-06.19.15:095][  0]LogLinker: Warning: Can't find file '/Game/BP/Units_BP/BaseEnemyUnit'
[2020.02.16-06.19.15:095][  0]LogLinker: Warning: Can't find file for asset '/Game/BP/Units_BP/BaseEnemyUnit' while loading NULL.
[2020.02.16-06.19.15:319][  0]LogLinker: Warning: Can't find file '/Game/BP/Units_BP/BaseEnemyUnit'
[2020.02.16-06.19.15:319][  0]LogLinker: Warning: Can't find file for asset '/Game/BP/Units_BP/BaseEnemyUnit' while loading NULL.
[2020.02.16-06.19.15:330][  0]LogLinker: Warning: Can't find file '/Game/BP/Units_BP/BaseEnemyUnit'
[2020.02.16-06.19.15:330][  0]LogLinker: Warning: Can't find file for asset '/Game/BP/Units_BP/BaseEnemyUnit' while loading NULL.
[2020.02.16-06.19.15:331][  0]LogLinker: Warning: Can't find file '/Game/BP/Units_BP/BaseEnemyUnit'
[2020.02.16-06.19.15:331][  0]LogLinker: Warning: Can't find file for asset '/Game/BP/Units_BP/BaseEnemyUnit' while loading NULL.
[2020.02.16-06.19.15:331][  0]LogLinker: Warning: Can't find file '/Game/BP/Units_BP/BaseEnemyUnit'
[2020.02.16-06.19.15:331][  0]LogLinker: Warning: Can't find file for asset '/Game/BP/Units_BP/BaseEnemyUnit' while loading NULL.
[2020.02.16-06.19.15:331][  0]LogLinker: Warning: Can't find file '/Game/BP/Units_BP/BaseEnemyUnit'
[2020.02.16-06.19.15:331][  0]LogLinker: Warning: Can't find file for asset '/Game/BP/Units_BP/BaseEnemyUnit' while loading NULL.
[2020.02.16-06.19.15:331][  0]LogLinker: Warning: Can't find file '/Game/BP/Units_BP/BaseEnemyUnit'
[2020.02.16-06.19.15:331][  0]LogLinker: Warning: Can't find file for asset '/Game/BP/Units_BP/BaseEnemyUnit' while loading NULL.
[2020.02.16-06.19.15:332][  0]LogLinker: Warning: Can't find file '/Game/BP/Units_BP/BaseEnemyUnit'
[2020.02.16-06.19.15:332][  0]LogLinker: Warning: Can't find file for asset '/Game/BP/Units_BP/BaseEnemyUnit' while loading NULL.
[2020.02.16-06.19.15:332][  0]LogLinker: Warning: Can't find file '/Game/BP/Units_BP/BaseEnemyUnit'
[2020.02.16-06.19.15:332][  0]LogLinker: Warning: Can't find file for asset '/Game/BP/Units_BP/BaseEnemyUnit' while loading NULL.
[2020.02.16-06.19.15:332][  0]LogLinker: Warning: Can't find file '/Game/BP/Units_BP/BaseEnemyUnit'
[2020.02.16-06.19.15:332][  0]LogLinker: Warning: Can't find file for asset '/Game/BP/Units_BP/BaseEnemyUnit' while loading NULL.
[2020.02.16-06.19.15:335][  0]LogLinker: Warning: Can't find file '/Game/BP/Units_BP/BaseEnemyUnit'
[2020.02.16-06.19.15:335][  0]LogLinker: Warning: Can't find file for asset '/Game/BP/Units_BP/BaseEnemyUnit' while loading NULL.
[2020.02.16-06.19.15:335][  0]LogLinker: Warning: Can't find file '/Game/BP/Units_BP/BaseEnemyUnit'
[2020.02.16-06.19.15:335][  0]LogLinker: Warning: Can't find file for asset '/Game/BP/Units_BP/BaseEnemyUnit' while loading NULL.
[2020.02.16-06.19.15:845][  0]LogAIModule: Creating AISystem for world Minimal_Default
[2020.02.16-06.19.15:846][  0]LogVaFog: [FVaFogOfWarModule::StartupModule::<lambda_976865d7f760a47e2a086b15bf7dcbd9>::operator ()(41)] Fog Controller is created for: Minimal_Default
[2020.02.16-06.19.16:429][  0]LogEditorServer: Finished looking for orphan Actors (0.000 secs)
[2020.02.16-06.19.16:467][  0]LogUObjectHash: Compacting FUObjectHashTables data took   2.51ms
[2020.02.16-06.19.16:468][  0]Cmd: MAP CHECKDEP NOCLEARLOG
[2020.02.16-06.19.16:468][  0]MapCheck: Map check complete: 0 Error(s), 0 Warning(s), took 0.178ms to complete.
[2020.02.16-06.19.16:468][  0]LogFileHelpers: Loading map 'Minimal_Default' took 3.343
[2020.02.16-06.19.16:789][  0]LogSlate: Updating window title bar state: overlay mode, drag disabled, window buttons hidden, title bar hidden
[2020.02.16-06.19.16:798][  0]LogSlate: Updating window title bar state: overlay mode, drag disabled, window buttons hidden, title bar hidden
[2020.02.16-06.19.16:807][  0]LogSlate: Updating window title bar state: overlay mode, drag disabled, window buttons hidden, title bar hidden
[2020.02.16-06.19.16:814][  0]LogSlate: Updating window title bar state: overlay mode, drag disabled, window buttons hidden, title bar hidden
[2020.02.16-06.19.17:075][  0]LogCollectionManager: Loaded 0 collections in 0.000833 seconds
[2020.02.16-06.19.17:126][  0]LogFileCache: Scanning file cache for directory 'C:/Users/ericf/Desktop/repos/Marine-Squad/Marine_Squad/Saved/Collections/' took 0.01s
[2020.02.16-06.19.17:126][  0]LogFileCache: Scanning file cache for directory 'C:/Users/ericf/Desktop/repos/Marine-Squad/Marine_Squad/Content/Developers/ericf/Collections/' took 0.01s
[2020.02.16-06.19.17:126][  0]LogFileCache: Scanning file cache for directory 'C:/Users/ericf/Desktop/repos/Marine-Squad/Marine_Squad/Content/Collections/' took 0.00s
[2020.02.16-06.19.17:126][  0]LogCollectionManager: Rebuilt the GUID cache for 0 collections in 0.000000 seconds
[2020.02.16-06.19.17:140][  0]LogContentBrowser: Native class hierarchy populated in 0.0124 seconds. Added 2748 classes and 666 folders.
[2020.02.16-06.19.17:154][  0]LogContentBrowser: Native class hierarchy updated for 'WidgetCarousel' in 0.0004 seconds. Added 0 classes and 0 folders.
[2020.02.16-06.19.17:164][  0]LogPakFile: Registered encryption key '00000000000000000000000000000000': 0 pak files mounted, 0 remain pending
[2020.02.16-06.19.17:176][  0]LogPakFile: Registered encryption key '00000000000000000000000000000000': 0 pak files mounted, 0 remain pending
[2020.02.16-06.19.17:192][  0]LogPakFile: Registered encryption key '00000000000000000000000000000000': 0 pak files mounted, 0 remain pending
[2020.02.16-06.19.17:199][  0]LogPakFile: Registered encryption key '00000000000000000000000000000000': 0 pak files mounted, 0 remain pending
[2020.02.16-06.19.17:205][  0]LogPakFile: Registered encryption key '00000000000000000000000000000000': 0 pak files mounted, 0 remain pending
[2020.02.16-06.19.17:212][  0]LogPakFile: Registered encryption key '00000000000000000000000000000000': 0 pak files mounted, 0 remain pending
[2020.02.16-06.19.17:218][  0]LogPakFile: Registered encryption key '00000000000000000000000000000000': 0 pak files mounted, 0 remain pending
[2020.02.16-06.19.17:227][  0]LogPakFile: Registered encryption key '00000000000000000000000000000000': 0 pak files mounted, 0 remain pending
[2020.02.16-06.19.17:234][  0]LogPakFile: Registered encryption key '00000000000000000000000000000000': 0 pak files mounted, 0 remain pending
[2020.02.16-06.19.17:243][  0]LogPakFile: Registered encryption key '00000000000000000000000000000000': 0 pak files mounted, 0 remain pending
[2020.02.16-06.19.17:249][  0]LogPakFile: Registered encryption key '00000000000000000000000000000000': 0 pak files mounted, 0 remain pending
[2020.02.16-06.19.17:256][  0]LogPakFile: Registered encryption key '00000000000000000000000000000000': 0 pak files mounted, 0 remain pending
[2020.02.16-06.19.17:262][  0]LogPakFile: Registered encryption key '00000000000000000000000000000000': 0 pak files mounted, 0 remain pending
[2020.02.16-06.19.17:269][  0]LogPakFile: Registered encryption key '00000000000000000000000000000000': 0 pak files mounted, 0 remain pending
[2020.02.16-06.19.17:275][  0]LogPakFile: Registered encryption key '00000000000000000000000000000000': 0 pak files mounted, 0 remain pending
[2020.02.16-06.19.17:281][  0]LogPakFile: Registered encryption key '00000000000000000000000000000000': 0 pak files mounted, 0 remain pending
[2020.02.16-06.19.17:324][  0]LogPakFile: Registered encryption key '00000000000000000000000000000000': 0 pak files mounted, 0 remain pending
[2020.02.16-06.19.17:330][  0]LogPakFile: Registered encryption key '00000000000000000000000000000000': 0 pak files mounted, 0 remain pending
[2020.02.16-06.19.17:337][  0]LogPakFile: Registered encryption key '00000000000000000000000000000000': 0 pak files mounted, 0 remain pending
[2020.02.16-06.19.17:344][  0]LogPakFile: Registered encryption key '00000000000000000000000000000000': 0 pak files mounted, 0 remain pending
[2020.02.16-06.19.17:352][  0]LogPakFile: Registered encryption key '00000000000000000000000000000000': 0 pak files mounted, 0 remain pending
[2020.02.16-06.19.17:359][  0]LogPakFile: Registered encryption key '00000000000000000000000000000000': 0 pak files mounted, 0 remain pending
[2020.02.16-06.19.17:365][  0]LogPakFile: Registered encryption key '00000000000000000000000000000000': 0 pak files mounted, 0 remain pending
[2020.02.16-06.19.17:373][  0]LogPakFile: Registered encryption key '00000000000000000000000000000000': 0 pak files mounted, 0 remain pending
[2020.02.16-06.19.17:380][  0]LogPakFile: Registered encryption key '00000000000000000000000000000000': 0 pak files mounted, 0 remain pending
[2020.02.16-06.19.17:387][  0]LogPakFile: Registered encryption key '00000000000000000000000000000000': 0 pak files mounted, 0 remain pending
[2020.02.16-06.19.17:572][  0]LogContentBrowser: Native class hierarchy updated for 'AddContentDialog' in 0.0004 seconds. Added 0 classes and 0 folders.
[2020.02.16-06.19.17:625][  0]LogSlate: Took 0.007834 seconds to synchronously load lazily loaded font '../../../Engine/Content/Slate/Fonts/Roboto-Regular.ttf' (155K)
[2020.02.16-06.19.17:642][  0]LogSlate: Took 0.007054 seconds to synchronously load lazily loaded font '../../../Engine/Content/Slate/Fonts/Roboto-Bold.ttf' (160K)
[2020.02.16-06.19.17:819][  0]LogRenderer: Reallocating scene render targets to support 1736x916 Format 10 NumSamples 1 (Frame:1).
[2020.02.16-06.19.18:352][  0]LogContentBrowser: Native class hierarchy updated for 'HierarchicalLODOutliner' in 0.0005 seconds. Added 0 classes and 0 folders.
[2020.02.16-06.19.18:352][  0]LogLoad: (Engine Initialization) Total time: 38.39 seconds
[2020.02.16-06.19.18:352][  0]LogLoad: (Engine Initialization) Total Blueprint compile time: 0.00 seconds
[2020.02.16-06.19.18:370][  0]LoadErrors: Warning: CreateExport: Failed to load Outer for resource 'Arrow': BaseEnemyUnit_C /Game/StarterContent/Maps/Minimal_Default.Minimal_Default:PersistentLevel.BaseEnemyUnit_2
[2020.02.16-06.19.18:370][  0]LoadErrors: Warning: CreateExport: Failed to load Outer for resource 'CollisionCylinder': BaseEnemyUnit_C /Game/StarterContent/Maps/Minimal_Default.Minimal_Default:PersistentLevel.BaseEnemyUnit_2
[2020.02.16-06.19.18:370][  0]LoadErrors: Warning: CreateExport: Failed to load Outer for resource 'CharMoveComp': BaseEnemyUnit_C /Game/StarterContent/Maps/Minimal_Default.Minimal_Default:PersistentLevel.BaseEnemyUnit_2
[2020.02.16-06.19.18:370][  0]LoadErrors: Warning: CreateExport: Failed to load Outer for resource 'CharacterMesh0': BaseEnemyUnit_C /Game/StarterContent/Maps/Minimal_Default.Minimal_Default:PersistentLevel.BaseEnemyUnit_2
[2020.02.16-06.19.18:419][  0]LogAssetRegistry: Asset discovery search completed in 20.2063 seconds
[2020.02.16-06.19.18:424][  0]LogCollectionManager: Rebuilt the object cache for 0 collections in 0.000000 seconds (found 0 objects)
[2020.02.16-06.19.18:424][  0]LogCollectionManager: Fixed up redirectors for 0 collections in 0.000418 seconds (updated 0 objects)
[2020.02.16-06.19.18:434][  0]LogContentStreaming: Texture pool size now 1000 MB
[2020.02.16-06.21.57:486][ 28]LogSlate: FSceneViewport::OnFocusLost() reason 0
[2020.02.16-06.21.57:495][ 28]LogSlate: Took 0.007026 seconds to synchronously load lazily loaded font '../../../Engine/Content/Editor/Slate/Fonts/FontAwesome.ttf' (139K)
[2020.02.16-06.22.03:500][700]LogSlate: Took 0.006807 seconds to synchronously load lazily loaded font '../../../Engine/Content/Slate/Fonts/Roboto-Light.ttf' (167K)
[2020.02.16-06.22.04:314][700]LogBlueprint: Warning: Timeline GoldMine_Timeline Track NewTrack_0 in /Engine/Transient.REINST_BP_GoldMine_C_41 has an invalid curve.  Please fix!
[2020.02.16-06.22.04:455][700]LogBlueprint: Warning: [Compiler Pawn_Template] Input Axis Event references unknown Axis 'MoveRight' for  InputAxis MoveRight
[2020.02.16-06.22.04:455][700]LogBlueprint: Warning: [Compiler Pawn_Template] Input Axis Event references unknown Axis 'MoveForward' for  InputAxis MoveForward
[2020.02.16-06.22.04:456][700]LogBlueprint: Warning: [Compiler Pawn_Template] InputAction Event references unknown Action 'WheelMouseDown' for  InputAction WheelMouseDown
[2020.02.16-06.22.04:456][700]LogBlueprint: Warning: [Compiler Pawn_Template] InputAction Event references unknown Action 'WheelMouseUp' for  InputAction WheelMouseUp
[2020.02.16-06.22.04:457][700]LogBlueprint: Warning: [Compiler Pawn_Template] InputAction Event references unknown Action 'RotateCamera' for  InputAction RotateCamera
[2020.02.16-06.22.04:457][700]LogBlueprint: Warning: [Compiler Pawn_Template] Input Axis Event references unknown Axis 'MouseY' for  InputAxis MouseY
[2020.02.16-06.22.04:457][700]LogBlueprint: Warning: [Compiler Pawn_Template] Input Axis Event references unknown Axis 'MouseX' for  InputAxis MouseX
[2020.02.16-06.22.04:464][700]LogBlueprint: Warning: [Compiler Pawn_Template] [0204.51] Compile of Pawn_Template successful, but with 7 Warning(s) [in 17 ms] (/Game/CartoonRtsFoliage/BluePrints/Pawn_Template.Pawn_Template)
[2020.02.16-06.22.08:280][700]LogMovieScene: Warning: Legacy data detected in sequence '/Game/CartoonRtsFoliage/Maps/MatineeActorLevelSequence (Unknown sequence)'. This will cause deterministic cooking issues. Please resave the package.
[2020.02.16-06.22.08:280][700]LogMovieScene: Warning: Legacy data detected in sequence '/Game/CartoonRtsFoliage/Maps/MatineeActorLevelSequence (MatineeActorLevelSequence)'. This will cause deterministic cooking issues. Please resave the package.
[2020.02.16-06.22.08:280][700]LogMovieScene: Warning: Legacy data detected in sequence '/Game/CartoonRtsFoliage/Maps/MatineeActorLevelSequence (MatineeActorLevelSequence)'. This will cause deterministic cooking issues. Please resave the package.
[2020.02.16-06.22.08:281][700]LogMovieScene: Warning: Legacy data detected in sequence '/Game/CartoonRtsFoliage/Maps/MatineeActorLevelSequence (MatineeActorLevelSequence)'. This will cause deterministic cooking issues. Please resave the package.
[2020.02.16-06.22.08:281][700]LogMovieScene: Warning: Legacy data detected in sequence '/Game/CartoonRtsFoliage/Maps/MatineeActorLevelSequence (MatineeActorLevelSequence)'. This will cause deterministic cooking issues. Please resave the package.
[2020.02.16-06.22.08:281][700]LogMovieScene: Warning: Legacy data detected in sequence '/Game/CartoonRtsFoliage/Maps/MatineeActorLevelSequence (MatineeActorLevelSequence)'. This will cause deterministic cooking issues. Please resave the package.
[2020.02.16-06.22.08:281][700]LogMovieScene: Warning: Legacy data detected in sequence '/Game/CartoonRtsFoliage/Maps/MatineeActorLevelSequence (MatineeActorLevelSequence)'. This will cause deterministic cooking issues. Please resave the package.
[2020.02.16-06.22.09:910][700]LogAIModule: Creating AISystem for world Demonstration
[2020.02.16-06.22.09:911][700]LogVaFog: [FVaFogOfWarModule::StartupModule::<lambda_976865d7f760a47e2a086b15bf7dcbd9>::operator ()(41)] Fog Controller is created for: Demonstration
[2020.02.16-06.22.09:915][700]PIE: Warning: AttachTo: '/Game/CartoonRtsFoliage/Maps/Demonstration.Demonstration:PersistentLevel.SkySphere.Base' is not static  (in blueprint "BP_Sky_Sphere"), cannot attach '/Game/CartoonRtsFoliage/Maps/Demonstration.Demonstration:PersistentLevel.SkySphere.SkySphereMesh' which is static to it. Aborting.
[2020.02.16-06.22.09:942][700]LogAssetEditorManager: Opening Asset editor for World /Game/CartoonRtsFoliage/Maps/Demonstration.Demonstration
[2020.02.16-06.22.09:978][700]LogUObjectHash: Compacting FUObjectHashTables data took   3.01ms
[2020.02.16-06.22.09:981][700]Cmd: MAP LOAD FILE="C:/Users/ericf/Desktop/repos/Marine-Squad/Marine_Squad/Content/CartoonRtsFoliage/Maps/Demonstration.umap" TEMPLATE=0 SHOWPROGRESS=1 FEATURELEVEL=3
[2020.02.16-06.22.09:981][700]LightingResults: New page: Lighting Build
[2020.02.16-06.22.09:982][700]LoadErrors: New page: Loading map: Demonstration.umap
[2020.02.16-06.22.09:992][700]LogVaFog: [FVaFogOfWarModule::StartupModule::<lambda_144d8ffb0c7ca55232a4412d9c0c3636>::operator ()(31)] Fog Controller is removed for: Minimal_Default
[2020.02.16-06.22.09:992][700]MapCheck: New page: Map Check
[2020.02.16-06.22.09:992][700]LightingResults: New page: Lighting Build
[2020.02.16-06.22.10:027][700]LogUObjectHash: Compacting FUObjectHashTables data took   2.15ms
[2020.02.16-06.22.11:016][700]LogEditorServer: Finished looking for orphan Actors (0.000 secs)
[2020.02.16-06.22.11:042][700]LogUObjectHash: Compacting FUObjectHashTables data took   1.67ms
[2020.02.16-06.22.11:075][700]Cmd: MAP CHECKDEP NOCLEARLOG
[2020.02.16-06.22.11:075][700]MapCheck: Map check complete: 0 Error(s), 0 Warning(s), took 0.148ms to complete.
[2020.02.16-06.22.11:075][700]LogFileHelpers: Loading map 'Demonstration' took 1.097
[2020.02.16-06.22.43:584][ 51]LogEditorViewport: Clicking on Actor (LMB): StaticMeshActor (SM_Foliage_water_Water)
[2020.02.16-06.22.45:122][148]LogSlate: FSceneViewport::OnFocusLost() reason 0
[2020.02.16-06.22.52:256][967]LogConsoleManager: Warning: Console object named 'ActorComponents.Enable' already exists but is being registered again, but we weren't expected it to be! (FConsoleManager::AddConsoleObject)
[2020.02.16-06.23.03:774][276]LogConsoleManager: Warning: Console object named 'ActorComponents.Enable' already exists but is being registered again, but we weren't expected it to be! (FConsoleManager::AddConsoleObject)
[2020.02.16-06.23.39:538][961]LogConsoleManager: Warning: Console object named 'ActorComponents.Enable' already exists but is being registered again, but we weren't expected it to be! (FConsoleManager::AddConsoleObject)
[2020.02.16-06.23.43:931][382]Cmd: EDIT COPY
[2020.02.16-06.23.44:709][431]Cmd: EDIT PASTE
[2020.02.16-06.23.46:361][536]Cmd: TRANSACTION UNDO
[2020.02.16-06.23.46:361][536]LogEditorTransaction: Undo Paste
[2020.02.16-06.24.01:625][256]LogAIModule: Creating AISystem for world Town
[2020.02.16-06.24.01:626][256]LogVaFog: [FVaFogOfWarModule::StartupModule::<lambda_976865d7f760a47e2a086b15bf7dcbd9>::operator ()(41)] Fog Controller is created for: Town
[2020.02.16-06.24.01:657][256]LogAssetEditorManager: Opening Asset editor for World /Game/Maps/Town.Town
[2020.02.16-06.24.01:685][256]LogUObjectHash: Compacting FUObjectHashTables data took   1.59ms
[2020.02.16-06.24.03:989][256]LogSlate: Window 'Save Content' being destroyed
[2020.02.16-06.24.03:994][256]Cmd: MAP LOAD FILE="C:/Users/ericf/Desktop/repos/Marine-Squad/Marine_Squad/Content/Maps/Town.umap" TEMPLATE=0 SHOWPROGRESS=1 FEATURELEVEL=3
[2020.02.16-06.24.03:996][256]LightingResults: New page: Lighting Build
[2020.02.16-06.24.03:997][256]LoadErrors: New page: Loading map: Town.umap
[2020.02.16-06.24.04:006][256]LogVaFog: [FVaFogOfWarModule::StartupModule::<lambda_144d8ffb0c7ca55232a4412d9c0c3636>::operator ()(31)] Fog Controller is removed for: Demonstration
[2020.02.16-06.24.04:006][256]MapCheck: New page: Map Check
[2020.02.16-06.24.04:006][256]LightingResults: New page: Lighting Build
[2020.02.16-06.24.04:055][256]LogUObjectHash: Compacting FUObjectHashTables data took   2.59ms
[2020.02.16-06.24.05:211][256]LogEditorServer: Finished looking for orphan Actors (0.000 secs)
[2020.02.16-06.24.05:240][256]LogUObjectHash: Compacting FUObjectHashTables data took   1.66ms
[2020.02.16-06.24.05:271][256]Cmd: MAP CHECKDEP NOCLEARLOG
[2020.02.16-06.24.05:271][256]MapCheck: Map check complete: 0 Error(s), 0 Warning(s), took 0.119ms to complete.
[2020.02.16-06.24.05:271][256]LogFileHelpers: Loading map 'Town' took 1.278
[2020.02.16-06.24.09:796][752]Cmd: EDIT PASTE
[2020.02.16-06.24.23:829][146]LogSlate: FSceneViewport::OnFocusLost() reason 0
[2020.02.16-06.24.25:025][262]LogVaFog: [FVaFogOfWarModule::StartupModule::<lambda_976865d7f760a47e2a086b15bf7dcbd9>::operator ()(41)] Fog Controller is created for: World_0
[2020.02.16-06.24.25:030][262]LogVaFog: [FVaFogOfWarModule::StartupModule::<lambda_976865d7f760a47e2a086b15bf7dcbd9>::operator ()(41)] Fog Controller is created for: World_1
[2020.02.16-06.24.25:470][299]LogSlate: Took 0.006988 seconds to synchronously load lazily loaded font '../../../Engine/Content/Slate/Fonts/Roboto-Italic.ttf' (157K)
[2020.02.16-06.25.32:483][963]LogSlate: FSceneViewport::OnFocusLost() reason 0
[2020.02.16-06.26.32:847][ 42]LogSlate: FSceneViewport::OnFocusLost() reason 0
[2020.02.16-06.26.44:372][730]LogTexture: Display: Building textures: Texture2D_2 (G8, 128X128)
[2020.02.16-06.27.19:655][799]LogSlate: FSceneViewport::OnFocusLost() reason 0
[2020.02.16-06.27.19:911][811]LogVaFog: [FVaFogOfWarModule::StartupModule::<lambda_976865d7f760a47e2a086b15bf7dcbd9>::operator ()(41)] Fog Controller is created for: World_2
[2020.02.16-06.28.00:965][131]LogMaterial: Warning: Material /Game/CartoonRtsFoliage/Materials/Cavern/M_Montain_Rock.M_Montain_Rock needed to have new flag set bUsedWithInstancedStaticMeshes !
[2020.02.16-06.28.00:969][131]LogMaterial: Display: Missing cached shader map for material M_Montain_Rock, compiling. 
[2020.02.16-06.29.20:501][  5]Cmd: TRANSACTION UNDO
[2020.02.16-06.29.20:501][  5]LogEditorTransaction: Undo Foliage Editing
[2020.02.16-06.30.37:799][ 88]Cmd: TRANSACTION UNDO
[2020.02.16-06.30.37:799][ 88]LogEditorTransaction: Undo Foliage Editing
[2020.02.16-06.30.41:861][370]LogSlate: FSceneViewport::OnFocusLost() reason 0
[2020.02.16-06.30.52:576][146]LogMaterial: Warning: Material /Game/CartoonRtsFoliage/Materials/Monolith/M_Monolith.M_Monolith needed to have new flag set bUsedWithInstancedStaticMeshes !
[2020.02.16-06.30.52:578][146]LogMaterial: Display: Missing cached shader map for material M_Monolith, compiling. 
[2020.02.16-06.30.53:797][255]Cmd: TRANSACTION UNDO
[2020.02.16-06.30.53:797][255]LogEditorTransaction: Undo Foliage Editing
[2020.02.16-06.31.17:384][888]LogSlate: FSceneViewport::OnFocusLost() reason 0
[2020.02.16-06.31.21:389][176]LogActorComponent: UnregisterComponent: (/Engine/Transient.SphereBrushComponent) Not registered. Aborting.
[2020.02.16-06.31.43:523][996]LogSlate: FSceneViewport::OnFocusLost() reason 0
[2020.02.16-06.32.15:052][611]LogSlate: FSceneViewport::OnFocusLost() reason 0
[2020.02.16-06.32.30:228][761]LogSlate: FSceneViewport::OnFocusLost() reason 0
[2020.02.16-06.32.41:705][693]Cmd: EDIT COPY
[2020.02.16-06.32.41:966][716]Cmd: EDIT PASTE
[2020.02.16-06.32.50:194][393]LogSlate: FSceneViewport::OnFocusLost() reason 0
[2020.02.16-06.33.22:526][947]LogSlate: FSceneViewport::OnFocusLost() reason 0
[2020.02.16-06.33.53:759][751]LogSlate: FSceneViewport::OnFocusLost() reason 0
[2020.02.16-06.34.15:277][708]LogSlate: FSceneViewport::OnFocusLost() reason 0
[2020.02.16-06.34.22:200][332]LogSlate: FSceneViewport::OnFocusLost() reason 0
[2020.02.16-06.34.28:524][909]LogSlate: FSceneViewport::OnFocusLost() reason 0
[2020.02.16-06.37.59:592][276]LogSlate: FSceneViewport::OnFocusLost() reason 0
[2020.02.16-06.37.59:690][287]LogActorComponent: UnregisterComponent: (/Engine/Transient.SphereBrushComponent) Not registered. Aborting.
[2020.02.16-06.38.00:747][385]LogEditorViewport: Clicking on Actor (LMB): StaticMeshActor (SM_Foliage_water_Water2)
[2020.02.16-06.38.25:911][715]LogSlate: FSceneViewport::OnFocusLost() reason 2
[2020.02.16-06.38.25:976][715]LogUObjectHash: Compacting FUObjectHashTables data took   2.14ms
[2020.02.16-06.38.25:980][715]Cmd: OBJ SAVEPACKAGE PACKAGE="/Game/Maps/Town" FILE="C:/Users/ericf/Desktop/repos/Marine-Squad/Marine_Squad/Saved/Autosaves/Game/Maps/Town_Auto1.umap" SILENT=true AUTOSAVING=true KEEPDIRTY=false
[2020.02.16-06.38.26:803][715]LogSavePackage: Moving 'C:/Users/ericf/Desktop/repos/Marine-Squad/Marine_Squad/Saved/Town_Auto17F9F89794F253138A6B56A93B6C34F23.tmp' to 'C:/Users/ericf/Desktop/repos/Marine-Squad/Marine_Squad/Saved/Autosaves/Game/Maps/Town_Auto1.umap'
[2020.02.16-06.38.26:812][715]LogFileHelpers: Editor autosave (incl. sublevels) for '/Game/Maps/Town' took 0.864
[2020.02.16-06.38.26:812][715]LogFileHelpers: Editor autosave (incl. sublevels) for all levels took 0.864
[2020.02.16-06.38.26:813][715]OBJ SavePackage: Generating thumbnails for [1] asset(s) in package [/Game/CartoonRtsFoliage/Materials/Cavern/M_Montain_Rock] ([1] browsable assets)...
[2020.02.16-06.38.26:846][715]OBJ SavePackage:     Rendered thumbnail for [Material /Game/CartoonRtsFoliage/Materials/Cavern/M_Montain_Rock.M_Montain_Rock]
[2020.02.16-06.38.26:846][715]OBJ SavePackage: Finished generating thumbnails for package [/Game/CartoonRtsFoliage/Materials/Cavern/M_Montain_Rock]
[2020.02.16-06.38.26:903][715]LogSavePackage: Moving 'C:/Users/ericf/Desktop/repos/Marine-Squad/Marine_Squad/Saved/M_Montain_Rock_Auto118F08D68403CD9DD10B890855E88B9E7.tmp' to 'C:/Users/ericf/Desktop/repos/Marine-Squad/Marine_Squad/Saved/Autosaves/Game/CartoonRtsFoliage/Materials/Cavern/M_Montain_Rock_Auto1.uasset'
[2020.02.16-06.38.26:904][715]LogFileHelpers: Auto-saving content packages took 0.091
[2020.02.16-06.40.28:599][194]LogSlate: FSceneViewport::OnFocusLost() reason 2
[2020.02.16-06.40.29:737][327]MapCheck: New page: Map Check
[2020.02.16-06.40.29:747][327]LogSlate: FSceneViewport::OnFocusLost() reason 2
[2020.02.16-06.40.29:754][327]LightingResults: New page: Lighting Build - Feb 15, 2020, 6:40:29 PM
[2020.02.16-06.40.29:795][327]LightingResults: Warning: InstancedFoliageActor_0 Instanced meshes don't yet support unique static lighting for each LOD. Lighting on LOD 1+ may be incorrect unless lightmap UVs are the same for all LODs.
[2020.02.16-06.40.29:795][327]LightingResults: Warning: InstancedFoliageActor_0 Instanced meshes don't yet support unique static lighting for each LOD. Lighting on LOD 1+ may be incorrect unless lightmap UVs are the same for all LODs.
[2020.02.16-06.40.29:796][327]LightingResults: Warning: InstancedFoliageActor_0 Instanced meshes don't yet support unique static lighting for each LOD. Lighting on LOD 1+ may be incorrect unless lightmap UVs are the same for all LODs.
[2020.02.16-06.40.29:796][327]LightingResults: Warning: InstancedFoliageActor_0 Instanced meshes don't yet support unique static lighting for each LOD. Lighting on LOD 1+ may be incorrect unless lightmap UVs are the same for all LODs.
[2020.02.16-06.40.29:796][327]LightingResults: Warning: InstancedFoliageActor_0 Instanced meshes don't yet support unique static lighting for each LOD. Lighting on LOD 1+ may be incorrect unless lightmap UVs are the same for all LODs.
[2020.02.16-06.40.29:796][327]LightingResults: Warning: InstancedFoliageActor_0 Instanced meshes don't yet support unique static lighting for each LOD. Lighting on LOD 1+ may be incorrect unless lightmap UVs are the same for all LODs.
[2020.02.16-06.40.29:796][327]LightingResults: Warning: InstancedFoliageActor_0 Instanced meshes don't yet support unique static lighting for each LOD. Lighting on LOD 1+ may be incorrect unless lightmap UVs are the same for all LODs.
[2020.02.16-06.40.29:796][327]LightingResults: Warning: InstancedFoliageActor_0 Instanced meshes don't yet support unique static lighting for each LOD. Lighting on LOD 1+ may be incorrect unless lightmap UVs are the same for all LODs.
[2020.02.16-06.40.29:796][327]LightingResults: Warning: InstancedFoliageActor_0 Instanced meshes don't yet support unique static lighting for each LOD. Lighting on LOD 1+ may be incorrect unless lightmap UVs are the same for all LODs.
[2020.02.16-06.40.29:796][327]LightingResults: Warning: InstancedFoliageActor_0 Instanced meshes don't yet support unique static lighting for each LOD. Lighting on LOD 1+ may be incorrect unless lightmap UVs are the same for all LODs.
[2020.02.16-06.40.29:796][327]LightingResults: Warning: InstancedFoliageActor_0 Instanced meshes don't yet support unique static lighting for each LOD. Lighting on LOD 1+ may be incorrect unless lightmap UVs are the same for all LODs.
[2020.02.16-06.40.29:922][327]LogSwarmInterface: [OpenConnection] Registering TCP channel ...
[2020.02.16-06.40.30:177][327]LogSwarmInterface: [OpenConnection] Connecting to agent ...
[2020.02.16-06.40.30:290][327]LogSwarmInterface: [TryOpenConnection] Testing the Agent
[2020.02.16-06.40.30:880][327]LogSwarmInterface: [TryOpenConnection] Opening Connection to Agent
[2020.02.16-06.40.30:880][327]LogSwarmInterface: [TryOpenConnection] Local Process ID is 16392
[2020.02.16-06.40.40:562][327]LightingResults: Warning: No importance volume found and the scene is so large that the automatically synthesized volume will not yield good results.  Please add a tightly bounding lightmass importance volume to optimize your scene's quality and lighting build times.
[2020.02.16-06.40.40:564][327]LogStaticLightingSystem: Running Lightmass w/ ImmediateImport mode ENABLED
[2020.02.16-06.40.40:564][327]LogStaticLightingSystem: Running Lightmass w/ ImmediateProcess mode ENABLED
[2020.02.16-06.40.40:564][327]LogStaticLightingSystem: Running Lightmass w/ Sorting mode ENABLED
[2020.02.16-06.40.40:564][327]LogStaticLightingSystem: Running Lightmass w/ Mapping paddings ENABLED
[2020.02.16-06.40.40:564][327]LogStaticLightingSystem: Running Lightmass w/ Mapping debug paddings DISABLED
[2020.02.16-06.40.40:899][327]LogEditorBuildUtils: Build time 0:11
[2020.02.16-06.40.41:070][331]LogMaterial: Display: Missing cached shader map for material FLightmassMaterialRenderer M_Montain_Rock, compiling. 
[2020.02.16-06.40.41:079][331]LogMaterial: Display: Missing cached shader map for material FLightmassMaterialRenderer M_Montain_Rock, compiling. 
[2020.02.16-06.40.41:101][332]LogMaterial: Display: Missing cached shader map for material FLightmassMaterialRenderer M_Monolith, compiling. 
[2020.02.16-06.40.41:109][332]LogMaterial: Display: Missing cached shader map for material FLightmassMaterialRenderer M_Monolith, compiling. 
[2020.02.16-06.40.43:077][339]LogUObjectHash: Compacting FUObjectHashTables data took   2.37ms
[2020.02.16-06.43.55:119][354]LogEditorViewport: Clicking on Actor (LMB): BP_Sky_Sphere_C (BP_Sky_Sphere)
[2020.02.16-06.43.57:819][480]Job is a success!
[2020.02.16-06.43.57:893][481]LogSlate: FSceneViewport::OnFocusLost() reason 2
[2020.02.16-06.43.58:199][481]LogVolumetricLightmapImport: Imported Volumetric Lightmap in 0.101s
[2020.02.16-06.43.58:199][481]LogVolumetricLightmapImport:      Indirection Texture 32x32x32 = 0.1Mb
[2020.02.16-06.43.58:199][481]LogVolumetricLightmapImport:      BrickData 1280x10x5 = 2.5Mb (trimmed 2.0Mb due to 0.010000 MinBrickError)
[2020.02.16-06.43.58:199][481]LogVolumetricLightmapImport:      Bricks at Level
[2020.02.16-06.43.58:199][481]LogVolumetricLightmapImport:          0: 1.7% covering 100.0% of volume
[2020.02.16-06.43.58:199][481]LogVolumetricLightmapImport:          1: 14.3% covering 12.9% of volume
[2020.02.16-06.43.58:199][481]LogVolumetricLightmapImport:          2: 84.0% covering 1.2% of volume
[2020.02.16-06.44.13:281][481]LogTexture: Display: Building textures: SkyOcclusion0_1 (AutoDXT, 1024X512)
[2020.02.16-06.44.13:281][481]LogTexture: Display: Building textures: HQ_Lightmap0_1 (AutoDXT, 1024X1024)
[2020.02.16-06.44.13:281][481]LogTexture: Display: Building textures: LQ_Lightmap_0_1 (DXT1, 1024X1024)
[2020.02.16-06.44.13:281][481]LogTexture: Display: Building textures: SkyOcclusion1_2 (AutoDXT, 1024X512)
[2020.02.16-06.44.13:281][481]LogTexture: Display: Building textures: HQ_Lightmap1_2 (AutoDXT, 1024X1024)
[2020.02.16-06.44.13:281][481]LogTexture: Display: Building textures: LQ_Lightmap_1_2 (DXT1, 1024X1024)
[2020.02.16-06.44.13:281][481]LogTexture: Display: Building textures: SkyOcclusion1_3 (AutoDXT, 1024X512)
[2020.02.16-06.44.13:281][481]LogTexture: Display: Building textures: HQ_Lightmap1_3 (AutoDXT, 1024X1024)
[2020.02.16-06.44.13:281][481]LogTexture: Display: Building textures: LQ_Lightmap_1_3 (DXT1, 1024X1024)
[2020.02.16-06.44.13:281][481]LogTexture: Display: Building textures: SkyOcclusion1_4 (AutoDXT, 1024X512)
[2020.02.16-06.44.13:281][481]LogTexture: Display: Building textures: HQ_Lightmap1_4 (AutoDXT, 1024X1024)
[2020.02.16-06.44.13:281][481]LogTexture: Display: Building textures: LQ_Lightmap_1_4 (DXT1, 1024X1024)
[2020.02.16-06.44.13:281][481]LogTexture: Display: Building textures: SkyOcclusion1_5 (AutoDXT, 1024X512)
[2020.02.16-06.44.13:281][481]LogTexture: Display: Building textures: HQ_Lightmap1_5 (AutoDXT, 1024X1024)
[2020.02.16-06.44.13:281][481]LogTexture: Display: Building textures: LQ_Lightmap_1_5 (DXT1, 1024X1024)
[2020.02.16-06.44.13:281][481]LogTexture: Display: Building textures: SkyOcclusion1_6 (AutoDXT, 1024X512)
[2020.02.16-06.44.13:281][481]LogTexture: Display: Building textures: HQ_Lightmap1_6 (AutoDXT, 1024X1024)
[2020.02.16-06.44.13:281][481]LogTexture: Display: Building textures: LQ_Lightmap_1_6 (DXT1, 1024X1024)
[2020.02.16-06.44.13:281][481]LogTexture: Display: Building textures: SkyOcclusion1_7 (AutoDXT, 1024X512)
[2020.02.16-06.44.13:281][481]LogTexture: Display: Building textures: HQ_Lightmap1_7 (AutoDXT, 1024X1024)
[2020.02.16-06.44.13:281][481]LogTexture: Display: Building textures: LQ_Lightmap_1_7 (DXT1, 1024X1024)
[2020.02.16-06.44.13:281][481]LogTexture: Display: Building textures: SkyOcclusion0_8 (AutoDXT, 512X256)
[2020.02.16-06.44.13:281][481]LogTexture: Display: Building textures: HQ_Lightmap0_8 (AutoDXT, 512X512)
[2020.02.16-06.44.13:281][481]LogTexture: Display: Building textures: LQ_Lightmap_0_8 (DXT1, 512X512)
[2020.02.16-06.44.13:281][481]LogTexture: Display: Building textures: SkyOcclusion0_9 (AutoDXT, 512X256)
[2020.02.16-06.44.13:281][481]LogTexture: Display: Building textures: HQ_Lightmap0_9 (AutoDXT, 512X512)
[2020.02.16-06.44.13:281][481]LogTexture: Display: Building textures: LQ_Lightmap_0_9 (DXT1, 512X512)
[2020.02.16-06.44.13:281][481]LogTexture: Display: Building textures: SkyOcclusion0_10 (AutoDXT, 1024X512)
[2020.02.16-06.44.13:281][481]LogTexture: Display: Building textures: HQ_Lightmap0_10 (AutoDXT, 1024X1024)
[2020.02.16-06.44.13:281][481]LogTexture: Display: Building textures: LQ_Lightmap_0_10 (DXT1, 1024X1024)
[2020.02.16-06.44.13:281][481]LogTexture: Display: Building textures: SkyOcclusion0_11 (AutoDXT, 1024X512)
[2020.02.16-06.44.13:281][481]LogTexture: Display: Building textures: HQ_Lightmap0_11 (AutoDXT, 1024X1024)
[2020.02.16-06.44.13:281][481]LogTexture: Display: Building textures: LQ_Lightmap_0_11 (DXT1, 1024X1024)
[2020.02.16-06.44.13:281][481]LogTexture: Display: Building textures: SkyOcclusion0_12 (AutoDXT, 64X32)
[2020.02.16-06.44.13:281][481]LogTexture: Display: Building textures: HQ_Lightmap0_12 (AutoDXT, 64X64)
[2020.02.16-06.44.13:281][481]LogTexture: Display: Building textures: LQ_Lightmap_0_12 (DXT1, 64X64)
[2020.02.16-06.44.13:684][481]LogTexture: Display: Building textures: ShadowMapTexture2D_0 (G8, 1024X1024)
[2020.02.16-06.44.13:684][481]LogTexture: Display: Building textures: ShadowMapTexture2D_1 (G8, 1024X1024)
[2020.02.16-06.44.13:684][481]LogTexture: Display: Building textures: ShadowMapTexture2D_2 (G8, 1024X1024)
[2020.02.16-06.44.13:684][481]LogTexture: Display: Building textures: ShadowMapTexture2D_4 (G8, 1024X128)
[2020.02.16-06.44.13:684][481]LogTexture: Display: Building textures: ShadowMapTexture2D_5 (G8, 1024X128)
[2020.02.16-06.44.13:684][481]LogTexture: Display: Building textures: ShadowMapTexture2D_8 (G8, 32X32)
[2020.02.16-06.44.13:684][481]LogTexture: Display: Building textures: ShadowMapTexture2D_3 (G8, 1024X256)
[2020.02.16-06.44.13:684][481]LogTexture: Display: Building textures: ShadowMapTexture2D_7 (G8, 512X32)
[2020.02.16-06.44.13:768][481]LogTexture: Display: Building textures: ShadowMapTexture2D_6 (G8, 1024X1024)
[2020.02.16-06.44.13:939][481]Lightmass on FALL-PC: 3:27 min total, 7.32 sec importing, 550 ms setup, 18.7 sec photons, 3:00 min processing, 0 ms extra exporting [1048/1048 mappings]. Threads: 12:01 min total, 6:21 min processing.
[2020.02.16-06.44.13:942][481]LogStaticLightingSystem: Town_BuiltData storing lightmap data for 155 meshes in 23 LightmapResourceClusters (6.7 Meshes per cluster).
[2020.02.16-06.44.13:975][481]LogMaterial: Warning: Material /Game/CartoonRtsFoliage/Materials/Cavern/M_Montain_Rock.M_Montain_Rock needed to have new flag set bUsedWithStaticLighting !
[2020.02.16-06.44.14:067][481]LogMaterial: Display: Missing cached shader map for material M_Montain_Rock, compiling. 
[2020.02.16-06.44.14:120][481]LogMaterial: Warning: Material /Game/CartoonRtsFoliage/Materials/Monolith/M_Monolith.M_Monolith needed to have new flag set bUsedWithStaticLighting !
[2020.02.16-06.44.14:122][481]LogMaterial: Display: Missing cached shader map for material M_Monolith, compiling. 
[2020.02.16-06.44.14:186][481]LogUObjectHash: Compacting FUObjectHashTables data took   2.47ms
[2020.02.16-06.44.14:193][481]LogStaticLightingSystem: Illumination: 3:44 min (13.5 sec encoding lightmaps, 484 ms encoding shadowmaps)
[2020.02.16-06.44.14:193][481]LogStaticLightingSystem: Lightmap texture memory:  25.3 MB (25.3 MB streaming, 0.0 MB non-streaming), 24 textures
[2020.02.16-06.44.14:193][481]LogStaticLightingSystem: Shadowmap texture memory: 6.0 MB (6.0 MB streaming, 0.0 MB non-streaming), 9 textures
[2020.02.16-06.44.14:741][481]DumpUnbuiltLightIteractions
[2020.02.16-06.44.14:741][481]Lights with unbuilt interactions: 0
[2020.02.16-06.44.14:741][481]
[2020.02.16-06.44.14:741][481]Primitives with unbuilt interactions: 0
[2020.02.16-06.44.14:748][481]LogSlate: FSceneViewport::OnFocusLost() reason 2
[2020.02.16-06.44.32:361][482]Cmd: MAP CHECK NOTIFYRESULTS
[2020.02.16-06.44.32:362][482]MapCheck: New page: Town - Feb 15, 2020, 6:44:32 PM
[2020.02.16-06.44.32:369][482]MapCheck: Map check complete: 0 Error(s), 0 Warning(s), took 7.531ms to complete.
[2020.02.16-06.44.32:370][482]LogSlate: FSceneViewport::OnFocusLost() reason 0
[2020.02.16-06.44.39:286][ 97]LogEditorViewport: Clicking on Actor (LMB): StaticMeshActor (SM_Foliage_water_Water2)
[2020.02.16-06.44.53:491][242]LogSlate: FSceneViewport::OnFocusLost() reason 0
[2020.02.16-06.45.18:370][354]LogUnrealEdMisc: Warning: Heartbeat event firing too frequently (45.999 sec). This should never happen. Something is wrong with the timer delegate!
[2020.02.16-06.49.01:722][263]LogUObjectHash: Compacting FUObjectHashTables data took   1.78ms
[2020.02.16-06.49.01:723][263]Cmd: OBJ SAVEPACKAGE PACKAGE="/Game/Maps/Town" FILE="C:/Users/ericf/Desktop/repos/Marine-Squad/Marine_Squad/Saved/Autosaves/Game/Maps/Town_Auto2.umap" SILENT=true AUTOSAVING=true KEEPDIRTY=false
[2020.02.16-06.49.02:594][263]LogSavePackage: Moving 'C:/Users/ericf/Desktop/repos/Marine-Squad/Marine_Squad/Saved/Town_Auto2A1E1C31F43C8E595E977CFB7DC6C8A17.tmp' to 'C:/Users/ericf/Desktop/repos/Marine-Squad/Marine_Squad/Saved/Autosaves/Game/Maps/Town_Auto2.umap'
[2020.02.16-06.49.02:601][263]LogFileHelpers: Editor autosave (incl. sublevels) for '/Game/Maps/Town' took 0.917
[2020.02.16-06.49.02:601][263]LogFileHelpers: Editor autosave (incl. sublevels) for all levels took 0.917
[2020.02.16-06.49.02:603][263]OBJ SavePackage: Generating thumbnails for [1] asset(s) in package [/Game/CartoonRtsFoliage/Materials/Monolith/M_Monolith] ([1] browsable assets)...
[2020.02.16-06.49.02:631][263]OBJ SavePackage:     Rendered thumbnail for [Material /Game/CartoonRtsFoliage/Materials/Monolith/M_Monolith.M_Monolith]
[2020.02.16-06.49.02:631][263]OBJ SavePackage: Finished generating thumbnails for package [/Game/CartoonRtsFoliage/Materials/Monolith/M_Monolith]
[2020.02.16-06.49.02:690][263]LogSavePackage: Moving 'C:/Users/ericf/Desktop/repos/Marine-Squad/Marine_Squad/Saved/M_Monolith_Auto2FD84C4F84504C7D883FF0FA04BCCFABD.tmp' to 'C:/Users/ericf/Desktop/repos/Marine-Squad/Marine_Squad/Saved/Autosaves/Game/CartoonRtsFoliage/Materials/Monolith/M_Monolith_Auto2.uasset'
[2020.02.16-06.49.02:691][263]OBJ SavePackage: Generating thumbnails for [0] asset(s) in package [/Game/CartoonRtsFoliage/Materials/Cavern/M_Montain_Rock] ([1] browsable assets)...
[2020.02.16-06.49.02:691][263]OBJ SavePackage: Finished generating thumbnails for package [/Game/CartoonRtsFoliage/Materials/Cavern/M_Montain_Rock]
[2020.02.16-06.49.02:744][263]LogSavePackage: Moving 'C:/Users/ericf/Desktop/repos/Marine-Squad/Marine_Squad/Saved/M_Montain_Rock_Auto28EE45D4E4F737B50DCD2219B68B5124A.tmp' to 'C:/Users/ericf/Desktop/repos/Marine-Squad/Marine_Squad/Saved/Autosaves/Game/CartoonRtsFoliage/Materials/Cavern/M_Montain_Rock_Auto2.uasset'
[2020.02.16-06.49.02:751][263]LogFileHelpers: Auto-saving content packages took 0.148
[2020.02.16-06.54.25:381][221]LogEditorViewport: Clicking on Actor (LMB): BP_Sky_Sphere_C (BP_Sky_Sphere)
[2020.02.16-06.55.50:121][631]LogSlate: FSceneViewport::OnFocusLost() reason 0
[2020.02.16-06.55.52:435][829]LogVaFog: [FVaFogOfWarModule::StartupModule::<lambda_976865d7f760a47e2a086b15bf7dcbd9>::operator ()(41)] Fog Controller is created for: World_3
