Log file open, 02/15/20 16:03:26
LogWindows: Failed to load 'aqProf.dll' (GetLastError=126)
LogWindows: File 'aqProf.dll' does not exist
LogWindows: Failed to load 'VtuneApi.dll' (GetLastError=126)
LogWindows: File 'VtuneApi.dll' does not exist
LogWindows: Failed to load 'VtuneApi32e.dll' (GetLastError=126)
LogWindows: File 'VtuneApi32e.dll' does not exist
LogConsoleResponse: Display: Failed to find resolution value strings in scalability ini. Falling back to default.
LogInit: Display: Running engine for game: Marine_Squad
LogPakFile: Registered encryption key '00000000000000000000000000000000': 0 pak files mounted, 0 remain pending
LogPlatformFile: Not using cached read wrapper
LogTaskGraph: Started task graph with 5 named threads and 14 total threads with 3 sets of task threads.
LogStats: Stats thread started at 0.611826
LogD3D11RHI: Loaded GFSDK_Aftermath_Lib.x64.dll
LogICUInternationalization: ICU TimeZone Detection - Raw Offset: -6:00, Platform Override: ''
LogPluginManager: Mounting plugin Paper2D
LogPluginManager: Mounting plugin AISupport
LogPluginManager: Mounting plugin LightPropagationVolume
LogPluginManager: Mounting plugin ActorLayerUtilities
LogPluginManager: Mounting plugin AnimationSharing
LogPluginManager: Mounting plugin CLionSourceCodeAccess
LogPluginManager: Mounting plugin CodeLiteSourceCodeAccess
LogPluginManager: Mounting plugin GitSourceControl
LogPluginManager: Mounting plugin KDevelopSourceCodeAccess
LogPluginManager: Mounting plugin NullSourceCodeAccess
LogPluginManager: Mounting plugin PerforceSourceControl
LogPluginManager: Mounting plugin SubversionSourceControl
LogPluginManager: Mounting plugin UObjectPlugin
LogPluginManager: Mounting plugin VisualStudioCodeSourceCodeAccess
LogPluginManager: Mounting plugin VisualStudioSourceCodeAccess
LogPluginManager: Mounting plugin XCodeSourceCodeAccess
LogPluginManager: Mounting plugin AssetManagerEditor
LogPluginManager: Mounting plugin CryptoKeys
LogPluginManager: Mounting plugin DataValidation
LogPluginManager: Mounting plugin FacialAnimation
LogPluginManager: Mounting plugin GameplayTagsEditor
LogPluginManager: Mounting plugin MacGraphicsSwitching
LogPluginManager: Mounting plugin MaterialAnalyzer
LogPluginManager: Mounting plugin MobileLauncherProfileWizard
LogPluginManager: Mounting plugin PluginBrowser
LogPluginManager: Mounting plugin SpeedTreeImporter
LogPluginManager: Mounting plugin DatasmithContent
LogPluginManager: Mounting plugin VariantManagerContent
LogPluginManager: Mounting plugin AlembicImporter
LogPluginManager: Mounting plugin AppleImageUtils
LogPluginManager: Mounting plugin AppleVision
LogPluginManager: Mounting plugin BackChannel
LogPluginManager: Mounting plugin CharacterAI
LogPluginManager: Mounting plugin GeometryCache
LogPluginManager: Mounting plugin HTML5Networking
LogPluginManager: Mounting plugin ProxyLODPlugin
LogPluginManager: Mounting plugin SkeletalReduction
LogPluginManager: Mounting plugin MagicLeap
LogPluginManager: Mounting plugin MagicLeapMedia
LogPluginManager: Mounting plugin VaFogOfWar
LogPluginManager: Mounting plugin AndroidMedia
LogPluginManager: Mounting plugin AvfMedia
LogPluginManager: Mounting plugin ImgMedia
LogPluginManager: Mounting plugin LinearTimecode
LogPluginManager: Mounting plugin MediaCompositing
LogPluginManager: Mounting plugin MediaPlayerEditor
LogPluginManager: Mounting plugin WebMMedia
LogPluginManager: Mounting plugin WmfMedia
LogPluginManager: Mounting plugin TcpMessaging
LogPluginManager: Mounting plugin UdpMessaging
LogPluginManager: Mounting plugin ActorSequence
LogPluginManager: Mounting plugin LevelSequenceEditor
LogPluginManager: Mounting plugin MatineeToLevelSequence
LogPluginManager: Mounting plugin NetcodeUnitTest
LogPluginManager: Mounting plugin NUTUnrealEngine4
LogPluginManager: Mounting plugin OnlineSubsystemGooglePlay
LogPluginManager: Mounting plugin OnlineSubsystemIOS
LogPluginManager: Mounting plugin OnlineSubsystem
LogPluginManager: Mounting plugin OnlineSubsystemNull
LogPluginManager: Mounting plugin OnlineSubsystemUtils
LogPluginManager: Mounting plugin LauncherChunkInstaller
LogPluginManager: Mounting plugin AndroidDeviceProfileSelector
LogPluginManager: Mounting plugin AndroidMoviePlayer
LogPluginManager: Mounting plugin AndroidPermission
LogPluginManager: Mounting plugin AppleMoviePlayer
LogPluginManager: Mounting plugin ArchVisCharacter
LogPluginManager: Mounting plugin AudioCapture
LogPluginManager: Mounting plugin CableComponent
LogPluginManager: Mounting plugin CustomMeshComponent
LogPluginManager: Mounting plugin EditableMesh
LogPluginManager: Mounting plugin ExampleDeviceProfileSelector
LogPluginManager: Mounting plugin Firebase
LogPluginManager: Mounting plugin GoogleCloudMessaging
LogPluginManager: Mounting plugin IOSDeviceProfileSelector
LogPluginManager: Mounting plugin LinuxDeviceProfileSelector
LogPluginManager: Mounting plugin LocationServicesBPLibrary
LogPluginManager: Mounting plugin MobilePatchingUtils
LogPluginManager: Mounting plugin OculusVR
LogPluginManager: Mounting plugin PhysXVehicles
LogPluginManager: Mounting plugin ProceduralMeshComponent
LogPluginManager: Mounting plugin RuntimePhysXCooking
LogPluginManager: Mounting plugin SignificanceManager
LogPluginManager: Mounting plugin SteamVR
LogPluginManager: Mounting plugin WebMMoviePlayer
LogPluginManager: Mounting plugin WindowsMoviePlayer
LogInit: Using libcurl 7.55.1-DEV
LogInit:  - built for x86_64-pc-win32
LogInit:  - supports SSL with OpenSSL/1.1.1
LogInit:  - supports HTTP deflate (compression) using libz 1.2.8
LogInit:  - other features:
LogInit:      CURL_VERSION_SSL
LogInit:      CURL_VERSION_LIBZ
LogInit:      CURL_VERSION_IPV6
LogInit:      CURL_VERSION_ASYNCHDNS
LogInit:      CURL_VERSION_LARGEFILE
LogInit:      CURL_VERSION_IDN
LogInit:  CurlRequestOptions (configurable via config and command line):
LogInit:  - bVerifyPeer = true  - Libcurl will verify peer certificate
LogInit:  - bUseHttpProxy = false  - Libcurl will NOT use HTTP proxy
LogInit:  - bDontReuseConnections = false  - Libcurl will reuse connections
LogInit:  - MaxHostConnections = 16  - Libcurl will limit the number of connections to a host
LogInit:  - LocalHostAddr = Default
LogInit:  - BufferSize = 65536
LogInit: WinSock: version 1.1 (2.2), MaxSocks=32767, MaxUdp=65467
LogInit: Build: ++UE4+Release-4.22-CL-7053642
LogInit: Engine Version: 4.22.3-7053642+++UE4+Release-4.22
LogInit: Compatible Engine Version: 4.22.0-5660361+++UE4+Release-4.22
LogInit: Net CL: 5660361
LogInit: OS: Windows 10 (Release 1903) (), CPU: Intel(R) Core(TM) i5-4690K CPU @ 3.50GHz, GPU: NVIDIA GeForce GTX 970
LogInit: Compiled (64-bit): Jun 18 2019 03:09:11
LogInit: Compiled with Visual C++: 19.16.27025.01
LogInit: Build Configuration: Development
LogInit: Branch Name: ++UE4+Release-4.22
LogInit: Command Line: 
LogInit: Base Directory: Q:/UE_4.22/Engine/Binaries/Win64/
LogInit: Installed Engine Build: 1
LogDevObjectVersion: Number of dev versions registered: 23
LogDevObjectVersion:   Dev-Blueprints (B0D832E4-1F89-4F0D-ACCF-7EB736FD4AA2): 10
LogDevObjectVersion:   Dev-Build (E1C64328-A22C-4D53-A36C-8E866417BD8C): 0
LogDevObjectVersion:   Dev-Core (375EC13C-06E4-48FB-B500-84F0262A717E): 3
LogDevObjectVersion:   Dev-Editor (E4B068ED-F494-42E9-A231-DA0B2E46BB41): 30
LogDevObjectVersion:   Dev-Framework (CFFC743F-43B0-4480-9391-14DF171D2073): 35
LogDevObjectVersion:   Dev-Mobile (B02B49B5-BB20-44E9-A304-32B752E40360): 2
LogDevObjectVersion:   Dev-Networking (A4E4105C-59A1-49B5-A7C5-40C4547EDFEE): 0
LogDevObjectVersion:   Dev-Online (39C831C9-5AE6-47DC-9A44-9C173E1C8E7C): 0
LogDevObjectVersion:   Dev-Physics (78F01B33-EBEA-4F98-B9B4-84EACCB95AA2): 0
LogDevObjectVersion:   Dev-Platform (6631380F-2D4D-43E0-8009-CF276956A95A): 0
LogDevObjectVersion:   Dev-Rendering (12F88B9F-8875-4AFC-A67C-D90C383ABD29): 28
LogDevObjectVersion:   Dev-Sequencer (7B5AE74C-D270-4C10-A958-57980B212A5A): 11
LogDevObjectVersion:   Dev-VR (D7296918-1DD6-4BDD-9DE2-64A83CC13884): 2
LogDevObjectVersion:   Dev-LoadTimes (C2A15278-BFE7-4AFE-6C17-90FF531DF755): 1
LogDevObjectVersion:   Private-Geometry (6EACA3D4-40EC-4CC1-B786-8BED09428FC5): 3
LogDevObjectVersion:   Dev-AnimPhys (29E575DD-E0A3-4627-9D10-D276232CDCEA): 17
LogDevObjectVersion:   Dev-Anim (AF43A65D-7FD3-4947-9873-3E8ED9C1BB05): 2
LogDevObjectVersion:   Dev-ReflectionCapture (6B266CEC-1EC7-4B8F-A30B-E4D90942FC07): 1
LogDevObjectVersion:   Dev-Automation (0DF73D61-A23F-47EA-B727-89E90C41499A): 1
LogDevObjectVersion:   FortniteMain (601D1886-AC64-4F84-AA16-D3DE0DEAC7D6): 25
LogDevObjectVersion:   Dev-Enterprise (9DFFBCD6-494F-0158-E221-12823C92A888): 6
LogDevObjectVersion:   Dev-Niagara (F2AED0AC-9AFE-416F-8664-AA7FFA26D6FC): 1
LogDevObjectVersion:   Dev-Destruction (174F1F0B-B4C6-45A5-B13F-2EE8D0FB917D): 2
LogInit: Presizing for max 16777216 objects, including 0 objects not considered by GC, pre-allocating 0 bytes for permanent pool.
LogInit: Object subsystem initialized
LogConfig: Setting CVar [[con.DebugEarlyDefault:1]]
LogConfig: Setting CVar [[r.setres:1280x720]]
[2020.02.15-22.03.27:501][  0]LogConfig: Setting CVar [[r.VSync:0]]
[2020.02.15-22.03.27:501][  0]LogConfig: Setting CVar [[r.RHICmdBypass:0]]
[2020.02.15-22.03.27:501][  0]LogConfig: Applying CVar settings from Section [/Script/Engine.RendererSettings] File [C:/Users/ericf/Desktop/repos/Marine-Squad/Marine_Squad/Saved/Config/Windows/Engine.ini]
[2020.02.15-22.03.27:501][  0]LogConfig: Setting CVar [[r.GPUCrashDebugging:0]]
[2020.02.15-22.03.27:501][  0]LogConfig: Setting CVar [[r.DefaultFeature.AutoExposure.ExtendDefaultLuminanceRange:1]]
[2020.02.15-22.03.27:501][  0]LogConfig: Setting CVar [[r.AllowGlobalClipPlane:1]]
[2020.02.15-22.03.27:501][  0]LogConfig: Applying CVar settings from Section [/Script/Engine.RendererOverrideSettings] File [C:/Users/ericf/Desktop/repos/Marine-Squad/Marine_Squad/Saved/Config/Windows/Engine.ini]
[2020.02.15-22.03.27:501][  0]LogConfig: Applying CVar settings from Section [/Script/Engine.StreamingSettings] File [C:/Users/ericf/Desktop/repos/Marine-Squad/Marine_Squad/Saved/Config/Windows/Engine.ini]
[2020.02.15-22.03.27:501][  0]LogConfig: Setting CVar [[s.MinBulkDataSizeForAsyncLoading:131072]]
[2020.02.15-22.03.27:501][  0]LogConfig: Setting CVar [[s.AsyncLoadingThreadEnabled:0]]
[2020.02.15-22.03.27:501][  0]LogConfig: Setting CVar [[s.EventDrivenLoaderEnabled:1]]
[2020.02.15-22.03.27:501][  0]LogConfig: Setting CVar [[s.WarnIfTimeLimitExceeded:0]]
[2020.02.15-22.03.27:501][  0]LogConfig: Setting CVar [[s.TimeLimitExceededMultiplier:1.5]]
[2020.02.15-22.03.27:501][  0]LogConfig: Setting CVar [[s.TimeLimitExceededMinTime:0.005]]
[2020.02.15-22.03.27:501][  0]LogConfig: Setting CVar [[s.UseBackgroundLevelStreaming:1]]
[2020.02.15-22.03.27:501][  0]LogConfig: Setting CVar [[s.PriorityAsyncLoadingExtraTime:15.0]]
[2020.02.15-22.03.27:501][  0]LogConfig: Setting CVar [[s.LevelStreamingActorsUpdateTimeLimit:5.0]]
[2020.02.15-22.03.27:501][  0]LogConfig: Setting CVar [[s.PriorityLevelStreamingActorsUpdateExtraTime:5.0]]
[2020.02.15-22.03.27:501][  0]LogConfig: Setting CVar [[s.LevelStreamingComponentsRegistrationGranularity:10]]
[2020.02.15-22.03.27:501][  0]LogConfig: Setting CVar [[s.UnregisterComponentsTimeLimit:1.0]]
[2020.02.15-22.03.27:501][  0]LogConfig: Setting CVar [[s.LevelStreamingComponentsUnregistrationGranularity:5]]
[2020.02.15-22.03.27:501][  0]LogConfig: Applying CVar settings from Section [/Script/Engine.GarbageCollectionSettings] File [C:/Users/ericf/Desktop/repos/Marine-Squad/Marine_Squad/Saved/Config/Windows/Engine.ini]
[2020.02.15-22.03.27:501][  0]LogConfig: Setting CVar [[gc.MaxObjectsNotConsideredByGC:1]]
[2020.02.15-22.03.27:501][  0]LogConfig: Setting CVar [[gc.SizeOfPermanentObjectPool:0]]
[2020.02.15-22.03.27:501][  0]LogConfig: Setting CVar [[gc.FlushStreamingOnGC:0]]
[2020.02.15-22.03.27:501][  0]LogConfig: Setting CVar [[gc.NumRetriesBeforeForcingGC:10]]
[2020.02.15-22.03.27:501][  0]LogConfig: Setting CVar [[gc.AllowParallelGC:1]]
[2020.02.15-22.03.27:501][  0]LogConfig: Setting CVar [[gc.TimeBetweenPurgingPendingKillObjects:61.1]]
[2020.02.15-22.03.27:501][  0]LogConfig: Setting CVar [[gc.MaxObjectsInEditor:16777216]]
[2020.02.15-22.03.27:501][  0]LogConfig: Setting CVar [[gc.IncrementalBeginDestroyEnabled:1]]
[2020.02.15-22.03.27:501][  0]LogConfig: Setting CVar [[gc.CreateGCClusters:1]]
[2020.02.15-22.03.27:501][  0]LogConfig: Setting CVar [[gc.MinGCClusterSize:5]]
[2020.02.15-22.03.27:501][  0]LogConfig: Setting CVar [[gc.ActorClusteringEnabled:0]]
[2020.02.15-22.03.27:501][  0]LogConfig: Setting CVar [[gc.BlueprintClusteringEnabled:0]]
[2020.02.15-22.03.27:501][  0]LogConfig: Setting CVar [[gc.UseDisregardForGCOnDedicatedServers:0]]
[2020.02.15-22.03.27:501][  0]LogConfig: Applying CVar settings from Section [/Script/Engine.NetworkSettings] File [C:/Users/ericf/Desktop/repos/Marine-Squad/Marine_Squad/Saved/Config/Windows/Engine.ini]
[2020.02.15-22.03.27:501][  0]LogConfig: Applying CVar settings from Section [/Script/UnrealEd.CookerSettings] File [C:/Users/ericf/Desktop/repos/Marine-Squad/Marine_Squad/Saved/Config/Windows/Engine.ini]
[2020.02.15-22.03.27:513][  0]LogConfig: Applying CVar settings from Section [ViewDistanceQuality@3] File [C:/Users/ericf/Desktop/repos/Marine-Squad/Marine_Squad/Saved/Config/Windows/Scalability.ini]
[2020.02.15-22.03.27:513][  0]LogConfig: Setting CVar [[r.SkeletalMeshLODBias:0]]
[2020.02.15-22.03.27:513][  0]LogConfig: Setting CVar [[r.ViewDistanceScale:1.0]]
[2020.02.15-22.03.27:513][  0]LogConfig: Applying CVar settings from Section [AntiAliasingQuality@3] File [C:/Users/ericf/Desktop/repos/Marine-Squad/Marine_Squad/Saved/Config/Windows/Scalability.ini]
[2020.02.15-22.03.27:513][  0]LogConfig: Setting CVar [[r.PostProcessAAQuality:4]]
[2020.02.15-22.03.27:513][  0]LogConfig: Applying CVar settings from Section [ShadowQuality@3] File [C:/Users/ericf/Desktop/repos/Marine-Squad/Marine_Squad/Saved/Config/Windows/Scalability.ini]
[2020.02.15-22.03.27:513][  0]LogConfig: Setting CVar [[r.LightFunctionQuality:1]]
[2020.02.15-22.03.27:513][  0]LogConfig: Setting CVar [[r.ShadowQuality:5]]
[2020.02.15-22.03.27:513][  0]LogConfig: Setting CVar [[r.Shadow.CSM.MaxCascades:10]]
[2020.02.15-22.03.27:513][  0]LogConfig: Setting CVar [[r.Shadow.MaxResolution:2048]]
[2020.02.15-22.03.27:513][  0]LogConfig: Setting CVar [[r.Shadow.MaxCSMResolution:2048]]
[2020.02.15-22.03.27:513][  0]LogConfig: Setting CVar [[r.Shadow.RadiusThreshold:0.01]]
[2020.02.15-22.03.27:513][  0]LogConfig: Setting CVar [[r.Shadow.DistanceScale:1.0]]
[2020.02.15-22.03.27:513][  0]LogConfig: Setting CVar [[r.Shadow.CSM.TransitionScale:1.0]]
[2020.02.15-22.03.27:513][  0]LogConfig: Setting CVar [[r.Shadow.PreShadowResolutionFactor:1.0]]
[2020.02.15-22.03.27:513][  0]LogConfig: Setting CVar [[r.DistanceFieldShadowing:1]]
[2020.02.15-22.03.27:513][  0]LogConfig: Setting CVar [[r.DistanceFieldAO:1]]
[2020.02.15-22.03.27:513][  0]LogConfig: Setting CVar [[r.AOQuality:2]]
[2020.02.15-22.03.27:513][  0]LogConfig: Setting CVar [[r.VolumetricFog:1]]
[2020.02.15-22.03.27:513][  0]LogConfig: Setting CVar [[r.VolumetricFog.GridPixelSize:8]]
[2020.02.15-22.03.27:513][  0]LogConfig: Setting CVar [[r.VolumetricFog.GridSizeZ:128]]
[2020.02.15-22.03.27:513][  0]LogConfig: Setting CVar [[r.VolumetricFog.HistoryMissSupersampleCount:4]]
[2020.02.15-22.03.27:513][  0]LogConfig: Setting CVar [[r.LightMaxDrawDistanceScale:1]]
[2020.02.15-22.03.27:513][  0]LogConfig: Setting CVar [[r.CapsuleShadows:1]]
[2020.02.15-22.03.27:513][  0]LogConfig: Applying CVar settings from Section [PostProcessQuality@3] File [C:/Users/ericf/Desktop/repos/Marine-Squad/Marine_Squad/Saved/Config/Windows/Scalability.ini]
[2020.02.15-22.03.27:513][  0]LogConfig: Setting CVar [[r.MotionBlurQuality:4]]
[2020.02.15-22.03.27:513][  0]LogConfig: Setting CVar [[r.AmbientOcclusionMipLevelFactor:0.4]]
[2020.02.15-22.03.27:513][  0]LogConfig: Setting CVar [[r.AmbientOcclusionMaxQuality:100]]
[2020.02.15-22.03.27:513][  0]LogConfig: Setting CVar [[r.AmbientOcclusionLevels:-1]]
[2020.02.15-22.03.27:513][  0]LogConfig: Setting CVar [[r.AmbientOcclusionRadiusScale:1.0]]
[2020.02.15-22.03.27:513][  0]LogConfig: Setting CVar [[r.DepthOfFieldQuality:2]]
[2020.02.15-22.03.27:513][  0]LogConfig: Setting CVar [[r.RenderTargetPoolMin:400]]
[2020.02.15-22.03.27:513][  0]LogConfig: Setting CVar [[r.LensFlareQuality:2]]
[2020.02.15-22.03.27:513][  0]LogConfig: Setting CVar [[r.SceneColorFringeQuality:1]]
[2020.02.15-22.03.27:513][  0]LogConfig: Setting CVar [[r.EyeAdaptationQuality:2]]
[2020.02.15-22.03.27:513][  0]LogConfig: Setting CVar [[r.BloomQuality:5]]
[2020.02.15-22.03.27:513][  0]LogConfig: Setting CVar [[r.FastBlurThreshold:100]]
[2020.02.15-22.03.27:513][  0]LogConfig: Setting CVar [[r.Upscale.Quality:3]]
[2020.02.15-22.03.27:513][  0]LogConfig: Setting CVar [[r.Tonemapper.GrainQuantization:1]]
[2020.02.15-22.03.27:513][  0]LogConfig: Setting CVar [[r.LightShaftQuality:1]]
[2020.02.15-22.03.27:513][  0]LogConfig: Setting CVar [[r.Filter.SizeScale:1]]
[2020.02.15-22.03.27:513][  0]LogConfig: Setting CVar [[r.Tonemapper.Quality:5]]
[2020.02.15-22.03.27:513][  0]LogConfig: Setting CVar [[r.DOF.Gather.AccumulatorQuality:1        ; higher gathering accumulator quality]]
[2020.02.15-22.03.27:513][  0]LogConfig: Setting CVar [[r.DOF.Gather.PostfilterMethod:1          ; Median3x3 postfilering method]]
[2020.02.15-22.03.27:513][  0]LogConfig: Setting CVar [[r.DOF.Gather.EnableBokehSettings:0       ; no bokeh simulation when gathering]]
[2020.02.15-22.03.27:513][  0]LogConfig: Setting CVar [[r.DOF.Gather.RingCount:4                 ; medium number of samples when gathering]]
[2020.02.15-22.03.27:513][  0]LogConfig: Setting CVar [[r.DOF.Scatter.ForegroundCompositing:1    ; additive foreground scattering]]
[2020.02.15-22.03.27:513][  0]LogConfig: Setting CVar [[r.DOF.Scatter.BackgroundCompositing:2    ; additive background scattering]]
[2020.02.15-22.03.27:513][  0]LogConfig: Setting CVar [[r.DOF.Scatter.EnableBokehSettings:1      ; bokeh simulation when scattering]]
[2020.02.15-22.03.27:513][  0]LogConfig: Setting CVar [[r.DOF.Scatter.MaxSpriteRatio:0.1         ; only a maximum of 10% of scattered bokeh]]
[2020.02.15-22.03.27:514][  0]LogConfig: Setting CVar [[r.DOF.Recombine.Quality:1                ; cheap slight out of focus]]
[2020.02.15-22.03.27:514][  0]LogConfig: Setting CVar [[r.DOF.Recombine.EnableBokehSettings:0    ; no bokeh simulation on slight out of focus]]
[2020.02.15-22.03.27:514][  0]LogConfig: Setting CVar [[r.DOF.TemporalAAQuality:1                ; more stable temporal accumulation]]
[2020.02.15-22.03.27:514][  0]LogConfig: Setting CVar [[r.DOF.Kernel.MaxForegroundRadius:0.025]]
[2020.02.15-22.03.27:514][  0]LogConfig: Setting CVar [[r.DOF.Kernel.MaxBackgroundRadius:0.025]]
[2020.02.15-22.03.27:514][  0]LogConfig: Applying CVar settings from Section [TextureQuality@3] File [C:/Users/ericf/Desktop/repos/Marine-Squad/Marine_Squad/Saved/Config/Windows/Scalability.ini]
[2020.02.15-22.03.27:514][  0]LogConfig: Setting CVar [[r.Streaming.MipBias:0]]
[2020.02.15-22.03.27:514][  0]LogConfig: Setting CVar [[r.Streaming.AmortizeCPUToGPUCopy:0]]
[2020.02.15-22.03.27:514][  0]LogConfig: Setting CVar [[r.Streaming.MaxNumTexturesToStreamPerFrame:0]]
[2020.02.15-22.03.27:514][  0]LogConfig: Setting CVar [[r.Streaming.Boost:1]]
[2020.02.15-22.03.27:514][  0]LogConfig: Setting CVar [[r.MaxAnisotropy:8]]
[2020.02.15-22.03.27:514][  0]LogConfig: Setting CVar [[r.Streaming.LimitPoolSizeToVRAM:0]]
[2020.02.15-22.03.27:514][  0]LogConfig: Setting CVar [[r.Streaming.PoolSize:1000]]
[2020.02.15-22.03.27:514][  0]LogConfig: Setting CVar [[r.Streaming.MaxEffectiveScreenSize:0]]
[2020.02.15-22.03.27:514][  0]LogConfig: Applying CVar settings from Section [EffectsQuality@3] File [C:/Users/ericf/Desktop/repos/Marine-Squad/Marine_Squad/Saved/Config/Windows/Scalability.ini]
[2020.02.15-22.03.27:514][  0]LogConfig: Setting CVar [[r.TranslucencyLightingVolumeDim:64]]
[2020.02.15-22.03.27:514][  0]LogConfig: Setting CVar [[r.RefractionQuality:2]]
[2020.02.15-22.03.27:514][  0]LogConfig: Setting CVar [[r.SSR.Quality:3]]
[2020.02.15-22.03.27:514][  0]LogConfig: Setting CVar [[r.SceneColorFormat:4]]
[2020.02.15-22.03.27:514][  0]LogConfig: Setting CVar [[r.DetailMode:2]]
[2020.02.15-22.03.27:514][  0]LogConfig: Setting CVar [[r.TranslucencyVolumeBlur:1]]
[2020.02.15-22.03.27:514][  0]LogConfig: Setting CVar [[r.MaterialQualityLevel:1 ; High quality]]
[2020.02.15-22.03.27:514][  0]LogConfig: Setting CVar [[r.SSS.Scale:1]]
[2020.02.15-22.03.27:514][  0]LogConfig: Setting CVar [[r.SSS.SampleSet:2]]
[2020.02.15-22.03.27:514][  0]LogConfig: Setting CVar [[r.SSS.Quality:1]]
[2020.02.15-22.03.27:514][  0]LogConfig: Setting CVar [[r.SSS.HalfRes:1]]
[2020.02.15-22.03.27:514][  0]LogConfig: Setting CVar [[r.EmitterSpawnRateScale:1.0]]
[2020.02.15-22.03.27:514][  0]LogConfig: Setting CVar [[r.ParticleLightQuality:2]]
[2020.02.15-22.03.27:514][  0]LogConfig: Applying CVar settings from Section [FoliageQuality@3] File [C:/Users/ericf/Desktop/repos/Marine-Squad/Marine_Squad/Saved/Config/Windows/Scalability.ini]
[2020.02.15-22.03.27:514][  0]LogConfig: Setting CVar [[foliage.DensityScale:1.0]]
[2020.02.15-22.03.27:514][  0]LogConfig: Setting CVar [[grass.DensityScale:1.0]]
[2020.02.15-22.03.27:515][  0]LogInit: Selected Device Profile: [Windows]
[2020.02.15-22.03.27:515][  0]LogInit: Applying CVar settings loaded from the selected device profile: [Windows]
[2020.02.15-22.03.27:543][  0]LogHAL: Display: Platform has ~ 8 GB [8444633088 / 8589934592 / 8], which maps to Default [LargestMinGB=32, LargerMinGB=12, DefaultMinGB=8, SmallerMinGB=6, SmallestMinGB=0)
[2020.02.15-22.03.27:543][  0]LogConfig: Setting CVar [[r.Vulkan.UseRealUBs:0		; Required until we fix HLR fall-out]]
[2020.02.15-22.03.27:543][  0]LogInit: Going up to parent DeviceProfile []
[2020.02.15-22.03.27:544][  0]LogConfig: Applying CVar settings from Section [ViewDistanceQuality@3] File [C:/Users/ericf/Desktop/repos/Marine-Squad/Marine_Squad/Saved/Config/Windows/Scalability.ini]
[2020.02.15-22.03.27:544][  0]LogConfig: Setting CVar [[r.SkeletalMeshLODBias:0]]
[2020.02.15-22.03.27:544][  0]LogConfig: Setting CVar [[r.ViewDistanceScale:1.0]]
[2020.02.15-22.03.27:544][  0]LogConfig: Applying CVar settings from Section [AntiAliasingQuality@3] File [C:/Users/ericf/Desktop/repos/Marine-Squad/Marine_Squad/Saved/Config/Windows/Scalability.ini]
[2020.02.15-22.03.27:544][  0]LogConfig: Setting CVar [[r.PostProcessAAQuality:4]]
[2020.02.15-22.03.27:544][  0]LogConfig: Applying CVar settings from Section [ShadowQuality@3] File [C:/Users/ericf/Desktop/repos/Marine-Squad/Marine_Squad/Saved/Config/Windows/Scalability.ini]
[2020.02.15-22.03.27:544][  0]LogConfig: Setting CVar [[r.LightFunctionQuality:1]]
[2020.02.15-22.03.27:544][  0]LogConfig: Setting CVar [[r.ShadowQuality:5]]
[2020.02.15-22.03.27:544][  0]LogConfig: Setting CVar [[r.Shadow.CSM.MaxCascades:10]]
[2020.02.15-22.03.27:544][  0]LogConfig: Setting CVar [[r.Shadow.MaxResolution:2048]]
[2020.02.15-22.03.27:544][  0]LogConfig: Setting CVar [[r.Shadow.MaxCSMResolution:2048]]
[2020.02.15-22.03.27:544][  0]LogConfig: Setting CVar [[r.Shadow.RadiusThreshold:0.01]]
[2020.02.15-22.03.27:544][  0]LogConfig: Setting CVar [[r.Shadow.DistanceScale:1.0]]
[2020.02.15-22.03.27:544][  0]LogConfig: Setting CVar [[r.Shadow.CSM.TransitionScale:1.0]]
[2020.02.15-22.03.27:544][  0]LogConfig: Setting CVar [[r.Shadow.PreShadowResolutionFactor:1.0]]
[2020.02.15-22.03.27:544][  0]LogConfig: Setting CVar [[r.DistanceFieldShadowing:1]]
[2020.02.15-22.03.27:544][  0]LogConfig: Setting CVar [[r.DistanceFieldAO:1]]
[2020.02.15-22.03.27:544][  0]LogConfig: Setting CVar [[r.AOQuality:2]]
[2020.02.15-22.03.27:544][  0]LogConfig: Setting CVar [[r.VolumetricFog:1]]
[2020.02.15-22.03.27:544][  0]LogConfig: Setting CVar [[r.VolumetricFog.GridPixelSize:8]]
[2020.02.15-22.03.27:544][  0]LogConfig: Setting CVar [[r.VolumetricFog.GridSizeZ:128]]
[2020.02.15-22.03.27:544][  0]LogConfig: Setting CVar [[r.VolumetricFog.HistoryMissSupersampleCount:4]]
[2020.02.15-22.03.27:544][  0]LogConfig: Setting CVar [[r.LightMaxDrawDistanceScale:1]]
[2020.02.15-22.03.27:544][  0]LogConfig: Setting CVar [[r.CapsuleShadows:1]]
[2020.02.15-22.03.27:544][  0]LogConfig: Applying CVar settings from Section [PostProcessQuality@3] File [C:/Users/ericf/Desktop/repos/Marine-Squad/Marine_Squad/Saved/Config/Windows/Scalability.ini]
[2020.02.15-22.03.27:544][  0]LogConfig: Setting CVar [[r.MotionBlurQuality:4]]
[2020.02.15-22.03.27:544][  0]LogConfig: Setting CVar [[r.AmbientOcclusionMipLevelFactor:0.4]]
[2020.02.15-22.03.27:544][  0]LogConfig: Setting CVar [[r.AmbientOcclusionMaxQuality:100]]
[2020.02.15-22.03.27:544][  0]LogConfig: Setting CVar [[r.AmbientOcclusionLevels:-1]]
[2020.02.15-22.03.27:544][  0]LogConfig: Setting CVar [[r.AmbientOcclusionRadiusScale:1.0]]
[2020.02.15-22.03.27:544][  0]LogConfig: Setting CVar [[r.DepthOfFieldQuality:2]]
[2020.02.15-22.03.27:544][  0]LogConfig: Setting CVar [[r.RenderTargetPoolMin:400]]
[2020.02.15-22.03.27:544][  0]LogConfig: Setting CVar [[r.LensFlareQuality:2]]
[2020.02.15-22.03.27:544][  0]LogConfig: Setting CVar [[r.SceneColorFringeQuality:1]]
[2020.02.15-22.03.27:545][  0]LogConfig: Setting CVar [[r.EyeAdaptationQuality:2]]
[2020.02.15-22.03.27:545][  0]LogConfig: Setting CVar [[r.BloomQuality:5]]
[2020.02.15-22.03.27:545][  0]LogConfig: Setting CVar [[r.FastBlurThreshold:100]]
[2020.02.15-22.03.27:545][  0]LogConfig: Setting CVar [[r.Upscale.Quality:3]]
[2020.02.15-22.03.27:545][  0]LogConfig: Setting CVar [[r.Tonemapper.GrainQuantization:1]]
[2020.02.15-22.03.27:545][  0]LogConfig: Setting CVar [[r.LightShaftQuality:1]]
[2020.02.15-22.03.27:545][  0]LogConfig: Setting CVar [[r.Filter.SizeScale:1]]
[2020.02.15-22.03.27:545][  0]LogConfig: Setting CVar [[r.Tonemapper.Quality:5]]
[2020.02.15-22.03.27:545][  0]LogConfig: Setting CVar [[r.DOF.Gather.AccumulatorQuality:1        ; higher gathering accumulator quality]]
[2020.02.15-22.03.27:545][  0]LogConfig: Setting CVar [[r.DOF.Gather.PostfilterMethod:1          ; Median3x3 postfilering method]]
[2020.02.15-22.03.27:545][  0]LogConfig: Setting CVar [[r.DOF.Gather.EnableBokehSettings:0       ; no bokeh simulation when gathering]]
[2020.02.15-22.03.27:545][  0]LogConfig: Setting CVar [[r.DOF.Gather.RingCount:4                 ; medium number of samples when gathering]]
[2020.02.15-22.03.27:545][  0]LogConfig: Setting CVar [[r.DOF.Scatter.ForegroundCompositing:1    ; additive foreground scattering]]
[2020.02.15-22.03.27:545][  0]LogConfig: Setting CVar [[r.DOF.Scatter.BackgroundCompositing:2    ; additive background scattering]]
[2020.02.15-22.03.27:545][  0]LogConfig: Setting CVar [[r.DOF.Scatter.EnableBokehSettings:1      ; bokeh simulation when scattering]]
[2020.02.15-22.03.27:545][  0]LogConfig: Setting CVar [[r.DOF.Scatter.MaxSpriteRatio:0.1         ; only a maximum of 10% of scattered bokeh]]
[2020.02.15-22.03.27:545][  0]LogConfig: Setting CVar [[r.DOF.Recombine.Quality:1                ; cheap slight out of focus]]
[2020.02.15-22.03.27:545][  0]LogConfig: Setting CVar [[r.DOF.Recombine.EnableBokehSettings:0    ; no bokeh simulation on slight out of focus]]
[2020.02.15-22.03.27:545][  0]LogConfig: Setting CVar [[r.DOF.TemporalAAQuality:1                ; more stable temporal accumulation]]
[2020.02.15-22.03.27:545][  0]LogConfig: Setting CVar [[r.DOF.Kernel.MaxForegroundRadius:0.025]]
[2020.02.15-22.03.27:545][  0]LogConfig: Setting CVar [[r.DOF.Kernel.MaxBackgroundRadius:0.025]]
[2020.02.15-22.03.27:545][  0]LogConfig: Applying CVar settings from Section [TextureQuality@3] File [C:/Users/ericf/Desktop/repos/Marine-Squad/Marine_Squad/Saved/Config/Windows/Scalability.ini]
[2020.02.15-22.03.27:545][  0]LogConfig: Setting CVar [[r.Streaming.MipBias:0]]
[2020.02.15-22.03.27:545][  0]LogConfig: Setting CVar [[r.Streaming.AmortizeCPUToGPUCopy:0]]
[2020.02.15-22.03.27:545][  0]LogConfig: Setting CVar [[r.Streaming.MaxNumTexturesToStreamPerFrame:0]]
[2020.02.15-22.03.27:545][  0]LogConfig: Setting CVar [[r.Streaming.Boost:1]]
[2020.02.15-22.03.27:545][  0]LogConfig: Setting CVar [[r.MaxAnisotropy:8]]
[2020.02.15-22.03.27:545][  0]LogConfig: Setting CVar [[r.Streaming.LimitPoolSizeToVRAM:0]]
[2020.02.15-22.03.27:545][  0]LogConfig: Setting CVar [[r.Streaming.PoolSize:1000]]
[2020.02.15-22.03.27:545][  0]LogConfig: Setting CVar [[r.Streaming.MaxEffectiveScreenSize:0]]
[2020.02.15-22.03.27:545][  0]LogConfig: Applying CVar settings from Section [EffectsQuality@3] File [C:/Users/ericf/Desktop/repos/Marine-Squad/Marine_Squad/Saved/Config/Windows/Scalability.ini]
[2020.02.15-22.03.27:545][  0]LogConfig: Setting CVar [[r.TranslucencyLightingVolumeDim:64]]
[2020.02.15-22.03.27:545][  0]LogConfig: Setting CVar [[r.RefractionQuality:2]]
[2020.02.15-22.03.27:545][  0]LogConfig: Setting CVar [[r.SSR.Quality:3]]
[2020.02.15-22.03.27:545][  0]LogConfig: Setting CVar [[r.SceneColorFormat:4]]
[2020.02.15-22.03.27:545][  0]LogConfig: Setting CVar [[r.DetailMode:2]]
[2020.02.15-22.03.27:545][  0]LogConfig: Setting CVar [[r.TranslucencyVolumeBlur:1]]
[2020.02.15-22.03.27:545][  0]LogConfig: Setting CVar [[r.MaterialQualityLevel:1 ; High quality]]
[2020.02.15-22.03.27:545][  0]LogConfig: Setting CVar [[r.SSS.Scale:1]]
[2020.02.15-22.03.27:545][  0]LogConfig: Setting CVar [[r.SSS.SampleSet:2]]
[2020.02.15-22.03.27:545][  0]LogConfig: Setting CVar [[r.SSS.Quality:1]]
[2020.02.15-22.03.27:545][  0]LogConfig: Setting CVar [[r.SSS.HalfRes:1]]
[2020.02.15-22.03.27:545][  0]LogConfig: Setting CVar [[r.EmitterSpawnRateScale:1.0]]
[2020.02.15-22.03.27:545][  0]LogConfig: Setting CVar [[r.ParticleLightQuality:2]]
[2020.02.15-22.03.27:545][  0]LogConfig: Applying CVar settings from Section [FoliageQuality@3] File [C:/Users/ericf/Desktop/repos/Marine-Squad/Marine_Squad/Saved/Config/Windows/Scalability.ini]
[2020.02.15-22.03.27:545][  0]LogConfig: Setting CVar [[foliage.DensityScale:1.0]]
[2020.02.15-22.03.27:545][  0]LogConfig: Setting CVar [[grass.DensityScale:1.0]]
[2020.02.15-22.03.27:545][  0]LogConfig: Applying CVar settings from Section [Startup] File [../../../Engine/Config/ConsoleVariables.ini]
[2020.02.15-22.03.27:546][  0]LogConfig: Setting CVar [[net.UseAdaptiveNetUpdateFrequency:0]]
[2020.02.15-22.03.27:546][  0]LogConfig: Setting CVar [[p.chaos.AllowCreatePhysxBodies:1]]
[2020.02.15-22.03.27:546][  0]LogConfig: Applying CVar settings from Section [ConsoleVariables] File [C:/Users/ericf/Desktop/repos/Marine-Squad/Marine_Squad/Saved/Config/Windows/Engine.ini]
[2020.02.15-22.03.27:547][  0]LogInit: Computer: FALL-PC
[2020.02.15-22.03.27:547][  0]LogInit: User: ericf
[2020.02.15-22.03.27:547][  0]LogInit: CPU Page size=4096, Cores=4
[2020.02.15-22.03.27:547][  0]LogInit: High frequency timer resolution =10.000000 MHz
[2020.02.15-22.03.27:547][  0]LogMemory: Memory total: Physical=7.9GB (8GB approx)
[2020.02.15-22.03.27:547][  0]LogMemory: Platform Memory Stats for Windows
[2020.02.15-22.03.27:547][  0]LogMemory: Process Physical Memory: 97.43 MB used, 97.44 MB peak
[2020.02.15-22.03.27:547][  0]LogMemory: Process Virtual Memory: 85.41 MB used, 85.41 MB peak
[2020.02.15-22.03.27:547][  0]LogMemory: Physical Memory: 5247.47 MB used,  2805.96 MB free, 8053.43 MB total
[2020.02.15-22.03.27:547][  0]LogMemory: Virtual Memory: 4626.46 MB used,  134213104.00 MB free, 134217728.00 MB total
[2020.02.15-22.03.27:797][  0]LogInit: Using OS detected language (en-US).
[2020.02.15-22.03.27:797][  0]LogInit: Using OS detected locale (en-US).
[2020.02.15-22.03.27:799][  0]LogTextLocalizationManager: No specific localization for 'en-US' exists, so the 'en' localization will be used.
[2020.02.15-22.03.28:118][  0]LogInit: Setting process to per monitor DPI aware
[2020.02.15-22.03.28:246][  0]LogSlate: New Slate User Created.  User Index 0, Is Virtual User: 0
[2020.02.15-22.03.28:246][  0]LogSlate: Slate User Registered.  User Index 0, Is Virtual User: 0
[2020.02.15-22.03.30:999][  0]LogHMD: Failed to initialize OpenVR with code 110
[2020.02.15-22.03.30:999][  0]LogD3D11RHI: D3D11 adapters:
[2020.02.15-22.03.31:117][  0]LogD3D11RHI:    0. 'NVIDIA GeForce GTX 970' (Feature Level 11_0)
[2020.02.15-22.03.31:117][  0]LogD3D11RHI:       4043/0/4026 MB DedicatedVideo/DedicatedSystem/SharedSystem, Outputs:2, VendorId:0x10de
[2020.02.15-22.03.31:186][  0]LogD3D11RHI:    1. 'Intel(R) HD Graphics 4600' (Feature Level 11_0)
[2020.02.15-22.03.31:186][  0]LogD3D11RHI:       112/0/2048 MB DedicatedVideo/DedicatedSystem/SharedSystem, Outputs:0, VendorId:0x8086
[2020.02.15-22.03.31:188][  0]LogD3D11RHI:    2. 'Microsoft Basic Render Driver' (Feature Level 11_0)
[2020.02.15-22.03.31:188][  0]LogD3D11RHI:       0/0/4026 MB DedicatedVideo/DedicatedSystem/SharedSystem, Outputs:0, VendorId:0x1414
[2020.02.15-22.03.31:189][  0]LogD3D11RHI: Chosen D3D11 Adapter: 0
[2020.02.15-22.03.31:196][  0]LogD3D11RHI: Creating new Direct3DDevice
[2020.02.15-22.03.31:196][  0]LogD3D11RHI:     GPU DeviceId: 0x13c2 (for the marketing name, search the web for "GPU Device Id")
[2020.02.15-22.03.31:196][  0]LogWindows: EnumDisplayDevices:
[2020.02.15-22.03.31:196][  0]LogWindows:    0. 'NVIDIA GeForce GTX 970' (P:1 D:1)
[2020.02.15-22.03.31:196][  0]LogWindows:    1. 'NVIDIA GeForce GTX 970' (P:0 D:1)
[2020.02.15-22.03.31:196][  0]LogWindows:    2. 'NVIDIA GeForce GTX 970' (P:0 D:0)
[2020.02.15-22.03.31:197][  0]LogWindows:    3. 'NVIDIA GeForce GTX 970' (P:0 D:0)
[2020.02.15-22.03.31:197][  0]LogWindows:    4. 'Intel(R) HD Graphics 4600' (P:0 D:0)
[2020.02.15-22.03.31:197][  0]LogWindows:    5. 'Intel(R) HD Graphics 4600' (P:0 D:0)
[2020.02.15-22.03.31:197][  0]LogWindows:    6. 'Intel(R) HD Graphics 4600' (P:0 D:0)
[2020.02.15-22.03.31:197][  0]LogWindows: DebugString: PrimaryIsNotTheChoosenAdapter PrimaryIsNotTheChoosenAdapter PrimaryIsNotTheChoosenAdapter FoundDriverCount:4 
[2020.02.15-22.03.31:197][  0]LogD3D11RHI:     Adapter Name: NVIDIA GeForce GTX 970
[2020.02.15-22.03.31:197][  0]LogD3D11RHI:   Driver Version: 436.02 (internal:26.21.14.3602, unified:436.02)
[2020.02.15-22.03.31:197][  0]LogD3D11RHI:      Driver Date: 8-16-2019
[2020.02.15-22.03.31:197][  0]LogRHI: Texture pool is 2830 MB (70% of 4043 MB)
[2020.02.15-22.03.31:257][  0]LogD3D11RHI: Async texture creation enabled
[2020.02.15-22.03.31:303][  0]LogRendererCore: FGlobalReadBuffer::InitRHI
[2020.02.15-22.03.31:304][  0]LogRendererCore: FGlobalReadBuffer::InitRHI
[2020.02.15-22.03.31:304][  0]LogRendererCore: FGlobalReadBuffer::InitRHI
[2020.02.15-22.03.31:314][  0]LogD3D11RHI: GPU Timing Frequency: 1000.000000 (Debug: 2 1)
[2020.02.15-22.03.32:591][  0]LogTemp: Display: Module 'AllDesktopTargetPlatform' loaded TargetPlatform 'AllDesktop'
[2020.02.15-22.03.32:618][  0]LogTemp: Display: Module 'MacClientTargetPlatform' loaded TargetPlatform 'MacClient'
[2020.02.15-22.03.32:645][  0]LogTemp: Display: Module 'MacNoEditorTargetPlatform' loaded TargetPlatform 'MacNoEditor'
[2020.02.15-22.03.32:674][  0]LogTemp: Display: Module 'MacServerTargetPlatform' loaded TargetPlatform 'MacServer'
[2020.02.15-22.03.32:709][  0]LogTemp: Display: Module 'MacTargetPlatform' loaded TargetPlatform 'Mac'
[2020.02.15-22.03.32:739][  0]LogTemp: Display: Module 'WindowsClientTargetPlatform' loaded TargetPlatform 'WindowsClient'
[2020.02.15-22.03.32:768][  0]LogTemp: Display: Module 'WindowsNoEditorTargetPlatform' loaded TargetPlatform 'WindowsNoEditor'
[2020.02.15-22.03.32:797][  0]LogTemp: Display: Module 'WindowsServerTargetPlatform' loaded TargetPlatform 'WindowsServer'
[2020.02.15-22.03.32:821][  0]LogTemp: Display: Module 'WindowsTargetPlatform' loaded TargetPlatform 'Windows'
[2020.02.15-22.03.32:934][  0]LogTemp: Display: Module 'AndroidTargetPlatform' loaded TargetPlatform 'Android'
[2020.02.15-22.03.32:934][  0]LogTemp: Display: Module 'AndroidTargetPlatform' loaded TargetPlatform 'Android_ASTC'
[2020.02.15-22.03.32:934][  0]LogTemp: Display: Module 'AndroidTargetPlatform' loaded TargetPlatform 'Android_ATC'
[2020.02.15-22.03.32:934][  0]LogTemp: Display: Module 'AndroidTargetPlatform' loaded TargetPlatform 'Android_DXT'
[2020.02.15-22.03.32:934][  0]LogTemp: Display: Module 'AndroidTargetPlatform' loaded TargetPlatform 'Android_ETC1'
[2020.02.15-22.03.32:934][  0]LogTemp: Display: Module 'AndroidTargetPlatform' loaded TargetPlatform 'Android_ETC1a'
[2020.02.15-22.03.32:934][  0]LogTemp: Display: Module 'AndroidTargetPlatform' loaded TargetPlatform 'Android_ETC2'
[2020.02.15-22.03.32:934][  0]LogTemp: Display: Module 'AndroidTargetPlatform' loaded TargetPlatform 'Android_PVRTC'
[2020.02.15-22.03.32:934][  0]LogTemp: Display: Module 'AndroidTargetPlatform' loaded TargetPlatform 'AndroidClient'
[2020.02.15-22.03.32:934][  0]LogTemp: Display: Module 'AndroidTargetPlatform' loaded TargetPlatform 'Android_ASTCClient'
[2020.02.15-22.03.32:934][  0]LogTemp: Display: Module 'AndroidTargetPlatform' loaded TargetPlatform 'Android_ATCClient'
[2020.02.15-22.03.32:934][  0]LogTemp: Display: Module 'AndroidTargetPlatform' loaded TargetPlatform 'Android_DXTClient'
[2020.02.15-22.03.32:934][  0]LogTemp: Display: Module 'AndroidTargetPlatform' loaded TargetPlatform 'Android_ETC1Client'
[2020.02.15-22.03.32:934][  0]LogTemp: Display: Module 'AndroidTargetPlatform' loaded TargetPlatform 'Android_ETC1aClient'
[2020.02.15-22.03.32:934][  0]LogTemp: Display: Module 'AndroidTargetPlatform' loaded TargetPlatform 'Android_ETC2Client'
[2020.02.15-22.03.32:934][  0]LogTemp: Display: Module 'AndroidTargetPlatform' loaded TargetPlatform 'Android_PVRTCClient'
[2020.02.15-22.03.32:934][  0]LogTemp: Display: Module 'AndroidTargetPlatform' loaded TargetPlatform 'Android_Multi'
[2020.02.15-22.03.32:934][  0]LogTemp: Display: Module 'AndroidTargetPlatform' loaded TargetPlatform 'Android_MultiClient'
[2020.02.15-22.03.32:949][  0]LogTemp: Display: Module 'HTML5TargetPlatform' loaded TargetPlatform 'HTML5'
[2020.02.15-22.03.33:051][  0]LogTemp: Display: Module 'IOSTargetPlatform' loaded TargetPlatform 'IOSClient'
[2020.02.15-22.03.33:051][  0]LogTemp: Display: Module 'IOSTargetPlatform' loaded TargetPlatform 'IOS'
[2020.02.15-22.03.33:090][  0]LogTemp: Display: Module 'TVOSTargetPlatform' loaded TargetPlatform 'TVOSClient'
[2020.02.15-22.03.33:090][  0]LogTemp: Display: Module 'TVOSTargetPlatform' loaded TargetPlatform 'TVOS'
[2020.02.15-22.03.33:116][  0]LogTemp: Display: Module 'LinuxClientTargetPlatform' loaded TargetPlatform 'LinuxClient'
[2020.02.15-22.03.33:143][  0]LogTemp: Display: Module 'LinuxNoEditorTargetPlatform' loaded TargetPlatform 'LinuxNoEditor'
[2020.02.15-22.03.33:169][  0]LogTemp: Display: Module 'LinuxServerTargetPlatform' loaded TargetPlatform 'LinuxServer'
[2020.02.15-22.03.33:207][  0]LogTemp: Display: Module 'LinuxTargetPlatform' loaded TargetPlatform 'Linux'
[2020.02.15-22.03.33:272][  0]LogTemp: Display: Module 'LuminTargetPlatform' loaded TargetPlatform 'Lumin'
[2020.02.15-22.03.33:272][  0]LogTemp: Display: Module 'LuminTargetPlatform' loaded TargetPlatform 'LuminClient'
[2020.02.15-22.03.33:273][  0]LogTargetPlatformManager: Display: Building Assets For Windows
[2020.02.15-22.03.33:342][  0]LogAudioDebug: Display: Lib vorbis DLL was dynamically loaded.
[2020.02.15-22.03.33:695][  0]LogShaderCompilers: Guid format shader working directory is -9 characters bigger than the processId version (C:/Users/ericf/Desktop/repos/Marine-Squad/Marine_Squad/Intermediate/Shaders/WorkingDirectory/16092/).
[2020.02.15-22.03.33:696][  0]LogShaderCompilers: Cleaned the shader compiler working directory 'C:/Users/ericf/AppData/Local/Temp/UnrealShaderWorkingDir/756448AE4571CA2E91A982BCF4AE75B0/'.
[2020.02.15-22.03.33:697][  0]LogXGEController: Cleaning working directory: C:/Users/ericf/AppData/Local/Temp/UnrealXGEWorkingDir/
[2020.02.15-22.03.33:697][  0]LogXGEController: Cannot use XGE Controller as Incredibuild is not installed on this machine.
[2020.02.15-22.03.33:698][  0]LogShaderCompilers: Cannot use XGE Shader Compiler as Incredibuild is not installed on this machine.
[2020.02.15-22.03.33:698][  0]LogShaderCompilers: Display: Using Local Shader Compiler.
[2020.02.15-22.03.36:353][  0]LogDerivedDataCache: Display: Max Cache Size: 512 MB
[2020.02.15-22.03.36:928][  0]LogDerivedDataCache: Loaded boot cache 0.57s 71MB C:/Users/ericf/AppData/Local/UnrealEngine/4.22/DerivedDataCache/Boot.ddc.
[2020.02.15-22.03.36:928][  0]LogDerivedDataCache: Display: Loaded Boot cache: C:/Users/ericf/AppData/Local/UnrealEngine/4.22/DerivedDataCache/Boot.ddc
[2020.02.15-22.03.36:928][  0]LogDerivedDataCache: FDerivedDataBackendGraph:  Pak pak cache file C:/Users/ericf/Desktop/repos/Marine-Squad/Marine_Squad/DerivedDataCache/DDC.ddp not found, will not use a pak cache.
[2020.02.15-22.03.36:928][  0]LogDerivedDataCache: Unable to find inner node Pak for hierarchical cache Hierarchy.
[2020.02.15-22.03.36:928][  0]LogDerivedDataCache: FDerivedDataBackendGraph:  CompressedPak pak cache file C:/Users/ericf/Desktop/repos/Marine-Squad/Marine_Squad/DerivedDataCache/Compressed.ddp not found, will not use a pak cache.
[2020.02.15-22.03.36:928][  0]LogDerivedDataCache: Unable to find inner node CompressedPak for hierarchical cache Hierarchy.
[2020.02.15-22.03.36:955][  0]LogDerivedDataCache: Display: Pak cache opened for reading ../../../Engine/DerivedDataCache/Compressed.ddp.
[2020.02.15-22.03.36:955][  0]LogDerivedDataCache: FDerivedDataBackendGraph:  EnterprisePak pak cache file ../../../Enterprise/DerivedDataCache/Compressed.ddp not found, will not use a pak cache.
[2020.02.15-22.03.36:955][  0]LogDerivedDataCache: Unable to find inner node EnterprisePak for hierarchical cache Hierarchy.
[2020.02.15-22.03.36:968][  0]LogDerivedDataCache: Using Local data cache path C:/Users/ericf/AppData/Local/UnrealEngine/Common/DerivedDataCache: Writable
[2020.02.15-22.03.36:968][  0]LogDerivedDataCache: Shared data cache path not found in *engine.ini, will not use an Shared cache.
[2020.02.15-22.03.36:968][  0]LogDerivedDataCache: Unable to find inner node Shared for hierarchical cache Hierarchy.
[2020.02.15-22.03.36:997][  0]LogMaterial: Verifying Global Shaders for PCD3D_SM5
[2020.02.15-22.03.37:003][  0]LogSlate: Using FreeType 2.6.0
[2020.02.15-22.03.37:023][  0]LogSlate: SlateFontServices - WITH_FREETYPE: 1, WITH_HARFBUZZ: 1
[2020.02.15-22.03.37:289][  0]LogAssetRegistry: FAssetRegistry took 0.0362 seconds to start up
[2020.02.15-22.03.37:739][  0]LogInit: Selected Device Profile: [Windows]
[2020.02.15-22.03.38:239][  0]LogMeshReduction: Using QuadricMeshReduction for automatic static mesh reduction
[2020.02.15-22.03.38:239][  0]LogMeshReduction: Using SimplygonMeshReduction for automatic skeletal mesh reduction
[2020.02.15-22.03.38:239][  0]LogMeshReduction: Using ProxyLODMeshReduction for automatic mesh merging
[2020.02.15-22.03.38:240][  0]LogMeshReduction: No distributed automatic mesh merging module available
[2020.02.15-22.03.38:240][  0]LogMeshMerging: No distributed automatic mesh merging module available
[2020.02.15-22.03.38:297][  0]LogNetVersion: Marine_Squad 1.0.0, NetCL: 5660361, EngineNetVer: 10, GameNetVer: 0 (Checksum: 4148284594)
[2020.02.15-22.03.39:594][  0]LogPackageLocalizationCache: Processed 10 localized package path(s) for 1 prioritized culture(s) in 0.052551 seconds
[2020.02.15-22.03.39:600][  0]LogUObjectArray: 42205 objects as part of root set at end of initial load.
[2020.02.15-22.03.39:600][  0]LogUObjectAllocator: 7325032 out of 0 bytes used by permanent object pool.
[2020.02.15-22.03.39:600][  0]LogUObjectArray: CloseDisregardForGC: 0/0 objects in disregard for GC pool
[2020.02.15-22.03.43:270][  0]LogVaFog: [FVaFogOfWarModule::StartupModule(44)] VaFogOfWar module started
[2020.02.15-22.03.43:319][  0]LogTcpMessaging: Initializing TcpMessaging bridge
[2020.02.15-22.03.43:349][  0]LogUdpMessaging: Initializing bridge on interface 0.0.0.0:0 to multicast group 230.0.0.1:6666.
[2020.02.15-22.03.43:799][  0]SourceControl: Source control is disabled
[2020.02.15-22.03.43:800][  0]SourceControl: Source control is disabled
[2020.02.15-22.03.43:830][  0]SourceControl: Source control is disabled
[2020.02.15-22.03.43:850][  0]SourceControl: Source control is disabled
[2020.02.15-22.03.44:566][  0]LogAndroidPermission: UAndroidPermissionCallbackProxy::GetInstance
[2020.02.15-22.03.44:986][  0]LogOcInput: OculusInput pre-init called
[2020.02.15-22.03.45:838][  0]LogEngine: Initializing Engine...
[2020.02.15-22.03.45:841][  0]LogHMD: Failed to initialize OpenVR with code 110
[2020.02.15-22.03.45:842][  0]LogStats: UGameplayTagsManager::InitializeManager -  0.001 s
[2020.02.15-22.03.46:292][  0]LogInit: Initializing FReadOnlyCVARCache
[2020.02.15-22.03.46:339][  0]LogAIModule: Creating AISystem for world Untitled
[2020.02.15-22.03.46:341][  0]LogVaFog: [FVaFogOfWarModule::StartupModule::<lambda_976865d7f760a47e2a086b15bf7dcbd9>::operator ()(41)] Fog Controller is created for: Untitled
[2020.02.15-22.03.46:399][  0]LogInit: XAudio2 using 'HEAD SET (Corsair VOID PRO USB Gaming Headset )' : 2 channels at 48 kHz using 16 bits per sample (channel mask 0x3)
[2020.02.15-22.03.46:421][  0]LogInit: FAudioDevice initialized.
[2020.02.15-22.03.46:421][  0]LogNetVersion: Set ProjectVersion to 1.0.0.0. Version Checksum will be recalculated on next use.
[2020.02.15-22.03.46:750][  0]LogDerivedDataCache: Saved boot cache 0.33s 71MB C:/Users/ericf/AppData/Local/UnrealEngine/4.22/DerivedDataCache/Boot.ddc.
[2020.02.15-22.03.46:760][  0]LogInit: Texture streaming: Enabled
[2020.02.15-22.03.46:834][  0]LogEngineSessionManager: EngineSessionManager initialized
[2020.02.15-22.03.46:890][  0]LogInit: Transaction tracking system initialized
[2020.02.15-22.03.47:005][  0]BlueprintLog: New page: Editor Load
[2020.02.15-22.03.47:502][  0]LocalizationService: Localization service is disabled
[2020.02.15-22.03.48:625][  0]LogCook: Display: Max memory allowance for cook 16384mb min free memory 0mb
[2020.02.15-22.03.48:625][  0]LogCook: Display: Mobile HDR setting 1
[2020.02.15-22.03.49:277][  0]LogFileCache: Scanning file cache for directory 'C:/Users/ericf/Desktop/repos/Marine-Squad/Marine_Squad/Content/' took 0.03s
[2020.02.15-22.03.49:911][  0]SourceControl: Source control is disabled
[2020.02.15-22.03.49:912][  0]Cmd: MAP LOAD FILE="C:/Users/ericf/Desktop/repos/Marine-Squad/Marine_Squad/Content/StarterContent/Maps/Minimal_Default.umap" TEMPLATE=0 SHOWPROGRESS=1 FEATURELEVEL=3
[2020.02.15-22.03.49:925][  0]LightingResults: New page: Lighting Build
[2020.02.15-22.03.49:932][  0]LogVaFog: [FVaFogOfWarModule::StartupModule::<lambda_144d8ffb0c7ca55232a4412d9c0c3636>::operator ()(31)] Fog Controller is removed for: Untitled
[2020.02.15-22.03.49:932][  0]MapCheck: New page: Map Check
[2020.02.15-22.03.49:932][  0]LightingResults: New page: Lighting Build
[2020.02.15-22.03.49:961][  0]LogUObjectHash: Compacting FUObjectHashTables data took   1.60ms
[2020.02.15-22.03.49:972][  0]LogLinker: Warning: Can't find file '/Game/BP/Units_BP/BaseEnemyUnit'
[2020.02.15-22.03.49:972][  0]LogLinker: Warning: Can't find file for asset '/Game/BP/Units_BP/BaseEnemyUnit' while loading NULL.
[2020.02.15-22.03.50:806][  0]LogLinker: Warning: Can't find file '/Game/BP/Units_BP/BaseEnemyUnit'
[2020.02.15-22.03.50:806][  0]LogLinker: Warning: Can't find file for asset '/Game/BP/Units_BP/BaseEnemyUnit' while loading NULL.
[2020.02.15-22.03.50:945][  0]LogLinker: Warning: Can't find file '/Game/BP/Units_BP/BaseEnemyUnit'
[2020.02.15-22.03.50:945][  0]LogLinker: Warning: Can't find file for asset '/Game/BP/Units_BP/BaseEnemyUnit' while loading NULL.
[2020.02.15-22.03.50:946][  0]LogLinker: Warning: Can't find file '/Game/BP/Units_BP/BaseEnemyUnit'
[2020.02.15-22.03.50:946][  0]LogLinker: Warning: Can't find file for asset '/Game/BP/Units_BP/BaseEnemyUnit' while loading NULL.
[2020.02.15-22.03.50:947][  0]LogLinker: Warning: Can't find file '/Game/BP/Units_BP/BaseEnemyUnit'
[2020.02.15-22.03.50:947][  0]LogLinker: Warning: Can't find file for asset '/Game/BP/Units_BP/BaseEnemyUnit' while loading NULL.
[2020.02.15-22.03.51:037][  0]LogLinker: Warning: Can't find file '/Game/BP/Units_BP/BaseEnemyUnit'
[2020.02.15-22.03.51:037][  0]LogLinker: Warning: Can't find file for asset '/Game/BP/Units_BP/BaseEnemyUnit' while loading NULL.
[2020.02.15-22.03.51:049][  0]LogLinker: Warning: Can't find file '/Game/BP/Units_BP/BaseEnemyUnit'
[2020.02.15-22.03.51:049][  0]LogLinker: Warning: Can't find file for asset '/Game/BP/Units_BP/BaseEnemyUnit' while loading NULL.
[2020.02.15-22.03.51:051][  0]LogLinker: Warning: Can't find file '/Game/BP/Units_BP/BaseEnemyUnit'
[2020.02.15-22.03.51:051][  0]LogLinker: Warning: Can't find file for asset '/Game/BP/Units_BP/BaseEnemyUnit' while loading NULL.
[2020.02.15-22.03.51:051][  0]LogLinker: Warning: Can't find file '/Game/BP/Units_BP/BaseEnemyUnit'
[2020.02.15-22.03.51:051][  0]LogLinker: Warning: Can't find file for asset '/Game/BP/Units_BP/BaseEnemyUnit' while loading NULL.
[2020.02.15-22.03.51:051][  0]LogLinker: Warning: Can't find file '/Game/BP/Units_BP/BaseEnemyUnit'
[2020.02.15-22.03.51:051][  0]LogLinker: Warning: Can't find file for asset '/Game/BP/Units_BP/BaseEnemyUnit' while loading NULL.
[2020.02.15-22.03.51:052][  0]LogLinker: Warning: Can't find file '/Game/BP/Units_BP/BaseEnemyUnit'
[2020.02.15-22.03.51:052][  0]LogLinker: Warning: Can't find file for asset '/Game/BP/Units_BP/BaseEnemyUnit' while loading NULL.
[2020.02.15-22.03.51:052][  0]LogLinker: Warning: Can't find file '/Game/BP/Units_BP/BaseEnemyUnit'
[2020.02.15-22.03.51:052][  0]LogLinker: Warning: Can't find file for asset '/Game/BP/Units_BP/BaseEnemyUnit' while loading NULL.
[2020.02.15-22.03.51:052][  0]LogLinker: Warning: Can't find file '/Game/BP/Units_BP/BaseEnemyUnit'
[2020.02.15-22.03.51:052][  0]LogLinker: Warning: Can't find file for asset '/Game/BP/Units_BP/BaseEnemyUnit' while loading NULL.
[2020.02.15-22.03.51:052][  0]LogLinker: Warning: Can't find file '/Game/BP/Units_BP/BaseEnemyUnit'
[2020.02.15-22.03.51:052][  0]LogLinker: Warning: Can't find file for asset '/Game/BP/Units_BP/BaseEnemyUnit' while loading NULL.
[2020.02.15-22.03.51:055][  0]LogLinker: Warning: Can't find file '/Game/BP/Units_BP/BaseEnemyUnit'
[2020.02.15-22.03.51:055][  0]LogLinker: Warning: Can't find file for asset '/Game/BP/Units_BP/BaseEnemyUnit' while loading NULL.
[2020.02.15-22.03.51:055][  0]LogLinker: Warning: Can't find file '/Game/BP/Units_BP/BaseEnemyUnit'
[2020.02.15-22.03.51:055][  0]LogLinker: Warning: Can't find file for asset '/Game/BP/Units_BP/BaseEnemyUnit' while loading NULL.
[2020.02.15-22.03.51:423][  0]LogAIModule: Creating AISystem for world Minimal_Default
[2020.02.15-22.03.51:423][  0]LogVaFog: [FVaFogOfWarModule::StartupModule::<lambda_976865d7f760a47e2a086b15bf7dcbd9>::operator ()(41)] Fog Controller is created for: Minimal_Default
[2020.02.15-22.03.51:518][  0]LogEditorServer: Finished looking for orphan Actors (0.000 secs)
[2020.02.15-22.03.51:549][  0]LogUObjectHash: Compacting FUObjectHashTables data took   2.32ms
[2020.02.15-22.03.51:549][  0]Cmd: MAP CHECKDEP NOCLEARLOG
[2020.02.15-22.03.51:549][  0]MapCheck: Map check complete: 0 Error(s), 0 Warning(s), took 0.162ms to complete.
[2020.02.15-22.03.51:549][  0]LogFileHelpers: Loading map 'Minimal_Default' took 1.638
[2020.02.15-22.03.51:834][  0]LogSlate: Updating window title bar state: overlay mode, drag disabled, window buttons hidden, title bar hidden
[2020.02.15-22.03.51:843][  0]LogSlate: Updating window title bar state: overlay mode, drag disabled, window buttons hidden, title bar hidden
[2020.02.15-22.03.51:851][  0]LogSlate: Updating window title bar state: overlay mode, drag disabled, window buttons hidden, title bar hidden
[2020.02.15-22.03.51:859][  0]LogSlate: Updating window title bar state: overlay mode, drag disabled, window buttons hidden, title bar hidden
[2020.02.15-22.03.52:098][  0]LogCollectionManager: Loaded 0 collections in 0.013093 seconds
[2020.02.15-22.03.52:119][  0]LogFileCache: Scanning file cache for directory 'C:/Users/ericf/Desktop/repos/Marine-Squad/Marine_Squad/Saved/Collections/' took 0.01s
[2020.02.15-22.03.52:119][  0]LogFileCache: Scanning file cache for directory 'C:/Users/ericf/Desktop/repos/Marine-Squad/Marine_Squad/Content/Developers/ericf/Collections/' took 0.00s
[2020.02.15-22.03.52:119][  0]LogFileCache: Scanning file cache for directory 'C:/Users/ericf/Desktop/repos/Marine-Squad/Marine_Squad/Content/Collections/' took 0.00s
[2020.02.15-22.03.52:119][  0]LogCollectionManager: Rebuilt the GUID cache for 0 collections in 0.000001 seconds
[2020.02.15-22.03.52:130][  0]LogContentBrowser: Native class hierarchy populated in 0.0107 seconds. Added 2748 classes and 666 folders.
[2020.02.15-22.03.52:136][  0]LogContentBrowser: Native class hierarchy updated for 'WidgetCarousel' in 0.0005 seconds. Added 0 classes and 0 folders.
[2020.02.15-22.03.52:145][  0]LogPakFile: Registered encryption key '00000000000000000000000000000000': 0 pak files mounted, 0 remain pending
[2020.02.15-22.03.52:154][  0]LogPakFile: Registered encryption key '00000000000000000000000000000000': 0 pak files mounted, 0 remain pending
[2020.02.15-22.03.52:171][  0]LogPakFile: Registered encryption key '00000000000000000000000000000000': 0 pak files mounted, 0 remain pending
[2020.02.15-22.03.52:191][  0]LogPakFile: Registered encryption key '00000000000000000000000000000000': 0 pak files mounted, 0 remain pending
[2020.02.15-22.03.52:198][  0]LogPakFile: Registered encryption key '00000000000000000000000000000000': 0 pak files mounted, 0 remain pending
[2020.02.15-22.03.52:222][  0]LogPakFile: Registered encryption key '00000000000000000000000000000000': 0 pak files mounted, 0 remain pending
[2020.02.15-22.03.52:230][  0]LogPakFile: Registered encryption key '00000000000000000000000000000000': 0 pak files mounted, 0 remain pending
[2020.02.15-22.03.52:236][  0]LogPakFile: Registered encryption key '00000000000000000000000000000000': 0 pak files mounted, 0 remain pending
[2020.02.15-22.03.52:244][  0]LogPakFile: Registered encryption key '00000000000000000000000000000000': 0 pak files mounted, 0 remain pending
[2020.02.15-22.03.52:252][  0]LogPakFile: Registered encryption key '00000000000000000000000000000000': 0 pak files mounted, 0 remain pending
[2020.02.15-22.03.52:259][  0]LogPakFile: Registered encryption key '00000000000000000000000000000000': 0 pak files mounted, 0 remain pending
[2020.02.15-22.03.52:264][  0]LogPakFile: Registered encryption key '00000000000000000000000000000000': 0 pak files mounted, 0 remain pending
[2020.02.15-22.03.52:271][  0]LogPakFile: Registered encryption key '00000000000000000000000000000000': 0 pak files mounted, 0 remain pending
[2020.02.15-22.03.52:278][  0]LogPakFile: Registered encryption key '00000000000000000000000000000000': 0 pak files mounted, 0 remain pending
[2020.02.15-22.03.52:314][  0]LogPakFile: Registered encryption key '00000000000000000000000000000000': 0 pak files mounted, 0 remain pending
[2020.02.15-22.03.52:321][  0]LogPakFile: Registered encryption key '00000000000000000000000000000000': 0 pak files mounted, 0 remain pending
[2020.02.15-22.03.52:351][  0]LogPakFile: Registered encryption key '00000000000000000000000000000000': 0 pak files mounted, 0 remain pending
[2020.02.15-22.03.52:359][  0]LogPakFile: Registered encryption key '00000000000000000000000000000000': 0 pak files mounted, 0 remain pending
[2020.02.15-22.03.52:366][  0]LogPakFile: Registered encryption key '00000000000000000000000000000000': 0 pak files mounted, 0 remain pending
[2020.02.15-22.03.52:373][  0]LogPakFile: Registered encryption key '00000000000000000000000000000000': 0 pak files mounted, 0 remain pending
[2020.02.15-22.03.52:382][  0]LogPakFile: Registered encryption key '00000000000000000000000000000000': 0 pak files mounted, 0 remain pending
[2020.02.15-22.03.52:390][  0]LogPakFile: Registered encryption key '00000000000000000000000000000000': 0 pak files mounted, 0 remain pending
[2020.02.15-22.03.52:400][  0]LogPakFile: Registered encryption key '00000000000000000000000000000000': 0 pak files mounted, 0 remain pending
[2020.02.15-22.03.52:409][  0]LogPakFile: Registered encryption key '00000000000000000000000000000000': 0 pak files mounted, 0 remain pending
[2020.02.15-22.03.52:419][  0]LogPakFile: Registered encryption key '00000000000000000000000000000000': 0 pak files mounted, 0 remain pending
[2020.02.15-22.03.52:428][  0]LogPakFile: Registered encryption key '00000000000000000000000000000000': 0 pak files mounted, 0 remain pending
[2020.02.15-22.03.52:662][  0]LogContentBrowser: Native class hierarchy updated for 'AddContentDialog' in 0.0004 seconds. Added 0 classes and 0 folders.
[2020.02.15-22.03.52:683][  0]LogSlate: Took 0.008652 seconds to synchronously load lazily loaded font '../../../Engine/Content/Slate/Fonts/Roboto-Regular.ttf' (155K)
[2020.02.15-22.03.52:693][  0]LogSlate: Took 0.006618 seconds to synchronously load lazily loaded font '../../../Engine/Content/Slate/Fonts/Roboto-Bold.ttf' (160K)
[2020.02.15-22.03.52:704][  0]LogSlate: Took 0.006936 seconds to synchronously load lazily loaded font '../../../Engine/Content/Editor/Slate/Fonts/FontAwesome.ttf' (139K)
[2020.02.15-22.03.52:818][  0]LogRenderer: Reallocating scene render targets to support 1904x916 Format 10 NumSamples 1 (Frame:1).
[2020.02.15-22.03.53:059][  0]LogContentBrowser: Native class hierarchy updated for 'HierarchicalLODOutliner' in 0.0004 seconds. Added 0 classes and 0 folders.
[2020.02.15-22.03.53:059][  0]LogLoad: (Engine Initialization) Total time: 31.04 seconds
[2020.02.15-22.03.53:059][  0]LogLoad: (Engine Initialization) Total Blueprint compile time: 0.00 seconds
[2020.02.15-22.03.53:071][  0]LoadErrors: Warning: CreateExport: Failed to load Outer for resource 'Arrow': BaseEnemyUnit_C /Game/StarterContent/Maps/Minimal_Default.Minimal_Default:PersistentLevel.BaseEnemyUnit_2
[2020.02.15-22.03.53:071][  0]LoadErrors: Warning: CreateExport: Failed to load Outer for resource 'CollisionCylinder': BaseEnemyUnit_C /Game/StarterContent/Maps/Minimal_Default.Minimal_Default:PersistentLevel.BaseEnemyUnit_2
[2020.02.15-22.03.53:071][  0]LoadErrors: Warning: CreateExport: Failed to load Outer for resource 'CharMoveComp': BaseEnemyUnit_C /Game/StarterContent/Maps/Minimal_Default.Minimal_Default:PersistentLevel.BaseEnemyUnit_2
[2020.02.15-22.03.53:071][  0]LoadErrors: Warning: CreateExport: Failed to load Outer for resource 'CharacterMesh0': BaseEnemyUnit_C /Game/StarterContent/Maps/Minimal_Default.Minimal_Default:PersistentLevel.BaseEnemyUnit_2
[2020.02.15-22.03.53:108][  0]LogAssetRegistry: Asset discovery search completed in 15.8426 seconds
[2020.02.15-22.03.53:112][  0]LogCollectionManager: Rebuilt the object cache for 0 collections in 0.000000 seconds (found 0 objects)
[2020.02.15-22.03.53:112][  0]LogCollectionManager: Fixed up redirectors for 0 collections in 0.000125 seconds (updated 0 objects)
[2020.02.15-22.03.53:115][  0]LogContentStreaming: Texture pool size now 1000 MB
[2020.02.15-22.03.56:193][341]LogEditorViewport: Clicking on Actor (LMB): Landscape (Landscape1)
[2020.02.15-22.03.58:793][639]LogSlate: FSceneViewport::OnFocusLost() reason 0
[2020.02.15-22.04.05:067][380]LogSlate: Took 0.006917 seconds to synchronously load lazily loaded font '../../../Engine/Content/Slate/Fonts/Roboto-Light.ttf' (167K)
[2020.02.15-22.04.09:899][380]LogAIModule: Creating AISystem for world Town
[2020.02.15-22.04.09:900][380]LogVaFog: [FVaFogOfWarModule::StartupModule::<lambda_976865d7f760a47e2a086b15bf7dcbd9>::operator ()(41)] Fog Controller is created for: Town
[2020.02.15-22.04.09:930][380]LogAssetEditorManager: Opening Asset editor for World /Game/Maps/Town.Town
[2020.02.15-22.04.09:960][380]LogUObjectHash: Compacting FUObjectHashTables data took   1.43ms
[2020.02.15-22.04.09:962][380]Cmd: MAP LOAD FILE="C:/Users/ericf/Desktop/repos/Marine-Squad/Marine_Squad/Content/Maps/Town.umap" TEMPLATE=0 SHOWPROGRESS=1 FEATURELEVEL=3
[2020.02.15-22.04.09:962][380]LightingResults: New page: Lighting Build
[2020.02.15-22.04.09:963][380]LoadErrors: New page: Loading map: Town.umap
[2020.02.15-22.04.09:967][380]LogVaFog: [FVaFogOfWarModule::StartupModule::<lambda_144d8ffb0c7ca55232a4412d9c0c3636>::operator ()(31)] Fog Controller is removed for: Minimal_Default
[2020.02.15-22.04.09:968][380]MapCheck: New page: Map Check
[2020.02.15-22.04.09:968][380]LightingResults: New page: Lighting Build
[2020.02.15-22.04.10:002][380]LogUObjectHash: Compacting FUObjectHashTables data took   2.36ms
[2020.02.15-22.04.11:360][380]LogEditorServer: Finished looking for orphan Actors (0.000 secs)
[2020.02.15-22.04.11:389][380]LogUObjectHash: Compacting FUObjectHashTables data took   1.68ms
[2020.02.15-22.04.11:424][380]Cmd: MAP CHECKDEP NOCLEARLOG
[2020.02.15-22.04.11:425][380]MapCheck: Map check complete: 0 Error(s), 0 Warning(s), took 0.162ms to complete.
[2020.02.15-22.04.11:425][380]LogFileHelpers: Loading map 'Town' took 1.463
[2020.02.15-22.04.21:954][416]LogEditorViewport: Clicking on Actor (LMB): BP_Sky_Sphere_C (BP_Sky_Sphere)
[2020.02.15-22.04.55:622][260]LogSlate: FSceneViewport::OnFocusLost() reason 0
[2020.02.15-22.04.56:587][349]LogVaFog: [FVaFogOfWarModule::StartupModule::<lambda_976865d7f760a47e2a086b15bf7dcbd9>::operator ()(41)] Fog Controller is created for: World_0
[2020.02.15-22.05.46:696][697]LogAssetEditorManager: Opening Asset editor for LandscapeGrassType /Game/CartoonRtsFoliage/Textures/Landscape/Landscape_Layers/NewLandscapeDandType.NewLandscapeDandType
[2020.02.15-22.05.56:109][622]LogVaFog: [FVaFogOfWarModule::StartupModule::<lambda_976865d7f760a47e2a086b15bf7dcbd9>::operator ()(41)] Fog Controller is created for: World_1
[2020.02.15-22.06.00:832][ 67]LogSlate: Window 'NewLandscapeDandType' being destroyed
[2020.02.15-22.06.00:836][ 67]LogSlate: Window 'NewLandscapeDandType' being destroyed
[2020.02.15-22.06.07:661][676]LogAssetEditorManager: Opening Asset editor for FoliageType_InstancedStaticMesh /Game/CartoonRtsFoliage/Textures/Landscape/Landscape_Layers/NewFoliageType_InstancedStaticMesh.NewFoliageType_InstancedStaticMesh
[2020.02.15-22.06.21:639][895]LogMaterial: Display: Missing cached shader map for material M_Basic_Floor, compiling. 
[2020.02.15-22.06.23:913][ 77]LogSlate: Window 'NewFoliageType_InstancedStaticMesh' being destroyed
[2020.02.15-22.06.23:918][ 77]LogSlate: Window 'NewFoliageType_InstancedStaticMesh' being destroyed
[2020.02.15-22.06.28:047][422]LogMaterial: Warning: Material /Game/StarterContent/Materials/M_Basic_Floor.M_Basic_Floor needed to have new flag set bUsedWithInstancedStaticMeshes !
[2020.02.15-22.06.28:050][422]LogMaterial: Display: Missing cached shader map for material M_Basic_Floor, compiling. 
[2020.02.15-22.06.33:834][905]Cmd: TRANSACTION UNDO
[2020.02.15-22.06.33:834][905]LogEditorTransaction: Undo Foliage Editing
[2020.02.15-22.06.34:288][933]Cmd: TRANSACTION UNDO
[2020.02.15-22.06.34:288][933]LogEditorTransaction: Undo Foliage Editing
[2020.02.15-22.06.34:925][986]Cmd: TRANSACTION UNDO
[2020.02.15-22.06.34:925][986]LogEditorTransaction: Undo Foliage Editing
[2020.02.15-22.06.37:049][140]LogSlate: FSceneViewport::OnFocusLost() reason 2
[2020.02.15-22.07.10:532][ 94]Cmd: TRANSACTION UNDO
[2020.02.15-22.07.10:532][ 94]LogEditorTransaction: Undo Foliage Editing
[2020.02.15-22.07.18:924][829]LogSlate: FSceneViewport::OnFocusLost() reason 2
[2020.02.15-22.07.20:598][ 28]LogSlate: FSceneViewport::OnFocusLost() reason 2
[2020.02.15-22.07.20:630][ 28]LogSlate: Took 0.000197 seconds to synchronously load lazily loaded font '../../../Engine/Content/Slate/Fonts/Roboto-Light.ttf' (167K)
[2020.02.15-22.07.31:073][ 28]LogSlate: Window 'Save Asset As' being destroyed
[2020.02.15-22.07.31:820][ 77]LogSlate: FSceneViewport::OnFocusLost() reason 2
[2020.02.15-22.07.33:057][223]LogSlate: FSceneViewport::OnFocusLost() reason 2
[2020.02.15-22.07.39:691][223]LogSlate: Window 'Save Asset As' being destroyed
[2020.02.15-22.07.39:712][223]LogSlate: FSceneViewport::OnFocusLost() reason 2
[2020.02.15-22.07.39:932][223]LogSlate: FSceneViewport::OnFocusLost() reason 2
[2020.02.15-22.07.49:635][223]LogSlate: Window 'Message' being destroyed
[2020.02.15-22.07.49:764][223]LogUObjectHash: Compacting FUObjectHashTables data took   2.36ms
[2020.02.15-22.07.49:769][223]LogSlate: FSceneViewport::OnFocusLost() reason 2
[2020.02.15-22.07.51:073][352]LogSlate: FSceneViewport::OnFocusLost() reason 0
[2020.02.15-22.07.53:045][569]Cmd: TRANSACTION UNDO
[2020.02.15-22.07.53:045][569]LogEditorTransaction: Undo Foliage Editing
[2020.02.15-22.07.53:811][637]Cmd: TRANSACTION UNDO
[2020.02.15-22.07.53:811][637]LogEditorTransaction: Undo Add Foliage Type
[2020.02.15-22.07.54:838][745]Cmd: TRANSACTION UNDO
[2020.02.15-22.07.54:838][745]LogEditorTransaction: Undo Edit Mesh
[2020.02.15-22.07.58:171][ 57]LogSlate: FSceneViewport::OnFocusLost() reason 0
[2020.02.15-22.08.00:985][302]LogSavePackage: Moving 'C:/Users/ericf/Desktop/repos/Marine-Squad/Marine_Squad/Saved/NewFoliageType_InstancedStaticMeF40F53644980D6A5906BBB9F928234CC.tmp' to 'C:/Users/ericf/Desktop/repos/Marine-Squad/Marine_Squad/Content/CartoonRtsFoliage/Textures/Landscape/Landscape_Layers/NewFoliageType_InstancedStaticMesh.uasset'
[2020.02.15-22.08.02:071][396]LogSlate: FSceneViewport::OnFocusLost() reason 0
[2020.02.15-22.08.03:291][489]LogSlate: FSceneViewport::OnFocusLost() reason 2
[2020.02.15-22.08.17:783][284]LogSlate: Window 'Save Asset As' being destroyed
[2020.02.15-22.08.20:449][284]LogSlate: Window 'Message' being destroyed
[2020.02.15-22.08.51:204][650]LogSlate: Window 'Save Asset As' being destroyed
[2020.02.15-22.09.14:115][ 69]Cmd: TRANSACTION UNDO
[2020.02.15-22.09.14:115][ 69]LogEditorTransaction: Undo Foliage Editing
[2020.02.15-22.09.14:502][ 92]Cmd: TRANSACTION UNDO
[2020.02.15-22.09.14:502][ 92]LogEditorTransaction: Undo Foliage Editing
[2020.02.15-22.09.14:870][122]Cmd: TRANSACTION UNDO
[2020.02.15-22.09.14:870][122]LogEditorTransaction: Undo Foliage Editing
[2020.02.15-22.09.15:274][158]Cmd: TRANSACTION UNDO
[2020.02.15-22.09.15:274][158]LogEditorTransaction: Undo Foliage Editing
[2020.02.15-22.09.15:703][197]Cmd: TRANSACTION UNDO
[2020.02.15-22.09.15:703][197]LogEditorTransaction: Undo Foliage Editing
[2020.02.15-22.09.16:087][232]Cmd: TRANSACTION UNDO
[2020.02.15-22.09.16:087][232]LogEditorTransaction: Undo Foliage Editing
[2020.02.15-22.09.16:407][262]Cmd: TRANSACTION UNDO
[2020.02.15-22.09.16:407][262]LogEditorTransaction: Undo Foliage Editing
[2020.02.15-22.09.19:388][573]Cmd: TRANSACTION UNDO
[2020.02.15-22.09.19:388][573]LogEditorTransaction: Undo Edit Mesh
[2020.02.15-22.09.19:816][615]Cmd: TRANSACTION UNDO
[2020.02.15-22.09.19:816][615]LogEditorTransaction: Undo Add Foliage Type
[2020.02.15-22.09.20:213][655]Cmd: TRANSACTION UNDO
[2020.02.15-22.09.20:213][655]LogEditorTransaction: Undo Foliage Editing: Remove Mesh
[2020.02.15-22.09.20:660][702]Cmd: TRANSACTION UNDO
[2020.02.15-22.09.20:661][702]LogEditorTransaction: Undo Add Foliage Type
[2020.02.15-22.09.21:067][744]Cmd: TRANSACTION UNDO
[2020.02.15-22.09.21:067][744]LogEditorTransaction: Undo Edit Mesh
[2020.02.15-22.09.21:403][778]Cmd: TRANSACTION UNDO
[2020.02.15-22.09.21:403][778]LogEditorTransaction: Undo Edit Mesh
[2020.02.15-22.09.21:928][833]Cmd: TRANSACTION UNDO
[2020.02.15-22.09.21:928][833]LogEditorTransaction: Undo Clicking on Actors
[2020.02.15-22.09.24:951][150]LogSlate: FSceneViewport::OnFocusLost() reason 0
[2020.02.15-22.09.30:950][786]LogLinker: Error: Failed import: class 'Blueprint' name 'BP_Pine_06' outer '/Game/CartoonRtsFoliage/BluePrints/BP_PineTree/BP_Pine_06'. There is another object (of 'FoliageType_InstancedStaticMesh' class) at the path.
[2020.02.15-22.09.32:336][786]LogWindows: Error: === Critical error: ===
[2020.02.15-22.09.32:336][786]LogWindows: Error: 
[2020.02.15-22.09.32:336][786]LogWindows: Error: Fatal error!
[2020.02.15-22.09.32:336][786]LogWindows: Error: 
[2020.02.15-22.09.32:336][786]LogWindows: Error: Unhandled Exception: EXCEPTION_ACCESS_VIOLATION reading address 0x00000008
[2020.02.15-22.09.32:336][786]LogWindows: Error: 
[2020.02.15-22.09.32:336][786]LogWindows: Error: [Callstack] 0x00007ffc29e4fd54 UE4Editor-CoreUObject.dll!UnknownFunction []
[2020.02.15-22.09.32:336][786]LogWindows: Error: [Callstack] 0x00007ffc29e2a3c5 UE4Editor-CoreUObject.dll!UnknownFunction []
[2020.02.15-22.09.32:336][786]LogWindows: Error: [Callstack] 0x00007ffc29fbf566 UE4Editor-CoreUObject.dll!UnknownFunction []
[2020.02.15-22.09.32:336][786]LogWindows: Error: [Callstack] 0x00007ffc29f9424f UE4Editor-CoreUObject.dll!UnknownFunction []
[2020.02.15-22.09.32:336][786]LogWindows: Error: [Callstack] 0x00007ffc29fb6262 UE4Editor-CoreUObject.dll!UnknownFunction []
[2020.02.15-22.09.32:336][786]LogWindows: Error: [Callstack] 0x00007ffc29f92c85 UE4Editor-CoreUObject.dll!UnknownFunction []
[2020.02.15-22.09.32:336][786]LogWindows: Error: [Callstack] 0x00007ffc29f946cb UE4Editor-CoreUObject.dll!UnknownFunction []
[2020.02.15-22.09.32:336][786]LogWindows: Error: [Callstack] 0x00007ffc29fb6cd2 UE4Editor-CoreUObject.dll!UnknownFunction []
[2020.02.15-22.09.32:336][786]LogWindows: Error: [Callstack] 0x00007ffc2a0b8c07 UE4Editor-CoreUObject.dll!UnknownFunction []
[2020.02.15-22.09.32:336][786]LogWindows: Error: [Callstack] 0x00007ffc29fe0a27 UE4Editor-CoreUObject.dll!UnknownFunction []
[2020.02.15-22.09.32:336][786]LogWindows: Error: [Callstack] 0x00007ffc29fdf0e2 UE4Editor-CoreUObject.dll!UnknownFunction []
[2020.02.15-22.09.32:336][786]LogWindows: Error: [Callstack] 0x00007ffc29fe0c34 UE4Editor-CoreUObject.dll!UnknownFunction []
[2020.02.15-22.09.32:336][786]LogWindows: Error: [Callstack] 0x00007ffc29fdf0e2 UE4Editor-CoreUObject.dll!UnknownFunction []
[2020.02.15-22.09.32:336][786]LogWindows: Error: [Callstack] 0x00007ffc29fde9ff UE4Editor-CoreUObject.dll!UnknownFunction []
[2020.02.15-22.09.32:336][786]LogWindows: Error: [Callstack] 0x00007ffc29fa024a UE4Editor-CoreUObject.dll!UnknownFunction []
[2020.02.15-22.09.32:336][786]LogWindows: Error: [Callstack] 0x00007ffc29fdde76 UE4Editor-CoreUObject.dll!UnknownFunction []
[2020.02.15-22.09.32:336][786]LogWindows: Error: [Callstack] 0x00007ffc29f95e11 UE4Editor-CoreUObject.dll!UnknownFunction []
[2020.02.15-22.09.32:336][786]LogWindows: Error: [Callstack] 0x00007ffc29fac00b UE4Editor-CoreUObject.dll!UnknownFunction []
[2020.02.15-22.09.32:336][786]LogWindows: Error: [Callstack] 0x00007ffc2a0b88c5 UE4Editor-CoreUObject.dll!UnknownFunction []
[2020.02.15-22.09.32:336][786]LogWindows: Error: [Callstack] 0x00007ffc29fe0a27 UE4Editor-CoreUObject.dll!UnknownFunction []
[2020.02.15-22.09.32:336][786]LogWindows: Error: [Callstack] 0x00007ffc29fdf0e2 UE4Editor-CoreUObject.dll!UnknownFunction []
[2020.02.15-22.09.32:336][786]LogWindows: Error: [Callstack] 0x00007ffc29fe0c34 UE4Editor-CoreUObject.dll!UnknownFunction []
[2020.02.15-22.09.32:336][786]LogWindows: Error: [Callstack] 0x00007ffc29fdf0e2 UE4Editor-CoreUObject.dll!UnknownFunction []
[2020.02.15-22.09.32:336][786]LogWindows: Error: [Callstack] 0x00007ffc29fde9ff UE4Editor-CoreUObject.dll!UnknownFunction []
[2020.02.15-22.09.32:336][786]LogWindows: Error: [Callstack] 0x00007ffc29fa024a UE4Editor-CoreUObject.dll!UnknownFunction []
[2020.02.15-22.09.32:336][786]LogWindows: Error: [Callstack] 0x00007ffc29fdde76 UE4Editor-CoreUObject.dll!UnknownFunction []
[2020.02.15-22.09.32:337][786]LogWindows: Error: [Callstack] 0x00007ffc29f95e11 UE4Editor-CoreUObject.dll!UnknownFunction []
[2020.02.15-22.09.32:337][786]LogWindows: Error: [Callstack] 0x00007ffc29fac00b UE4Editor-CoreUObject.dll!UnknownFunction []
[2020.02.15-22.09.32:337][786]LogWindows: Error: [Callstack] 0x00007ffc2a0b88c5 UE4Editor-CoreUObject.dll!UnknownFunction []
[2020.02.15-22.09.32:337][786]LogWindows: Error: [Callstack] 0x00007ffc29fe0a27 UE4Editor-CoreUObject.dll!UnknownFunction []
[2020.02.15-22.09.32:337][786]LogWindows: Error: [Callstack] 0x00007ffc29fdf0e2 UE4Editor-CoreUObject.dll!UnknownFunction []
[2020.02.15-22.09.32:337][786]LogWindows: Error: [Callstack] 0x00007ffc29fe0c34 UE4Editor-CoreUObject.dll!UnknownFunction []
[2020.02.15-22.09.32:337][786]LogWindows: Error: [Callstack] 0x00007ffc29fdf0e2 UE4Editor-CoreUObject.dll!UnknownFunction []
[2020.02.15-22.09.32:337][786]LogWindows: Error: [Callstack] 0x00007ffc29fe0c34 UE4Editor-CoreUObject.dll!UnknownFunction []
[2020.02.15-22.09.32:337][786]LogWindows: Error: [Callstack] 0x00007ffc29fdf0e2 UE4Editor-CoreUObject.dll!UnknownFunction []
[2020.02.15-22.09.32:337][786]LogWindows: Error: [Callstack] 0x00007ffc29fde9ff UE4Editor-CoreUObject.dll!UnknownFunction []
[2020.02.15-22.09.32:337][786]LogWindows: Error: [Callstack] 0x00007ffc29fa024a UE4Editor-CoreUObject.dll!UnknownFunction []
[2020.02.15-22.09.32:337][786]LogWindows: Error: [Callstack] 0x00007ffc29fdde76 UE4Editor-CoreUObject.dll!UnknownFunction []
[2020.02.15-22.09.32:337][786]LogWindows: Error: [Callstack] 0x00007ffc29f95e11 UE4Editor-CoreUObject.dll!UnknownFunction []
[2020.02.15-22.09.32:337][786]LogWindows: Error: [Callstack] 0x00007ffc29fac00b UE4Editor-CoreUObject.dll!UnknownFunction []
[2020.02.15-22.09.32:337][786]LogWindows: Error: [Callstack] 0x00007ffc2a0b88c5 UE4Editor-CoreUObject.dll!UnknownFunction []
[2020.02.15-22.09.32:337][786]LogWindows: Error: [Callstack] 0x00007ffc2a0b7d9a UE4Editor-CoreUObject.dll!UnknownFunction []
[2020.02.15-22.09.32:337][786]LogWindows: Error: [Callstack] 0x00007ffc2a0c5d69 UE4Editor-CoreUObject.dll!UnknownFunction []
[2020.02.15-22.09.32:337][786]LogWindows: Error: [Callstack] 0x00007ffc2a0cdb1b UE4Editor-CoreUObject.dll!UnknownFunction []
[2020.02.15-22.09.32:337][786]LogWindows: Error: [Callstack] 0x00007ffc2a0cd2e3 UE4Editor-CoreUObject.dll!UnknownFunction []
[2020.02.15-22.09.32:337][786]LogWindows: Error: [Callstack] 0x00007ffbf2562c4f UE4Editor-ContentBrowser.dll!UnknownFunction []
[2020.02.15-22.09.32:337][786]LogWindows: Error: [Callstack] 0x00007ffbf2520ad9 UE4Editor-ContentBrowser.dll!UnknownFunction []
[2020.02.15-22.09.32:337][786]LogWindows: Error: [Callstack] 0x00007ffbf256b2fc UE4Editor-ContentBrowser.dll!UnknownFunction []
[2020.02.15-22.09.32:337][786]LogWindows: Error: [Callstack] 0x00007ffbf251e70a UE4Editor-ContentBrowser.dll!UnknownFunction []
[2020.02.15-22.09.32:337][786]LogWindows: Error: [Callstack] 0x00007ffbf251ae10 UE4Editor-ContentBrowser.dll!UnknownFunction []
[2020.02.15-22.09.32:337][786]LogWindows: Error: [Callstack] 0x00007ffbf2574e80 UE4Editor-ContentBrowser.dll!UnknownFunction []
[2020.02.15-22.09.32:337][786]LogWindows: Error: [Callstack] 0x00007ffbf256b66f UE4Editor-ContentBrowser.dll!UnknownFunction []
[2020.02.15-22.09.32:337][786]LogWindows: Error: [Callstack] 0x00007ffc203435ea UE4Editor-Slate.dll!UnknownFunction []
[2020.02.15-22.09.32:337][786]LogWindows: Error: [Callstack] 0x00007ffc203be49e UE4Editor-Slate.dll!UnknownFunction []
[2020.02.15-22.09.32:337][786]LogWindows: Error: [Callstack] 0x00007ffc203a9d89 UE4Editor-Slate.dll!UnknownFunction []
[2020.02.15-22.09.32:337][786]LogWindows: Error: [Callstack] 0x00007ffc2039fd42 UE4Editor-Slate.dll!UnknownFunction []
[2020.02.15-22.09.32:337][786]LogWindows: Error: [Callstack] 0x00007ffc5008b88c UE4Editor-ApplicationCore.dll!UnknownFunction []
[2020.02.15-22.09.32:337][786]LogWindows: Error: [Callstack] 0x00007ffc5007ef9f UE4Editor-ApplicationCore.dll!UnknownFunction []
[2020.02.15-22.09.32:337][786]LogWindows: Error: [Callstack] 0x00007ffc5008d77f UE4Editor-ApplicationCore.dll!UnknownFunction []
[2020.02.15-22.09.32:337][786]LogWindows: Error: [Callstack] 0x00007ffc5007c090 UE4Editor-ApplicationCore.dll!UnknownFunction []
[2020.02.15-22.09.32:337][786]LogWindows: Error: [Callstack] 0x00007ffc63285b6d USER32.dll!UnknownFunction []
[2020.02.15-22.09.32:337][786]LogWindows: Error: [Callstack] 0x00007ffc63285562 USER32.dll!UnknownFunction []
[2020.02.15-22.09.32:337][786]LogWindows: Error: [Callstack] 0x00007ffc5008e946 UE4Editor-ApplicationCore.dll!UnknownFunction []
[2020.02.15-22.09.32:337][786]LogWindows: Error: [Callstack] 0x00007ff7b0125d3e UE4Editor.exe!UnknownFunction []
[2020.02.15-22.09.32:337][786]LogWindows: Error: [Callstack] 0x00007ff7b013554c UE4Editor.exe!UnknownFunction []
[2020.02.15-22.09.32:337][786]LogWindows: Error: [Callstack] 0x00007ff7b01355ca UE4Editor.exe!UnknownFunction []
[2020.02.15-22.09.32:337][786]LogWindows: Error: [Callstack] 0x00007ff7b014316c UE4Editor.exe!UnknownFunction []
[2020.02.15-22.09.32:337][786]LogWindows: Error: [Callstack] 0x00007ff7b0145b8e UE4Editor.exe!UnknownFunction []
[2020.02.15-22.09.32:337][786]LogWindows: Error: [Callstack] 0x00007ffc620d7bd4 KERNEL32.DLL!UnknownFunction []
[2020.02.15-22.09.32:337][786]LogWindows: Error: [Callstack] 0x00007ffc6392ced1 ntdll.dll!UnknownFunction []
[2020.02.15-22.09.32:337][786]LogWindows: Error: 
[2020.02.15-22.09.32:356][786]LogExit: Executing StaticShutdownAfterError
[2020.02.15-22.09.32:367][786]LogWindows: FPlatformMisc::RequestExit(1)
[2020.02.15-22.09.32:372][786]Log file closed, 02/15/20 16:09:32
