Log file open, 02/28/20 23:58:15
LogWindows: Failed to load 'aqProf.dll' (GetLastError=126)
LogWindows: File 'aqProf.dll' does not exist
LogWindows: Failed to load 'VtuneApi.dll' (GetLastError=126)
LogWindows: File 'VtuneApi.dll' does not exist
LogWindows: Failed to load 'VtuneApi32e.dll' (GetLastError=126)
LogWindows: File 'VtuneApi32e.dll' does not exist
LogConsoleResponse: Display: Failed to find resolution value strings in scalability ini. Falling back to default.
LogInit: Display: Running engine for game: Marine_Squad
LogPakFile: Registered encryption key '00000000000000000000000000000000': 0 pak files mounted, 0 remain pending
LogPlatformFile: Not using cached read wrapper
LogTaskGraph: Started task graph with 5 named threads and 14 total threads with 3 sets of task threads.
LogStats: Stats thread started at 0.166909
LogD3D11RHI: Loaded GFSDK_Aftermath_Lib.x64.dll
LogICUInternationalization: ICU TimeZone Detection - Raw Offset: -6:00, Platform Override: ''
LogPluginManager: Mounting plugin Paper2D
LogPluginManager: Mounting plugin AISupport
LogPluginManager: Mounting plugin LightPropagationVolume
LogPluginManager: Mounting plugin ActorLayerUtilities
LogPluginManager: Mounting plugin AnimationSharing
LogPluginManager: Mounting plugin CLionSourceCodeAccess
LogPluginManager: Mounting plugin CodeLiteSourceCodeAccess
LogPluginManager: Mounting plugin GitSourceControl
LogPluginManager: Mounting plugin KDevelopSourceCodeAccess
LogPluginManager: Mounting plugin NullSourceCodeAccess
LogPluginManager: Mounting plugin PerforceSourceControl
LogPluginManager: Mounting plugin SubversionSourceControl
LogPluginManager: Mounting plugin UObjectPlugin
LogPluginManager: Mounting plugin VisualStudioCodeSourceCodeAccess
LogPluginManager: Mounting plugin VisualStudioSourceCodeAccess
LogPluginManager: Mounting plugin XCodeSourceCodeAccess
LogPluginManager: Mounting plugin AssetManagerEditor
LogPluginManager: Mounting plugin CryptoKeys
LogPluginManager: Mounting plugin DataValidation
LogPluginManager: Mounting plugin FacialAnimation
LogPluginManager: Mounting plugin GameplayTagsEditor
LogPluginManager: Mounting plugin MacGraphicsSwitching
LogPluginManager: Mounting plugin MaterialAnalyzer
LogPluginManager: Mounting plugin MobileLauncherProfileWizard
LogPluginManager: Mounting plugin PluginBrowser
LogPluginManager: Mounting plugin SpeedTreeImporter
LogPluginManager: Mounting plugin DatasmithContent
LogPluginManager: Mounting plugin VariantManagerContent
LogPluginManager: Mounting plugin AlembicImporter
LogPluginManager: Mounting plugin AppleImageUtils
LogPluginManager: Mounting plugin AppleVision
LogPluginManager: Mounting plugin BackChannel
LogPluginManager: Mounting plugin CharacterAI
LogPluginManager: Mounting plugin GeometryCache
LogPluginManager: Mounting plugin HTML5Networking
LogPluginManager: Mounting plugin ProxyLODPlugin
LogPluginManager: Mounting plugin SkeletalReduction
LogPluginManager: Mounting plugin MagicLeap
LogPluginManager: Mounting plugin MagicLeapMedia
LogPluginManager: Mounting plugin VaFogOfWar
LogPluginManager: Mounting plugin AndroidMedia
LogPluginManager: Mounting plugin AvfMedia
LogPluginManager: Mounting plugin ImgMedia
LogPluginManager: Mounting plugin LinearTimecode
LogPluginManager: Mounting plugin MediaCompositing
LogPluginManager: Mounting plugin MediaPlayerEditor
LogPluginManager: Mounting plugin WebMMedia
LogPluginManager: Mounting plugin WmfMedia
LogPluginManager: Mounting plugin TcpMessaging
LogPluginManager: Mounting plugin UdpMessaging
LogPluginManager: Mounting plugin ActorSequence
LogPluginManager: Mounting plugin LevelSequenceEditor
LogPluginManager: Mounting plugin MatineeToLevelSequence
LogPluginManager: Mounting plugin NetcodeUnitTest
LogPluginManager: Mounting plugin NUTUnrealEngine4
LogPluginManager: Mounting plugin OnlineSubsystemGooglePlay
LogPluginManager: Mounting plugin OnlineSubsystemIOS
LogPluginManager: Mounting plugin OnlineSubsystem
LogPluginManager: Mounting plugin OnlineSubsystemNull
LogPluginManager: Mounting plugin OnlineSubsystemUtils
LogPluginManager: Mounting plugin LauncherChunkInstaller
LogPluginManager: Mounting plugin AndroidDeviceProfileSelector
LogPluginManager: Mounting plugin AndroidMoviePlayer
LogPluginManager: Mounting plugin AndroidPermission
LogPluginManager: Mounting plugin AppleMoviePlayer
LogPluginManager: Mounting plugin ArchVisCharacter
LogPluginManager: Mounting plugin AudioCapture
LogPluginManager: Mounting plugin CableComponent
LogPluginManager: Mounting plugin CustomMeshComponent
LogPluginManager: Mounting plugin EditableMesh
LogPluginManager: Mounting plugin ExampleDeviceProfileSelector
LogPluginManager: Mounting plugin Firebase
LogPluginManager: Mounting plugin GameplayAbilities
LogPluginManager: Mounting plugin GoogleCloudMessaging
LogPluginManager: Mounting plugin IOSDeviceProfileSelector
LogPluginManager: Mounting plugin LinuxDeviceProfileSelector
LogPluginManager: Mounting plugin LocationServicesBPLibrary
LogPluginManager: Mounting plugin MobilePatchingUtils
LogPluginManager: Mounting plugin OculusVR
LogPluginManager: Mounting plugin PhysXVehicles
LogPluginManager: Mounting plugin ProceduralMeshComponent
LogPluginManager: Mounting plugin RuntimePhysXCooking
LogPluginManager: Mounting plugin SignificanceManager
LogPluginManager: Mounting plugin SteamVR
LogPluginManager: Mounting plugin WebMMoviePlayer
LogPluginManager: Mounting plugin WindowsMoviePlayer
LogInit: Using libcurl 7.55.1-DEV
LogInit:  - built for x86_64-pc-win32
LogInit:  - supports SSL with OpenSSL/1.1.1
LogInit:  - supports HTTP deflate (compression) using libz 1.2.8
LogInit:  - other features:
LogInit:      CURL_VERSION_SSL
LogInit:      CURL_VERSION_LIBZ
LogInit:      CURL_VERSION_IPV6
LogInit:      CURL_VERSION_ASYNCHDNS
LogInit:      CURL_VERSION_LARGEFILE
LogInit:      CURL_VERSION_IDN
LogInit:  CurlRequestOptions (configurable via config and command line):
LogInit:  - bVerifyPeer = true  - Libcurl will verify peer certificate
LogInit:  - bUseHttpProxy = false  - Libcurl will NOT use HTTP proxy
LogInit:  - bDontReuseConnections = false  - Libcurl will reuse connections
LogInit:  - MaxHostConnections = 16  - Libcurl will limit the number of connections to a host
LogInit:  - LocalHostAddr = Default
LogInit:  - BufferSize = 65536
LogInit: WinSock: version 1.1 (2.2), MaxSocks=32767, MaxUdp=65467
LogInit: Build: ++UE4+Release-4.22-CL-7053642
LogInit: Engine Version: 4.22.3-7053642+++UE4+Release-4.22
LogInit: Compatible Engine Version: 4.22.0-5660361+++UE4+Release-4.22
LogInit: Net CL: 5660361
LogInit: OS: Windows 10 (Release 1903) (), CPU: Intel(R) Core(TM) i5-4690K CPU @ 3.50GHz, GPU: NVIDIA GeForce GTX 970
LogInit: Compiled (64-bit): Jun 18 2019 03:09:11
LogInit: Compiled with Visual C++: 19.16.27025.01
LogInit: Build Configuration: Development
LogInit: Branch Name: ++UE4+Release-4.22
LogInit: Command Line:  -EpicPortal -epicusername="Tiger Pup" -epicuserid=722f828ed35e43ae806c4e05bee10d1a -epiclocale=en
LogInit: Base Directory: Q:/UE_4.22/Engine/Binaries/Win64/
LogInit: Installed Engine Build: 1
LogDevObjectVersion: Number of dev versions registered: 23
LogDevObjectVersion:   Dev-Blueprints (B0D832E4-1F89-4F0D-ACCF-7EB736FD4AA2): 10
LogDevObjectVersion:   Dev-Build (E1C64328-A22C-4D53-A36C-8E866417BD8C): 0
LogDevObjectVersion:   Dev-Core (375EC13C-06E4-48FB-B500-84F0262A717E): 3
LogDevObjectVersion:   Dev-Editor (E4B068ED-F494-42E9-A231-DA0B2E46BB41): 30
LogDevObjectVersion:   Dev-Framework (CFFC743F-43B0-4480-9391-14DF171D2073): 35
LogDevObjectVersion:   Dev-Mobile (B02B49B5-BB20-44E9-A304-32B752E40360): 2
LogDevObjectVersion:   Dev-Networking (A4E4105C-59A1-49B5-A7C5-40C4547EDFEE): 0
LogDevObjectVersion:   Dev-Online (39C831C9-5AE6-47DC-9A44-9C173E1C8E7C): 0
LogDevObjectVersion:   Dev-Physics (78F01B33-EBEA-4F98-B9B4-84EACCB95AA2): 0
LogDevObjectVersion:   Dev-Platform (6631380F-2D4D-43E0-8009-CF276956A95A): 0
LogDevObjectVersion:   Dev-Rendering (12F88B9F-8875-4AFC-A67C-D90C383ABD29): 28
LogDevObjectVersion:   Dev-Sequencer (7B5AE74C-D270-4C10-A958-57980B212A5A): 11
LogDevObjectVersion:   Dev-VR (D7296918-1DD6-4BDD-9DE2-64A83CC13884): 2
LogDevObjectVersion:   Dev-LoadTimes (C2A15278-BFE7-4AFE-6C17-90FF531DF755): 1
LogDevObjectVersion:   Private-Geometry (6EACA3D4-40EC-4CC1-B786-8BED09428FC5): 3
LogDevObjectVersion:   Dev-AnimPhys (29E575DD-E0A3-4627-9D10-D276232CDCEA): 17
LogDevObjectVersion:   Dev-Anim (AF43A65D-7FD3-4947-9873-3E8ED9C1BB05): 2
LogDevObjectVersion:   Dev-ReflectionCapture (6B266CEC-1EC7-4B8F-A30B-E4D90942FC07): 1
LogDevObjectVersion:   Dev-Automation (0DF73D61-A23F-47EA-B727-89E90C41499A): 1
LogDevObjectVersion:   FortniteMain (601D1886-AC64-4F84-AA16-D3DE0DEAC7D6): 25
LogDevObjectVersion:   Dev-Enterprise (9DFFBCD6-494F-0158-E221-12823C92A888): 6
LogDevObjectVersion:   Dev-Niagara (F2AED0AC-9AFE-416F-8664-AA7FFA26D6FC): 1
LogDevObjectVersion:   Dev-Destruction (174F1F0B-B4C6-45A5-B13F-2EE8D0FB917D): 2
LogInit: Presizing for max 16777216 objects, including 0 objects not considered by GC, pre-allocating 0 bytes for permanent pool.
LogInit: Object subsystem initialized
LogConfig: Setting CVar [[con.DebugEarlyDefault:1]]
LogConfig: Setting CVar [[r.setres:1280x720]]
[2020.02.29-05.58.15:533][  0]LogConfig: Setting CVar [[r.VSync:0]]
[2020.02.29-05.58.15:533][  0]LogConfig: Setting CVar [[r.RHICmdBypass:0]]
[2020.02.29-05.58.15:533][  0]LogConfig: Applying CVar settings from Section [/Script/Engine.RendererSettings] File [C:/Users/ericf/Desktop/repos/Marine-Squad/Marine_Squad/Saved/Config/Windows/Engine.ini]
[2020.02.29-05.58.15:533][  0]LogConfig: Setting CVar [[r.GPUCrashDebugging:0]]
[2020.02.29-05.58.15:533][  0]LogConfig: Setting CVar [[r.DefaultFeature.AutoExposure.ExtendDefaultLuminanceRange:1]]
[2020.02.29-05.58.15:533][  0]LogConfig: Setting CVar [[r.AllowGlobalClipPlane:1]]
[2020.02.29-05.58.15:533][  0]LogConfig: Applying CVar settings from Section [/Script/Engine.RendererOverrideSettings] File [C:/Users/ericf/Desktop/repos/Marine-Squad/Marine_Squad/Saved/Config/Windows/Engine.ini]
[2020.02.29-05.58.15:533][  0]LogConfig: Applying CVar settings from Section [/Script/Engine.StreamingSettings] File [C:/Users/ericf/Desktop/repos/Marine-Squad/Marine_Squad/Saved/Config/Windows/Engine.ini]
[2020.02.29-05.58.15:533][  0]LogConfig: Setting CVar [[s.MinBulkDataSizeForAsyncLoading:131072]]
[2020.02.29-05.58.15:533][  0]LogConfig: Setting CVar [[s.AsyncLoadingThreadEnabled:0]]
[2020.02.29-05.58.15:533][  0]LogConfig: Setting CVar [[s.EventDrivenLoaderEnabled:1]]
[2020.02.29-05.58.15:533][  0]LogConfig: Setting CVar [[s.WarnIfTimeLimitExceeded:0]]
[2020.02.29-05.58.15:533][  0]LogConfig: Setting CVar [[s.TimeLimitExceededMultiplier:1.5]]
[2020.02.29-05.58.15:533][  0]LogConfig: Setting CVar [[s.TimeLimitExceededMinTime:0.005]]
[2020.02.29-05.58.15:533][  0]LogConfig: Setting CVar [[s.UseBackgroundLevelStreaming:1]]
[2020.02.29-05.58.15:534][  0]LogConfig: Setting CVar [[s.PriorityAsyncLoadingExtraTime:15.0]]
[2020.02.29-05.58.15:534][  0]LogConfig: Setting CVar [[s.LevelStreamingActorsUpdateTimeLimit:5.0]]
[2020.02.29-05.58.15:534][  0]LogConfig: Setting CVar [[s.PriorityLevelStreamingActorsUpdateExtraTime:5.0]]
[2020.02.29-05.58.15:534][  0]LogConfig: Setting CVar [[s.LevelStreamingComponentsRegistrationGranularity:10]]
[2020.02.29-05.58.15:534][  0]LogConfig: Setting CVar [[s.UnregisterComponentsTimeLimit:1.0]]
[2020.02.29-05.58.15:534][  0]LogConfig: Setting CVar [[s.LevelStreamingComponentsUnregistrationGranularity:5]]
[2020.02.29-05.58.15:534][  0]LogConfig: Applying CVar settings from Section [/Script/Engine.GarbageCollectionSettings] File [C:/Users/ericf/Desktop/repos/Marine-Squad/Marine_Squad/Saved/Config/Windows/Engine.ini]
[2020.02.29-05.58.15:534][  0]LogConfig: Setting CVar [[gc.MaxObjectsNotConsideredByGC:1]]
[2020.02.29-05.58.15:534][  0]LogConfig: Setting CVar [[gc.SizeOfPermanentObjectPool:0]]
[2020.02.29-05.58.15:534][  0]LogConfig: Setting CVar [[gc.FlushStreamingOnGC:0]]
[2020.02.29-05.58.15:534][  0]LogConfig: Setting CVar [[gc.NumRetriesBeforeForcingGC:10]]
[2020.02.29-05.58.15:534][  0]LogConfig: Setting CVar [[gc.AllowParallelGC:1]]
[2020.02.29-05.58.15:534][  0]LogConfig: Setting CVar [[gc.TimeBetweenPurgingPendingKillObjects:61.1]]
[2020.02.29-05.58.15:534][  0]LogConfig: Setting CVar [[gc.MaxObjectsInEditor:16777216]]
[2020.02.29-05.58.15:534][  0]LogConfig: Setting CVar [[gc.IncrementalBeginDestroyEnabled:1]]
[2020.02.29-05.58.15:534][  0]LogConfig: Setting CVar [[gc.CreateGCClusters:1]]
[2020.02.29-05.58.15:534][  0]LogConfig: Setting CVar [[gc.MinGCClusterSize:5]]
[2020.02.29-05.58.15:534][  0]LogConfig: Setting CVar [[gc.ActorClusteringEnabled:0]]
[2020.02.29-05.58.15:534][  0]LogConfig: Setting CVar [[gc.BlueprintClusteringEnabled:0]]
[2020.02.29-05.58.15:534][  0]LogConfig: Setting CVar [[gc.UseDisregardForGCOnDedicatedServers:0]]
[2020.02.29-05.58.15:534][  0]LogConfig: Applying CVar settings from Section [/Script/Engine.NetworkSettings] File [C:/Users/ericf/Desktop/repos/Marine-Squad/Marine_Squad/Saved/Config/Windows/Engine.ini]
[2020.02.29-05.58.15:534][  0]LogConfig: Applying CVar settings from Section [/Script/UnrealEd.CookerSettings] File [C:/Users/ericf/Desktop/repos/Marine-Squad/Marine_Squad/Saved/Config/Windows/Engine.ini]
[2020.02.29-05.58.15:542][  0]LogConfig: Applying CVar settings from Section [ViewDistanceQuality@3] File [C:/Users/ericf/Desktop/repos/Marine-Squad/Marine_Squad/Saved/Config/Windows/Scalability.ini]
[2020.02.29-05.58.15:542][  0]LogConfig: Setting CVar [[r.SkeletalMeshLODBias:0]]
[2020.02.29-05.58.15:542][  0]LogConfig: Setting CVar [[r.ViewDistanceScale:1.0]]
[2020.02.29-05.58.15:542][  0]LogConfig: Applying CVar settings from Section [AntiAliasingQuality@3] File [C:/Users/ericf/Desktop/repos/Marine-Squad/Marine_Squad/Saved/Config/Windows/Scalability.ini]
[2020.02.29-05.58.15:542][  0]LogConfig: Setting CVar [[r.PostProcessAAQuality:4]]
[2020.02.29-05.58.15:542][  0]LogConfig: Applying CVar settings from Section [ShadowQuality@3] File [C:/Users/ericf/Desktop/repos/Marine-Squad/Marine_Squad/Saved/Config/Windows/Scalability.ini]
[2020.02.29-05.58.15:542][  0]LogConfig: Setting CVar [[r.LightFunctionQuality:1]]
[2020.02.29-05.58.15:542][  0]LogConfig: Setting CVar [[r.ShadowQuality:5]]
[2020.02.29-05.58.15:542][  0]LogConfig: Setting CVar [[r.Shadow.CSM.MaxCascades:10]]
[2020.02.29-05.58.15:542][  0]LogConfig: Setting CVar [[r.Shadow.MaxResolution:2048]]
[2020.02.29-05.58.15:542][  0]LogConfig: Setting CVar [[r.Shadow.MaxCSMResolution:2048]]
[2020.02.29-05.58.15:542][  0]LogConfig: Setting CVar [[r.Shadow.RadiusThreshold:0.01]]
[2020.02.29-05.58.15:542][  0]LogConfig: Setting CVar [[r.Shadow.DistanceScale:1.0]]
[2020.02.29-05.58.15:542][  0]LogConfig: Setting CVar [[r.Shadow.CSM.TransitionScale:1.0]]
[2020.02.29-05.58.15:542][  0]LogConfig: Setting CVar [[r.Shadow.PreShadowResolutionFactor:1.0]]
[2020.02.29-05.58.15:543][  0]LogConfig: Setting CVar [[r.DistanceFieldShadowing:1]]
[2020.02.29-05.58.15:543][  0]LogConfig: Setting CVar [[r.DistanceFieldAO:1]]
[2020.02.29-05.58.15:543][  0]LogConfig: Setting CVar [[r.AOQuality:2]]
[2020.02.29-05.58.15:543][  0]LogConfig: Setting CVar [[r.VolumetricFog:1]]
[2020.02.29-05.58.15:543][  0]LogConfig: Setting CVar [[r.VolumetricFog.GridPixelSize:8]]
[2020.02.29-05.58.15:543][  0]LogConfig: Setting CVar [[r.VolumetricFog.GridSizeZ:128]]
[2020.02.29-05.58.15:543][  0]LogConfig: Setting CVar [[r.VolumetricFog.HistoryMissSupersampleCount:4]]
[2020.02.29-05.58.15:543][  0]LogConfig: Setting CVar [[r.LightMaxDrawDistanceScale:1]]
[2020.02.29-05.58.15:543][  0]LogConfig: Setting CVar [[r.CapsuleShadows:1]]
[2020.02.29-05.58.15:543][  0]LogConfig: Applying CVar settings from Section [PostProcessQuality@3] File [C:/Users/ericf/Desktop/repos/Marine-Squad/Marine_Squad/Saved/Config/Windows/Scalability.ini]
[2020.02.29-05.58.15:543][  0]LogConfig: Setting CVar [[r.MotionBlurQuality:4]]
[2020.02.29-05.58.15:543][  0]LogConfig: Setting CVar [[r.AmbientOcclusionMipLevelFactor:0.4]]
[2020.02.29-05.58.15:543][  0]LogConfig: Setting CVar [[r.AmbientOcclusionMaxQuality:100]]
[2020.02.29-05.58.15:543][  0]LogConfig: Setting CVar [[r.AmbientOcclusionLevels:-1]]
[2020.02.29-05.58.15:543][  0]LogConfig: Setting CVar [[r.AmbientOcclusionRadiusScale:1.0]]
[2020.02.29-05.58.15:543][  0]LogConfig: Setting CVar [[r.DepthOfFieldQuality:2]]
[2020.02.29-05.58.15:543][  0]LogConfig: Setting CVar [[r.RenderTargetPoolMin:400]]
[2020.02.29-05.58.15:543][  0]LogConfig: Setting CVar [[r.LensFlareQuality:2]]
[2020.02.29-05.58.15:543][  0]LogConfig: Setting CVar [[r.SceneColorFringeQuality:1]]
[2020.02.29-05.58.15:543][  0]LogConfig: Setting CVar [[r.EyeAdaptationQuality:2]]
[2020.02.29-05.58.15:543][  0]LogConfig: Setting CVar [[r.BloomQuality:5]]
[2020.02.29-05.58.15:543][  0]LogConfig: Setting CVar [[r.FastBlurThreshold:100]]
[2020.02.29-05.58.15:543][  0]LogConfig: Setting CVar [[r.Upscale.Quality:3]]
[2020.02.29-05.58.15:543][  0]LogConfig: Setting CVar [[r.Tonemapper.GrainQuantization:1]]
[2020.02.29-05.58.15:543][  0]LogConfig: Setting CVar [[r.LightShaftQuality:1]]
[2020.02.29-05.58.15:543][  0]LogConfig: Setting CVar [[r.Filter.SizeScale:1]]
[2020.02.29-05.58.15:543][  0]LogConfig: Setting CVar [[r.Tonemapper.Quality:5]]
[2020.02.29-05.58.15:543][  0]LogConfig: Setting CVar [[r.DOF.Gather.AccumulatorQuality:1        ; higher gathering accumulator quality]]
[2020.02.29-05.58.15:543][  0]LogConfig: Setting CVar [[r.DOF.Gather.PostfilterMethod:1          ; Median3x3 postfilering method]]
[2020.02.29-05.58.15:543][  0]LogConfig: Setting CVar [[r.DOF.Gather.EnableBokehSettings:0       ; no bokeh simulation when gathering]]
[2020.02.29-05.58.15:543][  0]LogConfig: Setting CVar [[r.DOF.Gather.RingCount:4                 ; medium number of samples when gathering]]
[2020.02.29-05.58.15:543][  0]LogConfig: Setting CVar [[r.DOF.Scatter.ForegroundCompositing:1    ; additive foreground scattering]]
[2020.02.29-05.58.15:543][  0]LogConfig: Setting CVar [[r.DOF.Scatter.BackgroundCompositing:2    ; additive background scattering]]
[2020.02.29-05.58.15:543][  0]LogConfig: Setting CVar [[r.DOF.Scatter.EnableBokehSettings:1      ; bokeh simulation when scattering]]
[2020.02.29-05.58.15:543][  0]LogConfig: Setting CVar [[r.DOF.Scatter.MaxSpriteRatio:0.1         ; only a maximum of 10% of scattered bokeh]]
[2020.02.29-05.58.15:543][  0]LogConfig: Setting CVar [[r.DOF.Recombine.Quality:1                ; cheap slight out of focus]]
[2020.02.29-05.58.15:543][  0]LogConfig: Setting CVar [[r.DOF.Recombine.EnableBokehSettings:0    ; no bokeh simulation on slight out of focus]]
[2020.02.29-05.58.15:543][  0]LogConfig: Setting CVar [[r.DOF.TemporalAAQuality:1                ; more stable temporal accumulation]]
[2020.02.29-05.58.15:543][  0]LogConfig: Setting CVar [[r.DOF.Kernel.MaxForegroundRadius:0.025]]
[2020.02.29-05.58.15:543][  0]LogConfig: Setting CVar [[r.DOF.Kernel.MaxBackgroundRadius:0.025]]
[2020.02.29-05.58.15:543][  0]LogConfig: Applying CVar settings from Section [TextureQuality@3] File [C:/Users/ericf/Desktop/repos/Marine-Squad/Marine_Squad/Saved/Config/Windows/Scalability.ini]
[2020.02.29-05.58.15:543][  0]LogConfig: Setting CVar [[r.Streaming.MipBias:0]]
[2020.02.29-05.58.15:543][  0]LogConfig: Setting CVar [[r.Streaming.AmortizeCPUToGPUCopy:0]]
[2020.02.29-05.58.15:543][  0]LogConfig: Setting CVar [[r.Streaming.MaxNumTexturesToStreamPerFrame:0]]
[2020.02.29-05.58.15:543][  0]LogConfig: Setting CVar [[r.Streaming.Boost:1]]
[2020.02.29-05.58.15:543][  0]LogConfig: Setting CVar [[r.MaxAnisotropy:8]]
[2020.02.29-05.58.15:543][  0]LogConfig: Setting CVar [[r.Streaming.LimitPoolSizeToVRAM:0]]
[2020.02.29-05.58.15:543][  0]LogConfig: Setting CVar [[r.Streaming.PoolSize:1000]]
[2020.02.29-05.58.15:543][  0]LogConfig: Setting CVar [[r.Streaming.MaxEffectiveScreenSize:0]]
[2020.02.29-05.58.15:543][  0]LogConfig: Applying CVar settings from Section [EffectsQuality@3] File [C:/Users/ericf/Desktop/repos/Marine-Squad/Marine_Squad/Saved/Config/Windows/Scalability.ini]
[2020.02.29-05.58.15:543][  0]LogConfig: Setting CVar [[r.TranslucencyLightingVolumeDim:64]]
[2020.02.29-05.58.15:543][  0]LogConfig: Setting CVar [[r.RefractionQuality:2]]
[2020.02.29-05.58.15:543][  0]LogConfig: Setting CVar [[r.SSR.Quality:3]]
[2020.02.29-05.58.15:543][  0]LogConfig: Setting CVar [[r.SceneColorFormat:4]]
[2020.02.29-05.58.15:543][  0]LogConfig: Setting CVar [[r.DetailMode:2]]
[2020.02.29-05.58.15:543][  0]LogConfig: Setting CVar [[r.TranslucencyVolumeBlur:1]]
[2020.02.29-05.58.15:543][  0]LogConfig: Setting CVar [[r.MaterialQualityLevel:1 ; High quality]]
[2020.02.29-05.58.15:543][  0]LogConfig: Setting CVar [[r.SSS.Scale:1]]
[2020.02.29-05.58.15:543][  0]LogConfig: Setting CVar [[r.SSS.SampleSet:2]]
[2020.02.29-05.58.15:543][  0]LogConfig: Setting CVar [[r.SSS.Quality:1]]
[2020.02.29-05.58.15:543][  0]LogConfig: Setting CVar [[r.SSS.HalfRes:1]]
[2020.02.29-05.58.15:543][  0]LogConfig: Setting CVar [[r.EmitterSpawnRateScale:1.0]]
[2020.02.29-05.58.15:543][  0]LogConfig: Setting CVar [[r.ParticleLightQuality:2]]
[2020.02.29-05.58.15:543][  0]LogConfig: Applying CVar settings from Section [FoliageQuality@3] File [C:/Users/ericf/Desktop/repos/Marine-Squad/Marine_Squad/Saved/Config/Windows/Scalability.ini]
[2020.02.29-05.58.15:543][  0]LogConfig: Setting CVar [[foliage.DensityScale:1.0]]
[2020.02.29-05.58.15:543][  0]LogConfig: Setting CVar [[grass.DensityScale:1.0]]
[2020.02.29-05.58.15:543][  0]LogInit: Selected Device Profile: [Windows]
[2020.02.29-05.58.15:543][  0]LogInit: Applying CVar settings loaded from the selected device profile: [Windows]
[2020.02.29-05.58.15:587][  0]LogHAL: Display: Platform has ~ 8 GB [8444633088 / 8589934592 / 8], which maps to Default [LargestMinGB=32, LargerMinGB=12, DefaultMinGB=8, SmallerMinGB=6, SmallestMinGB=0)
[2020.02.29-05.58.15:587][  0]LogConfig: Setting CVar [[r.Vulkan.UseRealUBs:0		; Required until we fix HLR fall-out]]
[2020.02.29-05.58.15:587][  0]LogInit: Going up to parent DeviceProfile []
[2020.02.29-05.58.15:587][  0]LogConfig: Applying CVar settings from Section [ViewDistanceQuality@3] File [C:/Users/ericf/Desktop/repos/Marine-Squad/Marine_Squad/Saved/Config/Windows/Scalability.ini]
[2020.02.29-05.58.15:587][  0]LogConfig: Setting CVar [[r.SkeletalMeshLODBias:0]]
[2020.02.29-05.58.15:587][  0]LogConfig: Setting CVar [[r.ViewDistanceScale:1.0]]
[2020.02.29-05.58.15:587][  0]LogConfig: Applying CVar settings from Section [AntiAliasingQuality@3] File [C:/Users/ericf/Desktop/repos/Marine-Squad/Marine_Squad/Saved/Config/Windows/Scalability.ini]
[2020.02.29-05.58.15:588][  0]LogConfig: Setting CVar [[r.PostProcessAAQuality:4]]
[2020.02.29-05.58.15:588][  0]LogConfig: Applying CVar settings from Section [ShadowQuality@3] File [C:/Users/ericf/Desktop/repos/Marine-Squad/Marine_Squad/Saved/Config/Windows/Scalability.ini]
[2020.02.29-05.58.15:588][  0]LogConfig: Setting CVar [[r.LightFunctionQuality:1]]
[2020.02.29-05.58.15:588][  0]LogConfig: Setting CVar [[r.ShadowQuality:5]]
[2020.02.29-05.58.15:588][  0]LogConfig: Setting CVar [[r.Shadow.CSM.MaxCascades:10]]
[2020.02.29-05.58.15:588][  0]LogConfig: Setting CVar [[r.Shadow.MaxResolution:2048]]
[2020.02.29-05.58.15:588][  0]LogConfig: Setting CVar [[r.Shadow.MaxCSMResolution:2048]]
[2020.02.29-05.58.15:588][  0]LogConfig: Setting CVar [[r.Shadow.RadiusThreshold:0.01]]
[2020.02.29-05.58.15:588][  0]LogConfig: Setting CVar [[r.Shadow.DistanceScale:1.0]]
[2020.02.29-05.58.15:588][  0]LogConfig: Setting CVar [[r.Shadow.CSM.TransitionScale:1.0]]
[2020.02.29-05.58.15:588][  0]LogConfig: Setting CVar [[r.Shadow.PreShadowResolutionFactor:1.0]]
[2020.02.29-05.58.15:588][  0]LogConfig: Setting CVar [[r.DistanceFieldShadowing:1]]
[2020.02.29-05.58.15:588][  0]LogConfig: Setting CVar [[r.DistanceFieldAO:1]]
[2020.02.29-05.58.15:588][  0]LogConfig: Setting CVar [[r.AOQuality:2]]
[2020.02.29-05.58.15:588][  0]LogConfig: Setting CVar [[r.VolumetricFog:1]]
[2020.02.29-05.58.15:588][  0]LogConfig: Setting CVar [[r.VolumetricFog.GridPixelSize:8]]
[2020.02.29-05.58.15:588][  0]LogConfig: Setting CVar [[r.VolumetricFog.GridSizeZ:128]]
[2020.02.29-05.58.15:588][  0]LogConfig: Setting CVar [[r.VolumetricFog.HistoryMissSupersampleCount:4]]
[2020.02.29-05.58.15:588][  0]LogConfig: Setting CVar [[r.LightMaxDrawDistanceScale:1]]
[2020.02.29-05.58.15:588][  0]LogConfig: Setting CVar [[r.CapsuleShadows:1]]
[2020.02.29-05.58.15:588][  0]LogConfig: Applying CVar settings from Section [PostProcessQuality@3] File [C:/Users/ericf/Desktop/repos/Marine-Squad/Marine_Squad/Saved/Config/Windows/Scalability.ini]
[2020.02.29-05.58.15:588][  0]LogConfig: Setting CVar [[r.MotionBlurQuality:4]]
[2020.02.29-05.58.15:588][  0]LogConfig: Setting CVar [[r.AmbientOcclusionMipLevelFactor:0.4]]
[2020.02.29-05.58.15:588][  0]LogConfig: Setting CVar [[r.AmbientOcclusionMaxQuality:100]]
[2020.02.29-05.58.15:588][  0]LogConfig: Setting CVar [[r.AmbientOcclusionLevels:-1]]
[2020.02.29-05.58.15:588][  0]LogConfig: Setting CVar [[r.AmbientOcclusionRadiusScale:1.0]]
[2020.02.29-05.58.15:588][  0]LogConfig: Setting CVar [[r.DepthOfFieldQuality:2]]
[2020.02.29-05.58.15:588][  0]LogConfig: Setting CVar [[r.RenderTargetPoolMin:400]]
[2020.02.29-05.58.15:588][  0]LogConfig: Setting CVar [[r.LensFlareQuality:2]]
[2020.02.29-05.58.15:588][  0]LogConfig: Setting CVar [[r.SceneColorFringeQuality:1]]
[2020.02.29-05.58.15:588][  0]LogConfig: Setting CVar [[r.EyeAdaptationQuality:2]]
[2020.02.29-05.58.15:588][  0]LogConfig: Setting CVar [[r.BloomQuality:5]]
[2020.02.29-05.58.15:588][  0]LogConfig: Setting CVar [[r.FastBlurThreshold:100]]
[2020.02.29-05.58.15:588][  0]LogConfig: Setting CVar [[r.Upscale.Quality:3]]
[2020.02.29-05.58.15:588][  0]LogConfig: Setting CVar [[r.Tonemapper.GrainQuantization:1]]
[2020.02.29-05.58.15:588][  0]LogConfig: Setting CVar [[r.LightShaftQuality:1]]
[2020.02.29-05.58.15:588][  0]LogConfig: Setting CVar [[r.Filter.SizeScale:1]]
[2020.02.29-05.58.15:588][  0]LogConfig: Setting CVar [[r.Tonemapper.Quality:5]]
[2020.02.29-05.58.15:588][  0]LogConfig: Setting CVar [[r.DOF.Gather.AccumulatorQuality:1        ; higher gathering accumulator quality]]
[2020.02.29-05.58.15:588][  0]LogConfig: Setting CVar [[r.DOF.Gather.PostfilterMethod:1          ; Median3x3 postfilering method]]
[2020.02.29-05.58.15:588][  0]LogConfig: Setting CVar [[r.DOF.Gather.EnableBokehSettings:0       ; no bokeh simulation when gathering]]
[2020.02.29-05.58.15:588][  0]LogConfig: Setting CVar [[r.DOF.Gather.RingCount:4                 ; medium number of samples when gathering]]
[2020.02.29-05.58.15:588][  0]LogConfig: Setting CVar [[r.DOF.Scatter.ForegroundCompositing:1    ; additive foreground scattering]]
[2020.02.29-05.58.15:588][  0]LogConfig: Setting CVar [[r.DOF.Scatter.BackgroundCompositing:2    ; additive background scattering]]
[2020.02.29-05.58.15:588][  0]LogConfig: Setting CVar [[r.DOF.Scatter.EnableBokehSettings:1      ; bokeh simulation when scattering]]
[2020.02.29-05.58.15:588][  0]LogConfig: Setting CVar [[r.DOF.Scatter.MaxSpriteRatio:0.1         ; only a maximum of 10% of scattered bokeh]]
[2020.02.29-05.58.15:588][  0]LogConfig: Setting CVar [[r.DOF.Recombine.Quality:1                ; cheap slight out of focus]]
[2020.02.29-05.58.15:588][  0]LogConfig: Setting CVar [[r.DOF.Recombine.EnableBokehSettings:0    ; no bokeh simulation on slight out of focus]]
[2020.02.29-05.58.15:588][  0]LogConfig: Setting CVar [[r.DOF.TemporalAAQuality:1                ; more stable temporal accumulation]]
[2020.02.29-05.58.15:588][  0]LogConfig: Setting CVar [[r.DOF.Kernel.MaxForegroundRadius:0.025]]
[2020.02.29-05.58.15:588][  0]LogConfig: Setting CVar [[r.DOF.Kernel.MaxBackgroundRadius:0.025]]
[2020.02.29-05.58.15:588][  0]LogConfig: Applying CVar settings from Section [TextureQuality@3] File [C:/Users/ericf/Desktop/repos/Marine-Squad/Marine_Squad/Saved/Config/Windows/Scalability.ini]
[2020.02.29-05.58.15:588][  0]LogConfig: Setting CVar [[r.Streaming.MipBias:0]]
[2020.02.29-05.58.15:588][  0]LogConfig: Setting CVar [[r.Streaming.AmortizeCPUToGPUCopy:0]]
[2020.02.29-05.58.15:588][  0]LogConfig: Setting CVar [[r.Streaming.MaxNumTexturesToStreamPerFrame:0]]
[2020.02.29-05.58.15:588][  0]LogConfig: Setting CVar [[r.Streaming.Boost:1]]
[2020.02.29-05.58.15:588][  0]LogConfig: Setting CVar [[r.MaxAnisotropy:8]]
[2020.02.29-05.58.15:588][  0]LogConfig: Setting CVar [[r.Streaming.LimitPoolSizeToVRAM:0]]
[2020.02.29-05.58.15:588][  0]LogConfig: Setting CVar [[r.Streaming.PoolSize:1000]]
[2020.02.29-05.58.15:588][  0]LogConfig: Setting CVar [[r.Streaming.MaxEffectiveScreenSize:0]]
[2020.02.29-05.58.15:588][  0]LogConfig: Applying CVar settings from Section [EffectsQuality@3] File [C:/Users/ericf/Desktop/repos/Marine-Squad/Marine_Squad/Saved/Config/Windows/Scalability.ini]
[2020.02.29-05.58.15:588][  0]LogConfig: Setting CVar [[r.TranslucencyLightingVolumeDim:64]]
[2020.02.29-05.58.15:588][  0]LogConfig: Setting CVar [[r.RefractionQuality:2]]
[2020.02.29-05.58.15:588][  0]LogConfig: Setting CVar [[r.SSR.Quality:3]]
[2020.02.29-05.58.15:588][  0]LogConfig: Setting CVar [[r.SceneColorFormat:4]]
[2020.02.29-05.58.15:588][  0]LogConfig: Setting CVar [[r.DetailMode:2]]
[2020.02.29-05.58.15:588][  0]LogConfig: Setting CVar [[r.TranslucencyVolumeBlur:1]]
[2020.02.29-05.58.15:588][  0]LogConfig: Setting CVar [[r.MaterialQualityLevel:1 ; High quality]]
[2020.02.29-05.58.15:588][  0]LogConfig: Setting CVar [[r.SSS.Scale:1]]
[2020.02.29-05.58.15:588][  0]LogConfig: Setting CVar [[r.SSS.SampleSet:2]]
[2020.02.29-05.58.15:588][  0]LogConfig: Setting CVar [[r.SSS.Quality:1]]
[2020.02.29-05.58.15:588][  0]LogConfig: Setting CVar [[r.SSS.HalfRes:1]]
[2020.02.29-05.58.15:588][  0]LogConfig: Setting CVar [[r.EmitterSpawnRateScale:1.0]]
[2020.02.29-05.58.15:588][  0]LogConfig: Setting CVar [[r.ParticleLightQuality:2]]
[2020.02.29-05.58.15:588][  0]LogConfig: Applying CVar settings from Section [FoliageQuality@3] File [C:/Users/ericf/Desktop/repos/Marine-Squad/Marine_Squad/Saved/Config/Windows/Scalability.ini]
[2020.02.29-05.58.15:588][  0]LogConfig: Setting CVar [[foliage.DensityScale:1.0]]
[2020.02.29-05.58.15:588][  0]LogConfig: Setting CVar [[grass.DensityScale:1.0]]
[2020.02.29-05.58.15:588][  0]LogConfig: Applying CVar settings from Section [Startup] File [../../../Engine/Config/ConsoleVariables.ini]
[2020.02.29-05.58.15:589][  0]LogConfig: Setting CVar [[net.UseAdaptiveNetUpdateFrequency:0]]
[2020.02.29-05.58.15:589][  0]LogConfig: Setting CVar [[p.chaos.AllowCreatePhysxBodies:1]]
[2020.02.29-05.58.15:589][  0]LogConfig: Applying CVar settings from Section [ConsoleVariables] File [C:/Users/ericf/Desktop/repos/Marine-Squad/Marine_Squad/Saved/Config/Windows/Engine.ini]
[2020.02.29-05.58.15:589][  0]LogInit: Computer: FALL-PC
[2020.02.29-05.58.15:589][  0]LogInit: User: ericf
[2020.02.29-05.58.15:589][  0]LogInit: CPU Page size=4096, Cores=4
[2020.02.29-05.58.15:589][  0]LogInit: High frequency timer resolution =10.000000 MHz
[2020.02.29-05.58.15:589][  0]LogMemory: Memory total: Physical=7.9GB (8GB approx)
[2020.02.29-05.58.15:589][  0]LogMemory: Platform Memory Stats for Windows
[2020.02.29-05.58.15:589][  0]LogMemory: Process Physical Memory: 98.30 MB used, 98.30 MB peak
[2020.02.29-05.58.15:589][  0]LogMemory: Process Virtual Memory: 86.50 MB used, 86.50 MB peak
[2020.02.29-05.58.15:589][  0]LogMemory: Physical Memory: 5348.26 MB used,  2705.17 MB free, 8053.43 MB total
[2020.02.29-05.58.15:589][  0]LogMemory: Virtual Memory: 4628.46 MB used,  134213096.00 MB free, 134217728.00 MB total
[2020.02.29-05.58.15:607][  0]LogInit: Using OS detected language (en-US).
[2020.02.29-05.58.15:607][  0]LogInit: Using OS detected locale (en-US).
[2020.02.29-05.58.15:607][  0]LogTextLocalizationManager: No specific localization for 'en-US' exists, so the 'en' localization will be used.
[2020.02.29-05.58.15:844][  0]LogInit: Setting process to per monitor DPI aware
[2020.02.29-05.58.15:889][  0]LogSlate: New Slate User Created.  User Index 0, Is Virtual User: 0
[2020.02.29-05.58.15:889][  0]LogSlate: Slate User Registered.  User Index 0, Is Virtual User: 0
[2020.02.29-05.58.16:051][  0]LogHMD: Failed to initialize OpenVR with code 110
[2020.02.29-05.58.16:051][  0]LogD3D11RHI: D3D11 adapters:
[2020.02.29-05.58.16:119][  0]LogD3D11RHI:    0. 'NVIDIA GeForce GTX 970' (Feature Level 11_0)
[2020.02.29-05.58.16:119][  0]LogD3D11RHI:       4043/0/4026 MB DedicatedVideo/DedicatedSystem/SharedSystem, Outputs:2, VendorId:0x10de
[2020.02.29-05.58.16:128][  0]LogD3D11RHI:    1. 'Intel(R) HD Graphics 4600' (Feature Level 11_0)
[2020.02.29-05.58.16:128][  0]LogD3D11RHI:       112/0/2048 MB DedicatedVideo/DedicatedSystem/SharedSystem, Outputs:0, VendorId:0x8086
[2020.02.29-05.58.16:131][  0]LogD3D11RHI:    2. 'Microsoft Basic Render Driver' (Feature Level 11_0)
[2020.02.29-05.58.16:131][  0]LogD3D11RHI:       0/0/4026 MB DedicatedVideo/DedicatedSystem/SharedSystem, Outputs:0, VendorId:0x1414
[2020.02.29-05.58.16:131][  0]LogD3D11RHI: Chosen D3D11 Adapter: 0
[2020.02.29-05.58.16:140][  0]LogD3D11RHI: Creating new Direct3DDevice
[2020.02.29-05.58.16:140][  0]LogD3D11RHI:     GPU DeviceId: 0x13c2 (for the marketing name, search the web for "GPU Device Id")
[2020.02.29-05.58.16:140][  0]LogWindows: EnumDisplayDevices:
[2020.02.29-05.58.16:141][  0]LogWindows:    0. 'NVIDIA GeForce GTX 970' (P:1 D:1)
[2020.02.29-05.58.16:141][  0]LogWindows:    1. 'NVIDIA GeForce GTX 970' (P:0 D:1)
[2020.02.29-05.58.16:141][  0]LogWindows:    2. 'NVIDIA GeForce GTX 970' (P:0 D:0)
[2020.02.29-05.58.16:141][  0]LogWindows:    3. 'NVIDIA GeForce GTX 970' (P:0 D:0)
[2020.02.29-05.58.16:142][  0]LogWindows:    4. 'Intel(R) HD Graphics 4600' (P:0 D:0)
[2020.02.29-05.58.16:142][  0]LogWindows:    5. 'Intel(R) HD Graphics 4600' (P:0 D:0)
[2020.02.29-05.58.16:142][  0]LogWindows:    6. 'Intel(R) HD Graphics 4600' (P:0 D:0)
[2020.02.29-05.58.16:142][  0]LogWindows: DebugString: PrimaryIsNotTheChoosenAdapter PrimaryIsNotTheChoosenAdapter PrimaryIsNotTheChoosenAdapter FoundDriverCount:4 
[2020.02.29-05.58.16:142][  0]LogD3D11RHI:     Adapter Name: NVIDIA GeForce GTX 970
[2020.02.29-05.58.16:142][  0]LogD3D11RHI:   Driver Version: 436.02 (internal:26.21.14.3602, unified:436.02)
[2020.02.29-05.58.16:142][  0]LogD3D11RHI:      Driver Date: 8-16-2019
[2020.02.29-05.58.16:142][  0]LogRHI: Texture pool is 2830 MB (70% of 4043 MB)
[2020.02.29-05.58.16:190][  0]LogD3D11RHI: Async texture creation enabled
[2020.02.29-05.58.16:199][  0]LogRendererCore: FGlobalReadBuffer::InitRHI
[2020.02.29-05.58.16:199][  0]LogRendererCore: FGlobalReadBuffer::InitRHI
[2020.02.29-05.58.16:199][  0]LogRendererCore: FGlobalReadBuffer::InitRHI
[2020.02.29-05.58.16:207][  0]LogD3D11RHI: GPU Timing Frequency: 1000.000000 (Debug: 2 1)
[2020.02.29-05.58.16:621][  0]LogTemp: Display: Module 'AllDesktopTargetPlatform' loaded TargetPlatform 'AllDesktop'
[2020.02.29-05.58.16:635][  0]LogTemp: Display: Module 'MacClientTargetPlatform' loaded TargetPlatform 'MacClient'
[2020.02.29-05.58.16:648][  0]LogTemp: Display: Module 'MacNoEditorTargetPlatform' loaded TargetPlatform 'MacNoEditor'
[2020.02.29-05.58.16:660][  0]LogTemp: Display: Module 'MacServerTargetPlatform' loaded TargetPlatform 'MacServer'
[2020.02.29-05.58.16:674][  0]LogTemp: Display: Module 'MacTargetPlatform' loaded TargetPlatform 'Mac'
[2020.02.29-05.58.16:687][  0]LogTemp: Display: Module 'WindowsClientTargetPlatform' loaded TargetPlatform 'WindowsClient'
[2020.02.29-05.58.16:701][  0]LogTemp: Display: Module 'WindowsNoEditorTargetPlatform' loaded TargetPlatform 'WindowsNoEditor'
[2020.02.29-05.58.16:714][  0]LogTemp: Display: Module 'WindowsServerTargetPlatform' loaded TargetPlatform 'WindowsServer'
[2020.02.29-05.58.16:720][  0]LogTemp: Display: Module 'WindowsTargetPlatform' loaded TargetPlatform 'Windows'
[2020.02.29-05.58.16:803][  0]LogTemp: Display: Module 'AndroidTargetPlatform' loaded TargetPlatform 'Android'
[2020.02.29-05.58.16:803][  0]LogTemp: Display: Module 'AndroidTargetPlatform' loaded TargetPlatform 'Android_ASTC'
[2020.02.29-05.58.16:803][  0]LogTemp: Display: Module 'AndroidTargetPlatform' loaded TargetPlatform 'Android_ATC'
[2020.02.29-05.58.16:803][  0]LogTemp: Display: Module 'AndroidTargetPlatform' loaded TargetPlatform 'Android_DXT'
[2020.02.29-05.58.16:803][  0]LogTemp: Display: Module 'AndroidTargetPlatform' loaded TargetPlatform 'Android_ETC1'
[2020.02.29-05.58.16:803][  0]LogTemp: Display: Module 'AndroidTargetPlatform' loaded TargetPlatform 'Android_ETC1a'
[2020.02.29-05.58.16:803][  0]LogTemp: Display: Module 'AndroidTargetPlatform' loaded TargetPlatform 'Android_ETC2'
[2020.02.29-05.58.16:803][  0]LogTemp: Display: Module 'AndroidTargetPlatform' loaded TargetPlatform 'Android_PVRTC'
[2020.02.29-05.58.16:803][  0]LogTemp: Display: Module 'AndroidTargetPlatform' loaded TargetPlatform 'AndroidClient'
[2020.02.29-05.58.16:803][  0]LogTemp: Display: Module 'AndroidTargetPlatform' loaded TargetPlatform 'Android_ASTCClient'
[2020.02.29-05.58.16:803][  0]LogTemp: Display: Module 'AndroidTargetPlatform' loaded TargetPlatform 'Android_ATCClient'
[2020.02.29-05.58.16:803][  0]LogTemp: Display: Module 'AndroidTargetPlatform' loaded TargetPlatform 'Android_DXTClient'
[2020.02.29-05.58.16:803][  0]LogTemp: Display: Module 'AndroidTargetPlatform' loaded TargetPlatform 'Android_ETC1Client'
[2020.02.29-05.58.16:803][  0]LogTemp: Display: Module 'AndroidTargetPlatform' loaded TargetPlatform 'Android_ETC1aClient'
[2020.02.29-05.58.16:803][  0]LogTemp: Display: Module 'AndroidTargetPlatform' loaded TargetPlatform 'Android_ETC2Client'
[2020.02.29-05.58.16:803][  0]LogTemp: Display: Module 'AndroidTargetPlatform' loaded TargetPlatform 'Android_PVRTCClient'
[2020.02.29-05.58.16:803][  0]LogTemp: Display: Module 'AndroidTargetPlatform' loaded TargetPlatform 'Android_Multi'
[2020.02.29-05.58.16:803][  0]LogTemp: Display: Module 'AndroidTargetPlatform' loaded TargetPlatform 'Android_MultiClient'
[2020.02.29-05.58.16:804][  0]LogTemp: Display: Module 'HTML5TargetPlatform' loaded TargetPlatform 'HTML5'
[2020.02.29-05.58.16:853][  0]LogTemp: Display: Module 'IOSTargetPlatform' loaded TargetPlatform 'IOSClient'
[2020.02.29-05.58.16:854][  0]LogTemp: Display: Module 'IOSTargetPlatform' loaded TargetPlatform 'IOS'
[2020.02.29-05.58.16:880][  0]LogTemp: Display: Module 'TVOSTargetPlatform' loaded TargetPlatform 'TVOSClient'
[2020.02.29-05.58.16:880][  0]LogTemp: Display: Module 'TVOSTargetPlatform' loaded TargetPlatform 'TVOS'
[2020.02.29-05.58.16:893][  0]LogTemp: Display: Module 'LinuxClientTargetPlatform' loaded TargetPlatform 'LinuxClient'
[2020.02.29-05.58.16:905][  0]LogTemp: Display: Module 'LinuxNoEditorTargetPlatform' loaded TargetPlatform 'LinuxNoEditor'
[2020.02.29-05.58.16:918][  0]LogTemp: Display: Module 'LinuxServerTargetPlatform' loaded TargetPlatform 'LinuxServer'
[2020.02.29-05.58.16:932][  0]LogTemp: Display: Module 'LinuxTargetPlatform' loaded TargetPlatform 'Linux'
[2020.02.29-05.58.16:980][  0]LogTemp: Display: Module 'LuminTargetPlatform' loaded TargetPlatform 'Lumin'
[2020.02.29-05.58.16:980][  0]LogTemp: Display: Module 'LuminTargetPlatform' loaded TargetPlatform 'LuminClient'
[2020.02.29-05.58.16:980][  0]LogTargetPlatformManager: Display: Building Assets For Windows
[2020.02.29-05.58.16:986][  0]LogAudioDebug: Display: Lib vorbis DLL was dynamically loaded.
[2020.02.29-05.58.17:018][  0]LogShaderCompilers: Guid format shader working directory is -9 characters bigger than the processId version (C:/Users/ericf/Desktop/repos/Marine-Squad/Marine_Squad/Intermediate/Shaders/WorkingDirectory/14320/).
[2020.02.29-05.58.17:018][  0]LogShaderCompilers: Cleaned the shader compiler working directory 'C:/Users/ericf/AppData/Local/Temp/UnrealShaderWorkingDir/68BB254B471580F005C3C2BEF41BCB48/'.
[2020.02.29-05.58.17:019][  0]LogXGEController: Cannot use XGE Controller as Incredibuild is not installed on this machine.
[2020.02.29-05.58.17:019][  0]LogShaderCompilers: Cannot use XGE Shader Compiler as Incredibuild is not installed on this machine.
[2020.02.29-05.58.17:019][  0]LogShaderCompilers: Display: Using Local Shader Compiler.
[2020.02.29-05.58.17:600][  0]LogDerivedDataCache: Display: Max Cache Size: 512 MB
[2020.02.29-05.58.17:681][  0]LogDerivedDataCache: Loaded boot cache 0.08s 85MB C:/Users/ericf/AppData/Local/UnrealEngine/4.22/DerivedDataCache/Boot.ddc.
[2020.02.29-05.58.17:681][  0]LogDerivedDataCache: Display: Loaded Boot cache: C:/Users/ericf/AppData/Local/UnrealEngine/4.22/DerivedDataCache/Boot.ddc
[2020.02.29-05.58.17:681][  0]LogDerivedDataCache: FDerivedDataBackendGraph:  Pak pak cache file C:/Users/ericf/Desktop/repos/Marine-Squad/Marine_Squad/DerivedDataCache/DDC.ddp not found, will not use a pak cache.
[2020.02.29-05.58.17:681][  0]LogDerivedDataCache: Unable to find inner node Pak for hierarchical cache Hierarchy.
[2020.02.29-05.58.17:681][  0]LogDerivedDataCache: FDerivedDataBackendGraph:  CompressedPak pak cache file C:/Users/ericf/Desktop/repos/Marine-Squad/Marine_Squad/DerivedDataCache/Compressed.ddp not found, will not use a pak cache.
[2020.02.29-05.58.17:681][  0]LogDerivedDataCache: Unable to find inner node CompressedPak for hierarchical cache Hierarchy.
[2020.02.29-05.58.17:693][  0]LogDerivedDataCache: Display: Pak cache opened for reading ../../../Engine/DerivedDataCache/Compressed.ddp.
[2020.02.29-05.58.17:694][  0]LogDerivedDataCache: FDerivedDataBackendGraph:  EnterprisePak pak cache file ../../../Enterprise/DerivedDataCache/Compressed.ddp not found, will not use a pak cache.
[2020.02.29-05.58.17:694][  0]LogDerivedDataCache: Unable to find inner node EnterprisePak for hierarchical cache Hierarchy.
[2020.02.29-05.58.17:706][  0]LogDerivedDataCache: Using Local data cache path C:/Users/ericf/AppData/Local/UnrealEngine/Common/DerivedDataCache: Writable
[2020.02.29-05.58.17:706][  0]LogDerivedDataCache: Shared data cache path not found in *engine.ini, will not use an Shared cache.
[2020.02.29-05.58.17:706][  0]LogDerivedDataCache: Unable to find inner node Shared for hierarchical cache Hierarchy.
[2020.02.29-05.58.17:728][  0]LogMaterial: Verifying Global Shaders for PCD3D_SM5
[2020.02.29-05.58.17:729][  0]LogSlate: Using FreeType 2.6.0
[2020.02.29-05.58.17:730][  0]LogSlate: SlateFontServices - WITH_FREETYPE: 1, WITH_HARFBUZZ: 1
[2020.02.29-05.58.17:813][  0]LogAssetRegistry: FAssetRegistry took 0.0343 seconds to start up
[2020.02.29-05.58.18:169][  0]LogInit: Selected Device Profile: [Windows]
[2020.02.29-05.58.18:309][  0]LogMeshReduction: Using QuadricMeshReduction for automatic static mesh reduction
[2020.02.29-05.58.18:309][  0]LogMeshReduction: Using SimplygonMeshReduction for automatic skeletal mesh reduction
[2020.02.29-05.58.18:309][  0]LogMeshReduction: Using ProxyLODMeshReduction for automatic mesh merging
[2020.02.29-05.58.18:309][  0]LogMeshReduction: No distributed automatic mesh merging module available
[2020.02.29-05.58.18:309][  0]LogMeshMerging: No distributed automatic mesh merging module available
[2020.02.29-05.58.18:320][  0]LogNetVersion: Marine_Squad 1.0.0, NetCL: 5660361, EngineNetVer: 10, GameNetVer: 0 (Checksum: 4148284594)
[2020.02.29-05.58.18:859][  0]LogPackageLocalizationCache: Processed 10 localized package path(s) for 1 prioritized culture(s) in 0.117527 seconds
[2020.02.29-05.58.18:867][  0]LogUObjectArray: 42205 objects as part of root set at end of initial load.
[2020.02.29-05.58.18:867][  0]LogUObjectAllocator: 7325032 out of 0 bytes used by permanent object pool.
[2020.02.29-05.58.18:867][  0]LogUObjectArray: CloseDisregardForGC: 0/0 objects in disregard for GC pool
[2020.02.29-05.58.19:706][  0]LogVaFog: [FVaFogOfWarModule::StartupModule(44)] VaFogOfWar module started
[2020.02.29-05.58.19:710][  0]LogTcpMessaging: Initializing TcpMessaging bridge
[2020.02.29-05.58.19:723][  0]LogUdpMessaging: Initializing bridge on interface 0.0.0.0:0 to multicast group 230.0.0.1:6666.
[2020.02.29-05.58.19:838][  0]LogStats: UGameplayTagsManager::InitializeManager -  0.000 s
[2020.02.29-05.58.19:951][  0]SourceControl: Source control is disabled
[2020.02.29-05.58.19:951][  0]SourceControl: Source control is disabled
[2020.02.29-05.58.19:952][  0]SourceControl: Source control is disabled
[2020.02.29-05.58.19:953][  0]SourceControl: Source control is disabled
[2020.02.29-05.58.20:033][  0]LogAndroidPermission: UAndroidPermissionCallbackProxy::GetInstance
[2020.02.29-05.58.20:196][  0]LogOcInput: OculusInput pre-init called
[2020.02.29-05.58.20:823][  0]LogEngine: Initializing Engine...
[2020.02.29-05.58.20:824][  0]LogHMD: Failed to initialize OpenVR with code 110
[2020.02.29-05.58.21:059][  0]LogInit: Initializing FReadOnlyCVARCache
[2020.02.29-05.58.21:069][  0]LogAIModule: Creating AISystem for world Untitled
[2020.02.29-05.58.21:069][  0]LogVaFog: [FVaFogOfWarModule::StartupModule::<lambda_976865d7f760a47e2a086b15bf7dcbd9>::operator ()(41)] Fog Controller is created for: Untitled
[2020.02.29-05.58.21:128][  0]LogInit: XAudio2 using 'HEAD SET (Corsair VOID PRO USB Gaming Headset )' : 2 channels at 48 kHz using 16 bits per sample (channel mask 0x3)
[2020.02.29-05.58.21:148][  0]LogInit: FAudioDevice initialized.
[2020.02.29-05.58.21:148][  0]LogNetVersion: Set ProjectVersion to 1.0.0.0. Version Checksum will be recalculated on next use.
[2020.02.29-05.58.22:668][  0]LogDerivedDataCache: Saved boot cache 1.52s 85MB C:/Users/ericf/AppData/Local/UnrealEngine/4.22/DerivedDataCache/Boot.ddc.
[2020.02.29-05.58.22:682][  0]LogInit: Texture streaming: Enabled
[2020.02.29-05.58.22:697][  0]LogEngineSessionManager: EngineSessionManager initialized
[2020.02.29-05.58.22:714][  0]LogInit: Transaction tracking system initialized
[2020.02.29-05.58.22:731][  0]BlueprintLog: New page: Editor Load
[2020.02.29-05.58.22:805][  0]LocalizationService: Localization service is disabled
[2020.02.29-05.58.23:586][  0]LogCook: Display: Max memory allowance for cook 16384mb min free memory 0mb
[2020.02.29-05.58.23:587][  0]LogCook: Display: Mobile HDR setting 1
[2020.02.29-05.58.23:597][  0]LogStats: FGameplayAbilitiesEditorModule::GameplayTagTreeChanged -  0.000 s
[2020.02.29-05.58.24:001][  0]LogFileCache: Scanning file cache for directory 'C:/Users/ericf/Desktop/repos/Marine-Squad/Marine_Squad/Content/' took 0.07s
[2020.02.29-05.58.24:079][  0]SourceControl: Source control is disabled
[2020.02.29-05.58.24:079][  0]Cmd: MAP LOAD FILE="C:/Users/ericf/Desktop/repos/Marine-Squad/Marine_Squad/Content/StarterContent/Maps/Minimal_Default.umap" TEMPLATE=0 SHOWPROGRESS=1 FEATURELEVEL=3
[2020.02.29-05.58.24:095][  0]LightingResults: New page: Lighting Build
[2020.02.29-05.58.24:097][  0]LogVaFog: [FVaFogOfWarModule::StartupModule::<lambda_144d8ffb0c7ca55232a4412d9c0c3636>::operator ()(31)] Fog Controller is removed for: Untitled
[2020.02.29-05.58.24:097][  0]MapCheck: New page: Map Check
[2020.02.29-05.58.24:097][  0]LightingResults: New page: Lighting Build
[2020.02.29-05.58.24:121][  0]LogUObjectHash: Compacting FUObjectHashTables data took   1.90ms
[2020.02.29-05.58.24:125][  0]LogLinker: Warning: Can't find file '/Game/BP/Units_BP/BaseEnemyUnit'
[2020.02.29-05.58.24:125][  0]LogLinker: Warning: Can't find file for asset '/Game/BP/Units_BP/BaseEnemyUnit' while loading NULL.
[2020.02.29-05.58.25:341][  0]LogLinker: Warning: Can't find file '/Game/BP/Units_BP/BaseEnemyUnit'
[2020.02.29-05.58.25:341][  0]LogLinker: Warning: Can't find file for asset '/Game/BP/Units_BP/BaseEnemyUnit' while loading NULL.
[2020.02.29-05.58.25:505][  0]LogLinker: Warning: Can't find file '/Game/BP/Units_BP/BaseEnemyUnit'
[2020.02.29-05.58.25:505][  0]LogLinker: Warning: Can't find file for asset '/Game/BP/Units_BP/BaseEnemyUnit' while loading NULL.
[2020.02.29-05.58.25:506][  0]LogLinker: Warning: Can't find file '/Game/BP/Units_BP/BaseEnemyUnit'
[2020.02.29-05.58.25:506][  0]LogLinker: Warning: Can't find file for asset '/Game/BP/Units_BP/BaseEnemyUnit' while loading NULL.
[2020.02.29-05.58.25:507][  0]LogLinker: Warning: Can't find file '/Game/BP/Units_BP/BaseEnemyUnit'
[2020.02.29-05.58.25:507][  0]LogLinker: Warning: Can't find file for asset '/Game/BP/Units_BP/BaseEnemyUnit' while loading NULL.
[2020.02.29-05.58.25:844][  0]LogLinker: Warning: Can't find file '/Game/BP/Units_BP/BaseEnemyUnit'
[2020.02.29-05.58.25:845][  0]LogLinker: Warning: Can't find file for asset '/Game/BP/Units_BP/BaseEnemyUnit' while loading NULL.
[2020.02.29-05.58.25:959][  0]LogLinker: Warning: Can't find file '/Game/BP/Units_BP/BaseEnemyUnit'
[2020.02.29-05.58.25:959][  0]LogLinker: Warning: Can't find file for asset '/Game/BP/Units_BP/BaseEnemyUnit' while loading NULL.
[2020.02.29-05.58.25:960][  0]LogLinker: Warning: Can't find file '/Game/BP/Units_BP/BaseEnemyUnit'
[2020.02.29-05.58.25:960][  0]LogLinker: Warning: Can't find file for asset '/Game/BP/Units_BP/BaseEnemyUnit' while loading NULL.
[2020.02.29-05.58.25:960][  0]LogLinker: Warning: Can't find file '/Game/BP/Units_BP/BaseEnemyUnit'
[2020.02.29-05.58.25:960][  0]LogLinker: Warning: Can't find file for asset '/Game/BP/Units_BP/BaseEnemyUnit' while loading NULL.
[2020.02.29-05.58.25:960][  0]LogLinker: Warning: Can't find file '/Game/BP/Units_BP/BaseEnemyUnit'
[2020.02.29-05.58.25:960][  0]LogLinker: Warning: Can't find file for asset '/Game/BP/Units_BP/BaseEnemyUnit' while loading NULL.
[2020.02.29-05.58.25:960][  0]LogLinker: Warning: Can't find file '/Game/BP/Units_BP/BaseEnemyUnit'
[2020.02.29-05.58.25:960][  0]LogLinker: Warning: Can't find file for asset '/Game/BP/Units_BP/BaseEnemyUnit' while loading NULL.
[2020.02.29-05.58.25:960][  0]LogLinker: Warning: Can't find file '/Game/BP/Units_BP/BaseEnemyUnit'
[2020.02.29-05.58.25:960][  0]LogLinker: Warning: Can't find file for asset '/Game/BP/Units_BP/BaseEnemyUnit' while loading NULL.
[2020.02.29-05.58.25:961][  0]LogLinker: Warning: Can't find file '/Game/BP/Units_BP/BaseEnemyUnit'
[2020.02.29-05.58.25:961][  0]LogLinker: Warning: Can't find file for asset '/Game/BP/Units_BP/BaseEnemyUnit' while loading NULL.
[2020.02.29-05.58.25:961][  0]LogLinker: Warning: Can't find file '/Game/BP/Units_BP/BaseEnemyUnit'
[2020.02.29-05.58.25:961][  0]LogLinker: Warning: Can't find file for asset '/Game/BP/Units_BP/BaseEnemyUnit' while loading NULL.
[2020.02.29-05.58.25:974][  0]LogLinker: Warning: Can't find file '/Game/BP/Units_BP/BaseEnemyUnit'
[2020.02.29-05.58.25:974][  0]LogLinker: Warning: Can't find file for asset '/Game/BP/Units_BP/BaseEnemyUnit' while loading NULL.
[2020.02.29-05.58.25:974][  0]LogLinker: Warning: Can't find file '/Game/BP/Units_BP/BaseEnemyUnit'
[2020.02.29-05.58.25:974][  0]LogLinker: Warning: Can't find file for asset '/Game/BP/Units_BP/BaseEnemyUnit' while loading NULL.
[2020.02.29-05.58.26:495][  0]LogAIModule: Creating AISystem for world Minimal_Default
[2020.02.29-05.58.26:495][  0]LogVaFog: [FVaFogOfWarModule::StartupModule::<lambda_976865d7f760a47e2a086b15bf7dcbd9>::operator ()(41)] Fog Controller is created for: Minimal_Default
[2020.02.29-05.58.26:746][  0]LogEditorServer: Finished looking for orphan Actors (0.000 secs)
[2020.02.29-05.58.26:777][  0]LogUObjectHash: Compacting FUObjectHashTables data took   2.93ms
[2020.02.29-05.58.26:778][  0]Cmd: MAP CHECKDEP NOCLEARLOG
[2020.02.29-05.58.26:778][  0]MapCheck: Map check complete: 0 Error(s), 0 Warning(s), took 0.172ms to complete.
[2020.02.29-05.58.26:778][  0]LogFileHelpers: Loading map 'Minimal_Default' took 2.699
[2020.02.29-05.58.26:961][  0]LogSlate: Updating window title bar state: overlay mode, drag disabled, window buttons hidden, title bar hidden
[2020.02.29-05.58.26:970][  0]LogSlate: Updating window title bar state: overlay mode, drag disabled, window buttons hidden, title bar hidden
[2020.02.29-05.58.26:978][  0]LogSlate: Updating window title bar state: overlay mode, drag disabled, window buttons hidden, title bar hidden
[2020.02.29-05.58.26:986][  0]LogSlate: Updating window title bar state: overlay mode, drag disabled, window buttons hidden, title bar hidden
[2020.02.29-05.58.27:047][  0]LogCollectionManager: Loaded 0 collections in 0.003300 seconds
[2020.02.29-05.58.27:064][  0]LogFileCache: Scanning file cache for directory 'C:/Users/ericf/Desktop/repos/Marine-Squad/Marine_Squad/Saved/Collections/' took 0.01s
[2020.02.29-05.58.27:064][  0]LogFileCache: Scanning file cache for directory 'C:/Users/ericf/Desktop/repos/Marine-Squad/Marine_Squad/Content/Developers/ericf/Collections/' took 0.00s
[2020.02.29-05.58.27:064][  0]LogFileCache: Scanning file cache for directory 'C:/Users/ericf/Desktop/repos/Marine-Squad/Marine_Squad/Content/Collections/' took 0.00s
[2020.02.29-05.58.27:064][  0]LogCollectionManager: Rebuilt the GUID cache for 0 collections in 0.000000 seconds
[2020.02.29-05.58.27:074][  0]LogContentBrowser: Native class hierarchy populated in 0.0097 seconds. Added 2836 classes and 674 folders.
[2020.02.29-05.58.27:080][  0]LogContentBrowser: Native class hierarchy updated for 'WidgetCarousel' in 0.0004 seconds. Added 0 classes and 0 folders.
[2020.02.29-05.58.27:087][  0]LogPakFile: Registered encryption key '00000000000000000000000000000000': 0 pak files mounted, 0 remain pending
[2020.02.29-05.58.27:097][  0]LogPakFile: Registered encryption key '00000000000000000000000000000000': 0 pak files mounted, 0 remain pending
[2020.02.29-05.58.27:133][  0]LogPakFile: Registered encryption key '00000000000000000000000000000000': 0 pak files mounted, 0 remain pending
[2020.02.29-05.58.27:150][  0]LogPakFile: Registered encryption key '00000000000000000000000000000000': 0 pak files mounted, 0 remain pending
[2020.02.29-05.58.27:157][  0]LogPakFile: Registered encryption key '00000000000000000000000000000000': 0 pak files mounted, 0 remain pending
[2020.02.29-05.58.27:164][  0]LogPakFile: Registered encryption key '00000000000000000000000000000000': 0 pak files mounted, 0 remain pending
[2020.02.29-05.58.27:171][  0]LogPakFile: Registered encryption key '00000000000000000000000000000000': 0 pak files mounted, 0 remain pending
[2020.02.29-05.58.27:178][  0]LogPakFile: Registered encryption key '00000000000000000000000000000000': 0 pak files mounted, 0 remain pending
[2020.02.29-05.58.27:186][  0]LogPakFile: Registered encryption key '00000000000000000000000000000000': 0 pak files mounted, 0 remain pending
[2020.02.29-05.58.27:194][  0]LogPakFile: Registered encryption key '00000000000000000000000000000000': 0 pak files mounted, 0 remain pending
[2020.02.29-05.58.27:201][  0]LogPakFile: Registered encryption key '00000000000000000000000000000000': 0 pak files mounted, 0 remain pending
[2020.02.29-05.58.27:209][  0]LogPakFile: Registered encryption key '00000000000000000000000000000000': 0 pak files mounted, 0 remain pending
[2020.02.29-05.58.27:215][  0]LogPakFile: Registered encryption key '00000000000000000000000000000000': 0 pak files mounted, 0 remain pending
[2020.02.29-05.58.27:223][  0]LogPakFile: Registered encryption key '00000000000000000000000000000000': 0 pak files mounted, 0 remain pending
[2020.02.29-05.58.27:230][  0]LogPakFile: Registered encryption key '00000000000000000000000000000000': 0 pak files mounted, 0 remain pending
[2020.02.29-05.58.27:237][  0]LogPakFile: Registered encryption key '00000000000000000000000000000000': 0 pak files mounted, 0 remain pending
[2020.02.29-05.58.27:267][  0]LogPakFile: Registered encryption key '00000000000000000000000000000000': 0 pak files mounted, 0 remain pending
[2020.02.29-05.58.27:274][  0]LogPakFile: Registered encryption key '00000000000000000000000000000000': 0 pak files mounted, 0 remain pending
[2020.02.29-05.58.27:281][  0]LogPakFile: Registered encryption key '00000000000000000000000000000000': 0 pak files mounted, 0 remain pending
[2020.02.29-05.58.27:288][  0]LogPakFile: Registered encryption key '00000000000000000000000000000000': 0 pak files mounted, 0 remain pending
[2020.02.29-05.58.27:296][  0]LogPakFile: Registered encryption key '00000000000000000000000000000000': 0 pak files mounted, 0 remain pending
[2020.02.29-05.58.27:303][  0]LogPakFile: Registered encryption key '00000000000000000000000000000000': 0 pak files mounted, 0 remain pending
[2020.02.29-05.58.27:310][  0]LogPakFile: Registered encryption key '00000000000000000000000000000000': 0 pak files mounted, 0 remain pending
[2020.02.29-05.58.27:317][  0]LogPakFile: Registered encryption key '00000000000000000000000000000000': 0 pak files mounted, 0 remain pending
[2020.02.29-05.58.27:325][  0]LogPakFile: Registered encryption key '00000000000000000000000000000000': 0 pak files mounted, 0 remain pending
[2020.02.29-05.58.27:331][  0]LogPakFile: Registered encryption key '00000000000000000000000000000000': 0 pak files mounted, 0 remain pending
[2020.02.29-05.58.27:560][  0]LogContentBrowser: Native class hierarchy updated for 'AddContentDialog' in 0.0005 seconds. Added 0 classes and 0 folders.
[2020.02.29-05.58.27:692][  0]LogSlate: Took 0.000134 seconds to synchronously load lazily loaded font '../../../Engine/Content/Slate/Fonts/Roboto-Regular.ttf' (155K)
[2020.02.29-05.58.27:695][  0]LogSlate: Took 0.000147 seconds to synchronously load lazily loaded font '../../../Engine/Content/Slate/Fonts/Roboto-Bold.ttf' (160K)
[2020.02.29-05.58.27:733][  0]LogSlate: Took 0.034913 seconds to synchronously load lazily loaded font '../../../Engine/Content/Editor/Slate/Fonts/FontAwesome.ttf' (139K)
[2020.02.29-05.58.27:860][  0]LogRenderer: Reallocating scene render targets to support 1964x896 Format 10 NumSamples 1 (Frame:1).
[2020.02.29-05.58.28:057][  0]LogContentBrowser: Native class hierarchy updated for 'HierarchicalLODOutliner' in 0.0005 seconds. Added 0 classes and 0 folders.
[2020.02.29-05.58.28:057][  0]LogLoad: (Engine Initialization) Total time: 14.23 seconds
[2020.02.29-05.58.28:057][  0]LogLoad: (Engine Initialization) Total Blueprint compile time: 0.00 seconds
[2020.02.29-05.58.28:068][  0]LoadErrors: Warning: CreateExport: Failed to load Outer for resource 'Arrow': BaseEnemyUnit_C /Game/StarterContent/Maps/Minimal_Default.Minimal_Default:PersistentLevel.BaseEnemyUnit_2
[2020.02.29-05.58.28:068][  0]LoadErrors: Warning: CreateExport: Failed to load Outer for resource 'CollisionCylinder': BaseEnemyUnit_C /Game/StarterContent/Maps/Minimal_Default.Minimal_Default:PersistentLevel.BaseEnemyUnit_2
[2020.02.29-05.58.28:068][  0]LoadErrors: Warning: CreateExport: Failed to load Outer for resource 'CharMoveComp': BaseEnemyUnit_C /Game/StarterContent/Maps/Minimal_Default.Minimal_Default:PersistentLevel.BaseEnemyUnit_2
[2020.02.29-05.58.28:068][  0]LoadErrors: Warning: CreateExport: Failed to load Outer for resource 'CharacterMesh0': BaseEnemyUnit_C /Game/StarterContent/Maps/Minimal_Default.Minimal_Default:PersistentLevel.BaseEnemyUnit_2
[2020.02.29-05.58.28:098][  0]LogAssetRegistry: Asset discovery search completed in 10.3083 seconds
[2020.02.29-05.58.28:100][  0]LogCollectionManager: Rebuilt the object cache for 0 collections in 0.000000 seconds (found 0 objects)
[2020.02.29-05.58.28:100][  0]LogCollectionManager: Fixed up redirectors for 0 collections in 0.000061 seconds (updated 0 objects)
[2020.02.29-05.58.28:102][  0]LogContentStreaming: Texture pool size now 1000 MB
[2020.02.29-05.58.31:376][373]LogSlate: FSceneViewport::OnFocusLost() reason 0
[2020.02.29-05.58.32:275][474]LogSlate: Took 0.007507 seconds to synchronously load lazily loaded font '../../../Engine/Content/Slate/Fonts/Roboto-Light.ttf' (167K)
[2020.02.29-05.58.47:349][474]LogAIModule: Creating AISystem for world Town
[2020.02.29-05.58.47:349][474]LogVaFog: [FVaFogOfWarModule::StartupModule::<lambda_976865d7f760a47e2a086b15bf7dcbd9>::operator ()(41)] Fog Controller is created for: Town
[2020.02.29-05.58.47:382][474]LogAssetEditorManager: Opening Asset editor for World /Game/Maps/Town.Town
[2020.02.29-05.58.47:406][474]LogUObjectHash: Compacting FUObjectHashTables data took   1.83ms
[2020.02.29-05.58.47:407][474]Cmd: MAP LOAD FILE="C:/Users/ericf/Desktop/repos/Marine-Squad/Marine_Squad/Content/Maps/Town.umap" TEMPLATE=0 SHOWPROGRESS=1 FEATURELEVEL=3
[2020.02.29-05.58.47:407][474]LightingResults: New page: Lighting Build
[2020.02.29-05.58.47:408][474]LoadErrors: New page: Loading map: Town.umap
[2020.02.29-05.58.47:410][474]LogVaFog: [FVaFogOfWarModule::StartupModule::<lambda_144d8ffb0c7ca55232a4412d9c0c3636>::operator ()(31)] Fog Controller is removed for: Minimal_Default
[2020.02.29-05.58.47:410][474]MapCheck: New page: Map Check
[2020.02.29-05.58.47:410][474]LightingResults: New page: Lighting Build
[2020.02.29-05.58.47:439][474]LogUObjectHash: Compacting FUObjectHashTables data took   2.33ms
[2020.02.29-05.58.51:397][474]LogEditorServer: Finished looking for orphan Actors (0.000 secs)
[2020.02.29-05.58.51:428][474]LogUObjectHash: Compacting FUObjectHashTables data took   1.64ms
[2020.02.29-05.58.51:467][474]Cmd: MAP CHECKDEP NOCLEARLOG
[2020.02.29-05.58.51:473][474]MapCheck: Map check complete: 0 Error(s), 0 Warning(s), took 6.404ms to complete.
[2020.02.29-05.58.51:473][474]LogFileHelpers: Loading map 'Town' took 4.066
[2020.02.29-05.58.53:793][714]LogTemp: Repeating last play command: New Editor Window (PIE)
[2020.02.29-05.58.53:814][714]LogBlueprintUserMessages: Early PlayInEditor Detection: Level '/Game/Maps/Town.Town:PersistentLevel' has LevelScriptBlueprint '/Game/Maps/Town.Town:PersistentLevel.Town' with GeneratedClass '/Game/Maps/Town.Town_C' with ClassGeneratedBy '/Game/Maps/Town.Town:PersistentLevel.Town'
[2020.02.29-05.58.53:814][714]LogPlayLevel: PlayLevel: No blueprints needed recompiling
[2020.02.29-05.58.53:815][714]PIE: New page: PIE session: Town (Feb 28, 2020, 5:58:53 PM)
[2020.02.29-05.58.53:827][714]LogPlayLevel: Creating play world package: /Game/Maps/UEDPIE_0_Town
[2020.02.29-05.58.53:878][714]LogPlayLevel: PIE: StaticDuplicateObject took: (0.051163s)
[2020.02.29-05.58.53:879][714]LogAIModule: Creating AISystem for world Town
[2020.02.29-05.58.53:879][714]LogVaFog: [FVaFogOfWarModule::StartupModule::<lambda_976865d7f760a47e2a086b15bf7dcbd9>::operator ()(41)] Fog Controller is created for: Town
[2020.02.29-05.58.53:879][714]LogPlayLevel: PIE: World Init took: (0.000760s)
[2020.02.29-05.58.53:879][714]LogPlayLevel: PIE: Created PIE world by copying editor world from /Game/Maps/Town.Town to /Game/Maps/UEDPIE_0_Town.Town (0.052247s)
[2020.02.29-05.58.53:904][714]LogUObjectHash: Compacting FUObjectHashTables data took   1.21ms
[2020.02.29-05.58.53:950][714]LogInit: XAudio2 using 'HEAD SET (Corsair VOID PRO USB Gaming Headset )' : 2 channels at 48 kHz using 16 bits per sample (channel mask 0x3)
[2020.02.29-05.58.53:966][714]LogInit: FAudioDevice initialized.
[2020.02.29-05.58.53:977][714]LogSlate: Updating window title bar state: overlay mode, drag disabled, window buttons hidden, title bar hidden
[2020.02.29-05.58.54:256][714]LogLoad: Game class is 'MyGameModeBase_MarineSquad_BP_C'
[2020.02.29-05.58.54:274][714]LogWorld: Bringing World /Game/Maps/UEDPIE_0_Town.Town up for play (max tick rate 0) at 2020.02.28-23.58.54
[2020.02.29-05.58.54:277][714]LogWorld: Bringing up level for play took: 0.018902
[2020.02.29-05.58.54:294][714]LogContentBrowser: Native class hierarchy updated for 'MovieSceneCapture' in 0.0006 seconds. Added 20 classes and 0 folders.
[2020.02.29-05.58.54:308][714]PIE: Play in editor start time for /Game/Maps/UEDPIE_0_Town 0.824
[2020.02.29-05.58.54:309][714]LogBlueprintUserMessages: Late PlayInEditor Detection: Level '/Game/Maps/Town.Town:PersistentLevel' has LevelScriptBlueprint '/Game/Maps/Town.Town:PersistentLevel.Town' with GeneratedClass '/Game/Maps/Town.Town_C' with ClassGeneratedBy '/Game/Maps/Town.Town:PersistentLevel.Town'
[2020.02.29-05.58.54:328][715]LogCharacterMovement: Warning: GetSimulationTimeStep() - Max iterations 8 hit while remaining time 0.086881 > MaxSimulationTimeStep (0.050) for 'BasicUnit_C_4', movement 'Walking'
[2020.02.29-05.58.55:220][811]LogTemp: Warning: Right Mouse Button Pressed
[2020.02.29-05.58.55:352][827]LogTemp: Warning: Right Mouse Button Released
[2020.02.29-05.58.55:505][845]LogTemp: Warning: Changed Focused Unit
[2020.02.29-05.58.56:472][947]LogSlate: FSceneViewport::OnFocusLost() reason 2
[2020.02.29-05.58.57:136][998]LogSlate: Took 0.007099 seconds to synchronously load lazily loaded font '../../../Engine/Content/Slate/Fonts/DroidSansMono.ttf' (77K)
[2020.02.29-05.58.58:559][119]LogTemp: Warning: Right Mouse Button Pressed
[2020.02.29-05.58.58:659][131]LogTemp: Warning: Right Mouse Button Released
[2020.02.29-05.58.58:725][139]LogTemp: Warning: Changed Focused Unit
[2020.02.29-05.58.59:218][198]LogTemp: Warning: Changed Focused Unit
[2020.02.29-05.58.59:509][233]LogTemp: Warning: Changed Focused Unit
[2020.02.29-05.58.59:667][252]LogTemp: Warning: Changed Focused Unit
[2020.02.29-05.58.59:826][271]LogTemp: Warning: Changed Focused Unit
[2020.02.29-05.58.59:968][288]LogTemp: Warning: Changed Focused Unit
[2020.02.29-05.59.00:162][311]LogTemp: Warning: Changed Focused Unit
[2020.02.29-05.59.01:836][510]LogTemp: Warning: Left Mouse Button Pressed
[2020.02.29-05.59.02:069][538]LogTemp: Warning: Left Mouse Button pressed for : 0.234400
[2020.02.29-05.59.02:481][587]LogTemp: Warning: Changed Focused Unit
[2020.02.29-05.59.03:159][667]LogTemp: Warning: Changed Focused Unit
[2020.02.29-05.59.03:609][717]LogTemp: Warning: Right Mouse Button Pressed
[2020.02.29-05.59.03:727][731]LogTemp: Warning: Right Mouse Button Released
[2020.02.29-05.59.04:017][765]LogTemp: Warning: Right Mouse Button Pressed
[2020.02.29-05.59.04:118][777]LogTemp: Warning: Right Mouse Button Released
[2020.02.29-05.59.04:352][805]LogTemp: Warning: Changed Focused Unit
[2020.02.29-05.59.05:251][911]LogTemp: Warning: Left Mouse Button Pressed
[2020.02.29-05.59.05:460][936]LogTemp: Warning: Left Mouse Button pressed for : 0.210478
[2020.02.29-05.59.05:844][981]LogTemp: Warning: Right Mouse Button Pressed
[2020.02.29-05.59.05:944][993]LogTemp: Warning: Right Mouse Button Released
[2020.02.29-05.59.06:594][ 70]LogTemp: Warning: Changed Focused Unit
[2020.02.29-05.59.07:062][124]LogTemp: Warning: Changed Focused Unit
[2020.02.29-05.59.07:519][178]LogTemp: Warning: Changed Focused Unit
[2020.02.29-05.59.07:714][201]LogTemp: Warning: Changed Focused Unit
[2020.02.29-05.59.07:910][224]LogTemp: Warning: Changed Focused Unit
[2020.02.29-05.59.08:098][246]LogTemp: Warning: Changed Focused Unit
[2020.02.29-05.59.08:295][269]LogTemp: Warning: Changed Focused Unit
[2020.02.29-05.59.08:495][292]LogTemp: Warning: Changed Focused Unit
[2020.02.29-05.59.08:706][317]LogTemp: Warning: Changed Focused Unit
[2020.02.29-05.59.09:381][397]LogTemp: Warning: Changed Focused Unit
[2020.02.29-05.59.10:004][471]LogTemp: Warning: Changed Focused Unit
[2020.02.29-05.59.10:275][503]LogTemp: Warning: Changed Focused Unit
[2020.02.29-05.59.10:696][552]LogBlueprintUserMessages: Early EndPlayMap Detection: Level '/Game/Maps/Town.Town:PersistentLevel' has LevelScriptBlueprint '/Game/Maps/Town.Town:PersistentLevel.Town' with GeneratedClass '/Game/Maps/Town.Town_C' with ClassGeneratedBy '/Game/Maps/Town.Town:PersistentLevel.Town'
[2020.02.29-05.59.10:697][552]LogSlate: Updating window title bar state: overlay mode, drag disabled, window buttons hidden, title bar hidden
[2020.02.29-05.59.10:718][552]LogSlate: Window 'Marine_Squad Game Preview Standalone (64-bit/PCD3D_SM5)' being destroyed
[2020.02.29-05.59.10:734][552]LogVaFog: [FVaFogOfWarModule::StartupModule::<lambda_144d8ffb0c7ca55232a4412d9c0c3636>::operator ()(31)] Fog Controller is removed for: Town
[2020.02.29-05.59.10:761][552]LogPlayLevel: Display: Shutting down PIE online subsystems
[2020.02.29-05.59.10:762][552]LogBlueprintUserMessages: Late EndPlayMap Detection: Level '/Game/Maps/Town.Town:PersistentLevel' has LevelScriptBlueprint '/Game/Maps/Town.Town:PersistentLevel.Town' with GeneratedClass '/Game/Maps/Town.Town_C' with ClassGeneratedBy '/Game/Maps/Town.Town:PersistentLevel.Town'
[2020.02.29-05.59.10:807][552]LogUObjectHash: Compacting FUObjectHashTables data took   2.18ms
[2020.02.29-05.59.10:815][553]LogPlayLevel: Display: Destroying online subsystem :Context_1
[2020.02.29-05.59.12:255][719]Candidate modules for hot reload:
[2020.02.29-05.59.12:255][719]  Marine_Squad
[2020.02.29-05.59.12:255][719]Launching UnrealBuildTool... [Q:/UE_4.22/Engine/Binaries/DotNET/UnrealBuildTool.exe  -ModuleWithSuffix=Marine_Squad,337 Win64 Development -TargetType=Editor -Project="C:/Users/ericf/Desktop/repos/Marine-Squad/Marine_Squad/Marine_Squad.uproject" "C:/Users/ericf/Desktop/repos/Marine-Squad/Marine_Squad/Marine_Squad.uproject"  -IgnoreJunk]
[2020.02.29-05.59.12:280][719]Warning: Starting HotReload took  0.0s.
[2020.02.29-05.59.22:156][763]LogAssetEditorManager: Opening Asset editor for Class /Script/Marine_Squad.PlayerController_MarineSquad
[2020.02.29-05.59.27:508][898]CompilerResultsLog: New page: Compilation - Feb 28, 2020, 5:59:27 PM
[2020.02.29-05.59.27:508][898]CompilerResultsLog: Using 'git status' to determine working set for adaptive non-unity build (C:\Users\ericf\Desktop\repos\Marine-Squad).
[2020.02.29-05.59.27:509][898]CompilerResultsLog: Creating makefile for Marine_SquadEditor (ini files are newer than makefile)
[2020.02.29-05.59.27:509][898]CompilerResultsLog: Parsing headers for Marine_SquadEditor
[2020.02.29-05.59.27:509][898]CompilerResultsLog:   Running UnrealHeaderTool "C:\Users\ericf\Desktop\repos\Marine-Squad\Marine_Squad\Marine_Squad.uproject" "C:\Users\ericf\Desktop\repos\Marine-Squad\Marine_Squad\Intermediate\Build\Win64\Marine_SquadEditor\Development\Marine_SquadEditor.uhtmanifest" -LogCmds="loginit warning, logexit warning, logdatabase error" -Unattended -WarningsAsErrors -installed
[2020.02.29-05.59.27:510][898]CompilerResultsLog: Reflection code generated for Marine_SquadEditor in 7.8405211 seconds
[2020.02.29-05.59.27:510][898]CompilerResultsLog: Using Visual Studio 2019 14.21.27702 toolchain (C:\Program Files (x86)\Microsoft Visual Studio\2019\BuildTools\VC\Tools\MSVC\14.21.27702) and Windows 10.0.17763.0 SDK (C:\Program Files (x86)\Windows Kits\10).
[2020.02.29-05.59.27:511][898]CompilerResultsLog: Building 3 actions with 4 processes...
[2020.02.29-05.59.27:511][898]CompilerResultsLog:   [1/3] UE4Editor-Marine_Squad-0337.lib
[2020.02.29-05.59.27:511][898]CompilerResultsLog:      Creating library C:\Users\ericf\Desktop\repos\Marine-Squad\Marine_Squad\Intermediate\Build\Win64\UE4Editor\Development\Marine_Squad\UE4Editor-Marine_Squad-0337.lib and object C:\Users\ericf\Desktop\repos\Marine-Squad\Marine_Squad\Intermediate\Build\Win64\UE4Editor\Development\Marine_Squad\UE4Editor-Marine_Squad-0337.exp
[2020.02.29-05.59.27:512][898]CompilerResultsLog:   [2/3] UE4Editor-Marine_Squad-0337.dll
[2020.02.29-05.59.27:512][898]CompilerResultsLog:      Creating library C:\Users\ericf\Desktop\repos\Marine-Squad\Marine_Squad\Intermediate\Build\Win64\UE4Editor\Development\Marine_Squad\UE4Editor-Marine_Squad-0337.suppressed.lib and object C:\Users\ericf\Desktop\repos\Marine-Squad\Marine_Squad\Intermediate\Build\Win64\UE4Editor\Development\Marine_Squad\UE4Editor-Marine_Squad-0337.suppressed.exp
[2020.02.29-05.59.27:513][898]CompilerResultsLog:   [3/3] Marine_SquadEditor.target
[2020.02.29-05.59.27:513][898]CompilerResultsLog: Total time in Parallel executor: 3.52 seconds
[2020.02.29-05.59.27:513][898]CompilerResultsLog: Total execution time: 15.05 seconds
[2020.02.29-05.59.27:513][898]LogMainFrame: MainFrame: Module compiling took 15.263 seconds
[2020.02.29-05.59.27:562][898]LogUObjectHash: Compacting FUObjectHashTables data took   1.21ms
[2020.02.29-05.59.27:592][898]LogContentBrowser: Native class hierarchy populated in 0.0150 seconds. Added 2836 classes and 674 folders.
[2020.02.29-05.59.27:592][898]Display: HotReload took 15.3s.
[2020.02.29-05.59.35:955][931]LogTemp: Repeating last play command: New Editor Window (PIE)
[2020.02.29-05.59.35:983][931]LogBlueprintUserMessages: Early PlayInEditor Detection: Level '/Game/Maps/Town.Town:PersistentLevel' has LevelScriptBlueprint '/Game/Maps/Town.Town:PersistentLevel.Town' with GeneratedClass '/Game/Maps/Town.Town_C' with ClassGeneratedBy '/Game/Maps/Town.Town:PersistentLevel.Town'
[2020.02.29-05.59.35:983][931]LogPlayLevel: PlayLevel: No blueprints needed recompiling
[2020.02.29-05.59.35:984][931]PIE: New page: PIE session: Town (Feb 28, 2020, 5:59:35 PM)
[2020.02.29-05.59.35:984][931]LogPlayLevel: Creating play world package: /Game/Maps/UEDPIE_0_Town
[2020.02.29-05.59.36:033][931]LogPlayLevel: PIE: StaticDuplicateObject took: (0.048803s)
[2020.02.29-05.59.36:033][931]LogAIModule: Creating AISystem for world Town
[2020.02.29-05.59.36:034][931]LogVaFog: [FVaFogOfWarModule::StartupModule::<lambda_976865d7f760a47e2a086b15bf7dcbd9>::operator ()(41)] Fog Controller is created for: Town
[2020.02.29-05.59.36:034][931]LogPlayLevel: PIE: World Init took: (0.000863s)
[2020.02.29-05.59.36:034][931]LogPlayLevel: PIE: Created PIE world by copying editor world from /Game/Maps/Town.Town to /Game/Maps/UEDPIE_0_Town.Town (0.050044s)
[2020.02.29-05.59.36:060][931]LogUObjectHash: Compacting FUObjectHashTables data took   1.28ms
[2020.02.29-05.59.36:101][931]LogInit: XAudio2 using 'HEAD SET (Corsair VOID PRO USB Gaming Headset )' : 2 channels at 48 kHz using 16 bits per sample (channel mask 0x3)
[2020.02.29-05.59.36:114][931]LogInit: FAudioDevice initialized.
[2020.02.29-05.59.36:124][931]LogSlate: Updating window title bar state: overlay mode, drag disabled, window buttons hidden, title bar hidden
[2020.02.29-05.59.36:155][931]LogLoad: Game class is 'MyGameModeBase_MarineSquad_BP_C'
[2020.02.29-05.59.36:165][931]LogWorld: Bringing World /Game/Maps/UEDPIE_0_Town.Town up for play (max tick rate 0) at 2020.02.28-23.59.36
[2020.02.29-05.59.36:166][931]LogWorld: Bringing up level for play took: 0.010439
[2020.02.29-05.59.36:191][931]PIE: Play in editor start time for /Game/Maps/UEDPIE_0_Town 0.706
[2020.02.29-05.59.36:191][931]LogBlueprintUserMessages: Late PlayInEditor Detection: Level '/Game/Maps/Town.Town:PersistentLevel' has LevelScriptBlueprint '/Game/Maps/Town.Town:PersistentLevel.Town' with GeneratedClass '/Game/Maps/Town.Town_C' with ClassGeneratedBy '/Game/Maps/Town.Town:PersistentLevel.Town'
[2020.02.29-05.59.36:964][991]LogTemp: Warning: Left Mouse Button Pressed
[2020.02.29-05.59.37:049][  0]LogTemp: Warning: Left Mouse Button pressed for : 0.086137
[2020.02.29-05.59.37:625][ 63]LogTemp: Warning: Left Mouse Button Pressed
[2020.02.29-05.59.37:916][ 96]LogTemp: Warning: Left Mouse Button pressed for : 0.296314
[2020.02.29-05.59.38:162][123]LogTemp: Warning: Right Mouse Button Pressed
[2020.02.29-05.59.38:261][133]LogTemp: Warning: Right Mouse Button Released
[2020.02.29-05.59.39:116][224]LogTemp: Warning: Right Mouse Button Pressed
[2020.02.29-05.59.39:226][234]LogTemp: Warning: Right Mouse Button Released
[2020.02.29-05.59.39:327][244]LogTemp: Warning: Right Mouse Button Pressed
[2020.02.29-05.59.39:447][255]LogTemp: Warning: Right Mouse Button Released
[2020.02.29-05.59.39:889][301]LogTemp: Warning: Changed Focused Unit
[2020.02.29-05.59.40:369][353]LogTemp: Warning: Changed Focused Unit
[2020.02.29-05.59.40:575][377]LogTemp: Warning: Changed Focused Unit
[2020.02.29-05.59.40:752][397]LogTemp: Warning: Changed Focused Unit
[2020.02.29-05.59.40:934][418]LogTemp: Warning: Changed Focused Unit
[2020.02.29-05.59.41:119][439]LogTemp: Warning: Changed Focused Unit
[2020.02.29-05.59.41:311][461]LogTemp: Warning: Changed Focused Unit
[2020.02.29-05.59.41:908][528]LogBlueprintUserMessages: Early EndPlayMap Detection: Level '/Game/Maps/Town.Town:PersistentLevel' has LevelScriptBlueprint '/Game/Maps/Town.Town:PersistentLevel.Town' with GeneratedClass '/Game/Maps/Town.Town_C' with ClassGeneratedBy '/Game/Maps/Town.Town:PersistentLevel.Town'
[2020.02.29-05.59.41:909][528]LogSlate: Updating window title bar state: overlay mode, drag disabled, window buttons hidden, title bar hidden
[2020.02.29-05.59.41:930][528]LogSlate: Window 'Marine_Squad Game Preview Standalone (64-bit/PCD3D_SM5)' being destroyed
[2020.02.29-05.59.41:939][528]LogVaFog: [FVaFogOfWarModule::StartupModule::<lambda_144d8ffb0c7ca55232a4412d9c0c3636>::operator ()(31)] Fog Controller is removed for: Town
[2020.02.29-05.59.41:968][528]LogPlayLevel: Display: Shutting down PIE online subsystems
[2020.02.29-05.59.41:968][528]LogBlueprintUserMessages: Late EndPlayMap Detection: Level '/Game/Maps/Town.Town:PersistentLevel' has LevelScriptBlueprint '/Game/Maps/Town.Town:PersistentLevel.Town' with GeneratedClass '/Game/Maps/Town.Town_C' with ClassGeneratedBy '/Game/Maps/Town.Town:PersistentLevel.Town'
[2020.02.29-05.59.42:006][528]LogUObjectHash: Compacting FUObjectHashTables data took   1.24ms
[2020.02.29-05.59.42:013][529]LogPlayLevel: Display: Destroying online subsystem :Context_2
[2020.02.29-06.02.22:731][222]Candidate modules for hot reload:
[2020.02.29-06.02.22:731][222]  Marine_Squad
[2020.02.29-06.02.22:732][222]Launching UnrealBuildTool... [Q:/UE_4.22/Engine/Binaries/DotNET/UnrealBuildTool.exe  -ModuleWithSuffix=Marine_Squad,626 Win64 Development -TargetType=Editor -Project="C:/Users/ericf/Desktop/repos/Marine-Squad/Marine_Squad/Marine_Squad.uproject" "C:/Users/ericf/Desktop/repos/Marine-Squad/Marine_Squad/Marine_Squad.uproject"  -IgnoreJunk]
[2020.02.29-06.02.23:173][222]Warning: Starting HotReload took  0.5s.
[2020.02.29-06.04.21:646][838]CompilerResultsLog: New page: Compilation - Feb 28, 2020, 6:04:21 PM
[2020.02.29-06.04.21:646][838]CompilerResultsLog: Using 'git status' to determine working set for adaptive non-unity build (C:\Users\ericf\Desktop\repos\Marine-Squad).
[2020.02.29-06.04.21:647][838]CompilerResultsLog: Creating makefile for Marine_SquadEditor (ini files are newer than makefile)
[2020.02.29-06.04.21:647][838]CompilerResultsLog: Parsing headers for Marine_SquadEditor
[2020.02.29-06.04.21:648][838]CompilerResultsLog:   Running UnrealHeaderTool "C:\Users\ericf\Desktop\repos\Marine-Squad\Marine_Squad\Marine_Squad.uproject" "C:\Users\ericf\Desktop\repos\Marine-Squad\Marine_Squad\Intermediate\Build\Win64\Marine_SquadEditor\Development\Marine_SquadEditor.uhtmanifest" -LogCmds="loginit warning, logexit warning, logdatabase error" -Unattended -WarningsAsErrors -installed
[2020.02.29-06.04.21:648][838]CompilerResultsLog: Reflection code generated for Marine_SquadEditor in 30.4226634 seconds
[2020.02.29-06.04.21:648][838]CompilerResultsLog: Using Visual Studio 2019 14.21.27702 toolchain (C:\Program Files (x86)\Microsoft Visual Studio\2019\BuildTools\VC\Tools\MSVC\14.21.27702) and Windows 10.0.17763.0 SDK (C:\Program Files (x86)\Windows Kits\10).
[2020.02.29-06.04.21:649][838]CompilerResultsLog: Building 4 actions with 4 processes...
[2020.02.29-06.04.21:649][838]CompilerResultsLog:   [1/4] PlayerController_MarineSquad.cpp
[2020.02.29-06.04.21:649][838]CompilerResultsLog:   C:\Users\ericf\Desktop\repos\Marine-Squad\Marine_Squad\Source\Marine_Squad\ParentUnit.h(45): warning C4263: 'void AParentUnit::TakeDamage(float)': member function does not override any base class virtual member function
[2020.02.29-06.04.21:649][838]CompilerResultsLog:   C:\Users\ericf\Desktop\repos\Marine-Squad\Marine_Squad\Source\Marine_Squad\ParentUnit.h(116): warning C4264: 'float APawn::TakeDamage(float,const FDamageEvent &,AController *,AActor *)': no override available for virtual member function from base 'APawn'; function is hidden
[2020.02.29-06.04.21:650][838]CompilerResultsLog:   Q:\UE_4.22\Engine\Source\Runtime\Engine\Classes\GameFramework/Pawn.h(242): note: see declaration of 'APawn::TakeDamage'
[2020.02.29-06.04.21:650][838]CompilerResultsLog:   Q:\UE_4.22\Engine\Intermediate\Build\Win64\UE4Editor\Inc\UMG\UserWidget.generated.h(18): note: see declaration of 'APawn'
[2020.02.29-06.04.21:650][838]CompilerResultsLog:    C:\Users\ericf\Desktop\repos\Marine-Squad\Marine_Squad\Source\Marine_Squad\PlayerController_MarineSquad.cpp(226) : error C3867: 'TArray<AParentUnit *,FDefaultAllocator>::Find': non-standard syntax; use '&' to create a pointer to member
[2020.02.29-06.04.21:650][838]CompilerResultsLog:    C:\Users\ericf\Desktop\repos\Marine-Squad\Marine_Squad\Source\Marine_Squad\PlayerController_MarineSquad.cpp(226) : error C2440: '=': cannot convert from 'AParentUnit' to 'int32'
[2020.02.29-06.04.21:651][838]CompilerResultsLog:   C:\Users\ericf\Desktop\repos\Marine-Squad\Marine_Squad\Source\Marine_Squad\PlayerController_MarineSquad.cpp(226): note: No user-defined-conversion operator available that can perform this conversion, or the operator cannot be called
[2020.02.29-06.04.21:651][838]LogMainFrame: MainFrame: Module compiling took 118.931 seconds
[2020.02.29-06.04.21:651][838]Warning: HotReload failed, recompile failed
[2020.02.29-06.06.40:041][182]Candidate modules for hot reload:
[2020.02.29-06.06.40:041][182]  Marine_Squad
[2020.02.29-06.06.40:041][182]Launching UnrealBuildTool... [Q:/UE_4.22/Engine/Binaries/DotNET/UnrealBuildTool.exe  -ModuleWithSuffix=Marine_Squad,1604 Win64 Development -TargetType=Editor -Project="C:/Users/ericf/Desktop/repos/Marine-Squad/Marine_Squad/Marine_Squad.uproject" "C:/Users/ericf/Desktop/repos/Marine-Squad/Marine_Squad/Marine_Squad.uproject"  -IgnoreJunk]
[2020.02.29-06.06.40:073][182]Warning: Starting HotReload took  0.0s.
[2020.02.29-06.07.16:011][362]CompilerResultsLog: New page: Compilation - Feb 28, 2020, 6:07:16 PM
[2020.02.29-06.07.16:012][362]CompilerResultsLog: Using 'git status' to determine working set for adaptive non-unity build (C:\Users\ericf\Desktop\repos\Marine-Squad).
[2020.02.29-06.07.16:012][362]CompilerResultsLog: Parsing headers for Marine_SquadEditor
[2020.02.29-06.07.16:012][362]CompilerResultsLog:   Running UnrealHeaderTool "C:\Users\ericf\Desktop\repos\Marine-Squad\Marine_Squad\Marine_Squad.uproject" "C:\Users\ericf\Desktop\repos\Marine-Squad\Marine_Squad\Intermediate\Build\Win64\Marine_SquadEditor\Development\Marine_SquadEditor.uhtmanifest" -LogCmds="loginit warning, logexit warning, logdatabase error" -Unattended -WarningsAsErrors -installed
[2020.02.29-06.07.16:013][362]CompilerResultsLog: Reflection code generated for Marine_SquadEditor in 6.475246 seconds
[2020.02.29-06.07.16:013][362]CompilerResultsLog: Using Visual Studio 2019 14.21.27702 toolchain (C:\Program Files (x86)\Microsoft Visual Studio\2019\BuildTools\VC\Tools\MSVC\14.21.27702) and Windows 10.0.17763.0 SDK (C:\Program Files (x86)\Windows Kits\10).
[2020.02.29-06.07.16:013][362]CompilerResultsLog: Building 4 actions with 4 processes...
[2020.02.29-06.07.16:013][362]CompilerResultsLog:   [1/4] PlayerController_MarineSquad.cpp
[2020.02.29-06.07.16:013][362]CompilerResultsLog:   C:\Users\ericf\Desktop\repos\Marine-Squad\Marine_Squad\Source\Marine_Squad\ParentUnit.h(45): warning C4263: 'void AParentUnit::TakeDamage(float)': member function does not override any base class virtual member function
[2020.02.29-06.07.16:014][362]CompilerResultsLog:   C:\Users\ericf\Desktop\repos\Marine-Squad\Marine_Squad\Source\Marine_Squad\ParentUnit.h(116): warning C4264: 'float APawn::TakeDamage(float,const FDamageEvent &,AController *,AActor *)': no override available for virtual member function from base 'APawn'; function is hidden
[2020.02.29-06.07.16:014][362]CompilerResultsLog:   Q:\UE_4.22\Engine\Source\Runtime\Engine\Classes\GameFramework/Pawn.h(242): note: see declaration of 'APawn::TakeDamage'
[2020.02.29-06.07.16:014][362]CompilerResultsLog:   Q:\UE_4.22\Engine\Intermediate\Build\Win64\UE4Editor\Inc\UMG\UserWidget.generated.h(18): note: see declaration of 'APawn'
[2020.02.29-06.07.16:014][362]CompilerResultsLog:   [2/4] UE4Editor-Marine_Squad-1604.lib
[2020.02.29-06.07.16:014][362]CompilerResultsLog:      Creating library C:\Users\ericf\Desktop\repos\Marine-Squad\Marine_Squad\Intermediate\Build\Win64\UE4Editor\Development\Marine_Squad\UE4Editor-Marine_Squad-1604.lib and object C:\Users\ericf\Desktop\repos\Marine-Squad\Marine_Squad\Intermediate\Build\Win64\UE4Editor\Development\Marine_Squad\UE4Editor-Marine_Squad-1604.exp
[2020.02.29-06.07.16:015][362]CompilerResultsLog:   [3/4] UE4Editor-Marine_Squad-1604.dll
[2020.02.29-06.07.16:015][362]CompilerResultsLog:      Creating library C:\Users\ericf\Desktop\repos\Marine-Squad\Marine_Squad\Intermediate\Build\Win64\UE4Editor\Development\Marine_Squad\UE4Editor-Marine_Squad-1604.suppressed.lib and object C:\Users\ericf\Desktop\repos\Marine-Squad\Marine_Squad\Intermediate\Build\Win64\UE4Editor\Development\Marine_Squad\UE4Editor-Marine_Squad-1604.suppressed.exp
[2020.02.29-06.07.16:015][362]CompilerResultsLog:   [4/4] Marine_SquadEditor.target
[2020.02.29-06.07.16:015][362]CompilerResultsLog: Total time in Parallel executor: 27.11 seconds
[2020.02.29-06.07.16:015][362]CompilerResultsLog: Total execution time: 35.51 seconds
[2020.02.29-06.07.16:015][362]LogMainFrame: MainFrame: Module compiling took 35.977 seconds
[2020.02.29-06.07.16:045][362]LogUObjectHash: Compacting FUObjectHashTables data took   0.94ms
[2020.02.29-06.07.16:186][362]LogClass: ECommandsEnum HotReload.
[2020.02.29-06.07.16:196][362]LogContentBrowser: Native class hierarchy updated for 'Marine_Squad' in 0.0006 seconds. Added 11 classes and 3 folders.
[2020.02.29-06.07.16:200][362]Display: HotReload successful (10 functions remapped  0 scriptstructs remapped)
[2020.02.29-06.07.16:318][362]LogUObjectHash: Compacting FUObjectHashTables data took   1.63ms
[2020.02.29-06.07.16:334][362]LogContentBrowser: Native class hierarchy populated in 0.0098 seconds. Added 2836 classes and 674 folders.
[2020.02.29-06.07.16:335][362]Display: HotReload took 36.3s.
[2020.02.29-06.07.42:041][448]LogTemp: Repeating last play command: New Editor Window (PIE)
[2020.02.29-06.07.42:074][448]LogBlueprintUserMessages: Early PlayInEditor Detection: Level '/Game/Maps/Town.Town:PersistentLevel' has LevelScriptBlueprint '/Game/Maps/Town.Town:PersistentLevel.Town' with GeneratedClass '/Game/Maps/Town.Town_C' with ClassGeneratedBy '/Game/Maps/Town.Town:PersistentLevel.Town'
[2020.02.29-06.07.42:075][448]LogPlayLevel: PlayLevel: No blueprints needed recompiling
[2020.02.29-06.07.42:075][448]PIE: New page: PIE session: Town (Feb 28, 2020, 6:07:42 PM)
[2020.02.29-06.07.42:076][448]LogPlayLevel: Creating play world package: /Game/Maps/UEDPIE_0_Town
[2020.02.29-06.07.42:134][448]LogPlayLevel: PIE: StaticDuplicateObject took: (0.057839s)
[2020.02.29-06.07.42:135][448]LogAIModule: Creating AISystem for world Town
[2020.02.29-06.07.42:135][448]LogVaFog: [FVaFogOfWarModule::StartupModule::<lambda_976865d7f760a47e2a086b15bf7dcbd9>::operator ()(41)] Fog Controller is created for: Town
[2020.02.29-06.07.42:135][448]LogPlayLevel: PIE: World Init took: (0.000985s)
[2020.02.29-06.07.42:136][448]LogPlayLevel: PIE: Created PIE world by copying editor world from /Game/Maps/Town.Town to /Game/Maps/UEDPIE_0_Town.Town (0.059701s)
[2020.02.29-06.07.42:161][448]LogUObjectHash: Compacting FUObjectHashTables data took   1.53ms
[2020.02.29-06.07.42:207][448]LogInit: XAudio2 using 'HEAD SET (Corsair VOID PRO USB Gaming Headset )' : 2 channels at 48 kHz using 16 bits per sample (channel mask 0x3)
[2020.02.29-06.07.42:222][448]LogInit: FAudioDevice initialized.
[2020.02.29-06.07.42:234][448]LogSlate: Updating window title bar state: overlay mode, drag disabled, window buttons hidden, title bar hidden
[2020.02.29-06.07.42:265][448]LogLoad: Game class is 'MyGameModeBase_MarineSquad_BP_C'
[2020.02.29-06.07.42:276][448]LogWorld: Bringing World /Game/Maps/UEDPIE_0_Town.Town up for play (max tick rate 0) at 2020.02.29-00.07.42
[2020.02.29-06.07.42:277][448]LogWorld: Bringing up level for play took: 0.011493
[2020.02.29-06.07.42:307][448]PIE: Play in editor start time for /Game/Maps/UEDPIE_0_Town 0.822
[2020.02.29-06.07.42:307][448]LogBlueprintUserMessages: Late PlayInEditor Detection: Level '/Game/Maps/Town.Town:PersistentLevel' has LevelScriptBlueprint '/Game/Maps/Town.Town:PersistentLevel.Town' with GeneratedClass '/Game/Maps/Town.Town_C' with ClassGeneratedBy '/Game/Maps/Town.Town:PersistentLevel.Town'
[2020.02.29-06.07.43:311][546]LogTemp: Warning: Left Mouse Button Pressed
[2020.02.29-06.07.43:400][555]LogTemp: Warning: Left Mouse Button pressed for : 0.091029
[2020.02.29-06.07.44:083][627]LogTemp: Warning: Changed Focused Unit
[2020.02.29-06.07.45:233][753]LogBlueprintUserMessages: Early EndPlayMap Detection: Level '/Game/Maps/Town.Town:PersistentLevel' has LevelScriptBlueprint '/Game/Maps/Town.Town:PersistentLevel.Town' with GeneratedClass '/Game/Maps/Town.Town_C' with ClassGeneratedBy '/Game/Maps/Town.Town:PersistentLevel.Town'
[2020.02.29-06.07.45:234][753]LogSlate: Updating window title bar state: overlay mode, drag disabled, window buttons hidden, title bar hidden
[2020.02.29-06.07.45:255][753]LogSlate: Window 'Marine_Squad Game Preview Standalone (64-bit/PCD3D_SM5)' being destroyed
[2020.02.29-06.07.45:266][753]LogVaFog: [FVaFogOfWarModule::StartupModule::<lambda_144d8ffb0c7ca55232a4412d9c0c3636>::operator ()(31)] Fog Controller is removed for: Town
[2020.02.29-06.07.45:295][753]LogPlayLevel: Display: Shutting down PIE online subsystems
[2020.02.29-06.07.45:295][753]LogBlueprintUserMessages: Late EndPlayMap Detection: Level '/Game/Maps/Town.Town:PersistentLevel' has LevelScriptBlueprint '/Game/Maps/Town.Town:PersistentLevel.Town' with GeneratedClass '/Game/Maps/Town.Town_C' with ClassGeneratedBy '/Game/Maps/Town.Town:PersistentLevel.Town'
[2020.02.29-06.07.45:342][753]LogUObjectHash: Compacting FUObjectHashTables data took   1.83ms
[2020.02.29-06.07.45:356][754]LogPlayLevel: Display: Destroying online subsystem :Context_3
[2020.02.29-06.07.49:293][929]LogTemp: Repeating last play command: New Editor Window (PIE)
[2020.02.29-06.07.49:319][929]LogBlueprintUserMessages: Early PlayInEditor Detection: Level '/Game/Maps/Town.Town:PersistentLevel' has LevelScriptBlueprint '/Game/Maps/Town.Town:PersistentLevel.Town' with GeneratedClass '/Game/Maps/Town.Town_C' with ClassGeneratedBy '/Game/Maps/Town.Town:PersistentLevel.Town'
[2020.02.29-06.07.49:319][929]LogPlayLevel: PlayLevel: No blueprints needed recompiling
[2020.02.29-06.07.49:320][929]PIE: New page: PIE session: Town (Feb 28, 2020, 6:07:49 PM)
[2020.02.29-06.07.49:320][929]LogPlayLevel: Creating play world package: /Game/Maps/UEDPIE_0_Town
[2020.02.29-06.07.49:371][929]LogPlayLevel: PIE: StaticDuplicateObject took: (0.050682s)
[2020.02.29-06.07.49:372][929]LogAIModule: Creating AISystem for world Town
[2020.02.29-06.07.49:372][929]LogVaFog: [FVaFogOfWarModule::StartupModule::<lambda_976865d7f760a47e2a086b15bf7dcbd9>::operator ()(41)] Fog Controller is created for: Town
[2020.02.29-06.07.49:372][929]LogPlayLevel: PIE: World Init took: (0.001055s)
[2020.02.29-06.07.49:372][929]LogPlayLevel: PIE: Created PIE world by copying editor world from /Game/Maps/Town.Town to /Game/Maps/UEDPIE_0_Town.Town (0.052367s)
[2020.02.29-06.07.49:397][929]LogUObjectHash: Compacting FUObjectHashTables data took   1.56ms
[2020.02.29-06.07.49:439][929]LogInit: XAudio2 using 'HEAD SET (Corsair VOID PRO USB Gaming Headset )' : 2 channels at 48 kHz using 16 bits per sample (channel mask 0x3)
[2020.02.29-06.07.49:454][929]LogInit: FAudioDevice initialized.
[2020.02.29-06.07.49:463][929]LogSlate: Updating window title bar state: overlay mode, drag disabled, window buttons hidden, title bar hidden
[2020.02.29-06.07.49:500][929]LogLoad: Game class is 'MyGameModeBase_MarineSquad_BP_C'
[2020.02.29-06.07.49:509][929]LogWorld: Bringing World /Game/Maps/UEDPIE_0_Town.Town up for play (max tick rate 0) at 2020.02.29-00.07.49
[2020.02.29-06.07.49:511][929]LogWorld: Bringing up level for play took: 0.010126
[2020.02.29-06.07.49:538][929]PIE: Play in editor start time for /Game/Maps/UEDPIE_0_Town 0.054
[2020.02.29-06.07.49:539][929]LogBlueprintUserMessages: Late PlayInEditor Detection: Level '/Game/Maps/Town.Town:PersistentLevel' has LevelScriptBlueprint '/Game/Maps/Town.Town:PersistentLevel.Town' with GeneratedClass '/Game/Maps/Town.Town_C' with ClassGeneratedBy '/Game/Maps/Town.Town:PersistentLevel.Town'
[2020.02.29-06.07.50:059][979]LogTemp: Warning: Left Mouse Button Pressed
[2020.02.29-06.07.50:186][993]LogTemp: Warning: Left Mouse Button pressed for : 0.128535
[2020.02.29-06.07.50:490][ 26]LogTemp: Warning: Left Mouse Button Pressed
[2020.02.29-06.07.51:623][150]LogTemp: Warning: Left Mouse Button pressed for : 1.132779
[2020.02.29-06.07.51:959][187]LogTemp: Warning: Right Mouse Button Pressed
[2020.02.29-06.07.52:070][198]LogTemp: Warning: Right Mouse Button Released
[2020.02.29-06.07.52:432][238]LogTemp: Warning: Changed Focused Unit
[2020.02.29-06.07.52:432][238]LogTemp: Warning: 0
[2020.02.29-06.07.53:009][300]LogTemp: Warning: Changed Focused Unit
[2020.02.29-06.07.53:009][300]LogTemp: Warning: 0
[2020.02.29-06.07.53:283][331]LogTemp: Warning: Changed Focused Unit
[2020.02.29-06.07.53:284][331]LogTemp: Warning: 0
[2020.02.29-06.07.53:905][398]LogTemp: Warning: Left Mouse Button Pressed
[2020.02.29-06.07.54:077][417]LogTemp: Warning: Left Mouse Button pressed for : 0.173651
[2020.02.29-06.07.54:417][455]LogTemp: Warning: Changed Focused Unit
[2020.02.29-06.07.54:417][455]LogTemp: Warning: 0
[2020.02.29-06.07.54:417][455]LogOutputDevice: Warning: 

Script Stack (0 frames):

[2020.02.29-06.07.54:418][455]LogWindows: Windows GetLastError: The operation completed successfully. (0)
[2020.02.29-06.07.56:504][455]LogWindows: Error: === Critical error: ===
[2020.02.29-06.07.56:504][455]LogWindows: Error: 
[2020.02.29-06.07.56:504][455]LogWindows: Error: Assertion failed: (Index >= 0) & (Index < ArrayNum) [File:Q:\UE_4.22\Engine\Source\Runtime\Core\Public\Containers/Array.h] [Line: 611] 
[2020.02.29-06.07.56:504][455]LogWindows: Error: Array index out of bounds: 1 from an array of size 1
[2020.02.29-06.07.56:504][455]LogWindows: Error: 
[2020.02.29-06.07.56:504][455]LogWindows: Error: 
[2020.02.29-06.07.56:504][455]LogWindows: Error: [Callstack] 0x00007ffc6088a839 KERNELBASE.dll!UnknownFunction []
[2020.02.29-06.07.56:504][455]LogWindows: Error: [Callstack] 0x00007ffc22f31f37 UE4Editor-Core.dll!UnknownFunction []
[2020.02.29-06.07.56:504][455]LogWindows: Error: [Callstack] 0x00007ffc22f346e7 UE4Editor-Core.dll!UnknownFunction []
[2020.02.29-06.07.56:504][455]LogWindows: Error: [Callstack] 0x00007ffc22d47d1a UE4Editor-Core.dll!UnknownFunction []
[2020.02.29-06.07.56:504][455]LogWindows: Error: [Callstack] 0x00007ffc22ccfe33 UE4Editor-Core.dll!UnknownFunction []
[2020.02.29-06.07.56:504][455]LogWindows: Error: [Callstack] 0x00007ffc22cd04d0 UE4Editor-Core.dll!UnknownFunction []
[2020.02.29-06.07.56:504][455]LogWindows: Error: [Callstack] 0x00007ffc464820f8 UE4Editor-Marine_Squad-1604.dll!DispatchCheckVerify<void,<lambda_3f55396ad3200d57aa2c5c4f1fdcd1f2> >() [Q:\UE_4.22\Engine\Source\Runtime\Core\Public\Misc\AssertionMacros.h:162]
[2020.02.29-06.07.56:504][455]LogWindows: Error: [Callstack] 0x00007ffc46477083 UE4Editor-Marine_Squad-1604.dll!APlayerController_MarineSquad::ChangeFocusedUnit() [C:\Users\ericf\Desktop\repos\Marine-Squad\Marine_Squad\Source\Marine_Squad\PlayerController_MarineSquad.cpp:356]
[2020.02.29-06.07.56:504][455]LogWindows: Error: [Callstack] 0x00007ffc05266ac7 UE4Editor-Engine.dll!UnknownFunction []
[2020.02.29-06.07.56:504][455]LogWindows: Error: [Callstack] 0x00007ffc05290ef1 UE4Editor-Engine.dll!UnknownFunction []
[2020.02.29-06.07.56:504][455]LogWindows: Error: [Callstack] 0x00007ffc04e00dc4 UE4Editor-Engine.dll!UnknownFunction []
[2020.02.29-06.07.56:504][455]LogWindows: Error: [Callstack] 0x00007ffc04e13c88 UE4Editor-Engine.dll!UnknownFunction []
[2020.02.29-06.07.56:504][455]LogWindows: Error: [Callstack] 0x00007ffc04dff1cb UE4Editor-Engine.dll!UnknownFunction []
[2020.02.29-06.07.56:504][455]LogWindows: Error: [Callstack] 0x00007ffc04e12697 UE4Editor-Engine.dll!UnknownFunction []
[2020.02.29-06.07.56:504][455]LogWindows: Error: [Callstack] 0x00007ffc041faeed UE4Editor-Engine.dll!UnknownFunction []
[2020.02.29-06.07.56:504][455]LogWindows: Error: [Callstack] 0x00007ffc051b72bc UE4Editor-Engine.dll!UnknownFunction []
[2020.02.29-06.07.56:504][455]LogWindows: Error: [Callstack] 0x00007ffc22b522d8 UE4Editor-Core.dll!UnknownFunction []
[2020.02.29-06.07.56:504][455]LogWindows: Error: [Callstack] 0x00007ffc22b52563 UE4Editor-Core.dll!UnknownFunction []
[2020.02.29-06.07.56:504][455]LogWindows: Error: [Callstack] 0x00007ffc22b62309 UE4Editor-Core.dll!UnknownFunction []
[2020.02.29-06.07.56:504][455]LogWindows: Error: [Callstack] 0x00007ffc051ff9e3 UE4Editor-Engine.dll!UnknownFunction []
[2020.02.29-06.07.56:504][455]LogWindows: Error: [Callstack] 0x00007ffc0520bd12 UE4Editor-Engine.dll!UnknownFunction []
[2020.02.29-06.07.56:504][455]LogWindows: Error: [Callstack] 0x00007ffc04a2dc4f UE4Editor-Engine.dll!UnknownFunction []
[2020.02.29-06.07.56:504][455]LogWindows: Error: [Callstack] 0x00007ffc04a37e28 UE4Editor-Engine.dll!UnknownFunction []
[2020.02.29-06.07.56:504][455]LogWindows: Error: [Callstack] 0x00007ffbfbae02f7 UE4Editor-UnrealEd.dll!UnknownFunction []
[2020.02.29-06.07.56:504][455]LogWindows: Error: [Callstack] 0x00007ffbfc2fd396 UE4Editor-UnrealEd.dll!UnknownFunction []
[2020.02.29-06.07.56:504][455]LogWindows: Error: [Callstack] 0x00007ff7b1b16bb1 UE4Editor.exe!UnknownFunction []
[2020.02.29-06.07.56:504][455]LogWindows: Error: [Callstack] 0x00007ff7b1b2554c UE4Editor.exe!UnknownFunction []
[2020.02.29-06.07.56:504][455]LogWindows: Error: [Callstack] 0x00007ff7b1b255ca UE4Editor.exe!UnknownFunction []
[2020.02.29-06.07.56:504][455]LogWindows: Error: [Callstack] 0x00007ff7b1b3316c UE4Editor.exe!UnknownFunction []
[2020.02.29-06.07.56:504][455]LogWindows: Error: [Callstack] 0x00007ff7b1b35b8e UE4Editor.exe!UnknownFunction []
[2020.02.29-06.07.56:504][455]LogWindows: Error: [Callstack] 0x00007ffc620d7bd4 KERNEL32.DLL!UnknownFunction []
[2020.02.29-06.07.56:504][455]LogWindows: Error: [Callstack] 0x00007ffc6392ced1 ntdll.dll!UnknownFunction []
[2020.02.29-06.07.56:504][455]LogWindows: Error: 
[2020.02.29-06.07.56:521][455]LogExit: Executing StaticShutdownAfterError
[2020.02.29-06.07.56:539][455]LogWindows: FPlatformMisc::RequestExit(1)
[2020.02.29-06.07.56:551][455]Log file closed, 02/29/20 00:07:56
