Log file open, 03/12/20 22:28:11
LogWindows: Failed to load 'aqProf.dll' (GetLastError=126)
LogWindows: File 'aqProf.dll' does not exist
LogWindows: Failed to load 'VtuneApi.dll' (GetLastError=126)
LogWindows: File 'VtuneApi.dll' does not exist
LogWindows: Failed to load 'VtuneApi32e.dll' (GetLastError=126)
LogWindows: File 'VtuneApi32e.dll' does not exist
LogConsoleResponse: Display: Failed to find resolution value strings in scalability ini. Falling back to default.
LogInit: Display: Running engine for game: Marine_Squad
LogPakFile: Registered encryption key '00000000000000000000000000000000': 0 pak files mounted, 0 remain pending
LogPlatformFile: Not using cached read wrapper
LogTaskGraph: Started task graph with 5 named threads and 14 total threads with 3 sets of task threads.
LogStats: Stats thread started at 0.163889
LogD3D11RHI: Loaded GFSDK_Aftermath_Lib.x64.dll
LogICUInternationalization: ICU TimeZone Detection - Raw Offset: -6:00, Platform Override: ''
LogPluginManager: Mounting plugin Paper2D
LogPluginManager: Mounting plugin AISupport
LogPluginManager: Mounting plugin LightPropagationVolume
LogPluginManager: Mounting plugin ActorLayerUtilities
LogPluginManager: Mounting plugin AnimationSharing
LogPluginManager: Mounting plugin CLionSourceCodeAccess
LogPluginManager: Mounting plugin CodeLiteSourceCodeAccess
LogPluginManager: Mounting plugin GitSourceControl
LogPluginManager: Mounting plugin KDevelopSourceCodeAccess
LogPluginManager: Mounting plugin NullSourceCodeAccess
LogPluginManager: Mounting plugin PerforceSourceControl
LogPluginManager: Mounting plugin SubversionSourceControl
LogPluginManager: Mounting plugin UObjectPlugin
LogPluginManager: Mounting plugin VisualStudioCodeSourceCodeAccess
LogPluginManager: Mounting plugin VisualStudioSourceCodeAccess
LogPluginManager: Mounting plugin XCodeSourceCodeAccess
LogPluginManager: Mounting plugin AssetManagerEditor
LogPluginManager: Mounting plugin CryptoKeys
LogPluginManager: Mounting plugin DataValidation
LogPluginManager: Mounting plugin FacialAnimation
LogPluginManager: Mounting plugin GameplayTagsEditor
LogPluginManager: Mounting plugin MacGraphicsSwitching
LogPluginManager: Mounting plugin MaterialAnalyzer
LogPluginManager: Mounting plugin MobileLauncherProfileWizard
LogPluginManager: Mounting plugin PluginBrowser
LogPluginManager: Mounting plugin SpeedTreeImporter
LogPluginManager: Mounting plugin DatasmithContent
LogPluginManager: Mounting plugin VariantManagerContent
LogPluginManager: Mounting plugin AlembicImporter
LogPluginManager: Mounting plugin AppleImageUtils
LogPluginManager: Mounting plugin AppleVision
LogPluginManager: Mounting plugin BackChannel
LogPluginManager: Mounting plugin CharacterAI
LogPluginManager: Mounting plugin GeometryCache
LogPluginManager: Mounting plugin HTML5Networking
LogPluginManager: Mounting plugin ProxyLODPlugin
LogPluginManager: Mounting plugin SkeletalReduction
LogPluginManager: Mounting plugin MagicLeap
LogPluginManager: Mounting plugin MagicLeapMedia
LogPluginManager: Mounting plugin VaFogOfWar
LogPluginManager: Mounting plugin AndroidMedia
LogPluginManager: Mounting plugin AvfMedia
LogPluginManager: Mounting plugin ImgMedia
LogPluginManager: Mounting plugin LinearTimecode
LogPluginManager: Mounting plugin MediaCompositing
LogPluginManager: Mounting plugin MediaPlayerEditor
LogPluginManager: Mounting plugin WebMMedia
LogPluginManager: Mounting plugin WmfMedia
LogPluginManager: Mounting plugin TcpMessaging
LogPluginManager: Mounting plugin UdpMessaging
LogPluginManager: Mounting plugin ActorSequence
LogPluginManager: Mounting plugin LevelSequenceEditor
LogPluginManager: Mounting plugin MatineeToLevelSequence
LogPluginManager: Mounting plugin NetcodeUnitTest
LogPluginManager: Mounting plugin NUTUnrealEngine4
LogPluginManager: Mounting plugin OnlineSubsystemGooglePlay
LogPluginManager: Mounting plugin OnlineSubsystemIOS
LogPluginManager: Mounting plugin OnlineSubsystem
LogPluginManager: Mounting plugin OnlineSubsystemNull
LogPluginManager: Mounting plugin OnlineSubsystemUtils
LogPluginManager: Mounting plugin LauncherChunkInstaller
LogPluginManager: Mounting plugin AndroidDeviceProfileSelector
LogPluginManager: Mounting plugin AndroidMoviePlayer
LogPluginManager: Mounting plugin AndroidPermission
LogPluginManager: Mounting plugin AppleMoviePlayer
LogPluginManager: Mounting plugin ArchVisCharacter
LogPluginManager: Mounting plugin AudioCapture
LogPluginManager: Mounting plugin CableComponent
LogPluginManager: Mounting plugin CustomMeshComponent
LogPluginManager: Mounting plugin EditableMesh
LogPluginManager: Mounting plugin ExampleDeviceProfileSelector
LogPluginManager: Mounting plugin Firebase
LogPluginManager: Mounting plugin GameplayAbilities
LogPluginManager: Mounting plugin GoogleCloudMessaging
LogPluginManager: Mounting plugin IOSDeviceProfileSelector
LogPluginManager: Mounting plugin LinuxDeviceProfileSelector
LogPluginManager: Mounting plugin LocationServicesBPLibrary
LogPluginManager: Mounting plugin MobilePatchingUtils
LogPluginManager: Mounting plugin OculusVR
LogPluginManager: Mounting plugin PhysXVehicles
LogPluginManager: Mounting plugin ProceduralMeshComponent
LogPluginManager: Mounting plugin RuntimePhysXCooking
LogPluginManager: Mounting plugin SignificanceManager
LogPluginManager: Mounting plugin SteamVR
LogPluginManager: Mounting plugin WebMMoviePlayer
LogPluginManager: Mounting plugin WindowsMoviePlayer
LogInit: Warning: Incompatible or missing module: Marine_Squad
Running Q:/UE_4.22/Engine/Binaries/DotNET/UnrealBuildTool.exe Development Win64 -Project="C:/Users/ericf/Desktop/repos/Marine-Squad/Marine_Squad/Marine_Squad.uproject" -TargetType=Editor -Progress -NoHotReloadFromIDE
Using 'git status' to determine working set for adaptive non-unity build (C:\Users\ericf\Desktop\repos\Marine-Squad).
Creating makefile for Marine_SquadEditor (ini files are newer than makefile)
@progress push 5%
Parsing headers for Marine_SquadEditor
  Running UnrealHeaderTool "C:\Users\ericf\Desktop\repos\Marine-Squad\Marine_Squad\Marine_Squad.uproject" "C:\Users\ericf\Desktop\repos\Marine-Squad\Marine_Squad\Intermediate\Build\Win64\Marine_SquadEditor\Development\Marine_SquadEditor.uhtmanifest" -LogCmds="loginit warning, logexit warning, logdatabase error" -Unattended -WarningsAsErrors -installed
Reflection code generated for Marine_SquadEditor in 5.3010453 seconds
@progress pop
Using Visual Studio 2019 14.21.27702 toolchain (C:\Program Files (x86)\Microsoft Visual Studio\2019\BuildTools\VC\Tools\MSVC\14.21.27702) and Windows 10.0.17763.0 SDK (C:\Program Files (x86)\Windows Kits\10).
Building 12 actions with 4 processes...
  @progress 'Compiling C++ source code...' 0%
  @progress 'Compiling C++ source code...' 8%
  [1/12] PlayerController_MarineSquad.gen.cpp
  @progress 'Compiling C++ source code...' 17%
  [2/12] HUD_MarineSquad.gen.cpp
  @progress 'Compiling C++ source code...' 25%
  [3/12] ParentUnit.gen.cpp
  @progress 'Compiling C++ source code...' 33%
  [4/12] BaseAbilityChooseLocation.gen.cpp
  C:\Users\ericf\Desktop\repos\Marine-Squad\Marine_Squad\Source\Marine_Squad/Abilities/BaseAbilityChooseLocation.h(32): warning C4263: 'FVector ABaseAbilityChooseLocation::GetTargetLocation(void)': member function does not override any base class virtual member function
  C:\Users\ericf\Desktop\repos\Marine-Squad\Marine_Squad\Source\Marine_Squad/Abilities/BaseAbilityChooseLocation.h(33): warning C4264: 'FVector AActor::GetTargetLocation(AActor *) const': no override available for virtual member function from base 'AActor'; function is hidden
  Q:\UE_4.22\Engine\Source\Runtime\Engine\Classes\GameFramework/Actor.h(2659): note: see declaration of 'AActor::GetTargetLocation'
  Q:\UE_4.22\Engine\Source\Runtime\GameplayTasks\Classes\GameplayTasksComponent.h(17): note: see declaration of 'AActor'
  @progress 'Compiling C++ source code...' 42%
  [5/12] MarineAttributeSet.cpp
  @progress 'Compiling C++ source code...' 50%
  [6/12] BaseAbilityChooseLocation.cpp
  C:\Users\ericf\Desktop\repos\Marine-Squad\Marine_Squad\Source\Marine_Squad\Abilities\BaseAbilityChooseLocation.h(32): warning C4263: 'FVector ABaseAbilityChooseLocation::GetTargetLocation(void)': member function does not override any base class virtual member function
  C:\Users\ericf\Desktop\repos\Marine-Squad\Marine_Squad\Source\Marine_Squad\Abilities\BaseAbilityChooseLocation.h(33): warning C4264: 'FVector AActor::GetTargetLocation(AActor *) const': no override available for virtual member function from base 'AActor'; function is hidden
  Q:\UE_4.22\Engine\Source\Runtime\Engine\Classes\GameFramework/Actor.h(2659): note: see declaration of 'AActor::GetTargetLocation'
  Q:\UE_4.22\Engine\Source\Runtime\GameplayTasks\Classes\GameplayTasksComponent.h(17): note: see declaration of 'AActor'
  @progress 'Compiling C++ source code...' 58%
  [7/12] PlayerController_MarineSquad.cpp
  @progress 'Compiling C++ source code...' 67%
  [8/12] ParentUnit.cpp
  @progress 'Compiling C++ source code...' 75%
  [9/12] HUD_MarineSquad.cpp
  @progress 'Compiling C++ source code...' 83%
  [10/12] UE4Editor-Marine_Squad.lib
     Creating library C:\Users\ericf\Desktop\repos\Marine-Squad\Marine_Squad\Intermediate\Build\Win64\UE4Editor\Development\Marine_Squad\UE4Editor-Marine_Squad.lib and object C:\Users\ericf\Desktop\repos\Marine-Squad\Marine_Squad\Intermediate\Build\Win64\UE4Editor\Development\Marine_Squad\UE4Editor-Marine_Squad.exp
  @progress 'Compiling C++ source code...' 92%
  [11/12] UE4Editor-Marine_Squad.dll
     Creating library C:\Users\ericf\Desktop\repos\Marine-Squad\Marine_Squad\Intermediate\Build\Win64\UE4Editor\Development\Marine_Squad\UE4Editor-Marine_Squad.suppressed.lib and object C:\Users\ericf\Desktop\repos\Marine-Squad\Marine_Squad\Intermediate\Build\Win64\UE4Editor\Development\Marine_Squad\UE4Editor-Marine_Squad.suppressed.exp
  @progress 'Compiling C++ source code...' 100%
  [12/12] Marine_SquadEditor.target
Total time in Parallel executor: 29.90 seconds
Total execution time: 36.70 seconds
LogInit: Using libcurl 7.55.1-DEV
LogInit:  - built for x86_64-pc-win32
LogInit:  - supports SSL with OpenSSL/1.1.1
LogInit:  - supports HTTP deflate (compression) using libz 1.2.8
LogInit:  - other features:
LogInit:      CURL_VERSION_SSL
LogInit:      CURL_VERSION_LIBZ
LogInit:      CURL_VERSION_IPV6
LogInit:      CURL_VERSION_ASYNCHDNS
LogInit:      CURL_VERSION_LARGEFILE
LogInit:      CURL_VERSION_IDN
LogInit:  CurlRequestOptions (configurable via config and command line):
LogInit:  - bVerifyPeer = true  - Libcurl will verify peer certificate
LogInit:  - bUseHttpProxy = false  - Libcurl will NOT use HTTP proxy
LogInit:  - bDontReuseConnections = false  - Libcurl will reuse connections
LogInit:  - MaxHostConnections = 16  - Libcurl will limit the number of connections to a host
LogInit:  - LocalHostAddr = Default
LogInit:  - BufferSize = 65536
LogInit: WinSock: version 1.1 (2.2), MaxSocks=32767, MaxUdp=65467
LogInit: Build: ++UE4+Release-4.22-CL-7053642
LogInit: Engine Version: 4.22.3-7053642+++UE4+Release-4.22
LogInit: Compatible Engine Version: 4.22.0-5660361+++UE4+Release-4.22
LogInit: Net CL: 5660361
LogInit: OS: Windows 10 (Release 1903) (), CPU: Intel(R) Core(TM) i5-4690K CPU @ 3.50GHz, GPU: NVIDIA GeForce GTX 970
LogInit: Compiled (64-bit): Jun 18 2019 03:09:11
LogInit: Compiled with Visual C++: 19.16.27025.01
LogInit: Build Configuration: Development
LogInit: Branch Name: ++UE4+Release-4.22
LogInit: Command Line: 
LogInit: Base Directory: Q:/UE_4.22/Engine/Binaries/Win64/
LogInit: Installed Engine Build: 1
LogDevObjectVersion: Number of dev versions registered: 23
LogDevObjectVersion:   Dev-Blueprints (B0D832E4-1F89-4F0D-ACCF-7EB736FD4AA2): 10
LogDevObjectVersion:   Dev-Build (E1C64328-A22C-4D53-A36C-8E866417BD8C): 0
LogDevObjectVersion:   Dev-Core (375EC13C-06E4-48FB-B500-84F0262A717E): 3
LogDevObjectVersion:   Dev-Editor (E4B068ED-F494-42E9-A231-DA0B2E46BB41): 30
LogDevObjectVersion:   Dev-Framework (CFFC743F-43B0-4480-9391-14DF171D2073): 35
LogDevObjectVersion:   Dev-Mobile (B02B49B5-BB20-44E9-A304-32B752E40360): 2
LogDevObjectVersion:   Dev-Networking (A4E4105C-59A1-49B5-A7C5-40C4547EDFEE): 0
LogDevObjectVersion:   Dev-Online (39C831C9-5AE6-47DC-9A44-9C173E1C8E7C): 0
LogDevObjectVersion:   Dev-Physics (78F01B33-EBEA-4F98-B9B4-84EACCB95AA2): 0
LogDevObjectVersion:   Dev-Platform (6631380F-2D4D-43E0-8009-CF276956A95A): 0
LogDevObjectVersion:   Dev-Rendering (12F88B9F-8875-4AFC-A67C-D90C383ABD29): 28
LogDevObjectVersion:   Dev-Sequencer (7B5AE74C-D270-4C10-A958-57980B212A5A): 11
LogDevObjectVersion:   Dev-VR (D7296918-1DD6-4BDD-9DE2-64A83CC13884): 2
LogDevObjectVersion:   Dev-LoadTimes (C2A15278-BFE7-4AFE-6C17-90FF531DF755): 1
LogDevObjectVersion:   Private-Geometry (6EACA3D4-40EC-4CC1-B786-8BED09428FC5): 3
LogDevObjectVersion:   Dev-AnimPhys (29E575DD-E0A3-4627-9D10-D276232CDCEA): 17
LogDevObjectVersion:   Dev-Anim (AF43A65D-7FD3-4947-9873-3E8ED9C1BB05): 2
LogDevObjectVersion:   Dev-ReflectionCapture (6B266CEC-1EC7-4B8F-A30B-E4D90942FC07): 1
LogDevObjectVersion:   Dev-Automation (0DF73D61-A23F-47EA-B727-89E90C41499A): 1
LogDevObjectVersion:   FortniteMain (601D1886-AC64-4F84-AA16-D3DE0DEAC7D6): 25
LogDevObjectVersion:   Dev-Enterprise (9DFFBCD6-494F-0158-E221-12823C92A888): 6
LogDevObjectVersion:   Dev-Niagara (F2AED0AC-9AFE-416F-8664-AA7FFA26D6FC): 1
LogDevObjectVersion:   Dev-Destruction (174F1F0B-B4C6-45A5-B13F-2EE8D0FB917D): 2
LogInit: Presizing for max 16777216 objects, including 0 objects not considered by GC, pre-allocating 0 bytes for permanent pool.
LogInit: Object subsystem initialized
LogConfig: Setting CVar [[con.DebugEarlyDefault:1]]
LogConfig: Setting CVar [[r.setres:1280x720]]
[2020.03.13-03.28.53:251][  0]LogConfig: Setting CVar [[r.VSync:0]]
[2020.03.13-03.28.53:251][  0]LogConfig: Setting CVar [[r.RHICmdBypass:0]]
[2020.03.13-03.28.53:251][  0]LogConfig: Applying CVar settings from Section [/Script/Engine.RendererSettings] File [C:/Users/ericf/Desktop/repos/Marine-Squad/Marine_Squad/Saved/Config/Windows/Engine.ini]
[2020.03.13-03.28.53:251][  0]LogConfig: Setting CVar [[r.GPUCrashDebugging:0]]
[2020.03.13-03.28.53:251][  0]LogConfig: Setting CVar [[r.DefaultFeature.AutoExposure.ExtendDefaultLuminanceRange:1]]
[2020.03.13-03.28.53:251][  0]LogConfig: Setting CVar [[r.AllowGlobalClipPlane:1]]
[2020.03.13-03.28.53:251][  0]LogConfig: Applying CVar settings from Section [/Script/Engine.RendererOverrideSettings] File [C:/Users/ericf/Desktop/repos/Marine-Squad/Marine_Squad/Saved/Config/Windows/Engine.ini]
[2020.03.13-03.28.53:251][  0]LogConfig: Applying CVar settings from Section [/Script/Engine.StreamingSettings] File [C:/Users/ericf/Desktop/repos/Marine-Squad/Marine_Squad/Saved/Config/Windows/Engine.ini]
[2020.03.13-03.28.53:252][  0]LogConfig: Setting CVar [[s.MinBulkDataSizeForAsyncLoading:131072]]
[2020.03.13-03.28.53:252][  0]LogConfig: Setting CVar [[s.AsyncLoadingThreadEnabled:0]]
[2020.03.13-03.28.53:252][  0]LogConfig: Setting CVar [[s.EventDrivenLoaderEnabled:1]]
[2020.03.13-03.28.53:252][  0]LogConfig: Setting CVar [[s.WarnIfTimeLimitExceeded:0]]
[2020.03.13-03.28.53:252][  0]LogConfig: Setting CVar [[s.TimeLimitExceededMultiplier:1.5]]
[2020.03.13-03.28.53:252][  0]LogConfig: Setting CVar [[s.TimeLimitExceededMinTime:0.005]]
[2020.03.13-03.28.53:252][  0]LogConfig: Setting CVar [[s.UseBackgroundLevelStreaming:1]]
[2020.03.13-03.28.53:252][  0]LogConfig: Setting CVar [[s.PriorityAsyncLoadingExtraTime:15.0]]
[2020.03.13-03.28.53:252][  0]LogConfig: Setting CVar [[s.LevelStreamingActorsUpdateTimeLimit:5.0]]
[2020.03.13-03.28.53:252][  0]LogConfig: Setting CVar [[s.PriorityLevelStreamingActorsUpdateExtraTime:5.0]]
[2020.03.13-03.28.53:252][  0]LogConfig: Setting CVar [[s.LevelStreamingComponentsRegistrationGranularity:10]]
[2020.03.13-03.28.53:252][  0]LogConfig: Setting CVar [[s.UnregisterComponentsTimeLimit:1.0]]
[2020.03.13-03.28.53:252][  0]LogConfig: Setting CVar [[s.LevelStreamingComponentsUnregistrationGranularity:5]]
[2020.03.13-03.28.53:252][  0]LogConfig: Applying CVar settings from Section [/Script/Engine.GarbageCollectionSettings] File [C:/Users/ericf/Desktop/repos/Marine-Squad/Marine_Squad/Saved/Config/Windows/Engine.ini]
[2020.03.13-03.28.53:252][  0]LogConfig: Setting CVar [[gc.MaxObjectsNotConsideredByGC:1]]
[2020.03.13-03.28.53:252][  0]LogConfig: Setting CVar [[gc.SizeOfPermanentObjectPool:0]]
[2020.03.13-03.28.53:252][  0]LogConfig: Setting CVar [[gc.FlushStreamingOnGC:0]]
[2020.03.13-03.28.53:252][  0]LogConfig: Setting CVar [[gc.NumRetriesBeforeForcingGC:10]]
[2020.03.13-03.28.53:252][  0]LogConfig: Setting CVar [[gc.AllowParallelGC:1]]
[2020.03.13-03.28.53:252][  0]LogConfig: Setting CVar [[gc.TimeBetweenPurgingPendingKillObjects:61.1]]
[2020.03.13-03.28.53:252][  0]LogConfig: Setting CVar [[gc.MaxObjectsInEditor:16777216]]
[2020.03.13-03.28.53:252][  0]LogConfig: Setting CVar [[gc.IncrementalBeginDestroyEnabled:1]]
[2020.03.13-03.28.53:252][  0]LogConfig: Setting CVar [[gc.CreateGCClusters:1]]
[2020.03.13-03.28.53:252][  0]LogConfig: Setting CVar [[gc.MinGCClusterSize:5]]
[2020.03.13-03.28.53:252][  0]LogConfig: Setting CVar [[gc.ActorClusteringEnabled:0]]
[2020.03.13-03.28.53:252][  0]LogConfig: Setting CVar [[gc.BlueprintClusteringEnabled:0]]
[2020.03.13-03.28.53:252][  0]LogConfig: Setting CVar [[gc.UseDisregardForGCOnDedicatedServers:0]]
[2020.03.13-03.28.53:252][  0]LogConfig: Applying CVar settings from Section [/Script/Engine.NetworkSettings] File [C:/Users/ericf/Desktop/repos/Marine-Squad/Marine_Squad/Saved/Config/Windows/Engine.ini]
[2020.03.13-03.28.53:252][  0]LogConfig: Applying CVar settings from Section [/Script/UnrealEd.CookerSettings] File [C:/Users/ericf/Desktop/repos/Marine-Squad/Marine_Squad/Saved/Config/Windows/Engine.ini]
[2020.03.13-03.28.53:263][  0]LogConfig: Applying CVar settings from Section [ViewDistanceQuality@3] File [C:/Users/ericf/Desktop/repos/Marine-Squad/Marine_Squad/Saved/Config/Windows/Scalability.ini]
[2020.03.13-03.28.53:263][  0]LogConfig: Setting CVar [[r.SkeletalMeshLODBias:0]]
[2020.03.13-03.28.53:263][  0]LogConfig: Setting CVar [[r.ViewDistanceScale:1.0]]
[2020.03.13-03.28.53:263][  0]LogConfig: Applying CVar settings from Section [AntiAliasingQuality@3] File [C:/Users/ericf/Desktop/repos/Marine-Squad/Marine_Squad/Saved/Config/Windows/Scalability.ini]
[2020.03.13-03.28.53:263][  0]LogConfig: Setting CVar [[r.PostProcessAAQuality:4]]
[2020.03.13-03.28.53:263][  0]LogConfig: Applying CVar settings from Section [ShadowQuality@3] File [C:/Users/ericf/Desktop/repos/Marine-Squad/Marine_Squad/Saved/Config/Windows/Scalability.ini]
[2020.03.13-03.28.53:263][  0]LogConfig: Setting CVar [[r.LightFunctionQuality:1]]
[2020.03.13-03.28.53:263][  0]LogConfig: Setting CVar [[r.ShadowQuality:5]]
[2020.03.13-03.28.53:263][  0]LogConfig: Setting CVar [[r.Shadow.CSM.MaxCascades:10]]
[2020.03.13-03.28.53:263][  0]LogConfig: Setting CVar [[r.Shadow.MaxResolution:2048]]
[2020.03.13-03.28.53:263][  0]LogConfig: Setting CVar [[r.Shadow.MaxCSMResolution:2048]]
[2020.03.13-03.28.53:263][  0]LogConfig: Setting CVar [[r.Shadow.RadiusThreshold:0.01]]
[2020.03.13-03.28.53:263][  0]LogConfig: Setting CVar [[r.Shadow.DistanceScale:1.0]]
[2020.03.13-03.28.53:263][  0]LogConfig: Setting CVar [[r.Shadow.CSM.TransitionScale:1.0]]
[2020.03.13-03.28.53:263][  0]LogConfig: Setting CVar [[r.Shadow.PreShadowResolutionFactor:1.0]]
[2020.03.13-03.28.53:263][  0]LogConfig: Setting CVar [[r.DistanceFieldShadowing:1]]
[2020.03.13-03.28.53:263][  0]LogConfig: Setting CVar [[r.DistanceFieldAO:1]]
[2020.03.13-03.28.53:263][  0]LogConfig: Setting CVar [[r.AOQuality:2]]
[2020.03.13-03.28.53:263][  0]LogConfig: Setting CVar [[r.VolumetricFog:1]]
[2020.03.13-03.28.53:263][  0]LogConfig: Setting CVar [[r.VolumetricFog.GridPixelSize:8]]
[2020.03.13-03.28.53:263][  0]LogConfig: Setting CVar [[r.VolumetricFog.GridSizeZ:128]]
[2020.03.13-03.28.53:263][  0]LogConfig: Setting CVar [[r.VolumetricFog.HistoryMissSupersampleCount:4]]
[2020.03.13-03.28.53:263][  0]LogConfig: Setting CVar [[r.LightMaxDrawDistanceScale:1]]
[2020.03.13-03.28.53:263][  0]LogConfig: Setting CVar [[r.CapsuleShadows:1]]
[2020.03.13-03.28.53:263][  0]LogConfig: Applying CVar settings from Section [PostProcessQuality@3] File [C:/Users/ericf/Desktop/repos/Marine-Squad/Marine_Squad/Saved/Config/Windows/Scalability.ini]
[2020.03.13-03.28.53:263][  0]LogConfig: Setting CVar [[r.MotionBlurQuality:4]]
[2020.03.13-03.28.53:263][  0]LogConfig: Setting CVar [[r.AmbientOcclusionMipLevelFactor:0.4]]
[2020.03.13-03.28.53:263][  0]LogConfig: Setting CVar [[r.AmbientOcclusionMaxQuality:100]]
[2020.03.13-03.28.53:263][  0]LogConfig: Setting CVar [[r.AmbientOcclusionLevels:-1]]
[2020.03.13-03.28.53:263][  0]LogConfig: Setting CVar [[r.AmbientOcclusionRadiusScale:1.0]]
[2020.03.13-03.28.53:263][  0]LogConfig: Setting CVar [[r.DepthOfFieldQuality:2]]
[2020.03.13-03.28.53:263][  0]LogConfig: Setting CVar [[r.RenderTargetPoolMin:400]]
[2020.03.13-03.28.53:263][  0]LogConfig: Setting CVar [[r.LensFlareQuality:2]]
[2020.03.13-03.28.53:263][  0]LogConfig: Setting CVar [[r.SceneColorFringeQuality:1]]
[2020.03.13-03.28.53:263][  0]LogConfig: Setting CVar [[r.EyeAdaptationQuality:2]]
[2020.03.13-03.28.53:263][  0]LogConfig: Setting CVar [[r.BloomQuality:5]]
[2020.03.13-03.28.53:263][  0]LogConfig: Setting CVar [[r.FastBlurThreshold:100]]
[2020.03.13-03.28.53:263][  0]LogConfig: Setting CVar [[r.Upscale.Quality:3]]
[2020.03.13-03.28.53:263][  0]LogConfig: Setting CVar [[r.Tonemapper.GrainQuantization:1]]
[2020.03.13-03.28.53:263][  0]LogConfig: Setting CVar [[r.LightShaftQuality:1]]
[2020.03.13-03.28.53:263][  0]LogConfig: Setting CVar [[r.Filter.SizeScale:1]]
[2020.03.13-03.28.53:263][  0]LogConfig: Setting CVar [[r.Tonemapper.Quality:5]]
[2020.03.13-03.28.53:263][  0]LogConfig: Setting CVar [[r.DOF.Gather.AccumulatorQuality:1        ; higher gathering accumulator quality]]
[2020.03.13-03.28.53:263][  0]LogConfig: Setting CVar [[r.DOF.Gather.PostfilterMethod:1          ; Median3x3 postfilering method]]
[2020.03.13-03.28.53:263][  0]LogConfig: Setting CVar [[r.DOF.Gather.EnableBokehSettings:0       ; no bokeh simulation when gathering]]
[2020.03.13-03.28.53:263][  0]LogConfig: Setting CVar [[r.DOF.Gather.RingCount:4                 ; medium number of samples when gathering]]
[2020.03.13-03.28.53:263][  0]LogConfig: Setting CVar [[r.DOF.Scatter.ForegroundCompositing:1    ; additive foreground scattering]]
[2020.03.13-03.28.53:263][  0]LogConfig: Setting CVar [[r.DOF.Scatter.BackgroundCompositing:2    ; additive background scattering]]
[2020.03.13-03.28.53:263][  0]LogConfig: Setting CVar [[r.DOF.Scatter.EnableBokehSettings:1      ; bokeh simulation when scattering]]
[2020.03.13-03.28.53:263][  0]LogConfig: Setting CVar [[r.DOF.Scatter.MaxSpriteRatio:0.1         ; only a maximum of 10% of scattered bokeh]]
[2020.03.13-03.28.53:263][  0]LogConfig: Setting CVar [[r.DOF.Recombine.Quality:1                ; cheap slight out of focus]]
[2020.03.13-03.28.53:263][  0]LogConfig: Setting CVar [[r.DOF.Recombine.EnableBokehSettings:0    ; no bokeh simulation on slight out of focus]]
[2020.03.13-03.28.53:263][  0]LogConfig: Setting CVar [[r.DOF.TemporalAAQuality:1                ; more stable temporal accumulation]]
[2020.03.13-03.28.53:263][  0]LogConfig: Setting CVar [[r.DOF.Kernel.MaxForegroundRadius:0.025]]
[2020.03.13-03.28.53:263][  0]LogConfig: Setting CVar [[r.DOF.Kernel.MaxBackgroundRadius:0.025]]
[2020.03.13-03.28.53:263][  0]LogConfig: Applying CVar settings from Section [TextureQuality@3] File [C:/Users/ericf/Desktop/repos/Marine-Squad/Marine_Squad/Saved/Config/Windows/Scalability.ini]
[2020.03.13-03.28.53:263][  0]LogConfig: Setting CVar [[r.Streaming.MipBias:0]]
[2020.03.13-03.28.53:263][  0]LogConfig: Setting CVar [[r.Streaming.AmortizeCPUToGPUCopy:0]]
[2020.03.13-03.28.53:263][  0]LogConfig: Setting CVar [[r.Streaming.MaxNumTexturesToStreamPerFrame:0]]
[2020.03.13-03.28.53:263][  0]LogConfig: Setting CVar [[r.Streaming.Boost:1]]
[2020.03.13-03.28.53:263][  0]LogConfig: Setting CVar [[r.MaxAnisotropy:8]]
[2020.03.13-03.28.53:263][  0]LogConfig: Setting CVar [[r.Streaming.LimitPoolSizeToVRAM:0]]
[2020.03.13-03.28.53:263][  0]LogConfig: Setting CVar [[r.Streaming.PoolSize:1000]]
[2020.03.13-03.28.53:263][  0]LogConfig: Setting CVar [[r.Streaming.MaxEffectiveScreenSize:0]]
[2020.03.13-03.28.53:263][  0]LogConfig: Applying CVar settings from Section [EffectsQuality@3] File [C:/Users/ericf/Desktop/repos/Marine-Squad/Marine_Squad/Saved/Config/Windows/Scalability.ini]
[2020.03.13-03.28.53:263][  0]LogConfig: Setting CVar [[r.TranslucencyLightingVolumeDim:64]]
[2020.03.13-03.28.53:263][  0]LogConfig: Setting CVar [[r.RefractionQuality:2]]
[2020.03.13-03.28.53:263][  0]LogConfig: Setting CVar [[r.SSR.Quality:3]]
[2020.03.13-03.28.53:263][  0]LogConfig: Setting CVar [[r.SceneColorFormat:4]]
[2020.03.13-03.28.53:263][  0]LogConfig: Setting CVar [[r.DetailMode:2]]
[2020.03.13-03.28.53:263][  0]LogConfig: Setting CVar [[r.TranslucencyVolumeBlur:1]]
[2020.03.13-03.28.53:263][  0]LogConfig: Setting CVar [[r.MaterialQualityLevel:1 ; High quality]]
[2020.03.13-03.28.53:263][  0]LogConfig: Setting CVar [[r.SSS.Scale:1]]
[2020.03.13-03.28.53:263][  0]LogConfig: Setting CVar [[r.SSS.SampleSet:2]]
[2020.03.13-03.28.53:263][  0]LogConfig: Setting CVar [[r.SSS.Quality:1]]
[2020.03.13-03.28.53:263][  0]LogConfig: Setting CVar [[r.SSS.HalfRes:1]]
[2020.03.13-03.28.53:263][  0]LogConfig: Setting CVar [[r.EmitterSpawnRateScale:1.0]]
[2020.03.13-03.28.53:263][  0]LogConfig: Setting CVar [[r.ParticleLightQuality:2]]
[2020.03.13-03.28.53:263][  0]LogConfig: Applying CVar settings from Section [FoliageQuality@3] File [C:/Users/ericf/Desktop/repos/Marine-Squad/Marine_Squad/Saved/Config/Windows/Scalability.ini]
[2020.03.13-03.28.53:263][  0]LogConfig: Setting CVar [[foliage.DensityScale:1.0]]
[2020.03.13-03.28.53:264][  0]LogConfig: Setting CVar [[grass.DensityScale:1.0]]
[2020.03.13-03.28.53:264][  0]LogInit: Selected Device Profile: [Windows]
[2020.03.13-03.28.53:264][  0]LogInit: Applying CVar settings loaded from the selected device profile: [Windows]
[2020.03.13-03.28.53:276][  0]LogHAL: Display: Platform has ~ 8 GB [8444633088 / 8589934592 / 8], which maps to Default [LargestMinGB=32, LargerMinGB=12, DefaultMinGB=8, SmallerMinGB=6, SmallestMinGB=0)
[2020.03.13-03.28.53:276][  0]LogConfig: Setting CVar [[r.Vulkan.UseRealUBs:0		; Required until we fix HLR fall-out]]
[2020.03.13-03.28.53:276][  0]LogInit: Going up to parent DeviceProfile []
[2020.03.13-03.28.53:276][  0]LogConfig: Applying CVar settings from Section [ViewDistanceQuality@3] File [C:/Users/ericf/Desktop/repos/Marine-Squad/Marine_Squad/Saved/Config/Windows/Scalability.ini]
[2020.03.13-03.28.53:276][  0]LogConfig: Setting CVar [[r.SkeletalMeshLODBias:0]]
[2020.03.13-03.28.53:276][  0]LogConfig: Setting CVar [[r.ViewDistanceScale:1.0]]
[2020.03.13-03.28.53:276][  0]LogConfig: Applying CVar settings from Section [AntiAliasingQuality@3] File [C:/Users/ericf/Desktop/repos/Marine-Squad/Marine_Squad/Saved/Config/Windows/Scalability.ini]
[2020.03.13-03.28.53:276][  0]LogConfig: Setting CVar [[r.PostProcessAAQuality:4]]
[2020.03.13-03.28.53:276][  0]LogConfig: Applying CVar settings from Section [ShadowQuality@3] File [C:/Users/ericf/Desktop/repos/Marine-Squad/Marine_Squad/Saved/Config/Windows/Scalability.ini]
[2020.03.13-03.28.53:276][  0]LogConfig: Setting CVar [[r.LightFunctionQuality:1]]
[2020.03.13-03.28.53:276][  0]LogConfig: Setting CVar [[r.ShadowQuality:5]]
[2020.03.13-03.28.53:276][  0]LogConfig: Setting CVar [[r.Shadow.CSM.MaxCascades:10]]
[2020.03.13-03.28.53:276][  0]LogConfig: Setting CVar [[r.Shadow.MaxResolution:2048]]
[2020.03.13-03.28.53:276][  0]LogConfig: Setting CVar [[r.Shadow.MaxCSMResolution:2048]]
[2020.03.13-03.28.53:276][  0]LogConfig: Setting CVar [[r.Shadow.RadiusThreshold:0.01]]
[2020.03.13-03.28.53:276][  0]LogConfig: Setting CVar [[r.Shadow.DistanceScale:1.0]]
[2020.03.13-03.28.53:276][  0]LogConfig: Setting CVar [[r.Shadow.CSM.TransitionScale:1.0]]
[2020.03.13-03.28.53:276][  0]LogConfig: Setting CVar [[r.Shadow.PreShadowResolutionFactor:1.0]]
[2020.03.13-03.28.53:276][  0]LogConfig: Setting CVar [[r.DistanceFieldShadowing:1]]
[2020.03.13-03.28.53:276][  0]LogConfig: Setting CVar [[r.DistanceFieldAO:1]]
[2020.03.13-03.28.53:276][  0]LogConfig: Setting CVar [[r.AOQuality:2]]
[2020.03.13-03.28.53:276][  0]LogConfig: Setting CVar [[r.VolumetricFog:1]]
[2020.03.13-03.28.53:276][  0]LogConfig: Setting CVar [[r.VolumetricFog.GridPixelSize:8]]
[2020.03.13-03.28.53:276][  0]LogConfig: Setting CVar [[r.VolumetricFog.GridSizeZ:128]]
[2020.03.13-03.28.53:276][  0]LogConfig: Setting CVar [[r.VolumetricFog.HistoryMissSupersampleCount:4]]
[2020.03.13-03.28.53:276][  0]LogConfig: Setting CVar [[r.LightMaxDrawDistanceScale:1]]
[2020.03.13-03.28.53:276][  0]LogConfig: Setting CVar [[r.CapsuleShadows:1]]
[2020.03.13-03.28.53:276][  0]LogConfig: Applying CVar settings from Section [PostProcessQuality@3] File [C:/Users/ericf/Desktop/repos/Marine-Squad/Marine_Squad/Saved/Config/Windows/Scalability.ini]
[2020.03.13-03.28.53:276][  0]LogConfig: Setting CVar [[r.MotionBlurQuality:4]]
[2020.03.13-03.28.53:276][  0]LogConfig: Setting CVar [[r.AmbientOcclusionMipLevelFactor:0.4]]
[2020.03.13-03.28.53:276][  0]LogConfig: Setting CVar [[r.AmbientOcclusionMaxQuality:100]]
[2020.03.13-03.28.53:276][  0]LogConfig: Setting CVar [[r.AmbientOcclusionLevels:-1]]
[2020.03.13-03.28.53:276][  0]LogConfig: Setting CVar [[r.AmbientOcclusionRadiusScale:1.0]]
[2020.03.13-03.28.53:276][  0]LogConfig: Setting CVar [[r.DepthOfFieldQuality:2]]
[2020.03.13-03.28.53:276][  0]LogConfig: Setting CVar [[r.RenderTargetPoolMin:400]]
[2020.03.13-03.28.53:276][  0]LogConfig: Setting CVar [[r.LensFlareQuality:2]]
[2020.03.13-03.28.53:276][  0]LogConfig: Setting CVar [[r.SceneColorFringeQuality:1]]
[2020.03.13-03.28.53:276][  0]LogConfig: Setting CVar [[r.EyeAdaptationQuality:2]]
[2020.03.13-03.28.53:276][  0]LogConfig: Setting CVar [[r.BloomQuality:5]]
[2020.03.13-03.28.53:276][  0]LogConfig: Setting CVar [[r.FastBlurThreshold:100]]
[2020.03.13-03.28.53:276][  0]LogConfig: Setting CVar [[r.Upscale.Quality:3]]
[2020.03.13-03.28.53:277][  0]LogConfig: Setting CVar [[r.Tonemapper.GrainQuantization:1]]
[2020.03.13-03.28.53:277][  0]LogConfig: Setting CVar [[r.LightShaftQuality:1]]
[2020.03.13-03.28.53:277][  0]LogConfig: Setting CVar [[r.Filter.SizeScale:1]]
[2020.03.13-03.28.53:277][  0]LogConfig: Setting CVar [[r.Tonemapper.Quality:5]]
[2020.03.13-03.28.53:277][  0]LogConfig: Setting CVar [[r.DOF.Gather.AccumulatorQuality:1        ; higher gathering accumulator quality]]
[2020.03.13-03.28.53:277][  0]LogConfig: Setting CVar [[r.DOF.Gather.PostfilterMethod:1          ; Median3x3 postfilering method]]
[2020.03.13-03.28.53:277][  0]LogConfig: Setting CVar [[r.DOF.Gather.EnableBokehSettings:0       ; no bokeh simulation when gathering]]
[2020.03.13-03.28.53:277][  0]LogConfig: Setting CVar [[r.DOF.Gather.RingCount:4                 ; medium number of samples when gathering]]
[2020.03.13-03.28.53:277][  0]LogConfig: Setting CVar [[r.DOF.Scatter.ForegroundCompositing:1    ; additive foreground scattering]]
[2020.03.13-03.28.53:277][  0]LogConfig: Setting CVar [[r.DOF.Scatter.BackgroundCompositing:2    ; additive background scattering]]
[2020.03.13-03.28.53:277][  0]LogConfig: Setting CVar [[r.DOF.Scatter.EnableBokehSettings:1      ; bokeh simulation when scattering]]
[2020.03.13-03.28.53:277][  0]LogConfig: Setting CVar [[r.DOF.Scatter.MaxSpriteRatio:0.1         ; only a maximum of 10% of scattered bokeh]]
[2020.03.13-03.28.53:277][  0]LogConfig: Setting CVar [[r.DOF.Recombine.Quality:1                ; cheap slight out of focus]]
[2020.03.13-03.28.53:277][  0]LogConfig: Setting CVar [[r.DOF.Recombine.EnableBokehSettings:0    ; no bokeh simulation on slight out of focus]]
[2020.03.13-03.28.53:277][  0]LogConfig: Setting CVar [[r.DOF.TemporalAAQuality:1                ; more stable temporal accumulation]]
[2020.03.13-03.28.53:277][  0]LogConfig: Setting CVar [[r.DOF.Kernel.MaxForegroundRadius:0.025]]
[2020.03.13-03.28.53:277][  0]LogConfig: Setting CVar [[r.DOF.Kernel.MaxBackgroundRadius:0.025]]
[2020.03.13-03.28.53:277][  0]LogConfig: Applying CVar settings from Section [TextureQuality@3] File [C:/Users/ericf/Desktop/repos/Marine-Squad/Marine_Squad/Saved/Config/Windows/Scalability.ini]
[2020.03.13-03.28.53:277][  0]LogConfig: Setting CVar [[r.Streaming.MipBias:0]]
[2020.03.13-03.28.53:277][  0]LogConfig: Setting CVar [[r.Streaming.AmortizeCPUToGPUCopy:0]]
[2020.03.13-03.28.53:277][  0]LogConfig: Setting CVar [[r.Streaming.MaxNumTexturesToStreamPerFrame:0]]
[2020.03.13-03.28.53:277][  0]LogConfig: Setting CVar [[r.Streaming.Boost:1]]
[2020.03.13-03.28.53:277][  0]LogConfig: Setting CVar [[r.MaxAnisotropy:8]]
[2020.03.13-03.28.53:277][  0]LogConfig: Setting CVar [[r.Streaming.LimitPoolSizeToVRAM:0]]
[2020.03.13-03.28.53:277][  0]LogConfig: Setting CVar [[r.Streaming.PoolSize:1000]]
[2020.03.13-03.28.53:277][  0]LogConfig: Setting CVar [[r.Streaming.MaxEffectiveScreenSize:0]]
[2020.03.13-03.28.53:277][  0]LogConfig: Applying CVar settings from Section [EffectsQuality@3] File [C:/Users/ericf/Desktop/repos/Marine-Squad/Marine_Squad/Saved/Config/Windows/Scalability.ini]
[2020.03.13-03.28.53:277][  0]LogConfig: Setting CVar [[r.TranslucencyLightingVolumeDim:64]]
[2020.03.13-03.28.53:277][  0]LogConfig: Setting CVar [[r.RefractionQuality:2]]
[2020.03.13-03.28.53:277][  0]LogConfig: Setting CVar [[r.SSR.Quality:3]]
[2020.03.13-03.28.53:277][  0]LogConfig: Setting CVar [[r.SceneColorFormat:4]]
[2020.03.13-03.28.53:277][  0]LogConfig: Setting CVar [[r.DetailMode:2]]
[2020.03.13-03.28.53:277][  0]LogConfig: Setting CVar [[r.TranslucencyVolumeBlur:1]]
[2020.03.13-03.28.53:277][  0]LogConfig: Setting CVar [[r.MaterialQualityLevel:1 ; High quality]]
[2020.03.13-03.28.53:277][  0]LogConfig: Setting CVar [[r.SSS.Scale:1]]
[2020.03.13-03.28.53:277][  0]LogConfig: Setting CVar [[r.SSS.SampleSet:2]]
[2020.03.13-03.28.53:277][  0]LogConfig: Setting CVar [[r.SSS.Quality:1]]
[2020.03.13-03.28.53:277][  0]LogConfig: Setting CVar [[r.SSS.HalfRes:1]]
[2020.03.13-03.28.53:277][  0]LogConfig: Setting CVar [[r.EmitterSpawnRateScale:1.0]]
[2020.03.13-03.28.53:277][  0]LogConfig: Setting CVar [[r.ParticleLightQuality:2]]
[2020.03.13-03.28.53:277][  0]LogConfig: Applying CVar settings from Section [FoliageQuality@3] File [C:/Users/ericf/Desktop/repos/Marine-Squad/Marine_Squad/Saved/Config/Windows/Scalability.ini]
[2020.03.13-03.28.53:277][  0]LogConfig: Setting CVar [[foliage.DensityScale:1.0]]
[2020.03.13-03.28.53:277][  0]LogConfig: Setting CVar [[grass.DensityScale:1.0]]
[2020.03.13-03.28.53:277][  0]LogConfig: Applying CVar settings from Section [Startup] File [../../../Engine/Config/ConsoleVariables.ini]
[2020.03.13-03.28.53:277][  0]LogConfig: Setting CVar [[net.UseAdaptiveNetUpdateFrequency:0]]
[2020.03.13-03.28.53:277][  0]LogConfig: Setting CVar [[p.chaos.AllowCreatePhysxBodies:1]]
[2020.03.13-03.28.53:277][  0]LogConfig: Applying CVar settings from Section [ConsoleVariables] File [C:/Users/ericf/Desktop/repos/Marine-Squad/Marine_Squad/Saved/Config/Windows/Engine.ini]
[2020.03.13-03.28.53:278][  0]LogInit: Computer: FALL-PC
[2020.03.13-03.28.53:278][  0]LogInit: User: ericf
[2020.03.13-03.28.53:278][  0]LogInit: CPU Page size=4096, Cores=4
[2020.03.13-03.28.53:278][  0]LogInit: High frequency timer resolution =10.000000 MHz
[2020.03.13-03.28.53:278][  0]LogMemory: Memory total: Physical=7.9GB (8GB approx)
[2020.03.13-03.28.53:278][  0]LogMemory: Platform Memory Stats for Windows
[2020.03.13-03.28.53:278][  0]LogMemory: Process Physical Memory: 102.66 MB used, 102.66 MB peak
[2020.03.13-03.28.53:278][  0]LogMemory: Process Virtual Memory: 99.11 MB used, 99.11 MB peak
[2020.03.13-03.28.53:278][  0]LogMemory: Physical Memory: 4313.33 MB used,  3740.10 MB free, 8053.43 MB total
[2020.03.13-03.28.53:278][  0]LogMemory: Virtual Memory: 4687.49 MB used,  134213040.00 MB free, 134217728.00 MB total
[2020.03.13-03.28.53:295][  0]LogInit: Using OS detected language (en-US).
[2020.03.13-03.28.53:295][  0]LogInit: Using OS detected locale (en-US).
[2020.03.13-03.28.53:296][  0]LogTextLocalizationManager: No specific localization for 'en-US' exists, so the 'en' localization will be used.
[2020.03.13-03.28.53:445][  0]LogInit: Setting process to per monitor DPI aware
[2020.03.13-03.28.53:476][  0]LogSlate: New Slate User Created.  User Index 0, Is Virtual User: 0
[2020.03.13-03.28.53:476][  0]LogSlate: Slate User Registered.  User Index 0, Is Virtual User: 0
[2020.03.13-03.28.53:611][  0]LogHMD: Failed to initialize OpenVR with code 110
[2020.03.13-03.28.53:611][  0]LogD3D11RHI: D3D11 adapters:
[2020.03.13-03.28.53:674][  0]LogD3D11RHI:    0. 'NVIDIA GeForce GTX 970' (Feature Level 11_0)
[2020.03.13-03.28.53:674][  0]LogD3D11RHI:       4043/0/4026 MB DedicatedVideo/DedicatedSystem/SharedSystem, Outputs:2, VendorId:0x10de
[2020.03.13-03.28.53:680][  0]LogD3D11RHI:    1. 'Intel(R) HD Graphics 4600' (Feature Level 11_0)
[2020.03.13-03.28.53:680][  0]LogD3D11RHI:       112/0/2048 MB DedicatedVideo/DedicatedSystem/SharedSystem, Outputs:0, VendorId:0x8086
[2020.03.13-03.28.53:682][  0]LogD3D11RHI:    2. 'Microsoft Basic Render Driver' (Feature Level 11_0)
[2020.03.13-03.28.53:682][  0]LogD3D11RHI:       0/0/4026 MB DedicatedVideo/DedicatedSystem/SharedSystem, Outputs:0, VendorId:0x1414
[2020.03.13-03.28.53:682][  0]LogD3D11RHI: Chosen D3D11 Adapter: 0
[2020.03.13-03.28.53:687][  0]LogD3D11RHI: Creating new Direct3DDevice
[2020.03.13-03.28.53:688][  0]LogD3D11RHI:     GPU DeviceId: 0x13c2 (for the marketing name, search the web for "GPU Device Id")
[2020.03.13-03.28.53:688][  0]LogWindows: EnumDisplayDevices:
[2020.03.13-03.28.53:688][  0]LogWindows:    0. 'NVIDIA GeForce GTX 970' (P:0 D:1)
[2020.03.13-03.28.53:688][  0]LogWindows:    1. 'NVIDIA GeForce GTX 970' (P:1 D:1)
[2020.03.13-03.28.53:688][  0]LogWindows:    2. 'NVIDIA GeForce GTX 970' (P:0 D:0)
[2020.03.13-03.28.53:688][  0]LogWindows:    3. 'NVIDIA GeForce GTX 970' (P:0 D:0)
[2020.03.13-03.28.53:689][  0]LogWindows:    4. 'Intel(R) HD Graphics 4600' (P:0 D:0)
[2020.03.13-03.28.53:689][  0]LogWindows:    5. 'Intel(R) HD Graphics 4600' (P:0 D:0)
[2020.03.13-03.28.53:689][  0]LogWindows:    6. 'Intel(R) HD Graphics 4600' (P:0 D:0)
[2020.03.13-03.28.53:689][  0]LogWindows: DebugString: PrimaryIsNotTheChoosenAdapter PrimaryIsNotTheChoosenAdapter PrimaryIsNotTheChoosenAdapter FoundDriverCount:4 
[2020.03.13-03.28.53:689][  0]LogD3D11RHI:     Adapter Name: NVIDIA GeForce GTX 970
[2020.03.13-03.28.53:689][  0]LogD3D11RHI:   Driver Version: 436.02 (internal:26.21.14.3602, unified:436.02)
[2020.03.13-03.28.53:689][  0]LogD3D11RHI:      Driver Date: 8-16-2019
[2020.03.13-03.28.53:689][  0]LogRHI: Texture pool is 2830 MB (70% of 4043 MB)
[2020.03.13-03.28.53:729][  0]LogD3D11RHI: Async texture creation enabled
[2020.03.13-03.28.53:741][  0]LogRendererCore: FGlobalReadBuffer::InitRHI
[2020.03.13-03.28.53:742][  0]LogRendererCore: FGlobalReadBuffer::InitRHI
[2020.03.13-03.28.53:742][  0]LogRendererCore: FGlobalReadBuffer::InitRHI
[2020.03.13-03.28.53:750][  0]LogD3D11RHI: GPU Timing Frequency: 1000.000000 (Debug: 2 1)
[2020.03.13-03.28.54:201][  0]LogTemp: Display: Module 'AllDesktopTargetPlatform' loaded TargetPlatform 'AllDesktop'
[2020.03.13-03.28.54:214][  0]LogTemp: Display: Module 'MacClientTargetPlatform' loaded TargetPlatform 'MacClient'
[2020.03.13-03.28.54:226][  0]LogTemp: Display: Module 'MacNoEditorTargetPlatform' loaded TargetPlatform 'MacNoEditor'
[2020.03.13-03.28.54:240][  0]LogTemp: Display: Module 'MacServerTargetPlatform' loaded TargetPlatform 'MacServer'
[2020.03.13-03.28.54:253][  0]LogTemp: Display: Module 'MacTargetPlatform' loaded TargetPlatform 'Mac'
[2020.03.13-03.28.54:265][  0]LogTemp: Display: Module 'WindowsClientTargetPlatform' loaded TargetPlatform 'WindowsClient'
[2020.03.13-03.28.54:278][  0]LogTemp: Display: Module 'WindowsNoEditorTargetPlatform' loaded TargetPlatform 'WindowsNoEditor'
[2020.03.13-03.28.54:291][  0]LogTemp: Display: Module 'WindowsServerTargetPlatform' loaded TargetPlatform 'WindowsServer'
[2020.03.13-03.28.54:296][  0]LogTemp: Display: Module 'WindowsTargetPlatform' loaded TargetPlatform 'Windows'
[2020.03.13-03.28.54:373][  0]LogTemp: Display: Module 'AndroidTargetPlatform' loaded TargetPlatform 'Android'
[2020.03.13-03.28.54:373][  0]LogTemp: Display: Module 'AndroidTargetPlatform' loaded TargetPlatform 'Android_ASTC'
[2020.03.13-03.28.54:373][  0]LogTemp: Display: Module 'AndroidTargetPlatform' loaded TargetPlatform 'Android_ATC'
[2020.03.13-03.28.54:373][  0]LogTemp: Display: Module 'AndroidTargetPlatform' loaded TargetPlatform 'Android_DXT'
[2020.03.13-03.28.54:373][  0]LogTemp: Display: Module 'AndroidTargetPlatform' loaded TargetPlatform 'Android_ETC1'
[2020.03.13-03.28.54:373][  0]LogTemp: Display: Module 'AndroidTargetPlatform' loaded TargetPlatform 'Android_ETC1a'
[2020.03.13-03.28.54:373][  0]LogTemp: Display: Module 'AndroidTargetPlatform' loaded TargetPlatform 'Android_ETC2'
[2020.03.13-03.28.54:373][  0]LogTemp: Display: Module 'AndroidTargetPlatform' loaded TargetPlatform 'Android_PVRTC'
[2020.03.13-03.28.54:374][  0]LogTemp: Display: Module 'AndroidTargetPlatform' loaded TargetPlatform 'AndroidClient'
[2020.03.13-03.28.54:374][  0]LogTemp: Display: Module 'AndroidTargetPlatform' loaded TargetPlatform 'Android_ASTCClient'
[2020.03.13-03.28.54:374][  0]LogTemp: Display: Module 'AndroidTargetPlatform' loaded TargetPlatform 'Android_ATCClient'
[2020.03.13-03.28.54:374][  0]LogTemp: Display: Module 'AndroidTargetPlatform' loaded TargetPlatform 'Android_DXTClient'
[2020.03.13-03.28.54:374][  0]LogTemp: Display: Module 'AndroidTargetPlatform' loaded TargetPlatform 'Android_ETC1Client'
[2020.03.13-03.28.54:374][  0]LogTemp: Display: Module 'AndroidTargetPlatform' loaded TargetPlatform 'Android_ETC1aClient'
[2020.03.13-03.28.54:374][  0]LogTemp: Display: Module 'AndroidTargetPlatform' loaded TargetPlatform 'Android_ETC2Client'
[2020.03.13-03.28.54:374][  0]LogTemp: Display: Module 'AndroidTargetPlatform' loaded TargetPlatform 'Android_PVRTCClient'
[2020.03.13-03.28.54:374][  0]LogTemp: Display: Module 'AndroidTargetPlatform' loaded TargetPlatform 'Android_Multi'
[2020.03.13-03.28.54:374][  0]LogTemp: Display: Module 'AndroidTargetPlatform' loaded TargetPlatform 'Android_MultiClient'
[2020.03.13-03.28.54:375][  0]LogTemp: Display: Module 'HTML5TargetPlatform' loaded TargetPlatform 'HTML5'
[2020.03.13-03.28.54:422][  0]LogTemp: Display: Module 'IOSTargetPlatform' loaded TargetPlatform 'IOSClient'
[2020.03.13-03.28.54:422][  0]LogTemp: Display: Module 'IOSTargetPlatform' loaded TargetPlatform 'IOS'
[2020.03.13-03.28.54:446][  0]LogTemp: Display: Module 'TVOSTargetPlatform' loaded TargetPlatform 'TVOSClient'
[2020.03.13-03.28.54:446][  0]LogTemp: Display: Module 'TVOSTargetPlatform' loaded TargetPlatform 'TVOS'
[2020.03.13-03.28.54:458][  0]LogTemp: Display: Module 'LinuxClientTargetPlatform' loaded TargetPlatform 'LinuxClient'
[2020.03.13-03.28.54:470][  0]LogTemp: Display: Module 'LinuxNoEditorTargetPlatform' loaded TargetPlatform 'LinuxNoEditor'
[2020.03.13-03.28.54:481][  0]LogTemp: Display: Module 'LinuxServerTargetPlatform' loaded TargetPlatform 'LinuxServer'
[2020.03.13-03.28.54:493][  0]LogTemp: Display: Module 'LinuxTargetPlatform' loaded TargetPlatform 'Linux'
[2020.03.13-03.28.54:536][  0]LogTemp: Display: Module 'LuminTargetPlatform' loaded TargetPlatform 'Lumin'
[2020.03.13-03.28.54:536][  0]LogTemp: Display: Module 'LuminTargetPlatform' loaded TargetPlatform 'LuminClient'
[2020.03.13-03.28.54:536][  0]LogTargetPlatformManager: Display: Building Assets For Windows
[2020.03.13-03.28.54:542][  0]LogAudioDebug: Display: Lib vorbis DLL was dynamically loaded.
[2020.03.13-03.28.54:571][  0]LogShaderCompilers: Guid format shader working directory is -8 characters bigger than the processId version (C:/Users/ericf/Desktop/repos/Marine-Squad/Marine_Squad/Intermediate/Shaders/WorkingDirectory/3940/).
[2020.03.13-03.28.54:571][  0]LogShaderCompilers: Cleaned the shader compiler working directory 'C:/Users/ericf/AppData/Local/Temp/UnrealShaderWorkingDir/2E6857244F96BDF9926A28BFA76DAF59/'.
[2020.03.13-03.28.54:573][  0]LogXGEController: Cleaning working directory: C:/Users/ericf/AppData/Local/Temp/UnrealXGEWorkingDir/
[2020.03.13-03.28.54:573][  0]LogXGEController: Cannot use XGE Controller as Incredibuild is not installed on this machine.
[2020.03.13-03.28.54:573][  0]LogShaderCompilers: Cannot use XGE Shader Compiler as Incredibuild is not installed on this machine.
[2020.03.13-03.28.54:573][  0]LogShaderCompilers: Display: Using Local Shader Compiler.
[2020.03.13-03.28.55:103][  0]LogDerivedDataCache: Display: Max Cache Size: 512 MB
[2020.03.13-03.28.55:154][  0]LogDerivedDataCache: Loaded boot cache 0.05s 71MB C:/Users/ericf/AppData/Local/UnrealEngine/4.22/DerivedDataCache/Boot.ddc.
[2020.03.13-03.28.55:154][  0]LogDerivedDataCache: Display: Loaded Boot cache: C:/Users/ericf/AppData/Local/UnrealEngine/4.22/DerivedDataCache/Boot.ddc
[2020.03.13-03.28.55:154][  0]LogDerivedDataCache: FDerivedDataBackendGraph:  Pak pak cache file C:/Users/ericf/Desktop/repos/Marine-Squad/Marine_Squad/DerivedDataCache/DDC.ddp not found, will not use a pak cache.
[2020.03.13-03.28.55:154][  0]LogDerivedDataCache: Unable to find inner node Pak for hierarchical cache Hierarchy.
[2020.03.13-03.28.55:155][  0]LogDerivedDataCache: FDerivedDataBackendGraph:  CompressedPak pak cache file C:/Users/ericf/Desktop/repos/Marine-Squad/Marine_Squad/DerivedDataCache/Compressed.ddp not found, will not use a pak cache.
[2020.03.13-03.28.55:155][  0]LogDerivedDataCache: Unable to find inner node CompressedPak for hierarchical cache Hierarchy.
[2020.03.13-03.28.55:167][  0]LogDerivedDataCache: Display: Pak cache opened for reading ../../../Engine/DerivedDataCache/Compressed.ddp.
[2020.03.13-03.28.55:167][  0]LogDerivedDataCache: FDerivedDataBackendGraph:  EnterprisePak pak cache file ../../../Enterprise/DerivedDataCache/Compressed.ddp not found, will not use a pak cache.
[2020.03.13-03.28.55:167][  0]LogDerivedDataCache: Unable to find inner node EnterprisePak for hierarchical cache Hierarchy.
[2020.03.13-03.28.55:179][  0]LogDerivedDataCache: Using Local data cache path C:/Users/ericf/AppData/Local/UnrealEngine/Common/DerivedDataCache: Writable
[2020.03.13-03.28.55:179][  0]LogDerivedDataCache: Shared data cache path not found in *engine.ini, will not use an Shared cache.
[2020.03.13-03.28.55:179][  0]LogDerivedDataCache: Unable to find inner node Shared for hierarchical cache Hierarchy.
[2020.03.13-03.28.55:201][  0]LogMaterial: Verifying Global Shaders for PCD3D_SM5
[2020.03.13-03.28.55:202][  0]LogSlate: Using FreeType 2.6.0
[2020.03.13-03.28.55:202][  0]LogSlate: SlateFontServices - WITH_FREETYPE: 1, WITH_HARFBUZZ: 1
[2020.03.13-03.28.55:277][  0]LogAssetRegistry: FAssetRegistry took 0.0329 seconds to start up
[2020.03.13-03.28.55:570][  0]LogInit: Selected Device Profile: [Windows]
[2020.03.13-03.28.55:611][  0]LogMeshReduction: Using QuadricMeshReduction for automatic static mesh reduction
[2020.03.13-03.28.55:611][  0]LogMeshReduction: Using SimplygonMeshReduction for automatic skeletal mesh reduction
[2020.03.13-03.28.55:611][  0]LogMeshReduction: Using ProxyLODMeshReduction for automatic mesh merging
[2020.03.13-03.28.55:612][  0]LogMeshReduction: No distributed automatic mesh merging module available
[2020.03.13-03.28.55:612][  0]LogMeshMerging: No distributed automatic mesh merging module available
[2020.03.13-03.28.55:697][  0]LogNetVersion: Marine_Squad 1.0.0, NetCL: 5660361, EngineNetVer: 10, GameNetVer: 0 (Checksum: 4148284594)
[2020.03.13-03.28.56:058][  0]LogPackageLocalizationCache: Processed 10 localized package path(s) for 1 prioritized culture(s) in 0.039921 seconds
[2020.03.13-03.28.56:065][  0]LogUObjectArray: 42205 objects as part of root set at end of initial load.
[2020.03.13-03.28.56:065][  0]LogUObjectAllocator: 7325032 out of 0 bytes used by permanent object pool.
[2020.03.13-03.28.56:065][  0]LogUObjectArray: CloseDisregardForGC: 0/0 objects in disregard for GC pool
[2020.03.13-03.28.56:746][  0]LogVaFog: [FVaFogOfWarModule::StartupModule(44)] VaFogOfWar module started
[2020.03.13-03.28.56:749][  0]LogTcpMessaging: Initializing TcpMessaging bridge
[2020.03.13-03.28.56:763][  0]LogUdpMessaging: Initializing bridge on interface 0.0.0.0:0 to multicast group 230.0.0.1:6666.
[2020.03.13-03.28.56:840][  0]LogStats: UGameplayTagsManager::InitializeManager -  0.000 s
[2020.03.13-03.28.57:614][  0]SourceControl: Source control is disabled
[2020.03.13-03.28.57:614][  0]SourceControl: Source control is disabled
[2020.03.13-03.28.57:643][  0]SourceControl: Source control is disabled
[2020.03.13-03.28.57:661][  0]SourceControl: Source control is disabled
[2020.03.13-03.28.59:062][  0]LogAndroidPermission: UAndroidPermissionCallbackProxy::GetInstance
[2020.03.13-03.28.59:680][  0]LogOcInput: OculusInput pre-init called
[2020.03.13-03.29.00:607][  0]LogEngine: Initializing Engine...
[2020.03.13-03.29.00:607][  0]LogHMD: Failed to initialize OpenVR with code 110
[2020.03.13-03.29.01:209][  0]LogInit: Initializing FReadOnlyCVARCache
[2020.03.13-03.29.01:234][  0]LogAIModule: Creating AISystem for world Untitled
[2020.03.13-03.29.01:235][  0]LogVaFog: [FVaFogOfWarModule::StartupModule::<lambda_976865d7f760a47e2a086b15bf7dcbd9>::operator ()(41)] Fog Controller is created for: Untitled
[2020.03.13-03.29.01:496][  0]LogInit: XAudio2 using 'HEAD SET (Corsair VOID PRO USB Gaming Headset )' : 2 channels at 48 kHz using 16 bits per sample (channel mask 0x3)
[2020.03.13-03.29.01:682][  0]LogInit: FAudioDevice initialized.
[2020.03.13-03.29.01:682][  0]LogNetVersion: Set ProjectVersion to 1.0.0.0. Version Checksum will be recalculated on next use.
[2020.03.13-03.29.02:970][  0]LogDerivedDataCache: Saved boot cache 1.29s 71MB C:/Users/ericf/AppData/Local/UnrealEngine/4.22/DerivedDataCache/Boot.ddc.
[2020.03.13-03.29.02:982][  0]LogInit: Texture streaming: Enabled
[2020.03.13-03.29.03:223][  0]LogEngineSessionManager: EngineSessionManager initialized
[2020.03.13-03.29.03:224][  0]LogEngineSessionManager: EngineSessionManager sent abnormal shutdown report. Type=Crashed, SessionId={C190A12F-4B91-4E8F-52D7-54896E6F3E8A}
[2020.03.13-03.29.03:310][  0]LogInit: Transaction tracking system initialized
[2020.03.13-03.29.03:477][  0]BlueprintLog: New page: Editor Load
[2020.03.13-03.29.04:654][  0]LocalizationService: Localization service is disabled
[2020.03.13-03.29.06:621][  0]LogCook: Display: Max memory allowance for cook 16384mb min free memory 0mb
[2020.03.13-03.29.06:621][  0]LogCook: Display: Mobile HDR setting 1
[2020.03.13-03.29.06:680][  0]LogFileCache: Scanning file cache for directory 'C:/Users/ericf/Desktop/repos/Marine-Squad/Marine_Squad/Content/' took 0.03s
[2020.03.13-03.29.06:680][  0]LogStats: FGameplayAbilitiesEditorModule::GameplayTagTreeChanged -  0.000 s
[2020.03.13-03.29.07:902][  0]SourceControl: Source control is disabled
[2020.03.13-03.29.07:902][  0]Cmd: MAP LOAD FILE="C:/Users/ericf/Desktop/repos/Marine-Squad/Marine_Squad/Content/StarterContent/Maps/Minimal_Default.umap" TEMPLATE=0 SHOWPROGRESS=1 FEATURELEVEL=3
[2020.03.13-03.29.07:946][  0]LightingResults: New page: Lighting Build
[2020.03.13-03.29.07:948][  0]LogVaFog: [FVaFogOfWarModule::StartupModule::<lambda_144d8ffb0c7ca55232a4412d9c0c3636>::operator ()(31)] Fog Controller is removed for: Untitled
[2020.03.13-03.29.07:948][  0]MapCheck: New page: Map Check
[2020.03.13-03.29.07:948][  0]LightingResults: New page: Lighting Build
[2020.03.13-03.29.07:973][  0]LogUObjectHash: Compacting FUObjectHashTables data took   1.96ms
[2020.03.13-03.29.08:845][  0]LogLinker: Error: HOTRELOADED_ParentUnit_0 has an inappropriate outermost, it was probably saved with a deprecated outer (file: C:/Users/ericf/Desktop/repos/Marine-Squad/Marine_Squad/Content/BP/Units_BP/UnitsEffects/HPBAR.uasset)
[2020.03.13-03.29.08:845][  0]LogLinker: Error: HOTRELOADED_ParentUnit_0 has an inappropriate outermost, it was probably saved with a deprecated outer (file: C:/Users/ericf/Desktop/repos/Marine-Squad/Marine_Squad/Content/BP/Units_BP/UnitsEffects/HPBAR.uasset)
[2020.03.13-03.29.08:846][  0]LogLinker: Error: HOTRELOADED_ParentUnit_0 has an inappropriate outermost, it was probably saved with a deprecated outer (file: C:/Users/ericf/Desktop/repos/Marine-Squad/Marine_Squad/Content/BP/Units_BP/UnitsEffects/HPBAR.uasset)
[2020.03.13-03.29.08:846][  0]LogLinker: Error: HOTRELOADED_ParentUnit_0 has an inappropriate outermost, it was probably saved with a deprecated outer (file: C:/Users/ericf/Desktop/repos/Marine-Squad/Marine_Squad/Content/BP/Units_BP/UnitsEffects/HPBAR.uasset)
[2020.03.13-03.29.11:154][  0]LogAIModule: Creating AISystem for world Minimal_Default
[2020.03.13-03.29.11:154][  0]LogVaFog: [FVaFogOfWarModule::StartupModule::<lambda_976865d7f760a47e2a086b15bf7dcbd9>::operator ()(41)] Fog Controller is created for: Minimal_Default
[2020.03.13-03.29.11:228][  0]LogEditorServer: Finished looking for orphan Actors (0.000 secs)
[2020.03.13-03.29.11:255][  0]LogUObjectHash: Compacting FUObjectHashTables data took   2.28ms
[2020.03.13-03.29.11:255][  0]Cmd: MAP CHECKDEP NOCLEARLOG
[2020.03.13-03.29.11:256][  0]MapCheck: Map check complete: 0 Error(s), 0 Warning(s), took 0.155ms to complete.
[2020.03.13-03.29.11:256][  0]LogFileHelpers: Loading map 'Minimal_Default' took 3.353
[2020.03.13-03.29.11:451][  0]LogSlate: Updating window title bar state: overlay mode, drag disabled, window buttons hidden, title bar hidden
[2020.03.13-03.29.11:458][  0]LogSlate: Updating window title bar state: overlay mode, drag disabled, window buttons hidden, title bar hidden
[2020.03.13-03.29.11:466][  0]LogSlate: Updating window title bar state: overlay mode, drag disabled, window buttons hidden, title bar hidden
[2020.03.13-03.29.11:474][  0]LogSlate: Updating window title bar state: overlay mode, drag disabled, window buttons hidden, title bar hidden
[2020.03.13-03.29.11:557][  0]LogCollectionManager: Loaded 0 collections in 0.000767 seconds
[2020.03.13-03.29.11:583][  0]LogFileCache: Scanning file cache for directory 'C:/Users/ericf/Desktop/repos/Marine-Squad/Marine_Squad/Saved/Collections/' took 0.01s
[2020.03.13-03.29.11:583][  0]LogFileCache: Scanning file cache for directory 'C:/Users/ericf/Desktop/repos/Marine-Squad/Marine_Squad/Content/Developers/ericf/Collections/' took 0.01s
[2020.03.13-03.29.11:583][  0]LogFileCache: Scanning file cache for directory 'C:/Users/ericf/Desktop/repos/Marine-Squad/Marine_Squad/Content/Collections/' took 0.00s
[2020.03.13-03.29.11:583][  0]LogCollectionManager: Rebuilt the GUID cache for 0 collections in 0.000000 seconds
[2020.03.13-03.29.11:592][  0]LogContentBrowser: Native class hierarchy populated in 0.0087 seconds. Added 2839 classes and 674 folders.
[2020.03.13-03.29.11:596][  0]LogContentBrowser: Native class hierarchy updated for 'WidgetCarousel' in 0.0004 seconds. Added 0 classes and 0 folders.
[2020.03.13-03.29.11:602][  0]LogPakFile: Registered encryption key '00000000000000000000000000000000': 0 pak files mounted, 0 remain pending
[2020.03.13-03.29.11:608][  0]LogPakFile: Registered encryption key '00000000000000000000000000000000': 0 pak files mounted, 0 remain pending
[2020.03.13-03.29.11:629][  0]LogPakFile: Registered encryption key '00000000000000000000000000000000': 0 pak files mounted, 0 remain pending
[2020.03.13-03.29.11:636][  0]LogPakFile: Registered encryption key '00000000000000000000000000000000': 0 pak files mounted, 0 remain pending
[2020.03.13-03.29.11:643][  0]LogPakFile: Registered encryption key '00000000000000000000000000000000': 0 pak files mounted, 0 remain pending
[2020.03.13-03.29.11:688][  0]LogPakFile: Registered encryption key '00000000000000000000000000000000': 0 pak files mounted, 0 remain pending
[2020.03.13-03.29.11:694][  0]LogPakFile: Registered encryption key '00000000000000000000000000000000': 0 pak files mounted, 0 remain pending
[2020.03.13-03.29.11:700][  0]LogPakFile: Registered encryption key '00000000000000000000000000000000': 0 pak files mounted, 0 remain pending
[2020.03.13-03.29.11:707][  0]LogPakFile: Registered encryption key '00000000000000000000000000000000': 0 pak files mounted, 0 remain pending
[2020.03.13-03.29.11:715][  0]LogPakFile: Registered encryption key '00000000000000000000000000000000': 0 pak files mounted, 0 remain pending
[2020.03.13-03.29.11:720][  0]LogPakFile: Registered encryption key '00000000000000000000000000000000': 0 pak files mounted, 0 remain pending
[2020.03.13-03.29.11:726][  0]LogPakFile: Registered encryption key '00000000000000000000000000000000': 0 pak files mounted, 0 remain pending
[2020.03.13-03.29.11:732][  0]LogPakFile: Registered encryption key '00000000000000000000000000000000': 0 pak files mounted, 0 remain pending
[2020.03.13-03.29.11:752][  0]LogPakFile: Registered encryption key '00000000000000000000000000000000': 0 pak files mounted, 0 remain pending
[2020.03.13-03.29.11:757][  0]LogPakFile: Registered encryption key '00000000000000000000000000000000': 0 pak files mounted, 0 remain pending
[2020.03.13-03.29.11:764][  0]LogPakFile: Registered encryption key '00000000000000000000000000000000': 0 pak files mounted, 0 remain pending
[2020.03.13-03.29.11:791][  0]LogPakFile: Registered encryption key '00000000000000000000000000000000': 0 pak files mounted, 0 remain pending
[2020.03.13-03.29.11:798][  0]LogPakFile: Registered encryption key '00000000000000000000000000000000': 0 pak files mounted, 0 remain pending
[2020.03.13-03.29.11:804][  0]LogPakFile: Registered encryption key '00000000000000000000000000000000': 0 pak files mounted, 0 remain pending
[2020.03.13-03.29.11:879][  0]LogPakFile: Registered encryption key '00000000000000000000000000000000': 0 pak files mounted, 0 remain pending
[2020.03.13-03.29.11:891][  0]LogPakFile: Registered encryption key '00000000000000000000000000000000': 0 pak files mounted, 0 remain pending
[2020.03.13-03.29.11:899][  0]LogPakFile: Registered encryption key '00000000000000000000000000000000': 0 pak files mounted, 0 remain pending
[2020.03.13-03.29.11:906][  0]LogPakFile: Registered encryption key '00000000000000000000000000000000': 0 pak files mounted, 0 remain pending
[2020.03.13-03.29.11:913][  0]LogPakFile: Registered encryption key '00000000000000000000000000000000': 0 pak files mounted, 0 remain pending
[2020.03.13-03.29.11:920][  0]LogPakFile: Registered encryption key '00000000000000000000000000000000': 0 pak files mounted, 0 remain pending
[2020.03.13-03.29.11:928][  0]LogPakFile: Registered encryption key '00000000000000000000000000000000': 0 pak files mounted, 0 remain pending
[2020.03.13-03.29.12:065][  0]LogContentBrowser: Native class hierarchy updated for 'AddContentDialog' in 0.0004 seconds. Added 0 classes and 0 folders.
[2020.03.13-03.29.12:137][  0]LogSlate: Took 0.000138 seconds to synchronously load lazily loaded font '../../../Engine/Content/Slate/Fonts/Roboto-Regular.ttf' (155K)
[2020.03.13-03.29.12:140][  0]LogSlate: Took 0.000165 seconds to synchronously load lazily loaded font '../../../Engine/Content/Slate/Fonts/Roboto-Bold.ttf' (160K)
[2020.03.13-03.29.12:148][  0]LogSlate: Took 0.006454 seconds to synchronously load lazily loaded font '../../../Engine/Content/Editor/Slate/Fonts/FontAwesome.ttf' (139K)
[2020.03.13-03.29.12:190][  0]LogSlate: Took 0.041233 seconds to synchronously load lazily loaded font '../../../Engine/Content/Slate/Fonts/DroidSansMono.ttf' (77K)
[2020.03.13-03.29.12:349][  0]LogRenderer: Reallocating scene render targets to support 1968x896 Format 10 NumSamples 1 (Frame:1).
[2020.03.13-03.29.12:703][  0]LogContentBrowser: Native class hierarchy updated for 'HierarchicalLODOutliner' in 0.0009 seconds. Added 0 classes and 0 folders.
[2020.03.13-03.29.12:703][  0]LogLoad: (Engine Initialization) Total time: 62.21 seconds
[2020.03.13-03.29.12:703][  0]LogLoad: (Engine Initialization) Total Blueprint compile time: 0.00 seconds
[2020.03.13-03.29.12:759][  0]LogAssetRegistry: Asset discovery search completed in 17.5039 seconds
[2020.03.13-03.29.12:762][  0]LogCollectionManager: Rebuilt the object cache for 0 collections in 0.000000 seconds (found 0 objects)
[2020.03.13-03.29.12:762][  0]LogCollectionManager: Fixed up redirectors for 0 collections in 0.000183 seconds (updated 0 objects)
[2020.03.13-03.29.12:763][  0]LogContentStreaming: Texture pool size now 1000 MB
[2020.03.13-03.30.17:549][290]LogSlate: FSceneViewport::OnFocusLost() reason 0
[2020.03.13-03.31.21:334][914]LogSlate: Took 0.006300 seconds to synchronously load lazily loaded font '../../../Engine/Content/Slate/Fonts/Roboto-Light.ttf' (167K)
[2020.03.13-03.31.21:347][914]LogAssetEditorManager: Opening Asset editor for Class /Script/Marine_Squad.ParentUnit
[2020.03.13-03.31.41:588][ 13]Candidate modules for hot reload:
[2020.03.13-03.31.41:588][ 13]  Marine_Squad
[2020.03.13-03.31.41:589][ 13]Launching UnrealBuildTool... [Q:/UE_4.22/Engine/Binaries/DotNET/UnrealBuildTool.exe  -ModuleWithSuffix=Marine_Squad,3840 Win64 Development -TargetType=Editor -Project="C:/Users/ericf/Desktop/repos/Marine-Squad/Marine_Squad/Marine_Squad.uproject" "C:/Users/ericf/Desktop/repos/Marine-Squad/Marine_Squad/Marine_Squad.uproject"  -IgnoreJunk]
[2020.03.13-03.31.41:597][ 13]Warning: Starting HotReload took  0.0s.
[2020.03.13-03.32.24:783][750]CompilerResultsLog: New page: Compilation - Mar 12, 2020, 5:32:24 PM
[2020.03.13-03.32.24:783][750]CompilerResultsLog: Using 'git status' to determine working set for adaptive non-unity build (C:\Users\ericf\Desktop\repos\Marine-Squad).
[2020.03.13-03.32.24:783][750]CompilerResultsLog: Creating makefile for Marine_SquadEditor (ini files are newer than makefile)
[2020.03.13-03.32.24:783][750]CompilerResultsLog: Parsing headers for Marine_SquadEditor
[2020.03.13-03.32.24:783][750]CompilerResultsLog:   Running UnrealHeaderTool "C:\Users\ericf\Desktop\repos\Marine-Squad\Marine_Squad\Marine_Squad.uproject" "C:\Users\ericf\Desktop\repos\Marine-Squad\Marine_Squad\Intermediate\Build\Win64\Marine_SquadEditor\Development\Marine_SquadEditor.uhtmanifest" -LogCmds="loginit warning, logexit warning, logdatabase error" -Unattended -WarningsAsErrors -installed
[2020.03.13-03.32.24:784][750]CompilerResultsLog: LogCompile: Error: Circular dependency detected for filename C:\Users\ericf\Desktop\repos\Marine-Squad\Marine_Squad\Source\Marine_Squad\ParentUnit.h!
[2020.03.13-03.32.24:784][750]CompilerResultsLog: Reflection code generated for Marine_SquadEditor in 6.2581377 seconds
[2020.03.13-03.32.24:784][750]CompilerResultsLog: Using Visual Studio 2019 14.21.27702 toolchain (C:\Program Files (x86)\Microsoft Visual Studio\2019\BuildTools\VC\Tools\MSVC\14.21.27702) and Windows 10.0.17763.0 SDK (C:\Program Files (x86)\Windows Kits\10).
[2020.03.13-03.32.24:784][750]CompilerResultsLog: Building 13 actions with 4 processes...
[2020.03.13-03.32.24:785][750]CompilerResultsLog:   [1/13] Marine_Squad.init.gen.cpp
[2020.03.13-03.32.24:785][750]CompilerResultsLog:   [2/13] ParentUnit.gen.cpp
[2020.03.13-03.32.24:785][750]CompilerResultsLog:    C:\Users\ericf\Desktop\repos\Marine-Squad\Marine_Squad\Source\Marine_Squad\HUD_MarineSquad.h(35) : error C2065: 'AParentUnit': undeclared identifier
[2020.03.13-03.32.24:785][750]CompilerResultsLog:    C:\Users\ericf\Desktop\repos\Marine-Squad\Marine_Squad\Source\Marine_Squad\HUD_MarineSquad.h(35) : error C2059: syntax error: '>'
[2020.03.13-03.32.24:785][750]CompilerResultsLog:   [3/13] BaseAbilityChooseLocation.gen.cpp
[2020.03.13-03.32.24:785][750]CompilerResultsLog:    C:\Users\ericf\Desktop\repos\Marine-Squad\Marine_Squad\Source\Marine_Squad\HUD_MarineSquad.h(35) : error C2065: 'AParentUnit': undeclared identifier
[2020.03.13-03.32.24:786][750]CompilerResultsLog:    C:\Users\ericf\Desktop\repos\Marine-Squad\Marine_Squad\Source\Marine_Squad\HUD_MarineSquad.h(35) : error C2059: syntax error: '>'
[2020.03.13-03.32.24:786][750]CompilerResultsLog:   C:\Users\ericf\Desktop\repos\Marine-Squad\Marine_Squad\Source\Marine_Squad/Abilities/BaseAbilityChooseLocation.h(32): warning C4263: 'FVector ABaseAbilityChooseLocation::GetTargetLocation(void)': member function does not override any base class virtual member function
[2020.03.13-03.32.24:786][750]CompilerResultsLog:   C:\Users\ericf\Desktop\repos\Marine-Squad\Marine_Squad\Source\Marine_Squad/Abilities/BaseAbilityChooseLocation.h(33): warning C4264: 'FVector AActor::GetTargetLocation(AActor *) const': no override available for virtual member function from base 'AActor'; function is hidden
[2020.03.13-03.32.24:787][750]CompilerResultsLog:   Q:\UE_4.22\Engine\Source\Runtime\Engine\Classes\GameFramework/Actor.h(2659): note: see declaration of 'AActor::GetTargetLocation'
[2020.03.13-03.32.24:787][750]CompilerResultsLog:   Q:\UE_4.22\Engine\Intermediate\Build\Win64\UE4Editor\Inc\Engine\HUD.generated.h(14): note: see declaration of 'AActor'
[2020.03.13-03.32.24:787][750]CompilerResultsLog:   [4/13] PlayerController_MarineSquad.gen.cpp
[2020.03.13-03.32.24:787][750]CompilerResultsLog:   [5/13] HUD_MarineSquad.gen.cpp
[2020.03.13-03.32.24:787][750]CompilerResultsLog:   [6/13] BaseAbilityChooseLocation.cpp
[2020.03.13-03.32.24:787][750]CompilerResultsLog:    C:\Users\ericf\Desktop\repos\Marine-Squad\Marine_Squad\Source\Marine_Squad\HUD_MarineSquad.h(35) : error C2065: 'AParentUnit': undeclared identifier
[2020.03.13-03.32.24:788][750]CompilerResultsLog:    C:\Users\ericf\Desktop\repos\Marine-Squad\Marine_Squad\Source\Marine_Squad\HUD_MarineSquad.h(35) : error C2059: syntax error: '>'
[2020.03.13-03.32.24:788][750]CompilerResultsLog:   C:\Users\ericf\Desktop\repos\Marine-Squad\Marine_Squad\Source\Marine_Squad\Abilities\BaseAbilityChooseLocation.h(32): warning C4263: 'FVector ABaseAbilityChooseLocation::GetTargetLocation(void)': member function does not override any base class virtual member function
[2020.03.13-03.32.24:788][750]CompilerResultsLog:   C:\Users\ericf\Desktop\repos\Marine-Squad\Marine_Squad\Source\Marine_Squad\Abilities\BaseAbilityChooseLocation.h(33): warning C4264: 'FVector AActor::GetTargetLocation(AActor *) const': no override available for virtual member function from base 'AActor'; function is hidden
[2020.03.13-03.32.24:789][750]CompilerResultsLog:   Q:\UE_4.22\Engine\Source\Runtime\Engine\Classes\GameFramework/Actor.h(2659): note: see declaration of 'AActor::GetTargetLocation'
[2020.03.13-03.32.24:789][750]CompilerResultsLog:   Q:\UE_4.22\Engine\Intermediate\Build\Win64\UE4Editor\Inc\Engine\HUD.generated.h(14): note: see declaration of 'AActor'
[2020.03.13-03.32.24:789][750]CompilerResultsLog:   [7/13] MarineAttributeSet.cpp
[2020.03.13-03.32.24:789][750]CompilerResultsLog:    C:\Users\ericf\Desktop\repos\Marine-Squad\Marine_Squad\Source\Marine_Squad\HUD_MarineSquad.h(35) : error C2065: 'AParentUnit': undeclared identifier
[2020.03.13-03.32.24:790][750]CompilerResultsLog:    C:\Users\ericf\Desktop\repos\Marine-Squad\Marine_Squad\Source\Marine_Squad\HUD_MarineSquad.h(35) : error C2059: syntax error: '>'
[2020.03.13-03.32.24:790][750]CompilerResultsLog:   [8/13] PlayerController_MarineSquad.cpp
[2020.03.13-03.32.24:790][750]CompilerResultsLog:   [9/13] ParentUnit.cpp
[2020.03.13-03.32.24:790][750]CompilerResultsLog:    C:\Users\ericf\Desktop\repos\Marine-Squad\Marine_Squad\Source\Marine_Squad\HUD_MarineSquad.h(35) : error C2065: 'AParentUnit': undeclared identifier
[2020.03.13-03.32.24:790][750]CompilerResultsLog:    C:\Users\ericf\Desktop\repos\Marine-Squad\Marine_Squad\Source\Marine_Squad\HUD_MarineSquad.h(35) : error C2059: syntax error: '>'
[2020.03.13-03.32.24:790][750]CompilerResultsLog:   [10/13] HUD_MarineSquad.cpp
[2020.03.13-03.32.24:790][750]LogMainFrame: MainFrame: Module compiling took 43.206 seconds
[2020.03.13-03.32.24:791][750]Warning: HotReload failed, recompile failed
[2020.03.13-03.32.50:780][149]Candidate modules for hot reload:
[2020.03.13-03.32.50:780][149]  Marine_Squad
[2020.03.13-03.32.50:780][149]Launching UnrealBuildTool... [Q:/UE_4.22/Engine/Binaries/DotNET/UnrealBuildTool.exe  -ModuleWithSuffix=Marine_Squad,3605 Win64 Development -TargetType=Editor -Project="C:/Users/ericf/Desktop/repos/Marine-Squad/Marine_Squad/Marine_Squad.uproject" "C:/Users/ericf/Desktop/repos/Marine-Squad/Marine_Squad/Marine_Squad.uproject"  -IgnoreJunk]
[2020.03.13-03.32.50:855][149]Warning: Starting HotReload took  0.1s.
[2020.03.13-03.33.29:036][428]CompilerResultsLog: New page: Compilation - Mar 12, 2020, 5:33:29 PM
[2020.03.13-03.33.29:037][428]CompilerResultsLog: Using 'git status' to determine working set for adaptive non-unity build (C:\Users\ericf\Desktop\repos\Marine-Squad).
[2020.03.13-03.33.29:037][428]CompilerResultsLog: Parsing headers for Marine_SquadEditor
[2020.03.13-03.33.29:037][428]CompilerResultsLog:   Running UnrealHeaderTool "C:\Users\ericf\Desktop\repos\Marine-Squad\Marine_Squad\Marine_Squad.uproject" "C:\Users\ericf\Desktop\repos\Marine-Squad\Marine_Squad\Intermediate\Build\Win64\Marine_SquadEditor\Development\Marine_SquadEditor.uhtmanifest" -LogCmds="loginit warning, logexit warning, logdatabase error" -Unattended -WarningsAsErrors -installed
[2020.03.13-03.33.29:037][428]CompilerResultsLog: Reflection code generated for Marine_SquadEditor in 6.9489735 seconds
[2020.03.13-03.33.29:037][428]CompilerResultsLog: Using Visual Studio 2019 14.21.27702 toolchain (C:\Program Files (x86)\Microsoft Visual Studio\2019\BuildTools\VC\Tools\MSVC\14.21.27702) and Windows 10.0.17763.0 SDK (C:\Program Files (x86)\Windows Kits\10).
[2020.03.13-03.33.29:038][428]CompilerResultsLog: Building 13 actions with 4 processes...
[2020.03.13-03.33.29:038][428]CompilerResultsLog:   [1/13] Marine_Squad.init.gen.cpp
[2020.03.13-03.33.29:038][428]CompilerResultsLog:   [2/13] PlayerController_MarineSquad.gen.cpp
[2020.03.13-03.33.29:038][428]CompilerResultsLog:   [3/13] HUD_MarineSquad.gen.cpp
[2020.03.13-03.33.29:038][428]CompilerResultsLog:   [4/13] ParentUnit.gen.cpp
[2020.03.13-03.33.29:038][428]CompilerResultsLog:   [5/13] BaseAbilityChooseLocation.gen.cpp
[2020.03.13-03.33.29:038][428]CompilerResultsLog:   C:\Users\ericf\Desktop\repos\Marine-Squad\Marine_Squad\Source\Marine_Squad/Abilities/BaseAbilityChooseLocation.h(32): warning C4263: 'FVector ABaseAbilityChooseLocation::GetTargetLocation(void)': member function does not override any base class virtual member function
[2020.03.13-03.33.29:038][428]CompilerResultsLog:   C:\Users\ericf\Desktop\repos\Marine-Squad\Marine_Squad\Source\Marine_Squad/Abilities/BaseAbilityChooseLocation.h(33): warning C4264: 'FVector AActor::GetTargetLocation(AActor *) const': no override available for virtual member function from base 'AActor'; function is hidden
[2020.03.13-03.33.29:039][428]CompilerResultsLog:   Q:\UE_4.22\Engine\Source\Runtime\Engine\Classes\GameFramework/Actor.h(2659): note: see declaration of 'AActor::GetTargetLocation'
[2020.03.13-03.33.29:039][428]CompilerResultsLog:   Q:\UE_4.22\Engine\Source\Runtime\GameplayTasks\Classes\GameplayTasksComponent.h(17): note: see declaration of 'AActor'
[2020.03.13-03.33.29:039][428]CompilerResultsLog:   [6/13] PlayerController_MarineSquad.cpp
[2020.03.13-03.33.29:039][428]CompilerResultsLog:   [7/13] MarineAttributeSet.cpp
[2020.03.13-03.33.29:039][428]CompilerResultsLog:   [8/13] BaseAbilityChooseLocation.cpp
[2020.03.13-03.33.29:039][428]CompilerResultsLog:   C:\Users\ericf\Desktop\repos\Marine-Squad\Marine_Squad\Source\Marine_Squad\Abilities\BaseAbilityChooseLocation.h(32): warning C4263: 'FVector ABaseAbilityChooseLocation::GetTargetLocation(void)': member function does not override any base class virtual member function
[2020.03.13-03.33.29:040][428]CompilerResultsLog:   C:\Users\ericf\Desktop\repos\Marine-Squad\Marine_Squad\Source\Marine_Squad\Abilities\BaseAbilityChooseLocation.h(33): warning C4264: 'FVector AActor::GetTargetLocation(AActor *) const': no override available for virtual member function from base 'AActor'; function is hidden
[2020.03.13-03.33.29:040][428]CompilerResultsLog:   Q:\UE_4.22\Engine\Source\Runtime\Engine\Classes\GameFramework/Actor.h(2659): note: see declaration of 'AActor::GetTargetLocation'
[2020.03.13-03.33.29:040][428]CompilerResultsLog:   Q:\UE_4.22\Engine\Source\Runtime\GameplayTasks\Classes\GameplayTasksComponent.h(17): note: see declaration of 'AActor'
[2020.03.13-03.33.29:040][428]CompilerResultsLog:   [9/13] ParentUnit.cpp
[2020.03.13-03.33.29:040][428]CompilerResultsLog:   [10/13] HUD_MarineSquad.cpp
[2020.03.13-03.33.29:040][428]CompilerResultsLog:   [11/13] UE4Editor-Marine_Squad-3605.lib
[2020.03.13-03.33.29:040][428]CompilerResultsLog:      Creating library C:\Users\ericf\Desktop\repos\Marine-Squad\Marine_Squad\Intermediate\Build\Win64\UE4Editor\Development\Marine_Squad\UE4Editor-Marine_Squad-3605.lib and object C:\Users\ericf\Desktop\repos\Marine-Squad\Marine_Squad\Intermediate\Build\Win64\UE4Editor\Development\Marine_Squad\UE4Editor-Marine_Squad-3605.exp
[2020.03.13-03.33.29:041][428]CompilerResultsLog:   [12/13] UE4Editor-Marine_Squad-3605.dll
[2020.03.13-03.33.29:041][428]CompilerResultsLog:      Creating library C:\Users\ericf\Desktop\repos\Marine-Squad\Marine_Squad\Intermediate\Build\Win64\UE4Editor\Development\Marine_Squad\UE4Editor-Marine_Squad-3605.suppressed.lib and object C:\Users\ericf\Desktop\repos\Marine-Squad\Marine_Squad\Intermediate\Build\Win64\UE4Editor\Development\Marine_Squad\UE4Editor-Marine_Squad-3605.suppressed.exp
[2020.03.13-03.33.29:041][428]CompilerResultsLog:   [13/13] Marine_SquadEditor.target
[2020.03.13-03.33.29:041][428]CompilerResultsLog: Total time in Parallel executor: 30.06 seconds
[2020.03.13-03.33.29:041][428]CompilerResultsLog: Total execution time: 38.00 seconds
[2020.03.13-03.33.29:042][428]LogMainFrame: MainFrame: Module compiling took 38.265 seconds
[2020.03.13-03.33.29:066][428]LogUObjectHash: Compacting FUObjectHashTables data took   0.63ms
[2020.03.13-03.33.29:100][428]LogClass: ECommandsEnum HotReload.
[2020.03.13-03.33.29:108][428]LogContentBrowser: Native class hierarchy updated for 'Marine_Squad' in 0.0005 seconds. Added 14 classes and 3 folders.
[2020.03.13-03.33.29:111][428]Display: HotReload successful (19 functions remapped  0 scriptstructs remapped)
[2020.03.13-03.33.29:201][428]LogUObjectHash: Compacting FUObjectHashTables data took   1.35ms
[2020.03.13-03.33.29:215][428]LogContentBrowser: Native class hierarchy populated in 0.0086 seconds. Added 2839 classes and 674 folders.
[2020.03.13-03.33.29:216][428]Display: HotReload took 38.4s.
[2020.03.13-03.40.40:035][486]LogAssetEditorManager: Opening Asset editor for Class /Script/Marine_Squad.BaseAbilityChooseLocation
[2020.03.13-03.42.39:518][882]Candidate modules for hot reload:
[2020.03.13-03.42.39:518][882]  Marine_Squad
[2020.03.13-03.42.39:518][882]Launching UnrealBuildTool... [Q:/UE_4.22/Engine/Binaries/DotNET/UnrealBuildTool.exe  -ModuleWithSuffix=Marine_Squad,1884 Win64 Development -TargetType=Editor -Project="C:/Users/ericf/Desktop/repos/Marine-Squad/Marine_Squad/Marine_Squad.uproject" "C:/Users/ericf/Desktop/repos/Marine-Squad/Marine_Squad/Marine_Squad.uproject"  -IgnoreJunk]
[2020.03.13-03.42.39:546][882]Warning: Starting HotReload took  0.0s.
[2020.03.13-03.44.15:302][297]CompilerResultsLog: New page: Compilation - Mar 12, 2020, 5:44:15 PM
[2020.03.13-03.44.15:303][297]CompilerResultsLog: Using 'git status' to determine working set for adaptive non-unity build (C:\Users\ericf\Desktop\repos\Marine-Squad).
[2020.03.13-03.44.15:303][297]CompilerResultsLog: Parsing headers for Marine_SquadEditor
[2020.03.13-03.44.15:303][297]CompilerResultsLog:   Running UnrealHeaderTool "C:\Users\ericf\Desktop\repos\Marine-Squad\Marine_Squad\Marine_Squad.uproject" "C:\Users\ericf\Desktop\repos\Marine-Squad\Marine_Squad\Intermediate\Build\Win64\Marine_SquadEditor\Development\Marine_SquadEditor.uhtmanifest" -LogCmds="loginit warning, logexit warning, logdatabase error" -Unattended -WarningsAsErrors -installed
[2020.03.13-03.44.15:303][297]CompilerResultsLog: Reflection code generated for Marine_SquadEditor in 23.4618905 seconds
[2020.03.13-03.44.15:304][297]CompilerResultsLog: Using Visual Studio 2019 14.21.27702 toolchain (C:\Program Files (x86)\Microsoft Visual Studio\2019\BuildTools\VC\Tools\MSVC\14.21.27702) and Windows 10.0.17763.0 SDK (C:\Program Files (x86)\Windows Kits\10).
[2020.03.13-03.44.15:304][297]CompilerResultsLog: Building 4 actions with 4 processes...
[2020.03.13-03.44.15:304][297]CompilerResultsLog:   [1/4] BaseAbilityChooseLocation.cpp
[2020.03.13-03.44.15:304][297]CompilerResultsLog:   C:\Users\ericf\Desktop\repos\Marine-Squad\Marine_Squad\Source\Marine_Squad\Abilities\BaseAbilityChooseLocation.h(32): warning C4263: 'FVector ABaseAbilityChooseLocation::GetTargetLocation(void)': member function does not override any base class virtual member function
[2020.03.13-03.44.15:304][297]CompilerResultsLog:   C:\Users\ericf\Desktop\repos\Marine-Squad\Marine_Squad\Source\Marine_Squad\Abilities\BaseAbilityChooseLocation.h(33): warning C4264: 'FVector AActor::GetTargetLocation(AActor *) const': no override available for virtual member function from base 'AActor'; function is hidden
[2020.03.13-03.44.15:305][297]CompilerResultsLog:   Q:\UE_4.22\Engine\Source\Runtime\Engine\Classes\GameFramework/Actor.h(2659): note: see declaration of 'AActor::GetTargetLocation'
[2020.03.13-03.44.15:305][297]CompilerResultsLog:   Q:\UE_4.22\Engine\Source\Runtime\GameplayTasks\Classes\GameplayTasksComponent.h(17): note: see declaration of 'AActor'
[2020.03.13-03.44.15:305][297]CompilerResultsLog:   [2/4] UE4Editor-Marine_Squad-1884.lib
[2020.03.13-03.44.15:305][297]CompilerResultsLog:      Creating library C:\Users\ericf\Desktop\repos\Marine-Squad\Marine_Squad\Intermediate\Build\Win64\UE4Editor\Development\Marine_Squad\UE4Editor-Marine_Squad-1884.lib and object C:\Users\ericf\Desktop\repos\Marine-Squad\Marine_Squad\Intermediate\Build\Win64\UE4Editor\Development\Marine_Squad\UE4Editor-Marine_Squad-1884.exp
[2020.03.13-03.44.15:305][297]CompilerResultsLog:   [3/4] UE4Editor-Marine_Squad-1884.dll
[2020.03.13-03.44.15:305][297]CompilerResultsLog:      Creating library C:\Users\ericf\Desktop\repos\Marine-Squad\Marine_Squad\Intermediate\Build\Win64\UE4Editor\Development\Marine_Squad\UE4Editor-Marine_Squad-1884.suppressed.lib and object C:\Users\ericf\Desktop\repos\Marine-Squad\Marine_Squad\Intermediate\Build\Win64\UE4Editor\Development\Marine_Squad\UE4Editor-Marine_Squad-1884.suppressed.exp
[2020.03.13-03.44.15:306][297]CompilerResultsLog:   [4/4] Marine_SquadEditor.target
[2020.03.13-03.44.15:306][297]CompilerResultsLog: Total time in Parallel executor: 69.00 seconds
[2020.03.13-03.44.15:306][297]CompilerResultsLog: Total execution time: 95.61 seconds
[2020.03.13-03.44.15:306][297]LogMainFrame: MainFrame: Module compiling took 95.791 seconds
[2020.03.13-03.44.15:330][297]LogUObjectHash: Compacting FUObjectHashTables data took   0.80ms
[2020.03.13-03.44.15:367][297]LogClass: ECommandsEnum HotReload.
[2020.03.13-03.44.15:375][297]LogContentBrowser: Native class hierarchy updated for 'Marine_Squad' in 0.0005 seconds. Added 14 classes and 3 folders.
[2020.03.13-03.44.15:378][297]Display: HotReload successful (19 functions remapped  0 scriptstructs remapped)
[2020.03.13-03.44.15:436][297]LogUObjectHash: Compacting FUObjectHashTables data took   1.37ms
[2020.03.13-03.44.15:451][297]LogContentBrowser: Native class hierarchy populated in 0.0093 seconds. Added 2839 classes and 674 folders.
[2020.03.13-03.44.15:451][297]Display: HotReload took 95.9s.
[2020.03.13-03.44.19:210][740]LogTemp: Repeating last play command: New Editor Window (PIE)
[2020.03.13-03.44.19:235][740]LogBlueprintUserMessages: Early PlayInEditor Detection: Level '/Game/StarterContent/Maps/Minimal_Default.Minimal_Default:PersistentLevel' has LevelScriptBlueprint '/Game/StarterContent/Maps/Minimal_Default.Minimal_Default:PersistentLevel.Minimal_Default' with GeneratedClass '/Game/StarterContent/Maps/Minimal_Default.Minimal_Default_C' with ClassGeneratedBy '/Game/StarterContent/Maps/Minimal_Default.Minimal_Default:PersistentLevel.Minimal_Default'
[2020.03.13-03.44.19:237][740]LogPlayLevel: PlayLevel: No blueprints needed recompiling
[2020.03.13-03.44.19:238][740]PIE: New page: PIE session: Minimal_Default (Mar 12, 2020, 5:44:19 PM)
[2020.03.13-03.44.19:256][740]LogPlayLevel: Creating play world package: /Game/StarterContent/Maps/UEDPIE_0_Minimal_Default
[2020.03.13-03.44.19:281][740]LogPlayLevel: PIE: StaticDuplicateObject took: (0.024710s)
[2020.03.13-03.44.19:282][740]LogAIModule: Creating AISystem for world Minimal_Default
[2020.03.13-03.44.19:283][740]LogVaFog: [FVaFogOfWarModule::StartupModule::<lambda_976865d7f760a47e2a086b15bf7dcbd9>::operator ()(41)] Fog Controller is created for: Minimal_Default
[2020.03.13-03.44.19:284][740]LogPlayLevel: PIE: World Init took: (0.002751s)
[2020.03.13-03.44.19:284][740]LogPlayLevel: PIE: Created PIE world by copying editor world from /Game/StarterContent/Maps/Minimal_Default.Minimal_Default to /Game/StarterContent/Maps/UEDPIE_0_Minimal_Default.Minimal_Default (0.028150s)
[2020.03.13-03.44.19:308][740]LogUObjectHash: Compacting FUObjectHashTables data took   1.13ms
[2020.03.13-03.44.19:351][740]LogInit: XAudio2 using 'HEAD SET (Corsair VOID PRO USB Gaming Headset )' : 2 channels at 48 kHz using 16 bits per sample (channel mask 0x3)
[2020.03.13-03.44.19:363][740]LogInit: FAudioDevice initialized.
[2020.03.13-03.44.19:375][740]LogSlate: Updating window title bar state: overlay mode, drag disabled, window buttons hidden, title bar hidden
[2020.03.13-03.44.19:420][740]LogLoad: Game class is 'MyGameModeBase_MarineSquad_BP_C'
[2020.03.13-03.44.19:433][740]LogWorld: Bringing World /Game/StarterContent/Maps/UEDPIE_0_Minimal_Default.Minimal_Default up for play (max tick rate 0) at 2020.03.12-22.44.19
[2020.03.13-03.44.19:456][740]LogWorld: Bringing up level for play took: 0.026202
[2020.03.13-03.44.19:498][740]LogContentBrowser: Native class hierarchy updated for 'MovieSceneCapture' in 0.0005 seconds. Added 20 classes and 0 folders.
[2020.03.13-03.44.19:524][740]PIE: Play in editor start time for /Game/StarterContent/Maps/UEDPIE_0_Minimal_Default 0.522
[2020.03.13-03.44.19:525][740]LogBlueprintUserMessages: Late PlayInEditor Detection: Level '/Game/StarterContent/Maps/Minimal_Default.Minimal_Default:PersistentLevel' has LevelScriptBlueprint '/Game/StarterContent/Maps/Minimal_Default.Minimal_Default:PersistentLevel.Minimal_Default' with GeneratedClass '/Game/StarterContent/Maps/Minimal_Default.Minimal_Default_C' with ClassGeneratedBy '/Game/StarterContent/Maps/Minimal_Default.Minimal_Default:PersistentLevel.Minimal_Default'
[2020.03.13-03.44.20:288][813]LogTemp: Warning: Left Mouse Button Pressed
[2020.03.13-03.44.20:372][822]LogTemp: Warning: Left Mouse Button pressed for : 0.085450
[2020.03.13-03.44.20:372][822]LogTemp: Warning: Found Unit: Landscape_1
[2020.03.13-03.44.21:618][967]LogTemp: Warning: SelectUnitOne Pressed
[2020.03.13-03.44.21:941][  4]LogTemp: Warning: Right Mouse Button Pressed
[2020.03.13-03.44.22:055][ 17]LogTemp: Warning: Right Mouse Button Released
[2020.03.13-03.44.22:595][ 80]LogTemp: Warning: AbilityTwo Pressed
[2020.03.13-03.44.22:599][ 80]LogBlueprintUserMessages: [GA_Base_Choose_Location_C_0] MyAIController_MarineSquad_BP4
[2020.03.13-03.44.22:601][ 80]LogTemp: Warning: was this triggered?
[2020.03.13-03.44.24:978][357]LogTemp: Warning: AbilityTwo Pressed
[2020.03.13-03.44.24:978][357]LogBlueprintUserMessages: [GA_Base_Choose_Location_C_1] MyAIController_MarineSquad_BP4
[2020.03.13-03.44.24:979][357]LogTemp: Warning: was this triggered?
[2020.03.13-03.44.26:906][580]LogTemp: Warning: Right Mouse Button Pressed
[2020.03.13-03.44.27:071][599]LogTemp: Warning: Right Mouse Button Released
[2020.03.13-03.44.27:904][697]LogTemp: Warning: AbilityTwo Pressed
[2020.03.13-03.44.27:905][697]LogBlueprintUserMessages: [GA_Base_Choose_Location_C_2] MyAIController_MarineSquad_BP4
[2020.03.13-03.44.27:905][697]LogTemp: Warning: was this triggered?
[2020.03.13-03.44.29:429][875]LogBlueprintUserMessages: Early EndPlayMap Detection: Level '/Game/StarterContent/Maps/Minimal_Default.Minimal_Default:PersistentLevel' has LevelScriptBlueprint '/Game/StarterContent/Maps/Minimal_Default.Minimal_Default:PersistentLevel.Minimal_Default' with GeneratedClass '/Game/StarterContent/Maps/Minimal_Default.Minimal_Default_C' with ClassGeneratedBy '/Game/StarterContent/Maps/Minimal_Default.Minimal_Default:PersistentLevel.Minimal_Default'
[2020.03.13-03.44.29:431][875]LogSlate: Updating window title bar state: overlay mode, drag disabled, window buttons hidden, title bar hidden
[2020.03.13-03.44.29:453][875]LogSlate: Window 'Marine_Squad Game Preview Standalone (64-bit/PCD3D_SM5)' being destroyed
[2020.03.13-03.44.29:463][875]LogVaFog: [FVaFogOfWarModule::StartupModule::<lambda_144d8ffb0c7ca55232a4412d9c0c3636>::operator ()(31)] Fog Controller is removed for: Minimal_Default
[2020.03.13-03.44.29:495][875]LogPlayLevel: Display: Shutting down PIE online subsystems
[2020.03.13-03.44.29:495][875]LogBlueprintUserMessages: Late EndPlayMap Detection: Level '/Game/StarterContent/Maps/Minimal_Default.Minimal_Default:PersistentLevel' has LevelScriptBlueprint '/Game/StarterContent/Maps/Minimal_Default.Minimal_Default:PersistentLevel.Minimal_Default' with GeneratedClass '/Game/StarterContent/Maps/Minimal_Default.Minimal_Default_C' with ClassGeneratedBy '/Game/StarterContent/Maps/Minimal_Default.Minimal_Default:PersistentLevel.Minimal_Default'
[2020.03.13-03.44.29:539][875]LogUObjectHash: Compacting FUObjectHashTables data took   1.85ms
[2020.03.13-03.44.29:548][876]LogPlayLevel: Display: Destroying online subsystem :Context_1
[2020.03.13-03.46.53:933][661]Candidate modules for hot reload:
[2020.03.13-03.46.53:933][661]  Marine_Squad
[2020.03.13-03.46.53:934][661]Launching UnrealBuildTool... [Q:/UE_4.22/Engine/Binaries/DotNET/UnrealBuildTool.exe  -ModuleWithSuffix=Marine_Squad,4490 Win64 Development -TargetType=Editor -Project="C:/Users/ericf/Desktop/repos/Marine-Squad/Marine_Squad/Marine_Squad.uproject" "C:/Users/ericf/Desktop/repos/Marine-Squad/Marine_Squad/Marine_Squad.uproject"  -IgnoreJunk]
[2020.03.13-03.46.53:957][661]Warning: Starting HotReload took  0.0s.
[2020.03.13-03.47.19:942][724]CompilerResultsLog: New page: Compilation - Mar 12, 2020, 5:47:19 PM
[2020.03.13-03.47.19:942][724]CompilerResultsLog: Using 'git status' to determine working set for adaptive non-unity build (C:\Users\ericf\Desktop\repos\Marine-Squad).
[2020.03.13-03.47.19:942][724]CompilerResultsLog: Creating makefile for Marine_SquadEditor (ini files are newer than makefile)
[2020.03.13-03.47.19:943][724]CompilerResultsLog: Parsing headers for Marine_SquadEditor
[2020.03.13-03.47.19:943][724]CompilerResultsLog:   Running UnrealHeaderTool "C:\Users\ericf\Desktop\repos\Marine-Squad\Marine_Squad\Marine_Squad.uproject" "C:\Users\ericf\Desktop\repos\Marine-Squad\Marine_Squad\Intermediate\Build\Win64\Marine_SquadEditor\Development\Marine_SquadEditor.uhtmanifest" -LogCmds="loginit warning, logexit warning, logdatabase error" -Unattended -WarningsAsErrors -installed
[2020.03.13-03.47.19:943][724]CompilerResultsLog: Reflection code generated for Marine_SquadEditor in 6.318045 seconds
[2020.03.13-03.47.19:943][724]CompilerResultsLog: Using Visual Studio 2019 14.21.27702 toolchain (C:\Program Files (x86)\Microsoft Visual Studio\2019\BuildTools\VC\Tools\MSVC\14.21.27702) and Windows 10.0.17763.0 SDK (C:\Program Files (x86)\Windows Kits\10).
[2020.03.13-03.47.19:944][724]CompilerResultsLog: Building 4 actions with 4 processes...
[2020.03.13-03.47.19:944][724]CompilerResultsLog:   [1/4] BaseAbilityChooseLocation.cpp
[2020.03.13-03.47.19:944][724]CompilerResultsLog:   C:\Users\ericf\Desktop\repos\Marine-Squad\Marine_Squad\Source\Marine_Squad\Abilities\BaseAbilityChooseLocation.h(32): warning C4263: 'FVector ABaseAbilityChooseLocation::GetTargetLocation(void)': member function does not override any base class virtual member function
[2020.03.13-03.47.19:944][724]CompilerResultsLog:   C:\Users\ericf\Desktop\repos\Marine-Squad\Marine_Squad\Source\Marine_Squad\Abilities\BaseAbilityChooseLocation.h(33): warning C4264: 'FVector AActor::GetTargetLocation(AActor *) const': no override available for virtual member function from base 'AActor'; function is hidden
[2020.03.13-03.47.19:945][724]CompilerResultsLog:   Q:\UE_4.22\Engine\Source\Runtime\Engine\Classes\GameFramework/Actor.h(2659): note: see declaration of 'AActor::GetTargetLocation'
[2020.03.13-03.47.19:945][724]CompilerResultsLog:   Q:\UE_4.22\Engine\Source\Runtime\GameplayTasks\Classes\GameplayTasksComponent.h(17): note: see declaration of 'AActor'
[2020.03.13-03.47.19:945][724]CompilerResultsLog:   [2/4] UE4Editor-Marine_Squad-4490.lib
[2020.03.13-03.47.19:945][724]CompilerResultsLog:      Creating library C:\Users\ericf\Desktop\repos\Marine-Squad\Marine_Squad\Intermediate\Build\Win64\UE4Editor\Development\Marine_Squad\UE4Editor-Marine_Squad-4490.lib and object C:\Users\ericf\Desktop\repos\Marine-Squad\Marine_Squad\Intermediate\Build\Win64\UE4Editor\Development\Marine_Squad\UE4Editor-Marine_Squad-4490.exp
[2020.03.13-03.47.19:945][724]CompilerResultsLog:   [3/4] UE4Editor-Marine_Squad-4490.dll
[2020.03.13-03.47.19:945][724]CompilerResultsLog:      Creating library C:\Users\ericf\Desktop\repos\Marine-Squad\Marine_Squad\Intermediate\Build\Win64\UE4Editor\Development\Marine_Squad\UE4Editor-Marine_Squad-4490.suppressed.lib and object C:\Users\ericf\Desktop\repos\Marine-Squad\Marine_Squad\Intermediate\Build\Win64\UE4Editor\Development\Marine_Squad\UE4Editor-Marine_Squad-4490.suppressed.exp
[2020.03.13-03.47.19:946][724]CompilerResultsLog:   [4/4] Marine_SquadEditor.target
[2020.03.13-03.47.19:946][724]CompilerResultsLog: Total time in Parallel executor: 16.32 seconds
[2020.03.13-03.47.19:946][724]CompilerResultsLog: Total execution time: 25.88 seconds
[2020.03.13-03.47.19:946][724]LogMainFrame: MainFrame: Module compiling took 26.016 seconds
[2020.03.13-03.47.19:969][724]LogUObjectHash: Compacting FUObjectHashTables data took   0.84ms
[2020.03.13-03.47.20:018][724]LogClass: ECommandsEnum HotReload.
[2020.03.13-03.47.20:026][724]LogContentBrowser: Native class hierarchy updated for 'Marine_Squad' in 0.0005 seconds. Added 14 classes and 3 folders.
[2020.03.13-03.47.20:029][724]Display: HotReload successful (19 functions remapped  0 scriptstructs remapped)
[2020.03.13-03.47.20:086][724]LogUObjectHash: Compacting FUObjectHashTables data took   1.40ms
[2020.03.13-03.47.20:100][724]LogContentBrowser: Native class hierarchy populated in 0.0095 seconds. Added 2839 classes and 674 folders.
[2020.03.13-03.47.20:100][724]Display: HotReload took 26.2s.
[2020.03.13-03.47.41:895][305]LogTemp: Repeating last play command: New Editor Window (PIE)
[2020.03.13-03.47.41:918][305]LogBlueprintUserMessages: Early PlayInEditor Detection: Level '/Game/StarterContent/Maps/Minimal_Default.Minimal_Default:PersistentLevel' has LevelScriptBlueprint '/Game/StarterContent/Maps/Minimal_Default.Minimal_Default:PersistentLevel.Minimal_Default' with GeneratedClass '/Game/StarterContent/Maps/Minimal_Default.Minimal_Default_C' with ClassGeneratedBy '/Game/StarterContent/Maps/Minimal_Default.Minimal_Default:PersistentLevel.Minimal_Default'
[2020.03.13-03.47.41:918][305]LogPlayLevel: PlayLevel: No blueprints needed recompiling
[2020.03.13-03.47.41:918][305]PIE: New page: PIE session: Minimal_Default (Mar 12, 2020, 5:47:41 PM)
[2020.03.13-03.47.41:919][305]LogPlayLevel: Creating play world package: /Game/StarterContent/Maps/UEDPIE_0_Minimal_Default
[2020.03.13-03.47.41:938][305]LogPlayLevel: PIE: StaticDuplicateObject took: (0.019262s)
[2020.03.13-03.47.41:939][305]LogAIModule: Creating AISystem for world Minimal_Default
[2020.03.13-03.47.41:939][305]LogVaFog: [FVaFogOfWarModule::StartupModule::<lambda_976865d7f760a47e2a086b15bf7dcbd9>::operator ()(41)] Fog Controller is created for: Minimal_Default
[2020.03.13-03.47.41:939][305]LogPlayLevel: PIE: World Init took: (0.001247s)
[2020.03.13-03.47.41:939][305]LogPlayLevel: PIE: Created PIE world by copying editor world from /Game/StarterContent/Maps/Minimal_Default.Minimal_Default to /Game/StarterContent/Maps/UEDPIE_0_Minimal_Default.Minimal_Default (0.020958s)
[2020.03.13-03.47.41:963][305]LogUObjectHash: Compacting FUObjectHashTables data took   1.14ms
[2020.03.13-03.47.42:003][305]LogInit: XAudio2 using 'HEAD SET (Corsair VOID PRO USB Gaming Headset )' : 2 channels at 48 kHz using 16 bits per sample (channel mask 0x3)
[2020.03.13-03.47.42:014][305]LogInit: FAudioDevice initialized.
[2020.03.13-03.47.42:023][305]LogSlate: Updating window title bar state: overlay mode, drag disabled, window buttons hidden, title bar hidden
[2020.03.13-03.47.42:053][305]LogLoad: Game class is 'MyGameModeBase_MarineSquad_BP_C'
[2020.03.13-03.47.42:057][305]LogWorld: Bringing World /Game/StarterContent/Maps/UEDPIE_0_Minimal_Default.Minimal_Default up for play (max tick rate 0) at 2020.03.12-22.47.42
[2020.03.13-03.47.42:059][305]LogWorld: Bringing up level for play took: 0.004699
[2020.03.13-03.47.42:084][305]PIE: Play in editor start time for /Game/StarterContent/Maps/UEDPIE_0_Minimal_Default 1.082
[2020.03.13-03.47.42:085][305]LogBlueprintUserMessages: Late PlayInEditor Detection: Level '/Game/StarterContent/Maps/Minimal_Default.Minimal_Default:PersistentLevel' has LevelScriptBlueprint '/Game/StarterContent/Maps/Minimal_Default.Minimal_Default:PersistentLevel.Minimal_Default' with GeneratedClass '/Game/StarterContent/Maps/Minimal_Default.Minimal_Default_C' with ClassGeneratedBy '/Game/StarterContent/Maps/Minimal_Default.Minimal_Default:PersistentLevel.Minimal_Default'
[2020.03.13-03.47.42:806][386]LogTemp: Warning: Left Mouse Button Pressed
[2020.03.13-03.47.42:890][396]LogTemp: Warning: Left Mouse Button pressed for : 0.084001
[2020.03.13-03.47.42:890][396]LogTemp: Warning: Found Unit: Landscape_1
[2020.03.13-03.47.43:892][516]LogTemp: Warning: SelectUnitOne Pressed
[2020.03.13-03.47.45:068][657]LogTemp: Warning: Right Mouse Button Pressed
[2020.03.13-03.47.45:167][669]LogTemp: Warning: Right Mouse Button Released
[2020.03.13-03.47.45:636][725]LogTemp: Warning: AbilityTwo Pressed
[2020.03.13-03.47.45:636][725]LogBlueprintUserMessages: [GA_Base_Choose_Location_C_0] MyAIController_MarineSquad_BP4
[2020.03.13-03.47.45:636][725]LogTemp: Warning: was this triggered?
[2020.03.13-03.47.45:637][725]LogTemp: Warning: Cursor at 307.000000,392.000000
[2020.03.13-03.47.49:160][725]LogWindows: Error: === Critical error: ===
[2020.03.13-03.47.49:160][725]LogWindows: Error: 
[2020.03.13-03.47.49:160][725]LogWindows: Error: Fatal error!
[2020.03.13-03.47.49:160][725]LogWindows: Error: 
[2020.03.13-03.47.49:160][725]LogWindows: Error: Unhandled Exception: EXCEPTION_ACCESS_VIOLATION reading address 0x00000478
[2020.03.13-03.47.49:160][725]LogWindows: Error: 
[2020.03.13-03.47.49:160][725]LogWindows: Error: [Callstack] 0x00007ffa17983e5b UE4Editor-Engine.dll!UnknownFunction []
[2020.03.13-03.47.49:160][725]LogWindows: Error: [Callstack] 0x00007ffa46444d71 UE4Editor-Marine_Squad-4490.dll!ABaseAbilityChooseLocation::GetTargetLocation() [C:\Users\ericf\Desktop\repos\Marine-Squad\Marine_Squad\Source\Marine_Squad\Abilities\BaseAbilityChooseLocation.cpp:88]
[2020.03.13-03.47.49:160][725]LogWindows: Error: [Callstack] 0x00007ffa46445c2c UE4Editor-Marine_Squad-4490.dll!ABaseAbilityChooseLocation::Tick() [C:\Users\ericf\Desktop\repos\Marine-Squad\Marine_Squad\Source\Marine_Squad\Abilities\BaseAbilityChooseLocation.cpp:77]
[2020.03.13-03.47.49:160][725]LogWindows: Error: [Callstack] 0x00007ffa16dbfea2 UE4Editor-Engine.dll!UnknownFunction []
[2020.03.13-03.47.49:160][725]LogWindows: Error: [Callstack] 0x00007ffa16d8aeed UE4Editor-Engine.dll!UnknownFunction []
[2020.03.13-03.47.49:160][725]LogWindows: Error: [Callstack] 0x00007ffa17d472bc UE4Editor-Engine.dll!UnknownFunction []
[2020.03.13-03.47.49:160][725]LogWindows: Error: [Callstack] 0x00007ffa195d22d8 UE4Editor-Core.dll!UnknownFunction []
[2020.03.13-03.47.49:160][725]LogWindows: Error: [Callstack] 0x00007ffa195d247a UE4Editor-Core.dll!UnknownFunction []
[2020.03.13-03.47.49:160][725]LogWindows: Error: [Callstack] 0x00007ffa17d8f81f UE4Editor-Engine.dll!UnknownFunction []
[2020.03.13-03.47.49:160][725]LogWindows: Error: [Callstack] 0x00007ffa17d9bd12 UE4Editor-Engine.dll!UnknownFunction []
[2020.03.13-03.47.49:160][725]LogWindows: Error: [Callstack] 0x00007ffa175bdc4f UE4Editor-Engine.dll!UnknownFunction []
[2020.03.13-03.47.49:160][725]LogWindows: Error: [Callstack] 0x00007ffa175c8417 UE4Editor-Engine.dll!UnknownFunction []
[2020.03.13-03.47.49:160][725]LogWindows: Error: [Callstack] 0x00007ffa154002f7 UE4Editor-UnrealEd.dll!UnknownFunction []
[2020.03.13-03.47.49:160][725]LogWindows: Error: [Callstack] 0x00007ffa15c1d396 UE4Editor-UnrealEd.dll!UnknownFunction []
[2020.03.13-03.47.49:160][725]LogWindows: Error: [Callstack] 0x00007ff7c7f26bb1 UE4Editor.exe!UnknownFunction []
[2020.03.13-03.47.49:160][725]LogWindows: Error: [Callstack] 0x00007ff7c7f3554c UE4Editor.exe!UnknownFunction []
[2020.03.13-03.47.49:160][725]LogWindows: Error: [Callstack] 0x00007ff7c7f355ca UE4Editor.exe!UnknownFunction []
[2020.03.13-03.47.49:160][725]LogWindows: Error: [Callstack] 0x00007ff7c7f4316c UE4Editor.exe!UnknownFunction []
[2020.03.13-03.47.49:160][725]LogWindows: Error: [Callstack] 0x00007ff7c7f45b8e UE4Editor.exe!UnknownFunction []
[2020.03.13-03.47.49:160][725]LogWindows: Error: [Callstack] 0x00007ffa6d6f7bd4 KERNEL32.DLL!UnknownFunction []
[2020.03.13-03.47.49:160][725]LogWindows: Error: [Callstack] 0x00007ffa6dd8ced1 ntdll.dll!UnknownFunction []
[2020.03.13-03.47.49:160][725]LogWindows: Error: 
[2020.03.13-03.47.49:248][725]LogExit: Executing StaticShutdownAfterError
[2020.03.13-03.47.49:293][725]LogWindows: FPlatformMisc::RequestExit(1)
[2020.03.13-03.47.49:328][725]Log file closed, 03/12/20 22:47:49
