Log file open, 02/12/20 01:34:54
LogWindows: Failed to load 'aqProf.dll' (GetLastError=126)
LogWindows: File 'aqProf.dll' does not exist
LogWindows: Failed to load 'VtuneApi.dll' (GetLastError=126)
LogWindows: File 'VtuneApi.dll' does not exist
LogWindows: Failed to load 'VtuneApi32e.dll' (GetLastError=126)
LogWindows: File 'VtuneApi32e.dll' does not exist
LogConsoleResponse: Display: Failed to find resolution value strings in scalability ini. Falling back to default.
LogInit: Display: Running engine for game: Marine_Squad
LogPakFile: Registered encryption key '00000000000000000000000000000000': 0 pak files mounted, 0 remain pending
LogPlatformFile: Not using cached read wrapper
LogTaskGraph: Started task graph with 5 named threads and 14 total threads with 3 sets of task threads.
LogStats: Stats thread started at 0.515852
LogD3D11RHI: Loaded GFSDK_Aftermath_Lib.x64.dll
LogICUInternationalization: ICU TimeZone Detection - Raw Offset: -6:00, Platform Override: ''
LogPluginManager: Mounting plugin Paper2D
LogPluginManager: Mounting plugin AISupport
LogPluginManager: Mounting plugin LightPropagationVolume
LogPluginManager: Mounting plugin ActorLayerUtilities
LogPluginManager: Mounting plugin AnimationSharing
LogPluginManager: Mounting plugin CLionSourceCodeAccess
LogPluginManager: Mounting plugin CodeLiteSourceCodeAccess
LogPluginManager: Mounting plugin GitSourceControl
LogPluginManager: Mounting plugin KDevelopSourceCodeAccess
LogPluginManager: Mounting plugin NullSourceCodeAccess
LogPluginManager: Mounting plugin PerforceSourceControl
LogPluginManager: Mounting plugin SubversionSourceControl
LogPluginManager: Mounting plugin UObjectPlugin
LogPluginManager: Mounting plugin VisualStudioCodeSourceCodeAccess
LogPluginManager: Mounting plugin VisualStudioSourceCodeAccess
LogPluginManager: Mounting plugin XCodeSourceCodeAccess
LogPluginManager: Mounting plugin AssetManagerEditor
LogPluginManager: Mounting plugin CryptoKeys
LogPluginManager: Mounting plugin DataValidation
LogPluginManager: Mounting plugin FacialAnimation
LogPluginManager: Mounting plugin GameplayTagsEditor
LogPluginManager: Mounting plugin MacGraphicsSwitching
LogPluginManager: Mounting plugin MaterialAnalyzer
LogPluginManager: Mounting plugin MobileLauncherProfileWizard
LogPluginManager: Mounting plugin PluginBrowser
LogPluginManager: Mounting plugin SpeedTreeImporter
LogPluginManager: Mounting plugin DatasmithContent
LogPluginManager: Mounting plugin VariantManagerContent
LogPluginManager: Mounting plugin AlembicImporter
LogPluginManager: Mounting plugin AppleImageUtils
LogPluginManager: Mounting plugin AppleVision
LogPluginManager: Mounting plugin BackChannel
LogPluginManager: Mounting plugin CharacterAI
LogPluginManager: Mounting plugin GeometryCache
LogPluginManager: Mounting plugin HTML5Networking
LogPluginManager: Mounting plugin ProxyLODPlugin
LogPluginManager: Mounting plugin SkeletalReduction
LogPluginManager: Mounting plugin MagicLeap
LogPluginManager: Mounting plugin MagicLeapMedia
LogPluginManager: Mounting plugin VaFogOfWar
LogPluginManager: Mounting plugin AndroidMedia
LogPluginManager: Mounting plugin AvfMedia
LogPluginManager: Mounting plugin ImgMedia
LogPluginManager: Mounting plugin LinearTimecode
LogPluginManager: Mounting plugin MediaCompositing
LogPluginManager: Mounting plugin MediaPlayerEditor
LogPluginManager: Mounting plugin WebMMedia
LogPluginManager: Mounting plugin WmfMedia
LogPluginManager: Mounting plugin TcpMessaging
LogPluginManager: Mounting plugin UdpMessaging
LogPluginManager: Mounting plugin ActorSequence
LogPluginManager: Mounting plugin LevelSequenceEditor
LogPluginManager: Mounting plugin MatineeToLevelSequence
LogPluginManager: Mounting plugin NetcodeUnitTest
LogPluginManager: Mounting plugin NUTUnrealEngine4
LogPluginManager: Mounting plugin OnlineSubsystemGooglePlay
LogPluginManager: Mounting plugin OnlineSubsystemIOS
LogPluginManager: Mounting plugin OnlineSubsystem
LogPluginManager: Mounting plugin OnlineSubsystemNull
LogPluginManager: Mounting plugin OnlineSubsystemUtils
LogPluginManager: Mounting plugin LauncherChunkInstaller
LogPluginManager: Mounting plugin AndroidDeviceProfileSelector
LogPluginManager: Mounting plugin AndroidMoviePlayer
LogPluginManager: Mounting plugin AndroidPermission
LogPluginManager: Mounting plugin AppleMoviePlayer
LogPluginManager: Mounting plugin ArchVisCharacter
LogPluginManager: Mounting plugin AudioCapture
LogPluginManager: Mounting plugin CableComponent
LogPluginManager: Mounting plugin CustomMeshComponent
LogPluginManager: Mounting plugin EditableMesh
LogPluginManager: Mounting plugin ExampleDeviceProfileSelector
LogPluginManager: Mounting plugin Firebase
LogPluginManager: Mounting plugin GoogleCloudMessaging
LogPluginManager: Mounting plugin IOSDeviceProfileSelector
LogPluginManager: Mounting plugin LinuxDeviceProfileSelector
LogPluginManager: Mounting plugin LocationServicesBPLibrary
LogPluginManager: Mounting plugin MobilePatchingUtils
LogPluginManager: Mounting plugin OculusVR
LogPluginManager: Mounting plugin PhysXVehicles
LogPluginManager: Mounting plugin ProceduralMeshComponent
LogPluginManager: Mounting plugin RuntimePhysXCooking
LogPluginManager: Mounting plugin SignificanceManager
LogPluginManager: Mounting plugin SteamVR
LogPluginManager: Mounting plugin WebMMoviePlayer
LogPluginManager: Mounting plugin WindowsMoviePlayer
LogInit: Using libcurl 7.55.1-DEV
LogInit:  - built for x86_64-pc-win32
LogInit:  - supports SSL with OpenSSL/1.1.1
LogInit:  - supports HTTP deflate (compression) using libz 1.2.8
LogInit:  - other features:
LogInit:      CURL_VERSION_SSL
LogInit:      CURL_VERSION_LIBZ
LogInit:      CURL_VERSION_IPV6
LogInit:      CURL_VERSION_ASYNCHDNS
LogInit:      CURL_VERSION_LARGEFILE
LogInit:      CURL_VERSION_IDN
LogInit:  CurlRequestOptions (configurable via config and command line):
LogInit:  - bVerifyPeer = true  - Libcurl will verify peer certificate
LogInit:  - bUseHttpProxy = false  - Libcurl will NOT use HTTP proxy
LogInit:  - bDontReuseConnections = false  - Libcurl will reuse connections
LogInit:  - MaxHostConnections = 16  - Libcurl will limit the number of connections to a host
LogInit:  - LocalHostAddr = Default
LogInit:  - BufferSize = 65536
LogInit: WinSock: version 1.1 (2.2), MaxSocks=32767, MaxUdp=65467
LogInit: Build: ++UE4+Release-4.22-CL-7053642
LogInit: Engine Version: 4.22.3-7053642+++UE4+Release-4.22
LogInit: Compatible Engine Version: 4.22.0-5660361+++UE4+Release-4.22
LogInit: Net CL: 5660361
LogInit: OS: Windows 10 (Release 1903) (), CPU: Intel(R) Core(TM) i5-4690K CPU @ 3.50GHz, GPU: NVIDIA GeForce GTX 970
LogInit: Compiled (64-bit): Jun 18 2019 03:09:11
LogInit: Compiled with Visual C++: 19.16.27025.01
LogInit: Build Configuration: Development
LogInit: Branch Name: ++UE4+Release-4.22
LogInit: Command Line: 
LogInit: Base Directory: Q:/UE_4.22/Engine/Binaries/Win64/
LogInit: Installed Engine Build: 1
LogDevObjectVersion: Number of dev versions registered: 23
LogDevObjectVersion:   Dev-Blueprints (B0D832E4-1F89-4F0D-ACCF-7EB736FD4AA2): 10
LogDevObjectVersion:   Dev-Build (E1C64328-A22C-4D53-A36C-8E866417BD8C): 0
LogDevObjectVersion:   Dev-Core (375EC13C-06E4-48FB-B500-84F0262A717E): 3
LogDevObjectVersion:   Dev-Editor (E4B068ED-F494-42E9-A231-DA0B2E46BB41): 30
LogDevObjectVersion:   Dev-Framework (CFFC743F-43B0-4480-9391-14DF171D2073): 35
LogDevObjectVersion:   Dev-Mobile (B02B49B5-BB20-44E9-A304-32B752E40360): 2
LogDevObjectVersion:   Dev-Networking (A4E4105C-59A1-49B5-A7C5-40C4547EDFEE): 0
LogDevObjectVersion:   Dev-Online (39C831C9-5AE6-47DC-9A44-9C173E1C8E7C): 0
LogDevObjectVersion:   Dev-Physics (78F01B33-EBEA-4F98-B9B4-84EACCB95AA2): 0
LogDevObjectVersion:   Dev-Platform (6631380F-2D4D-43E0-8009-CF276956A95A): 0
LogDevObjectVersion:   Dev-Rendering (12F88B9F-8875-4AFC-A67C-D90C383ABD29): 28
LogDevObjectVersion:   Dev-Sequencer (7B5AE74C-D270-4C10-A958-57980B212A5A): 11
LogDevObjectVersion:   Dev-VR (D7296918-1DD6-4BDD-9DE2-64A83CC13884): 2
LogDevObjectVersion:   Dev-LoadTimes (C2A15278-BFE7-4AFE-6C17-90FF531DF755): 1
LogDevObjectVersion:   Private-Geometry (6EACA3D4-40EC-4CC1-B786-8BED09428FC5): 3
LogDevObjectVersion:   Dev-AnimPhys (29E575DD-E0A3-4627-9D10-D276232CDCEA): 17
LogDevObjectVersion:   Dev-Anim (AF43A65D-7FD3-4947-9873-3E8ED9C1BB05): 2
LogDevObjectVersion:   Dev-ReflectionCapture (6B266CEC-1EC7-4B8F-A30B-E4D90942FC07): 1
LogDevObjectVersion:   Dev-Automation (0DF73D61-A23F-47EA-B727-89E90C41499A): 1
LogDevObjectVersion:   FortniteMain (601D1886-AC64-4F84-AA16-D3DE0DEAC7D6): 25
LogDevObjectVersion:   Dev-Enterprise (9DFFBCD6-494F-0158-E221-12823C92A888): 6
LogDevObjectVersion:   Dev-Niagara (F2AED0AC-9AFE-416F-8664-AA7FFA26D6FC): 1
LogDevObjectVersion:   Dev-Destruction (174F1F0B-B4C6-45A5-B13F-2EE8D0FB917D): 2
LogInit: Presizing for max 16777216 objects, including 0 objects not considered by GC, pre-allocating 0 bytes for permanent pool.
LogInit: Object subsystem initialized
LogConfig: Setting CVar [[con.DebugEarlyDefault:1]]
LogConfig: Setting CVar [[r.setres:1280x720]]
[2020.02.12-07.34.56:317][  0]LogConfig: Setting CVar [[r.VSync:0]]
[2020.02.12-07.34.56:317][  0]LogConfig: Setting CVar [[r.RHICmdBypass:0]]
[2020.02.12-07.34.56:317][  0]LogConfig: Applying CVar settings from Section [/Script/Engine.RendererSettings] File [C:/Users/ericf/Desktop/repos/Marine-Squad/Marine_Squad/Saved/Config/Windows/Engine.ini]
[2020.02.12-07.34.56:317][  0]LogConfig: Setting CVar [[r.GPUCrashDebugging:0]]
[2020.02.12-07.34.56:317][  0]LogConfig: Setting CVar [[r.DefaultFeature.AutoExposure.ExtendDefaultLuminanceRange:1]]
[2020.02.12-07.34.56:317][  0]LogConfig: Setting CVar [[r.AllowGlobalClipPlane:1]]
[2020.02.12-07.34.56:317][  0]LogConfig: Applying CVar settings from Section [/Script/Engine.RendererOverrideSettings] File [C:/Users/ericf/Desktop/repos/Marine-Squad/Marine_Squad/Saved/Config/Windows/Engine.ini]
[2020.02.12-07.34.56:317][  0]LogConfig: Applying CVar settings from Section [/Script/Engine.StreamingSettings] File [C:/Users/ericf/Desktop/repos/Marine-Squad/Marine_Squad/Saved/Config/Windows/Engine.ini]
[2020.02.12-07.34.56:317][  0]LogConfig: Setting CVar [[s.MinBulkDataSizeForAsyncLoading:131072]]
[2020.02.12-07.34.56:317][  0]LogConfig: Setting CVar [[s.AsyncLoadingThreadEnabled:0]]
[2020.02.12-07.34.56:317][  0]LogConfig: Setting CVar [[s.EventDrivenLoaderEnabled:1]]
[2020.02.12-07.34.56:317][  0]LogConfig: Setting CVar [[s.WarnIfTimeLimitExceeded:0]]
[2020.02.12-07.34.56:317][  0]LogConfig: Setting CVar [[s.TimeLimitExceededMultiplier:1.5]]
[2020.02.12-07.34.56:317][  0]LogConfig: Setting CVar [[s.TimeLimitExceededMinTime:0.005]]
[2020.02.12-07.34.56:317][  0]LogConfig: Setting CVar [[s.UseBackgroundLevelStreaming:1]]
[2020.02.12-07.34.56:317][  0]LogConfig: Setting CVar [[s.PriorityAsyncLoadingExtraTime:15.0]]
[2020.02.12-07.34.56:317][  0]LogConfig: Setting CVar [[s.LevelStreamingActorsUpdateTimeLimit:5.0]]
[2020.02.12-07.34.56:317][  0]LogConfig: Setting CVar [[s.PriorityLevelStreamingActorsUpdateExtraTime:5.0]]
[2020.02.12-07.34.56:317][  0]LogConfig: Setting CVar [[s.LevelStreamingComponentsRegistrationGranularity:10]]
[2020.02.12-07.34.56:318][  0]LogConfig: Setting CVar [[s.UnregisterComponentsTimeLimit:1.0]]
[2020.02.12-07.34.56:318][  0]LogConfig: Setting CVar [[s.LevelStreamingComponentsUnregistrationGranularity:5]]
[2020.02.12-07.34.56:318][  0]LogConfig: Applying CVar settings from Section [/Script/Engine.GarbageCollectionSettings] File [C:/Users/ericf/Desktop/repos/Marine-Squad/Marine_Squad/Saved/Config/Windows/Engine.ini]
[2020.02.12-07.34.56:318][  0]LogConfig: Setting CVar [[gc.MaxObjectsNotConsideredByGC:1]]
[2020.02.12-07.34.56:318][  0]LogConfig: Setting CVar [[gc.SizeOfPermanentObjectPool:0]]
[2020.02.12-07.34.56:318][  0]LogConfig: Setting CVar [[gc.FlushStreamingOnGC:0]]
[2020.02.12-07.34.56:318][  0]LogConfig: Setting CVar [[gc.NumRetriesBeforeForcingGC:10]]
[2020.02.12-07.34.56:318][  0]LogConfig: Setting CVar [[gc.AllowParallelGC:1]]
[2020.02.12-07.34.56:318][  0]LogConfig: Setting CVar [[gc.TimeBetweenPurgingPendingKillObjects:61.1]]
[2020.02.12-07.34.56:318][  0]LogConfig: Setting CVar [[gc.MaxObjectsInEditor:16777216]]
[2020.02.12-07.34.56:318][  0]LogConfig: Setting CVar [[gc.IncrementalBeginDestroyEnabled:1]]
[2020.02.12-07.34.56:318][  0]LogConfig: Setting CVar [[gc.CreateGCClusters:1]]
[2020.02.12-07.34.56:318][  0]LogConfig: Setting CVar [[gc.MinGCClusterSize:5]]
[2020.02.12-07.34.56:318][  0]LogConfig: Setting CVar [[gc.ActorClusteringEnabled:0]]
[2020.02.12-07.34.56:318][  0]LogConfig: Setting CVar [[gc.BlueprintClusteringEnabled:0]]
[2020.02.12-07.34.56:318][  0]LogConfig: Setting CVar [[gc.UseDisregardForGCOnDedicatedServers:0]]
[2020.02.12-07.34.56:318][  0]LogConfig: Applying CVar settings from Section [/Script/Engine.NetworkSettings] File [C:/Users/ericf/Desktop/repos/Marine-Squad/Marine_Squad/Saved/Config/Windows/Engine.ini]
[2020.02.12-07.34.56:318][  0]LogConfig: Applying CVar settings from Section [/Script/UnrealEd.CookerSettings] File [C:/Users/ericf/Desktop/repos/Marine-Squad/Marine_Squad/Saved/Config/Windows/Engine.ini]
[2020.02.12-07.34.56:331][  0]LogConfig: Applying CVar settings from Section [ViewDistanceQuality@3] File [C:/Users/ericf/Desktop/repos/Marine-Squad/Marine_Squad/Saved/Config/Windows/Scalability.ini]
[2020.02.12-07.34.56:331][  0]LogConfig: Setting CVar [[r.SkeletalMeshLODBias:0]]
[2020.02.12-07.34.56:331][  0]LogConfig: Setting CVar [[r.ViewDistanceScale:1.0]]
[2020.02.12-07.34.56:331][  0]LogConfig: Applying CVar settings from Section [AntiAliasingQuality@3] File [C:/Users/ericf/Desktop/repos/Marine-Squad/Marine_Squad/Saved/Config/Windows/Scalability.ini]
[2020.02.12-07.34.56:331][  0]LogConfig: Setting CVar [[r.PostProcessAAQuality:4]]
[2020.02.12-07.34.56:331][  0]LogConfig: Applying CVar settings from Section [ShadowQuality@3] File [C:/Users/ericf/Desktop/repos/Marine-Squad/Marine_Squad/Saved/Config/Windows/Scalability.ini]
[2020.02.12-07.34.56:331][  0]LogConfig: Setting CVar [[r.LightFunctionQuality:1]]
[2020.02.12-07.34.56:331][  0]LogConfig: Setting CVar [[r.ShadowQuality:5]]
[2020.02.12-07.34.56:331][  0]LogConfig: Setting CVar [[r.Shadow.CSM.MaxCascades:10]]
[2020.02.12-07.34.56:331][  0]LogConfig: Setting CVar [[r.Shadow.MaxResolution:2048]]
[2020.02.12-07.34.56:331][  0]LogConfig: Setting CVar [[r.Shadow.MaxCSMResolution:2048]]
[2020.02.12-07.34.56:331][  0]LogConfig: Setting CVar [[r.Shadow.RadiusThreshold:0.01]]
[2020.02.12-07.34.56:331][  0]LogConfig: Setting CVar [[r.Shadow.DistanceScale:1.0]]
[2020.02.12-07.34.56:331][  0]LogConfig: Setting CVar [[r.Shadow.CSM.TransitionScale:1.0]]
[2020.02.12-07.34.56:331][  0]LogConfig: Setting CVar [[r.Shadow.PreShadowResolutionFactor:1.0]]
[2020.02.12-07.34.56:331][  0]LogConfig: Setting CVar [[r.DistanceFieldShadowing:1]]
[2020.02.12-07.34.56:331][  0]LogConfig: Setting CVar [[r.DistanceFieldAO:1]]
[2020.02.12-07.34.56:331][  0]LogConfig: Setting CVar [[r.AOQuality:2]]
[2020.02.12-07.34.56:331][  0]LogConfig: Setting CVar [[r.VolumetricFog:1]]
[2020.02.12-07.34.56:331][  0]LogConfig: Setting CVar [[r.VolumetricFog.GridPixelSize:8]]
[2020.02.12-07.34.56:331][  0]LogConfig: Setting CVar [[r.VolumetricFog.GridSizeZ:128]]
[2020.02.12-07.34.56:331][  0]LogConfig: Setting CVar [[r.VolumetricFog.HistoryMissSupersampleCount:4]]
[2020.02.12-07.34.56:331][  0]LogConfig: Setting CVar [[r.LightMaxDrawDistanceScale:1]]
[2020.02.12-07.34.56:331][  0]LogConfig: Setting CVar [[r.CapsuleShadows:1]]
[2020.02.12-07.34.56:331][  0]LogConfig: Applying CVar settings from Section [PostProcessQuality@3] File [C:/Users/ericf/Desktop/repos/Marine-Squad/Marine_Squad/Saved/Config/Windows/Scalability.ini]
[2020.02.12-07.34.56:331][  0]LogConfig: Setting CVar [[r.MotionBlurQuality:4]]
[2020.02.12-07.34.56:331][  0]LogConfig: Setting CVar [[r.AmbientOcclusionMipLevelFactor:0.4]]
[2020.02.12-07.34.56:331][  0]LogConfig: Setting CVar [[r.AmbientOcclusionMaxQuality:100]]
[2020.02.12-07.34.56:331][  0]LogConfig: Setting CVar [[r.AmbientOcclusionLevels:-1]]
[2020.02.12-07.34.56:331][  0]LogConfig: Setting CVar [[r.AmbientOcclusionRadiusScale:1.0]]
[2020.02.12-07.34.56:331][  0]LogConfig: Setting CVar [[r.DepthOfFieldQuality:2]]
[2020.02.12-07.34.56:331][  0]LogConfig: Setting CVar [[r.RenderTargetPoolMin:400]]
[2020.02.12-07.34.56:331][  0]LogConfig: Setting CVar [[r.LensFlareQuality:2]]
[2020.02.12-07.34.56:331][  0]LogConfig: Setting CVar [[r.SceneColorFringeQuality:1]]
[2020.02.12-07.34.56:331][  0]LogConfig: Setting CVar [[r.EyeAdaptationQuality:2]]
[2020.02.12-07.34.56:331][  0]LogConfig: Setting CVar [[r.BloomQuality:5]]
[2020.02.12-07.34.56:331][  0]LogConfig: Setting CVar [[r.FastBlurThreshold:100]]
[2020.02.12-07.34.56:331][  0]LogConfig: Setting CVar [[r.Upscale.Quality:3]]
[2020.02.12-07.34.56:331][  0]LogConfig: Setting CVar [[r.Tonemapper.GrainQuantization:1]]
[2020.02.12-07.34.56:332][  0]LogConfig: Setting CVar [[r.LightShaftQuality:1]]
[2020.02.12-07.34.56:332][  0]LogConfig: Setting CVar [[r.Filter.SizeScale:1]]
[2020.02.12-07.34.56:332][  0]LogConfig: Setting CVar [[r.Tonemapper.Quality:5]]
[2020.02.12-07.34.56:332][  0]LogConfig: Setting CVar [[r.DOF.Gather.AccumulatorQuality:1        ; higher gathering accumulator quality]]
[2020.02.12-07.34.56:332][  0]LogConfig: Setting CVar [[r.DOF.Gather.PostfilterMethod:1          ; Median3x3 postfilering method]]
[2020.02.12-07.34.56:332][  0]LogConfig: Setting CVar [[r.DOF.Gather.EnableBokehSettings:0       ; no bokeh simulation when gathering]]
[2020.02.12-07.34.56:332][  0]LogConfig: Setting CVar [[r.DOF.Gather.RingCount:4                 ; medium number of samples when gathering]]
[2020.02.12-07.34.56:332][  0]LogConfig: Setting CVar [[r.DOF.Scatter.ForegroundCompositing:1    ; additive foreground scattering]]
[2020.02.12-07.34.56:332][  0]LogConfig: Setting CVar [[r.DOF.Scatter.BackgroundCompositing:2    ; additive background scattering]]
[2020.02.12-07.34.56:332][  0]LogConfig: Setting CVar [[r.DOF.Scatter.EnableBokehSettings:1      ; bokeh simulation when scattering]]
[2020.02.12-07.34.56:332][  0]LogConfig: Setting CVar [[r.DOF.Scatter.MaxSpriteRatio:0.1         ; only a maximum of 10% of scattered bokeh]]
[2020.02.12-07.34.56:332][  0]LogConfig: Setting CVar [[r.DOF.Recombine.Quality:1                ; cheap slight out of focus]]
[2020.02.12-07.34.56:332][  0]LogConfig: Setting CVar [[r.DOF.Recombine.EnableBokehSettings:0    ; no bokeh simulation on slight out of focus]]
[2020.02.12-07.34.56:332][  0]LogConfig: Setting CVar [[r.DOF.TemporalAAQuality:1                ; more stable temporal accumulation]]
[2020.02.12-07.34.56:332][  0]LogConfig: Setting CVar [[r.DOF.Kernel.MaxForegroundRadius:0.025]]
[2020.02.12-07.34.56:332][  0]LogConfig: Setting CVar [[r.DOF.Kernel.MaxBackgroundRadius:0.025]]
[2020.02.12-07.34.56:332][  0]LogConfig: Applying CVar settings from Section [TextureQuality@3] File [C:/Users/ericf/Desktop/repos/Marine-Squad/Marine_Squad/Saved/Config/Windows/Scalability.ini]
[2020.02.12-07.34.56:332][  0]LogConfig: Setting CVar [[r.Streaming.MipBias:0]]
[2020.02.12-07.34.56:332][  0]LogConfig: Setting CVar [[r.Streaming.AmortizeCPUToGPUCopy:0]]
[2020.02.12-07.34.56:332][  0]LogConfig: Setting CVar [[r.Streaming.MaxNumTexturesToStreamPerFrame:0]]
[2020.02.12-07.34.56:332][  0]LogConfig: Setting CVar [[r.Streaming.Boost:1]]
[2020.02.12-07.34.56:332][  0]LogConfig: Setting CVar [[r.MaxAnisotropy:8]]
[2020.02.12-07.34.56:332][  0]LogConfig: Setting CVar [[r.Streaming.LimitPoolSizeToVRAM:0]]
[2020.02.12-07.34.56:332][  0]LogConfig: Setting CVar [[r.Streaming.PoolSize:1000]]
[2020.02.12-07.34.56:332][  0]LogConfig: Setting CVar [[r.Streaming.MaxEffectiveScreenSize:0]]
[2020.02.12-07.34.56:332][  0]LogConfig: Applying CVar settings from Section [EffectsQuality@3] File [C:/Users/ericf/Desktop/repos/Marine-Squad/Marine_Squad/Saved/Config/Windows/Scalability.ini]
[2020.02.12-07.34.56:332][  0]LogConfig: Setting CVar [[r.TranslucencyLightingVolumeDim:64]]
[2020.02.12-07.34.56:332][  0]LogConfig: Setting CVar [[r.RefractionQuality:2]]
[2020.02.12-07.34.56:332][  0]LogConfig: Setting CVar [[r.SSR.Quality:3]]
[2020.02.12-07.34.56:332][  0]LogConfig: Setting CVar [[r.SceneColorFormat:4]]
[2020.02.12-07.34.56:332][  0]LogConfig: Setting CVar [[r.DetailMode:2]]
[2020.02.12-07.34.56:332][  0]LogConfig: Setting CVar [[r.TranslucencyVolumeBlur:1]]
[2020.02.12-07.34.56:332][  0]LogConfig: Setting CVar [[r.MaterialQualityLevel:1 ; High quality]]
[2020.02.12-07.34.56:332][  0]LogConfig: Setting CVar [[r.SSS.Scale:1]]
[2020.02.12-07.34.56:332][  0]LogConfig: Setting CVar [[r.SSS.SampleSet:2]]
[2020.02.12-07.34.56:332][  0]LogConfig: Setting CVar [[r.SSS.Quality:1]]
[2020.02.12-07.34.56:332][  0]LogConfig: Setting CVar [[r.SSS.HalfRes:1]]
[2020.02.12-07.34.56:332][  0]LogConfig: Setting CVar [[r.EmitterSpawnRateScale:1.0]]
[2020.02.12-07.34.56:332][  0]LogConfig: Setting CVar [[r.ParticleLightQuality:2]]
[2020.02.12-07.34.56:332][  0]LogConfig: Applying CVar settings from Section [FoliageQuality@3] File [C:/Users/ericf/Desktop/repos/Marine-Squad/Marine_Squad/Saved/Config/Windows/Scalability.ini]
[2020.02.12-07.34.56:332][  0]LogConfig: Setting CVar [[foliage.DensityScale:1.0]]
[2020.02.12-07.34.56:332][  0]LogConfig: Setting CVar [[grass.DensityScale:1.0]]
[2020.02.12-07.34.56:333][  0]LogInit: Selected Device Profile: [Windows]
[2020.02.12-07.34.56:333][  0]LogInit: Applying CVar settings loaded from the selected device profile: [Windows]
[2020.02.12-07.34.56:368][  0]LogHAL: Display: Platform has ~ 8 GB [8444633088 / 8589934592 / 8], which maps to Default [LargestMinGB=32, LargerMinGB=12, DefaultMinGB=8, SmallerMinGB=6, SmallestMinGB=0)
[2020.02.12-07.34.56:368][  0]LogConfig: Setting CVar [[r.Vulkan.UseRealUBs:0		; Required until we fix HLR fall-out]]
[2020.02.12-07.34.56:368][  0]LogInit: Going up to parent DeviceProfile []
[2020.02.12-07.34.56:368][  0]LogConfig: Applying CVar settings from Section [ViewDistanceQuality@3] File [C:/Users/ericf/Desktop/repos/Marine-Squad/Marine_Squad/Saved/Config/Windows/Scalability.ini]
[2020.02.12-07.34.56:368][  0]LogConfig: Setting CVar [[r.SkeletalMeshLODBias:0]]
[2020.02.12-07.34.56:368][  0]LogConfig: Setting CVar [[r.ViewDistanceScale:1.0]]
[2020.02.12-07.34.56:368][  0]LogConfig: Applying CVar settings from Section [AntiAliasingQuality@3] File [C:/Users/ericf/Desktop/repos/Marine-Squad/Marine_Squad/Saved/Config/Windows/Scalability.ini]
[2020.02.12-07.34.56:368][  0]LogConfig: Setting CVar [[r.PostProcessAAQuality:4]]
[2020.02.12-07.34.56:368][  0]LogConfig: Applying CVar settings from Section [ShadowQuality@3] File [C:/Users/ericf/Desktop/repos/Marine-Squad/Marine_Squad/Saved/Config/Windows/Scalability.ini]
[2020.02.12-07.34.56:368][  0]LogConfig: Setting CVar [[r.LightFunctionQuality:1]]
[2020.02.12-07.34.56:368][  0]LogConfig: Setting CVar [[r.ShadowQuality:5]]
[2020.02.12-07.34.56:368][  0]LogConfig: Setting CVar [[r.Shadow.CSM.MaxCascades:10]]
[2020.02.12-07.34.56:368][  0]LogConfig: Setting CVar [[r.Shadow.MaxResolution:2048]]
[2020.02.12-07.34.56:368][  0]LogConfig: Setting CVar [[r.Shadow.MaxCSMResolution:2048]]
[2020.02.12-07.34.56:368][  0]LogConfig: Setting CVar [[r.Shadow.RadiusThreshold:0.01]]
[2020.02.12-07.34.56:368][  0]LogConfig: Setting CVar [[r.Shadow.DistanceScale:1.0]]
[2020.02.12-07.34.56:368][  0]LogConfig: Setting CVar [[r.Shadow.CSM.TransitionScale:1.0]]
[2020.02.12-07.34.56:368][  0]LogConfig: Setting CVar [[r.Shadow.PreShadowResolutionFactor:1.0]]
[2020.02.12-07.34.56:368][  0]LogConfig: Setting CVar [[r.DistanceFieldShadowing:1]]
[2020.02.12-07.34.56:368][  0]LogConfig: Setting CVar [[r.DistanceFieldAO:1]]
[2020.02.12-07.34.56:368][  0]LogConfig: Setting CVar [[r.AOQuality:2]]
[2020.02.12-07.34.56:368][  0]LogConfig: Setting CVar [[r.VolumetricFog:1]]
[2020.02.12-07.34.56:368][  0]LogConfig: Setting CVar [[r.VolumetricFog.GridPixelSize:8]]
[2020.02.12-07.34.56:368][  0]LogConfig: Setting CVar [[r.VolumetricFog.GridSizeZ:128]]
[2020.02.12-07.34.56:368][  0]LogConfig: Setting CVar [[r.VolumetricFog.HistoryMissSupersampleCount:4]]
[2020.02.12-07.34.56:368][  0]LogConfig: Setting CVar [[r.LightMaxDrawDistanceScale:1]]
[2020.02.12-07.34.56:368][  0]LogConfig: Setting CVar [[r.CapsuleShadows:1]]
[2020.02.12-07.34.56:368][  0]LogConfig: Applying CVar settings from Section [PostProcessQuality@3] File [C:/Users/ericf/Desktop/repos/Marine-Squad/Marine_Squad/Saved/Config/Windows/Scalability.ini]
[2020.02.12-07.34.56:368][  0]LogConfig: Setting CVar [[r.MotionBlurQuality:4]]
[2020.02.12-07.34.56:368][  0]LogConfig: Setting CVar [[r.AmbientOcclusionMipLevelFactor:0.4]]
[2020.02.12-07.34.56:368][  0]LogConfig: Setting CVar [[r.AmbientOcclusionMaxQuality:100]]
[2020.02.12-07.34.56:368][  0]LogConfig: Setting CVar [[r.AmbientOcclusionLevels:-1]]
[2020.02.12-07.34.56:368][  0]LogConfig: Setting CVar [[r.AmbientOcclusionRadiusScale:1.0]]
[2020.02.12-07.34.56:368][  0]LogConfig: Setting CVar [[r.DepthOfFieldQuality:2]]
[2020.02.12-07.34.56:368][  0]LogConfig: Setting CVar [[r.RenderTargetPoolMin:400]]
[2020.02.12-07.34.56:368][  0]LogConfig: Setting CVar [[r.LensFlareQuality:2]]
[2020.02.12-07.34.56:368][  0]LogConfig: Setting CVar [[r.SceneColorFringeQuality:1]]
[2020.02.12-07.34.56:368][  0]LogConfig: Setting CVar [[r.EyeAdaptationQuality:2]]
[2020.02.12-07.34.56:368][  0]LogConfig: Setting CVar [[r.BloomQuality:5]]
[2020.02.12-07.34.56:368][  0]LogConfig: Setting CVar [[r.FastBlurThreshold:100]]
[2020.02.12-07.34.56:368][  0]LogConfig: Setting CVar [[r.Upscale.Quality:3]]
[2020.02.12-07.34.56:368][  0]LogConfig: Setting CVar [[r.Tonemapper.GrainQuantization:1]]
[2020.02.12-07.34.56:368][  0]LogConfig: Setting CVar [[r.LightShaftQuality:1]]
[2020.02.12-07.34.56:368][  0]LogConfig: Setting CVar [[r.Filter.SizeScale:1]]
[2020.02.12-07.34.56:368][  0]LogConfig: Setting CVar [[r.Tonemapper.Quality:5]]
[2020.02.12-07.34.56:368][  0]LogConfig: Setting CVar [[r.DOF.Gather.AccumulatorQuality:1        ; higher gathering accumulator quality]]
[2020.02.12-07.34.56:368][  0]LogConfig: Setting CVar [[r.DOF.Gather.PostfilterMethod:1          ; Median3x3 postfilering method]]
[2020.02.12-07.34.56:369][  0]LogConfig: Setting CVar [[r.DOF.Gather.EnableBokehSettings:0       ; no bokeh simulation when gathering]]
[2020.02.12-07.34.56:369][  0]LogConfig: Setting CVar [[r.DOF.Gather.RingCount:4                 ; medium number of samples when gathering]]
[2020.02.12-07.34.56:369][  0]LogConfig: Setting CVar [[r.DOF.Scatter.ForegroundCompositing:1    ; additive foreground scattering]]
[2020.02.12-07.34.56:369][  0]LogConfig: Setting CVar [[r.DOF.Scatter.BackgroundCompositing:2    ; additive background scattering]]
[2020.02.12-07.34.56:369][  0]LogConfig: Setting CVar [[r.DOF.Scatter.EnableBokehSettings:1      ; bokeh simulation when scattering]]
[2020.02.12-07.34.56:369][  0]LogConfig: Setting CVar [[r.DOF.Scatter.MaxSpriteRatio:0.1         ; only a maximum of 10% of scattered bokeh]]
[2020.02.12-07.34.56:369][  0]LogConfig: Setting CVar [[r.DOF.Recombine.Quality:1                ; cheap slight out of focus]]
[2020.02.12-07.34.56:369][  0]LogConfig: Setting CVar [[r.DOF.Recombine.EnableBokehSettings:0    ; no bokeh simulation on slight out of focus]]
[2020.02.12-07.34.56:369][  0]LogConfig: Setting CVar [[r.DOF.TemporalAAQuality:1                ; more stable temporal accumulation]]
[2020.02.12-07.34.56:369][  0]LogConfig: Setting CVar [[r.DOF.Kernel.MaxForegroundRadius:0.025]]
[2020.02.12-07.34.56:369][  0]LogConfig: Setting CVar [[r.DOF.Kernel.MaxBackgroundRadius:0.025]]
[2020.02.12-07.34.56:369][  0]LogConfig: Applying CVar settings from Section [TextureQuality@3] File [C:/Users/ericf/Desktop/repos/Marine-Squad/Marine_Squad/Saved/Config/Windows/Scalability.ini]
[2020.02.12-07.34.56:369][  0]LogConfig: Setting CVar [[r.Streaming.MipBias:0]]
[2020.02.12-07.34.56:369][  0]LogConfig: Setting CVar [[r.Streaming.AmortizeCPUToGPUCopy:0]]
[2020.02.12-07.34.56:369][  0]LogConfig: Setting CVar [[r.Streaming.MaxNumTexturesToStreamPerFrame:0]]
[2020.02.12-07.34.56:369][  0]LogConfig: Setting CVar [[r.Streaming.Boost:1]]
[2020.02.12-07.34.56:369][  0]LogConfig: Setting CVar [[r.MaxAnisotropy:8]]
[2020.02.12-07.34.56:369][  0]LogConfig: Setting CVar [[r.Streaming.LimitPoolSizeToVRAM:0]]
[2020.02.12-07.34.56:369][  0]LogConfig: Setting CVar [[r.Streaming.PoolSize:1000]]
[2020.02.12-07.34.56:369][  0]LogConfig: Setting CVar [[r.Streaming.MaxEffectiveScreenSize:0]]
[2020.02.12-07.34.56:369][  0]LogConfig: Applying CVar settings from Section [EffectsQuality@3] File [C:/Users/ericf/Desktop/repos/Marine-Squad/Marine_Squad/Saved/Config/Windows/Scalability.ini]
[2020.02.12-07.34.56:369][  0]LogConfig: Setting CVar [[r.TranslucencyLightingVolumeDim:64]]
[2020.02.12-07.34.56:369][  0]LogConfig: Setting CVar [[r.RefractionQuality:2]]
[2020.02.12-07.34.56:369][  0]LogConfig: Setting CVar [[r.SSR.Quality:3]]
[2020.02.12-07.34.56:369][  0]LogConfig: Setting CVar [[r.SceneColorFormat:4]]
[2020.02.12-07.34.56:369][  0]LogConfig: Setting CVar [[r.DetailMode:2]]
[2020.02.12-07.34.56:369][  0]LogConfig: Setting CVar [[r.TranslucencyVolumeBlur:1]]
[2020.02.12-07.34.56:369][  0]LogConfig: Setting CVar [[r.MaterialQualityLevel:1 ; High quality]]
[2020.02.12-07.34.56:369][  0]LogConfig: Setting CVar [[r.SSS.Scale:1]]
[2020.02.12-07.34.56:369][  0]LogConfig: Setting CVar [[r.SSS.SampleSet:2]]
[2020.02.12-07.34.56:369][  0]LogConfig: Setting CVar [[r.SSS.Quality:1]]
[2020.02.12-07.34.56:369][  0]LogConfig: Setting CVar [[r.SSS.HalfRes:1]]
[2020.02.12-07.34.56:369][  0]LogConfig: Setting CVar [[r.EmitterSpawnRateScale:1.0]]
[2020.02.12-07.34.56:369][  0]LogConfig: Setting CVar [[r.ParticleLightQuality:2]]
[2020.02.12-07.34.56:369][  0]LogConfig: Applying CVar settings from Section [FoliageQuality@3] File [C:/Users/ericf/Desktop/repos/Marine-Squad/Marine_Squad/Saved/Config/Windows/Scalability.ini]
[2020.02.12-07.34.56:369][  0]LogConfig: Setting CVar [[foliage.DensityScale:1.0]]
[2020.02.12-07.34.56:369][  0]LogConfig: Setting CVar [[grass.DensityScale:1.0]]
[2020.02.12-07.34.56:369][  0]LogConfig: Applying CVar settings from Section [Startup] File [../../../Engine/Config/ConsoleVariables.ini]
[2020.02.12-07.34.56:369][  0]LogConfig: Setting CVar [[net.UseAdaptiveNetUpdateFrequency:0]]
[2020.02.12-07.34.56:369][  0]LogConfig: Setting CVar [[p.chaos.AllowCreatePhysxBodies:1]]
[2020.02.12-07.34.56:369][  0]LogConfig: Applying CVar settings from Section [ConsoleVariables] File [C:/Users/ericf/Desktop/repos/Marine-Squad/Marine_Squad/Saved/Config/Windows/Engine.ini]
[2020.02.12-07.34.56:370][  0]LogInit: Computer: FALL-PC
[2020.02.12-07.34.56:370][  0]LogInit: User: ericf
[2020.02.12-07.34.56:370][  0]LogInit: CPU Page size=4096, Cores=4
[2020.02.12-07.34.56:370][  0]LogInit: High frequency timer resolution =10.000000 MHz
[2020.02.12-07.34.56:370][  0]LogMemory: Memory total: Physical=7.9GB (8GB approx)
[2020.02.12-07.34.56:370][  0]LogMemory: Platform Memory Stats for Windows
[2020.02.12-07.34.56:370][  0]LogMemory: Process Physical Memory: 97.58 MB used, 97.59 MB peak
[2020.02.12-07.34.56:370][  0]LogMemory: Process Virtual Memory: 91.98 MB used, 91.98 MB peak
[2020.02.12-07.34.56:370][  0]LogMemory: Physical Memory: 6601.21 MB used,  1452.22 MB free, 8053.43 MB total
[2020.02.12-07.34.56:370][  0]LogMemory: Virtual Memory: 4632.96 MB used,  134213096.00 MB free, 134217728.00 MB total
[2020.02.12-07.34.56:651][  0]LogInit: Using OS detected language (en-US).
[2020.02.12-07.34.56:651][  0]LogInit: Using OS detected locale (en-US).
[2020.02.12-07.34.56:654][  0]LogTextLocalizationManager: No specific localization for 'en-US' exists, so the 'en' localization will be used.
[2020.02.12-07.34.57:034][  0]LogInit: Setting process to per monitor DPI aware
[2020.02.12-07.34.57:165][  0]LogSlate: New Slate User Created.  User Index 0, Is Virtual User: 0
[2020.02.12-07.34.57:165][  0]LogSlate: Slate User Registered.  User Index 0, Is Virtual User: 0
[2020.02.12-07.35.01:429][  0]LogHMD: Failed to initialize OpenVR with code 110
[2020.02.12-07.35.01:429][  0]LogD3D11RHI: D3D11 adapters:
[2020.02.12-07.35.01:622][  0]LogD3D11RHI:    0. 'NVIDIA GeForce GTX 970' (Feature Level 11_0)
[2020.02.12-07.35.01:622][  0]LogD3D11RHI:       4043/0/4026 MB DedicatedVideo/DedicatedSystem/SharedSystem, Outputs:2, VendorId:0x10de
[2020.02.12-07.35.01:691][  0]LogD3D11RHI:    1. 'Intel(R) HD Graphics 4600' (Feature Level 11_0)
[2020.02.12-07.35.01:691][  0]LogD3D11RHI:       112/0/2048 MB DedicatedVideo/DedicatedSystem/SharedSystem, Outputs:0, VendorId:0x8086
[2020.02.12-07.35.01:717][  0]LogD3D11RHI:    2. 'Microsoft Basic Render Driver' (Feature Level 11_0)
[2020.02.12-07.35.01:717][  0]LogD3D11RHI:       0/0/4026 MB DedicatedVideo/DedicatedSystem/SharedSystem, Outputs:0, VendorId:0x1414
[2020.02.12-07.35.01:717][  0]LogD3D11RHI: Chosen D3D11 Adapter: 0
[2020.02.12-07.35.01:727][  0]LogD3D11RHI: Creating new Direct3DDevice
[2020.02.12-07.35.01:727][  0]LogD3D11RHI:     GPU DeviceId: 0x13c2 (for the marketing name, search the web for "GPU Device Id")
[2020.02.12-07.35.01:727][  0]LogWindows: EnumDisplayDevices:
[2020.02.12-07.35.01:727][  0]LogWindows:    0. 'NVIDIA GeForce GTX 970' (P:1 D:1)
[2020.02.12-07.35.01:728][  0]LogWindows:    1. 'NVIDIA GeForce GTX 970' (P:0 D:1)
[2020.02.12-07.35.01:728][  0]LogWindows:    2. 'NVIDIA GeForce GTX 970' (P:0 D:0)
[2020.02.12-07.35.01:728][  0]LogWindows:    3. 'NVIDIA GeForce GTX 970' (P:0 D:0)
[2020.02.12-07.35.01:729][  0]LogWindows:    4. 'Intel(R) HD Graphics 4600' (P:0 D:0)
[2020.02.12-07.35.01:729][  0]LogWindows:    5. 'Intel(R) HD Graphics 4600' (P:0 D:0)
[2020.02.12-07.35.01:729][  0]LogWindows:    6. 'Intel(R) HD Graphics 4600' (P:0 D:0)
[2020.02.12-07.35.01:729][  0]LogWindows: DebugString: PrimaryIsNotTheChoosenAdapter PrimaryIsNotTheChoosenAdapter PrimaryIsNotTheChoosenAdapter FoundDriverCount:4 
[2020.02.12-07.35.01:729][  0]LogD3D11RHI:     Adapter Name: NVIDIA GeForce GTX 970
[2020.02.12-07.35.01:729][  0]LogD3D11RHI:   Driver Version: 436.02 (internal:26.21.14.3602, unified:436.02)
[2020.02.12-07.35.01:729][  0]LogD3D11RHI:      Driver Date: 8-16-2019
[2020.02.12-07.35.01:729][  0]LogRHI: Texture pool is 2830 MB (70% of 4043 MB)
[2020.02.12-07.35.01:793][  0]LogD3D11RHI: Async texture creation enabled
[2020.02.12-07.35.01:838][  0]LogRendererCore: FGlobalReadBuffer::InitRHI
[2020.02.12-07.35.01:840][  0]LogRendererCore: FGlobalReadBuffer::InitRHI
[2020.02.12-07.35.01:840][  0]LogRendererCore: FGlobalReadBuffer::InitRHI
[2020.02.12-07.35.01:852][  0]LogD3D11RHI: GPU Timing Frequency: 1000.000000 (Debug: 2 1)
[2020.02.12-07.35.02:767][  0]LogTemp: Display: Module 'AllDesktopTargetPlatform' loaded TargetPlatform 'AllDesktop'
[2020.02.12-07.35.02:798][  0]LogTemp: Display: Module 'MacClientTargetPlatform' loaded TargetPlatform 'MacClient'
[2020.02.12-07.35.02:828][  0]LogTemp: Display: Module 'MacNoEditorTargetPlatform' loaded TargetPlatform 'MacNoEditor'
[2020.02.12-07.35.02:861][  0]LogTemp: Display: Module 'MacServerTargetPlatform' loaded TargetPlatform 'MacServer'
[2020.02.12-07.35.02:901][  0]LogTemp: Display: Module 'MacTargetPlatform' loaded TargetPlatform 'Mac'
[2020.02.12-07.35.02:938][  0]LogTemp: Display: Module 'WindowsClientTargetPlatform' loaded TargetPlatform 'WindowsClient'
[2020.02.12-07.35.02:970][  0]LogTemp: Display: Module 'WindowsNoEditorTargetPlatform' loaded TargetPlatform 'WindowsNoEditor'
[2020.02.12-07.35.03:007][  0]LogTemp: Display: Module 'WindowsServerTargetPlatform' loaded TargetPlatform 'WindowsServer'
[2020.02.12-07.35.03:048][  0]LogTemp: Display: Module 'WindowsTargetPlatform' loaded TargetPlatform 'Windows'
[2020.02.12-07.35.03:178][  0]LogTemp: Display: Module 'AndroidTargetPlatform' loaded TargetPlatform 'Android'
[2020.02.12-07.35.03:178][  0]LogTemp: Display: Module 'AndroidTargetPlatform' loaded TargetPlatform 'Android_ASTC'
[2020.02.12-07.35.03:178][  0]LogTemp: Display: Module 'AndroidTargetPlatform' loaded TargetPlatform 'Android_ATC'
[2020.02.12-07.35.03:178][  0]LogTemp: Display: Module 'AndroidTargetPlatform' loaded TargetPlatform 'Android_DXT'
[2020.02.12-07.35.03:178][  0]LogTemp: Display: Module 'AndroidTargetPlatform' loaded TargetPlatform 'Android_ETC1'
[2020.02.12-07.35.03:178][  0]LogTemp: Display: Module 'AndroidTargetPlatform' loaded TargetPlatform 'Android_ETC1a'
[2020.02.12-07.35.03:178][  0]LogTemp: Display: Module 'AndroidTargetPlatform' loaded TargetPlatform 'Android_ETC2'
[2020.02.12-07.35.03:178][  0]LogTemp: Display: Module 'AndroidTargetPlatform' loaded TargetPlatform 'Android_PVRTC'
[2020.02.12-07.35.03:178][  0]LogTemp: Display: Module 'AndroidTargetPlatform' loaded TargetPlatform 'AndroidClient'
[2020.02.12-07.35.03:178][  0]LogTemp: Display: Module 'AndroidTargetPlatform' loaded TargetPlatform 'Android_ASTCClient'
[2020.02.12-07.35.03:178][  0]LogTemp: Display: Module 'AndroidTargetPlatform' loaded TargetPlatform 'Android_ATCClient'
[2020.02.12-07.35.03:178][  0]LogTemp: Display: Module 'AndroidTargetPlatform' loaded TargetPlatform 'Android_DXTClient'
[2020.02.12-07.35.03:178][  0]LogTemp: Display: Module 'AndroidTargetPlatform' loaded TargetPlatform 'Android_ETC1Client'
[2020.02.12-07.35.03:178][  0]LogTemp: Display: Module 'AndroidTargetPlatform' loaded TargetPlatform 'Android_ETC1aClient'
[2020.02.12-07.35.03:178][  0]LogTemp: Display: Module 'AndroidTargetPlatform' loaded TargetPlatform 'Android_ETC2Client'
[2020.02.12-07.35.03:178][  0]LogTemp: Display: Module 'AndroidTargetPlatform' loaded TargetPlatform 'Android_PVRTCClient'
[2020.02.12-07.35.03:178][  0]LogTemp: Display: Module 'AndroidTargetPlatform' loaded TargetPlatform 'Android_Multi'
[2020.02.12-07.35.03:178][  0]LogTemp: Display: Module 'AndroidTargetPlatform' loaded TargetPlatform 'Android_MultiClient'
[2020.02.12-07.35.03:196][  0]LogTemp: Display: Module 'HTML5TargetPlatform' loaded TargetPlatform 'HTML5'
[2020.02.12-07.35.03:335][  0]LogTemp: Display: Module 'IOSTargetPlatform' loaded TargetPlatform 'IOSClient'
[2020.02.12-07.35.03:335][  0]LogTemp: Display: Module 'IOSTargetPlatform' loaded TargetPlatform 'IOS'
[2020.02.12-07.35.03:378][  0]LogTemp: Display: Module 'TVOSTargetPlatform' loaded TargetPlatform 'TVOSClient'
[2020.02.12-07.35.03:378][  0]LogTemp: Display: Module 'TVOSTargetPlatform' loaded TargetPlatform 'TVOS'
[2020.02.12-07.35.03:414][  0]LogTemp: Display: Module 'LinuxClientTargetPlatform' loaded TargetPlatform 'LinuxClient'
[2020.02.12-07.35.03:443][  0]LogTemp: Display: Module 'LinuxNoEditorTargetPlatform' loaded TargetPlatform 'LinuxNoEditor'
[2020.02.12-07.35.03:471][  0]LogTemp: Display: Module 'LinuxServerTargetPlatform' loaded TargetPlatform 'LinuxServer'
[2020.02.12-07.35.03:518][  0]LogTemp: Display: Module 'LinuxTargetPlatform' loaded TargetPlatform 'Linux'
[2020.02.12-07.35.03:585][  0]LogTemp: Display: Module 'LuminTargetPlatform' loaded TargetPlatform 'Lumin'
[2020.02.12-07.35.03:585][  0]LogTemp: Display: Module 'LuminTargetPlatform' loaded TargetPlatform 'LuminClient'
[2020.02.12-07.35.03:585][  0]LogTargetPlatformManager: Display: Building Assets For Windows
[2020.02.12-07.35.03:674][  0]LogAudioDebug: Display: Lib vorbis DLL was dynamically loaded.
[2020.02.12-07.35.04:134][  0]LogShaderCompilers: Guid format shader working directory is -9 characters bigger than the processId version (C:/Users/ericf/Desktop/repos/Marine-Squad/Marine_Squad/Intermediate/Shaders/WorkingDirectory/45432/).
[2020.02.12-07.35.04:134][  0]LogShaderCompilers: Cleaned the shader compiler working directory 'C:/Users/ericf/AppData/Local/Temp/UnrealShaderWorkingDir/31A6817445571048472DD59E17B1A75A/'.
[2020.02.12-07.35.04:136][  0]LogXGEController: Cannot use XGE Controller as Incredibuild is not installed on this machine.
[2020.02.12-07.35.04:137][  0]LogShaderCompilers: Cannot use XGE Shader Compiler as Incredibuild is not installed on this machine.
[2020.02.12-07.35.04:137][  0]LogShaderCompilers: Display: Using Local Shader Compiler.
[2020.02.12-07.35.07:037][  0]LogDerivedDataCache: Display: Max Cache Size: 512 MB
[2020.02.12-07.35.07:780][  0]LogDerivedDataCache: Loaded boot cache 0.74s 85MB C:/Users/ericf/AppData/Local/UnrealEngine/4.22/DerivedDataCache/Boot.ddc.
[2020.02.12-07.35.07:780][  0]LogDerivedDataCache: Display: Loaded Boot cache: C:/Users/ericf/AppData/Local/UnrealEngine/4.22/DerivedDataCache/Boot.ddc
[2020.02.12-07.35.07:780][  0]LogDerivedDataCache: FDerivedDataBackendGraph:  Pak pak cache file C:/Users/ericf/Desktop/repos/Marine-Squad/Marine_Squad/DerivedDataCache/DDC.ddp not found, will not use a pak cache.
[2020.02.12-07.35.07:780][  0]LogDerivedDataCache: Unable to find inner node Pak for hierarchical cache Hierarchy.
[2020.02.12-07.35.07:780][  0]LogDerivedDataCache: FDerivedDataBackendGraph:  CompressedPak pak cache file C:/Users/ericf/Desktop/repos/Marine-Squad/Marine_Squad/DerivedDataCache/Compressed.ddp not found, will not use a pak cache.
[2020.02.12-07.35.07:780][  0]LogDerivedDataCache: Unable to find inner node CompressedPak for hierarchical cache Hierarchy.
[2020.02.12-07.35.07:812][  0]LogDerivedDataCache: Display: Pak cache opened for reading ../../../Engine/DerivedDataCache/Compressed.ddp.
[2020.02.12-07.35.07:812][  0]LogDerivedDataCache: FDerivedDataBackendGraph:  EnterprisePak pak cache file ../../../Enterprise/DerivedDataCache/Compressed.ddp not found, will not use a pak cache.
[2020.02.12-07.35.07:812][  0]LogDerivedDataCache: Unable to find inner node EnterprisePak for hierarchical cache Hierarchy.
[2020.02.12-07.35.07:824][  0]LogDerivedDataCache: Using Local data cache path C:/Users/ericf/AppData/Local/UnrealEngine/Common/DerivedDataCache: Writable
[2020.02.12-07.35.07:824][  0]LogDerivedDataCache: Shared data cache path not found in *engine.ini, will not use an Shared cache.
[2020.02.12-07.35.07:824][  0]LogDerivedDataCache: Unable to find inner node Shared for hierarchical cache Hierarchy.
[2020.02.12-07.35.07:849][  0]LogMaterial: Verifying Global Shaders for PCD3D_SM5
[2020.02.12-07.35.07:853][  0]LogSlate: Using FreeType 2.6.0
[2020.02.12-07.35.07:884][  0]LogSlate: SlateFontServices - WITH_FREETYPE: 1, WITH_HARFBUZZ: 1
[2020.02.12-07.35.08:304][  0]LogAssetRegistry: FAssetRegistry took 0.0340 seconds to start up
[2020.02.12-07.35.08:823][  0]LogInit: Selected Device Profile: [Windows]
[2020.02.12-07.35.09:311][  0]LogMeshReduction: Using QuadricMeshReduction for automatic static mesh reduction
[2020.02.12-07.35.09:311][  0]LogMeshReduction: Using SimplygonMeshReduction for automatic skeletal mesh reduction
[2020.02.12-07.35.09:311][  0]LogMeshReduction: Using ProxyLODMeshReduction for automatic mesh merging
[2020.02.12-07.35.09:311][  0]LogMeshReduction: No distributed automatic mesh merging module available
[2020.02.12-07.35.09:312][  0]LogMeshMerging: No distributed automatic mesh merging module available
[2020.02.12-07.35.09:368][  0]LogNetVersion: Marine_Squad 1.0.0, NetCL: 5660361, EngineNetVer: 10, GameNetVer: 0 (Checksum: 4148284594)
[2020.02.12-07.35.10:908][  0]LogPackageLocalizationCache: Processed 10 localized package path(s) for 1 prioritized culture(s) in 0.072273 seconds
[2020.02.12-07.35.10:916][  0]LogUObjectArray: 42205 objects as part of root set at end of initial load.
[2020.02.12-07.35.10:916][  0]LogUObjectAllocator: 7325032 out of 0 bytes used by permanent object pool.
[2020.02.12-07.35.10:916][  0]LogUObjectArray: CloseDisregardForGC: 0/0 objects in disregard for GC pool
[2020.02.12-07.35.16:627][  0]LogVaFog: [FVaFogOfWarModule::StartupModule(44)] VaFogOfWar module started
[2020.02.12-07.35.16:699][  0]LogTcpMessaging: Initializing TcpMessaging bridge
[2020.02.12-07.35.16:738][  0]LogUdpMessaging: Initializing bridge on interface 0.0.0.0:0 to multicast group 230.0.0.1:6666.
[2020.02.12-07.35.17:282][  0]SourceControl: Source control is disabled
[2020.02.12-07.35.17:282][  0]SourceControl: Source control is disabled
[2020.02.12-07.35.17:316][  0]SourceControl: Source control is disabled
[2020.02.12-07.35.17:343][  0]SourceControl: Source control is disabled
[2020.02.12-07.35.18:245][  0]LogAndroidPermission: UAndroidPermissionCallbackProxy::GetInstance
[2020.02.12-07.35.18:757][  0]LogOcInput: OculusInput pre-init called
[2020.02.12-07.35.19:759][  0]LogEngine: Initializing Engine...
[2020.02.12-07.35.19:763][  0]LogHMD: Failed to initialize OpenVR with code 110
[2020.02.12-07.35.19:766][  0]LogStats: UGameplayTagsManager::InitializeManager -  0.002 s
[2020.02.12-07.35.20:302][  0]LogInit: Initializing FReadOnlyCVARCache
[2020.02.12-07.35.20:348][  0]LogAIModule: Creating AISystem for world Untitled
[2020.02.12-07.35.20:348][  0]LogVaFog: [FVaFogOfWarModule::StartupModule::<lambda_976865d7f760a47e2a086b15bf7dcbd9>::operator ()(41)] Fog Controller is created for: Untitled
[2020.02.12-07.35.20:403][  0]LogInit: XAudio2 using 'HEAD SET (Corsair VOID PRO USB Gaming Headset )' : 2 channels at 48 kHz using 16 bits per sample (channel mask 0x3)
[2020.02.12-07.35.20:426][  0]LogInit: FAudioDevice initialized.
[2020.02.12-07.35.20:426][  0]LogNetVersion: Set ProjectVersion to 1.0.0.0. Version Checksum will be recalculated on next use.
[2020.02.12-07.35.21:055][  0]LogDerivedDataCache: Saved boot cache 0.63s 71MB C:/Users/ericf/AppData/Local/UnrealEngine/4.22/DerivedDataCache/Boot.ddc.
[2020.02.12-07.35.21:068][  0]LogInit: Texture streaming: Enabled
[2020.02.12-07.35.21:189][  0]LogEngineSessionManager: EngineSessionManager initialized
[2020.02.12-07.35.21:264][  0]LogInit: Transaction tracking system initialized
[2020.02.12-07.35.21:407][  0]BlueprintLog: New page: Editor Load
[2020.02.12-07.35.22:335][  0]LocalizationService: Localization service is disabled
[2020.02.12-07.35.24:077][  0]LogCook: Display: Max memory allowance for cook 16384mb min free memory 0mb
[2020.02.12-07.35.24:077][  0]LogCook: Display: Mobile HDR setting 1
[2020.02.12-07.35.24:869][  0]LogFileCache: Scanning file cache for directory 'C:/Users/ericf/Desktop/repos/Marine-Squad/Marine_Squad/Content/' took 0.04s
[2020.02.12-07.35.25:458][  0]SourceControl: Source control is disabled
[2020.02.12-07.35.25:458][  0]Cmd: MAP LOAD FILE="C:/Users/ericf/Desktop/repos/Marine-Squad/Marine_Squad/Content/StarterContent/Maps/Minimal_Default.umap" TEMPLATE=0 SHOWPROGRESS=1 FEATURELEVEL=3
[2020.02.12-07.35.25:471][  0]LightingResults: New page: Lighting Build
[2020.02.12-07.35.25:476][  0]LogVaFog: [FVaFogOfWarModule::StartupModule::<lambda_144d8ffb0c7ca55232a4412d9c0c3636>::operator ()(31)] Fog Controller is removed for: Untitled
[2020.02.12-07.35.25:476][  0]MapCheck: New page: Map Check
[2020.02.12-07.35.25:476][  0]LightingResults: New page: Lighting Build
[2020.02.12-07.35.28:569][  0]LogUObjectHash: Compacting FUObjectHashTables data took   1.92ms
[2020.02.12-07.35.29:818][  0]LogAIModule: Creating AISystem for world Minimal_Default
[2020.02.12-07.35.29:818][  0]LogVaFog: [FVaFogOfWarModule::StartupModule::<lambda_976865d7f760a47e2a086b15bf7dcbd9>::operator ()(41)] Fog Controller is created for: Minimal_Default
[2020.02.12-07.35.29:916][  0]LogEditorServer: Finished looking for orphan Actors (0.000 secs)
[2020.02.12-07.35.30:069][  0]LogUObjectHash: Compacting FUObjectHashTables data took   2.95ms
[2020.02.12-07.35.30:069][  0]Cmd: MAP CHECKDEP NOCLEARLOG
[2020.02.12-07.35.30:070][  0]MapCheck: Map check complete: 0 Error(s), 0 Warning(s), took 0.999ms to complete.
[2020.02.12-07.35.30:070][  0]LogFileHelpers: Loading map 'Minimal_Default' took 4.612
[2020.02.12-07.35.30:309][  0]LogSlate: Updating window title bar state: overlay mode, drag disabled, window buttons hidden, title bar hidden
[2020.02.12-07.35.30:318][  0]LogSlate: Updating window title bar state: overlay mode, drag disabled, window buttons hidden, title bar hidden
[2020.02.12-07.35.30:328][  0]LogSlate: Updating window title bar state: overlay mode, drag disabled, window buttons hidden, title bar hidden
[2020.02.12-07.35.30:337][  0]LogSlate: Updating window title bar state: overlay mode, drag disabled, window buttons hidden, title bar hidden
[2020.02.12-07.35.30:418][  0]LogCollectionManager: Loaded 0 collections in 0.001940 seconds
[2020.02.12-07.35.30:439][  0]LogFileCache: Scanning file cache for directory 'C:/Users/ericf/Desktop/repos/Marine-Squad/Marine_Squad/Saved/Collections/' took 0.01s
[2020.02.12-07.35.30:440][  0]LogFileCache: Scanning file cache for directory 'C:/Users/ericf/Desktop/repos/Marine-Squad/Marine_Squad/Content/Developers/ericf/Collections/' took 0.00s
[2020.02.12-07.35.30:440][  0]LogFileCache: Scanning file cache for directory 'C:/Users/ericf/Desktop/repos/Marine-Squad/Marine_Squad/Content/Collections/' took 0.00s
[2020.02.12-07.35.30:440][  0]LogCollectionManager: Rebuilt the GUID cache for 0 collections in 0.000001 seconds
[2020.02.12-07.35.30:452][  0]LogContentBrowser: Native class hierarchy populated in 0.0124 seconds. Added 2748 classes and 666 folders.
[2020.02.12-07.35.30:461][  0]LogContentBrowser: Native class hierarchy updated for 'WidgetCarousel' in 0.0005 seconds. Added 0 classes and 0 folders.
[2020.02.12-07.35.30:476][  0]LogPakFile: Registered encryption key '00000000000000000000000000000000': 0 pak files mounted, 0 remain pending
[2020.02.12-07.35.30:490][  0]LogPakFile: Registered encryption key '00000000000000000000000000000000': 0 pak files mounted, 0 remain pending
[2020.02.12-07.35.30:513][  0]LogPakFile: Registered encryption key '00000000000000000000000000000000': 0 pak files mounted, 0 remain pending
[2020.02.12-07.35.30:528][  0]LogPakFile: Registered encryption key '00000000000000000000000000000000': 0 pak files mounted, 0 remain pending
[2020.02.12-07.35.30:537][  0]LogPakFile: Registered encryption key '00000000000000000000000000000000': 0 pak files mounted, 0 remain pending
[2020.02.12-07.35.30:550][  0]LogPakFile: Registered encryption key '00000000000000000000000000000000': 0 pak files mounted, 0 remain pending
[2020.02.12-07.35.30:559][  0]LogPakFile: Registered encryption key '00000000000000000000000000000000': 0 pak files mounted, 0 remain pending
[2020.02.12-07.35.30:569][  0]LogPakFile: Registered encryption key '00000000000000000000000000000000': 0 pak files mounted, 0 remain pending
[2020.02.12-07.35.30:578][  0]LogPakFile: Registered encryption key '00000000000000000000000000000000': 0 pak files mounted, 0 remain pending
[2020.02.12-07.35.30:587][  0]LogPakFile: Registered encryption key '00000000000000000000000000000000': 0 pak files mounted, 0 remain pending
[2020.02.12-07.35.30:595][  0]LogPakFile: Registered encryption key '00000000000000000000000000000000': 0 pak files mounted, 0 remain pending
[2020.02.12-07.35.30:602][  0]LogPakFile: Registered encryption key '00000000000000000000000000000000': 0 pak files mounted, 0 remain pending
[2020.02.12-07.35.30:611][  0]LogPakFile: Registered encryption key '00000000000000000000000000000000': 0 pak files mounted, 0 remain pending
[2020.02.12-07.35.30:619][  0]LogPakFile: Registered encryption key '00000000000000000000000000000000': 0 pak files mounted, 0 remain pending
[2020.02.12-07.35.30:627][  0]LogPakFile: Registered encryption key '00000000000000000000000000000000': 0 pak files mounted, 0 remain pending
[2020.02.12-07.35.30:634][  0]LogPakFile: Registered encryption key '00000000000000000000000000000000': 0 pak files mounted, 0 remain pending
[2020.02.12-07.35.30:665][  0]LogPakFile: Registered encryption key '00000000000000000000000000000000': 0 pak files mounted, 0 remain pending
[2020.02.12-07.35.30:673][  0]LogPakFile: Registered encryption key '00000000000000000000000000000000': 0 pak files mounted, 0 remain pending
[2020.02.12-07.35.30:681][  0]LogPakFile: Registered encryption key '00000000000000000000000000000000': 0 pak files mounted, 0 remain pending
[2020.02.12-07.35.30:695][  0]LogPakFile: Registered encryption key '00000000000000000000000000000000': 0 pak files mounted, 0 remain pending
[2020.02.12-07.35.30:703][  0]LogPakFile: Registered encryption key '00000000000000000000000000000000': 0 pak files mounted, 0 remain pending
[2020.02.12-07.35.30:711][  0]LogPakFile: Registered encryption key '00000000000000000000000000000000': 0 pak files mounted, 0 remain pending
[2020.02.12-07.35.30:719][  0]LogPakFile: Registered encryption key '00000000000000000000000000000000': 0 pak files mounted, 0 remain pending
[2020.02.12-07.35.30:728][  0]LogPakFile: Registered encryption key '00000000000000000000000000000000': 0 pak files mounted, 0 remain pending
[2020.02.12-07.35.30:736][  0]LogPakFile: Registered encryption key '00000000000000000000000000000000': 0 pak files mounted, 0 remain pending
[2020.02.12-07.35.30:745][  0]LogPakFile: Registered encryption key '00000000000000000000000000000000': 0 pak files mounted, 0 remain pending
[2020.02.12-07.35.31:006][  0]LogContentBrowser: Native class hierarchy updated for 'AddContentDialog' in 0.0005 seconds. Added 0 classes and 0 folders.
[2020.02.12-07.35.31:117][  0]LogSlate: Took 0.006243 seconds to synchronously load lazily loaded font '../../../Engine/Content/Slate/Fonts/Roboto-Regular.ttf' (155K)
[2020.02.12-07.35.31:127][  0]LogSlate: Took 0.007455 seconds to synchronously load lazily loaded font '../../../Engine/Content/Slate/Fonts/Roboto-Bold.ttf' (160K)
[2020.02.12-07.35.31:167][  0]LogSlate: Took 0.037245 seconds to synchronously load lazily loaded font '../../../Engine/Content/Editor/Slate/Fonts/FontAwesome.ttf' (139K)
[2020.02.12-07.35.31:176][  0]LogSlate: Took 0.008915 seconds to synchronously load lazily loaded font '../../../Engine/Content/Slate/Fonts/DroidSansMono.ttf' (77K)
[2020.02.12-07.35.31:318][  0]LogRenderer: Reallocating scene render targets to support 1904x916 Format 10 NumSamples 1 (Frame:1).
[2020.02.12-07.35.31:572][  0]LogContentBrowser: Native class hierarchy updated for 'HierarchicalLODOutliner' in 0.0005 seconds. Added 0 classes and 0 folders.
[2020.02.12-07.35.31:572][  0]LogLoad: (Engine Initialization) Total time: 42.56 seconds
[2020.02.12-07.35.31:573][  0]LogLoad: (Engine Initialization) Total Blueprint compile time: 0.00 seconds
[2020.02.12-07.35.31:626][  0]LogAssetRegistry: Asset discovery search completed in 23.3445 seconds
[2020.02.12-07.35.31:630][  0]LogCollectionManager: Rebuilt the object cache for 0 collections in 0.000001 seconds (found 0 objects)
[2020.02.12-07.35.31:630][  0]LogCollectionManager: Fixed up redirectors for 0 collections in 0.000244 seconds (updated 0 objects)
[2020.02.12-07.35.31:633][  0]LogContentStreaming: Texture pool size now 1000 MB
[2020.02.12-07.35.40:678][425]LogSlate: FSceneViewport::OnFocusLost() reason 0
[2020.02.12-07.35.43:172][606]LogSlate: Took 0.008110 seconds to synchronously load lazily loaded font '../../../Engine/Content/Slate/Fonts/Roboto-Light.ttf' (167K)
[2020.02.12-07.35.44:157][606]LogBlueprint: Warning: Timeline GoldMine_Timeline Track NewTrack_0 in /Engine/Transient.REINST_BP_GoldMine_C_25 has an invalid curve.  Please fix!
[2020.02.12-07.35.44:369][606]LogBlueprint: Warning: [Compiler Pawn_Template] Input Axis Event references unknown Axis 'MoveRight' for  InputAxis MoveRight
[2020.02.12-07.35.44:370][606]LogBlueprint: Warning: [Compiler Pawn_Template] Input Axis Event references unknown Axis 'MoveForward' for  InputAxis MoveForward
[2020.02.12-07.35.44:371][606]LogBlueprint: Warning: [Compiler Pawn_Template] InputAction Event references unknown Action 'WheelMouseDown' for  InputAction WheelMouseDown
[2020.02.12-07.35.44:371][606]LogBlueprint: Warning: [Compiler Pawn_Template] InputAction Event references unknown Action 'WheelMouseUp' for  InputAction WheelMouseUp
[2020.02.12-07.35.44:372][606]LogBlueprint: Warning: [Compiler Pawn_Template] InputAction Event references unknown Action 'RotateCamera' for  InputAction RotateCamera
[2020.02.12-07.35.44:372][606]LogBlueprint: Warning: [Compiler Pawn_Template] Input Axis Event references unknown Axis 'MouseY' for  InputAxis MouseY
[2020.02.12-07.35.44:373][606]LogBlueprint: Warning: [Compiler Pawn_Template] Input Axis Event references unknown Axis 'MouseX' for  InputAxis MouseX
[2020.02.12-07.35.44:380][606]LogBlueprint: Warning: [Compiler Pawn_Template] [0055.36] Compile of Pawn_Template successful, but with 7 Warning(s) [in 21 ms] (/Game/CartoonRtsFoliage/BluePrints/Pawn_Template.Pawn_Template)
[2020.02.12-07.35.48:626][606]LogMovieScene: Warning: Legacy data detected in sequence '/Game/CartoonRtsFoliage/Maps/MatineeActorLevelSequence (Unknown sequence)'. This will cause deterministic cooking issues. Please resave the package.
[2020.02.12-07.35.48:627][606]LogMovieScene: Warning: Legacy data detected in sequence '/Game/CartoonRtsFoliage/Maps/MatineeActorLevelSequence (MatineeActorLevelSequence)'. This will cause deterministic cooking issues. Please resave the package.
[2020.02.12-07.35.48:627][606]LogMovieScene: Warning: Legacy data detected in sequence '/Game/CartoonRtsFoliage/Maps/MatineeActorLevelSequence (MatineeActorLevelSequence)'. This will cause deterministic cooking issues. Please resave the package.
[2020.02.12-07.35.48:628][606]LogMovieScene: Warning: Legacy data detected in sequence '/Game/CartoonRtsFoliage/Maps/MatineeActorLevelSequence (MatineeActorLevelSequence)'. This will cause deterministic cooking issues. Please resave the package.
[2020.02.12-07.35.48:628][606]LogMovieScene: Warning: Legacy data detected in sequence '/Game/CartoonRtsFoliage/Maps/MatineeActorLevelSequence (MatineeActorLevelSequence)'. This will cause deterministic cooking issues. Please resave the package.
[2020.02.12-07.35.48:628][606]LogMovieScene: Warning: Legacy data detected in sequence '/Game/CartoonRtsFoliage/Maps/MatineeActorLevelSequence (MatineeActorLevelSequence)'. This will cause deterministic cooking issues. Please resave the package.
[2020.02.12-07.35.48:628][606]LogMovieScene: Warning: Legacy data detected in sequence '/Game/CartoonRtsFoliage/Maps/MatineeActorLevelSequence (MatineeActorLevelSequence)'. This will cause deterministic cooking issues. Please resave the package.
[2020.02.12-07.35.50:291][606]LogAIModule: Creating AISystem for world Demonstration
[2020.02.12-07.35.50:292][606]LogVaFog: [FVaFogOfWarModule::StartupModule::<lambda_976865d7f760a47e2a086b15bf7dcbd9>::operator ()(41)] Fog Controller is created for: Demonstration
[2020.02.12-07.35.50:293][606]PIE: Warning: AttachTo: '/Game/CartoonRtsFoliage/Maps/Demonstration.Demonstration:PersistentLevel.SkySphere.Base' is not static  (in blueprint "BP_Sky_Sphere"), cannot attach '/Game/CartoonRtsFoliage/Maps/Demonstration.Demonstration:PersistentLevel.SkySphere.SkySphereMesh' which is static to it. Aborting.
[2020.02.12-07.35.50:317][606]LogAssetEditorManager: Opening Asset editor for World /Game/CartoonRtsFoliage/Maps/Demonstration.Demonstration
[2020.02.12-07.35.50:348][606]LogUObjectHash: Compacting FUObjectHashTables data took   2.90ms
[2020.02.12-07.35.50:349][606]Cmd: MAP LOAD FILE="C:/Users/ericf/Desktop/repos/Marine-Squad/Marine_Squad/Content/CartoonRtsFoliage/Maps/Demonstration.umap" TEMPLATE=0 SHOWPROGRESS=1 FEATURELEVEL=3
[2020.02.12-07.35.50:350][606]LightingResults: New page: Lighting Build
[2020.02.12-07.35.50:350][606]LoadErrors: New page: Loading map: Demonstration.umap
[2020.02.12-07.35.50:353][606]LogVaFog: [FVaFogOfWarModule::StartupModule::<lambda_144d8ffb0c7ca55232a4412d9c0c3636>::operator ()(31)] Fog Controller is removed for: Minimal_Default
[2020.02.12-07.35.50:354][606]MapCheck: New page: Map Check
[2020.02.12-07.35.50:354][606]LightingResults: New page: Lighting Build
[2020.02.12-07.35.50:384][606]LogUObjectHash: Compacting FUObjectHashTables data took   2.00ms
[2020.02.12-07.35.50:568][606]LogEditorServer: Finished looking for orphan Actors (0.000 secs)
[2020.02.12-07.35.50:613][606]LogUObjectHash: Compacting FUObjectHashTables data took   2.29ms
[2020.02.12-07.35.50:646][606]Cmd: MAP CHECKDEP NOCLEARLOG
[2020.02.12-07.35.50:647][606]MapCheck: Map check complete: 0 Error(s), 0 Warning(s), took 0.312ms to complete.
[2020.02.12-07.35.50:647][606]LogFileHelpers: Loading map 'Demonstration' took 0.298
[2020.02.12-07.36.12:011][940]LogSlate: FSceneViewport::OnFocusLost() reason 0
[2020.02.12-07.36.18:146][173]LogTexture: Display: Building textures: Texture2D_2 (G8, 128X128)
[2020.02.12-07.36.26:890][548]LogVaFog: [FVaFogOfWarModule::StartupModule::<lambda_976865d7f760a47e2a086b15bf7dcbd9>::operator ()(41)] Fog Controller is created for: World_0
[2020.02.12-07.41.35:589][450]LogSlate: FSceneViewport::OnFocusLost() reason 0
[2020.02.12-07.59.56:090][453]LogUObjectHash: Compacting FUObjectHashTables data took   1.54ms
[2020.02.12-07.59.56:166][453]LogSlate: Window 'Marine_Squad - Unreal Editor' being destroyed
[2020.02.12-07.59.56:168][453]LogWindowsTextInputMethodSystem: Display: IME system now deactivated.
[2020.02.12-07.59.56:433][454]Cmd: QUIT_EDITOR
[2020.02.12-07.59.57:532][454]LogExit: Preparing to exit.
[2020.02.12-07.59.58:705][454]LogVaFog: [FVaFogOfWarModule::StartupModule::<lambda_144d8ffb0c7ca55232a4412d9c0c3636>::operator ()(31)] Fog Controller is removed for: World_0
[2020.02.12-07.59.59:448][454]LogVaFog: [FVaFogOfWarModule::StartupModule::<lambda_144d8ffb0c7ca55232a4412d9c0c3636>::operator ()(31)] Fog Controller is removed for: None
[2020.02.12-07.59.59:449][454]LogExit: Editor shut down
[2020.02.12-07.59.59:459][454]LogExit: Transaction tracking system shut down
[2020.02.12-08.00.03:592][454]LogExit: Object subsystem successfully closed.
[2020.02.12-08.00.04:347][454]LogShaderCompilers: Display: Shaders left to compile 0
[2020.02.12-08.00.04:357][454]LogD3D11RHI: Shutdown
[2020.02.12-08.00.04:358][454]LogD3D11RHI: CleanupD3DDevice
[2020.02.12-08.00.04:359][454]LogRendererCore: FGlobalReadBuffer::ReleaseRHI
[2020.02.12-08.00.04:359][454]LogRendererCore: FGlobalDynamicReadBuffer::Cleanup()
[2020.02.12-08.00.04:360][454]LogRendererCore: FGlobalReadBuffer::ReleaseRHI
[2020.02.12-08.00.04:360][454]LogRendererCore: FGlobalDynamicReadBuffer::Cleanup()
[2020.02.12-08.00.04:360][454]LogRendererCore: FGlobalReadBuffer::ReleaseRHI
[2020.02.12-08.00.04:360][454]LogRendererCore: FGlobalDynamicReadBuffer::Cleanup()
[2020.02.12-08.00.05:281][454]LogD3D11RHI: ~FD3D11DynamicRHI
[2020.02.12-08.00.05:325][454]LogModuleManager: Shutting down and abandoning module HierarchicalLODOutliner (646)
[2020.02.12-08.00.05:325][454]LogModuleManager: Shutting down and abandoning module AddContentDialog (644)
[2020.02.12-08.00.05:326][454]LogModuleManager: Shutting down and abandoning module WidgetCarousel (643)
[2020.02.12-08.00.05:326][454]LogModuleManager: Shutting down and abandoning module EditorWidgets (640)
[2020.02.12-08.00.05:326][454]LogModuleManager: Shutting down and abandoning module CollectionManager (638)
[2020.02.12-08.00.05:327][454]LogModuleManager: Shutting down and abandoning module SceneOutliner (636)
[2020.02.12-08.00.05:327][454]LogModuleManager: Shutting down and abandoning module StatsViewer (634)
[2020.02.12-08.00.05:327][454]LogModuleManager: Shutting down and abandoning module FoliageEdit (632)
[2020.02.12-08.00.05:327][454]LogModuleManager: Shutting down and abandoning module LandscapeEditor (630)
[2020.02.12-08.00.05:328][454]LogModuleManager: Shutting down and abandoning module MeshPaintMode (628)
[2020.02.12-08.00.05:328][454]LogModuleManager: Shutting down and abandoning module SceneDepthPickerMode (626)
[2020.02.12-08.00.05:328][454]LogModuleManager: Shutting down and abandoning module ActorPickerMode (624)
[2020.02.12-08.00.05:328][454]LogModuleManager: Shutting down and abandoning module GeometryMode (622)
[2020.02.12-08.00.05:328][454]LogModuleManager: Shutting down and abandoning module TextureAlignMode (620)
[2020.02.12-08.00.05:328][454]LogModuleManager: Shutting down and abandoning module BspMode (618)
[2020.02.12-08.00.05:328][454]LogModuleManager: Shutting down and abandoning module PIEPreviewDeviceProfileSelector (616)
[2020.02.12-08.00.05:330][454]LogModuleManager: Shutting down and abandoning module SequenceRecorderSections (614)
[2020.02.12-08.00.05:330][454]LogModuleManager: Shutting down and abandoning module AutomationWorker (612)
[2020.02.12-08.00.05:330][454]LogModuleManager: Shutting down and abandoning module OculusMR (610)
[2020.02.12-08.00.05:330][454]LogModuleManager: Shutting down and abandoning module AudioCaptureEditor (608)
[2020.02.12-08.00.05:331][454]LogModuleManager: Shutting down and abandoning module MatineeToLevelSequence (606)
[2020.02.12-08.00.05:331][454]LogModuleManager: Shutting down and abandoning module LevelSequenceEditor (604)
[2020.02.12-08.00.05:331][454]LogModuleManager: Shutting down and abandoning module PlacementMode (603)
[2020.02.12-08.00.05:331][454]LogModuleManager: Shutting down and abandoning module MaterialEditor (602)
[2020.02.12-08.00.05:331][454]LogModuleManager: Shutting down and abandoning module ActorSequenceEditor (598)
[2020.02.12-08.00.05:332][454]LogModuleManager: Shutting down and abandoning module WmfMediaFactory (596)
[2020.02.12-08.00.05:332][454]LogModuleManager: Shutting down and abandoning module WmfMediaEditor (594)
[2020.02.12-08.00.05:332][454]LogModuleManager: Shutting down and abandoning module WebMMediaFactory (592)
[2020.02.12-08.00.05:332][454]LogModuleManager: Shutting down and abandoning module WebMMediaEditor (590)
[2020.02.12-08.00.05:332][454]LogModuleManager: Shutting down and abandoning module WebMMedia (588)
[2020.02.12-08.00.05:332][454]LogModuleManager: Shutting down and abandoning module MediaPlayerEditor (586)
[2020.02.12-08.00.05:333][454]LogModuleManager: Shutting down and abandoning module MediaCompositingEditor (584)
[2020.02.12-08.00.05:334][454]LogModuleManager: Shutting down and abandoning module SequenceRecorder (583)
[2020.02.12-08.00.05:334][454]LogModuleManager: Shutting down and abandoning module OpenExrWrapper (580)
[2020.02.12-08.00.05:334][454]LogModuleManager: Shutting down and abandoning module ImgMediaFactory (578)
[2020.02.12-08.00.05:334][454]LogModuleManager: Shutting down and abandoning module ImgMediaEditor (576)
[2020.02.12-08.00.05:334][454]LogModuleManager: Shutting down and abandoning module AvfMediaFactory (574)
[2020.02.12-08.00.05:334][454]LogModuleManager: Shutting down and abandoning module AvfMediaEditor (572)
[2020.02.12-08.00.05:334][454]LogModuleManager: Shutting down and abandoning module AndroidMediaFactory (570)
[2020.02.12-08.00.05:334][454]LogModuleManager: Shutting down and abandoning module AndroidMediaEditor (568)
[2020.02.12-08.00.05:334][454]LogModuleManager: Shutting down and abandoning module MagicLeapCameraPreviewFactory (566)
[2020.02.12-08.00.05:334][454]LogModuleManager: Shutting down and abandoning module MagicLeapMediaCodecFactory (564)
[2020.02.12-08.00.05:334][454]LogModuleManager: Shutting down and abandoning module MagicLeapMediaFactory (562)
[2020.02.12-08.00.05:334][454]LogModuleManager: Shutting down and abandoning module MagicLeapMediaEditor (560)
[2020.02.12-08.00.05:334][454]LogModuleManager: Shutting down and abandoning module CharacterAI (558)
[2020.02.12-08.00.05:334][454]LogModuleManager: Shutting down and abandoning module SmartSnapping (556)
[2020.02.12-08.00.05:334][454]LogModuleManager: Shutting down and abandoning module SessionServices (554)
[2020.02.12-08.00.05:334][454]LogModuleManager: Shutting down and abandoning module MeshPaint (552)
[2020.02.12-08.00.05:334][454]LogModuleManager: Shutting down and abandoning module ViewportSnapping (550)
[2020.02.12-08.00.05:334][454]LogModuleManager: Shutting down and abandoning module ViewportInteraction (548)
[2020.02.12-08.00.05:335][454]LogModuleManager: Shutting down and abandoning module ClothPainter (546)
[2020.02.12-08.00.05:336][454]LogModuleManager: Shutting down and abandoning module SkeletalMeshEditor (545)
[2020.02.12-08.00.05:337][454]LogModuleManager: Shutting down and abandoning module LogVisualizer (542)
[2020.02.12-08.00.05:338][454]LogModuleManager: Shutting down and abandoning module IntroTutorials (540)
[2020.02.12-08.00.05:339][454]LogModuleManager: Shutting down and abandoning module GameProjectGeneration (539)
[2020.02.12-08.00.05:340][454]LogModuleManager: Shutting down and abandoning module LuminPlatformEditor (536)
[2020.02.12-08.00.05:340][454]LogModuleManager: Shutting down and abandoning module IOSPlatformEditor (534)
[2020.02.12-08.00.05:340][454]LogModuleManager: Shutting down and abandoning module HTML5PlatformEditor (532)
[2020.02.12-08.00.05:340][454]LogModuleManager: Shutting down and abandoning module AndroidPlatformEditor (530)
[2020.02.12-08.00.05:341][454]LogModuleManager: Shutting down and abandoning module AndroidDeviceDetection (529)
[2020.02.12-08.00.06:086][454]LogModuleManager: Shutting down and abandoning module WindowsPlatformEditor (526)
[2020.02.12-08.00.06:086][454]LogModuleManager: Shutting down and abandoning module LuminRuntimeSettings (524)
[2020.02.12-08.00.06:086][454]LogModuleManager: Shutting down and abandoning module IOSRuntimeSettings (522)
[2020.02.12-08.00.06:086][454]LogModuleManager: Shutting down and abandoning module AndroidRuntimeSettings (520)
[2020.02.12-08.00.06:086][454]LogModuleManager: Shutting down and abandoning module TimeManagementEditor (518)
[2020.02.12-08.00.06:086][454]LogModuleManager: Shutting down and abandoning module InputBindingEditor (516)
[2020.02.12-08.00.06:087][454]LogModuleManager: Shutting down and abandoning module MergeActors (514)
[2020.02.12-08.00.06:088][454]LogModuleManager: Shutting down and abandoning module LocalizationDashboard (512)
[2020.02.12-08.00.06:089][454]LogModuleManager: Shutting down and abandoning module LocalizationService (511)
[2020.02.12-08.00.06:089][454]LogModuleManager: Shutting down and abandoning module HardwareTargeting (508)
[2020.02.12-08.00.06:089][454]LogModuleManager: Shutting down and abandoning module DeviceProfileEditor (506)
[2020.02.12-08.00.06:090][454]LogModuleManager: Shutting down and abandoning module UndoHistory (504)
[2020.02.12-08.00.06:090][454]LogModuleManager: Shutting down and abandoning module XmlParser (502)
[2020.02.12-08.00.06:091][454]LogModuleManager: Shutting down and abandoning module Blutility (500)
[2020.02.12-08.00.06:091][454]LogModuleManager: Shutting down and abandoning module ProjectSettingsViewer (498)
[2020.02.12-08.00.06:091][454]LogModuleManager: Shutting down and abandoning module ProjectTargetPlatformEditor (497)
[2020.02.12-08.00.06:091][454]LogModuleManager: Shutting down and abandoning module EditorSettingsViewer (494)
[2020.02.12-08.00.06:091][454]LogModuleManager: Shutting down and abandoning module SettingsEditor (492)
[2020.02.12-08.00.06:092][454]LogModuleManager: Shutting down and abandoning module ProjectLauncher (490)
[2020.02.12-08.00.06:093][454]LogModuleManager: Shutting down and abandoning module SessionFrontend (488)
[2020.02.12-08.00.06:093][454]LogModuleManager: Shutting down and abandoning module ProfilerClient (486)
[2020.02.12-08.00.06:094][454]LogModuleManager: Shutting down and abandoning module DeviceManager (484)
[2020.02.12-08.00.06:095][454]LogModuleManager: Shutting down and abandoning module TargetDeviceServices (483)
[2020.02.12-08.00.06:146][454]LogModuleManager: Shutting down and abandoning module AutomationController (480)
[2020.02.12-08.00.06:146][454]LogModuleManager: Shutting down and abandoning module AutomationWindow (478)
[2020.02.12-08.00.06:147][454]LogModuleManager: Shutting down and abandoning module Layers (476)
[2020.02.12-08.00.06:150][454]LogModuleManager: Shutting down and abandoning module ComponentVisualizers (474)
[2020.02.12-08.00.06:150][454]LogModuleManager: Shutting down and abandoning module DetailCustomizations (472)
[2020.02.12-08.00.06:150][454]LogModuleManager: Shutting down and abandoning module PackagesDialog (470)
[2020.02.12-08.00.06:150][454]LogModuleManager: Shutting down and abandoning module AnimationBlueprintEditor (468)
[2020.02.12-08.00.06:152][454]LogModuleManager: Shutting down and abandoning module Persona (466)
[2020.02.12-08.00.06:153][454]LogModuleManager: Shutting down and abandoning module AdvancedPreviewScene (465)
[2020.02.12-08.00.06:153][454]LogModuleManager: Shutting down and abandoning module AnimGraph (463)
[2020.02.12-08.00.06:153][454]LogModuleManager: Shutting down and abandoning module Kismet (460)
[2020.02.12-08.00.06:155][454]LogModuleManager: Shutting down and abandoning module GraphEditor (458)
[2020.02.12-08.00.06:157][454]LogModuleManager: Shutting down and abandoning module ClassViewer (456)
[2020.02.12-08.00.06:158][454]LogModuleManager: Shutting down and abandoning module Toolbox (454)
[2020.02.12-08.00.06:158][454]LogModuleManager: Shutting down and abandoning module DesktopPlatform (453)
[2020.02.12-08.00.06:158][454]LogModuleManager: Shutting down and abandoning module ModuleUI (450)
[2020.02.12-08.00.06:159][454]LogModuleManager: Shutting down and abandoning module MovieSceneTools (448)
[2020.02.12-08.00.06:159][454]LogModuleManager: Shutting down and abandoning module OutputLog (446)
[2020.02.12-08.00.06:159][454]LogModuleManager: Shutting down and abandoning module GammaUI (444)
[2020.02.12-08.00.06:159][454]LogModuleManager: Shutting down and abandoning module Documentation (442)
[2020.02.12-08.00.06:159][454]LogModuleManager: Shutting down and abandoning module LiveCoding (440)
[2020.02.12-08.00.06:160][454]LogModuleManager: Shutting down and abandoning module LevelSequence (438)
[2020.02.12-08.00.06:160][454]LogModuleManager: Shutting down and abandoning module MovieSceneTracks (436)
[2020.02.12-08.00.06:160][454]LogModuleManager: Shutting down and abandoning module MovieScene (434)
[2020.02.12-08.00.06:160][454]LogModuleManager: Shutting down and abandoning module StreamingPauseRendering (432)
[2020.02.12-08.00.06:161][454]LogModuleManager: Shutting down and abandoning module LauncherPlatform (430)
[2020.02.12-08.00.06:161][454]LogModuleManager: Shutting down and abandoning module AnalyticsET (428)
[2020.02.12-08.00.06:161][454]LogModuleManager: Shutting down and abandoning module PortalServices (426)
[2020.02.12-08.00.06:161][454]LogModuleManager: Shutting down and abandoning module PortalRpc (424)
[2020.02.12-08.00.06:161][454]LogModuleManager: Shutting down and abandoning module MessagingRpc (422)
[2020.02.12-08.00.06:161][454]LogModuleManager: Shutting down and abandoning module AIModule (420)
[2020.02.12-08.00.06:161][454]LogModuleManager: Shutting down and abandoning module GameplayDebugger (419)
[2020.02.12-08.00.06:161][454]LogModuleManager: Shutting down and abandoning module AITestSuite (417)
[2020.02.12-08.00.06:161][454]LogModuleManager: Shutting down and abandoning module NavigationSystem (415)
[2020.02.12-08.00.06:161][454]LogModuleManager: Shutting down and abandoning module ImageWriteQueue (412)
[2020.02.12-08.00.06:168][454]LogModuleManager: Shutting down and abandoning module ProfilerService (410)
[2020.02.12-08.00.06:261][454]LogModuleManager: Shutting down and abandoning module TaskGraph (408)
[2020.02.12-08.00.06:262][454]LogModuleManager: Shutting down and abandoning module SteamVRController (406)
[2020.02.12-08.00.06:262][454]LogModuleManager: Shutting down and abandoning module ProceduralMeshComponentEditor (404)
[2020.02.12-08.00.06:262][454]LogModuleManager: Shutting down and abandoning module ProceduralMeshComponent (402)
[2020.02.12-08.00.06:263][454]LogModuleManager: Shutting down and abandoning module OculusEditor (400)
[2020.02.12-08.00.06:263][454]LogModuleManager: Shutting down and abandoning module OculusInput (398)
[2020.02.12-08.00.06:263][454]LogModuleManager: Shutting down and abandoning module MobilePatchingUtils (396)
[2020.02.12-08.00.06:263][454]LogModuleManager: Shutting down and abandoning module EditableMesh (394)
[2020.02.12-08.00.06:263][454]LogModuleManager: Shutting down and abandoning module CustomMeshComponent (392)
[2020.02.12-08.00.06:263][454]LogModuleManager: Shutting down and abandoning module CableComponent (390)
[2020.02.12-08.00.06:263][454]LogModuleManager: Shutting down and abandoning module AudioCapture (388)
[2020.02.12-08.00.06:263][454]LogModuleManager: Shutting down and abandoning module ArchVisCharacter (386)
[2020.02.12-08.00.06:263][454]LogModuleManager: Shutting down and abandoning module AndroidPermission (384)
[2020.02.12-08.00.06:263][454]LogModuleManager: Shutting down and abandoning module NUTUnrealEngine4 (382)
[2020.02.12-08.00.06:264][454]LogModuleManager: Shutting down and abandoning module NetcodeUnitTest (380)
[2020.02.12-08.00.06:265][454]LogModuleManager: Shutting down and abandoning module MediaCompositing (378)
[2020.02.12-08.00.06:265][454]LogModuleManager: Shutting down and abandoning module LinearTimecode (376)
[2020.02.12-08.00.06:265][454]LogModuleManager: Shutting down and abandoning module ImgMedia (374)
[2020.02.12-08.00.06:265][454]LogModuleManager: Shutting down and abandoning module MagicLeapHelperVulkan (372)
[2020.02.12-08.00.06:265][454]LogModuleManager: Shutting down and abandoning module MagicLeapHelperOpenGL (370)
[2020.02.12-08.00.06:266][454]LogModuleManager: Shutting down and abandoning module MagicLeapAudio (368)
[2020.02.12-08.00.06:266][454]LogModuleManager: Shutting down and abandoning module HTML5Networking (366)
[2020.02.12-08.00.06:266][454]LogModuleManager: Shutting down and abandoning module GeometryCacheTracks (364)
[2020.02.12-08.00.06:266][454]LogModuleManager: Shutting down and abandoning module GeometryCacheSequencer (362)
[2020.02.12-08.00.06:266][454]LogModuleManager: Shutting down and abandoning module BackChannel (360)
[2020.02.12-08.00.06:266][454]LogModuleManager: Shutting down and abandoning module AppleVision (358)
[2020.02.12-08.00.06:266][454]LogModuleManager: Shutting down and abandoning module AppleImageUtilsBlueprintSupport (356)
[2020.02.12-08.00.06:266][454]LogModuleManager: Shutting down and abandoning module AppleImageUtils (354)
[2020.02.12-08.00.06:266][454]LogModuleManager: Shutting down and abandoning module AlembicImporter (352)
[2020.02.12-08.00.06:266][454]LogModuleManager: Shutting down and abandoning module AlembicLibrary (351)
[2020.02.12-08.00.06:266][454]LogModuleManager: Shutting down and abandoning module GeometryCache (350)
[2020.02.12-08.00.06:266][454]LogModuleManager: Shutting down and abandoning module GeometryCacheEd (349)
[2020.02.12-08.00.06:266][454]LogModuleManager: Shutting down and abandoning module VariantManagerContent (344)
[2020.02.12-08.00.06:266][454]LogModuleManager: Shutting down and abandoning module DatasmithContentEditor (342)
[2020.02.12-08.00.06:267][454]LogModuleManager: Shutting down and abandoning module SpeedTreeImporter (340)
[2020.02.12-08.00.06:267][454]LogModuleManager: Shutting down and abandoning module PluginBrowser (338)
[2020.02.12-08.00.06:269][454]LogModuleManager: Shutting down and abandoning module MobileLauncherProfileWizard (336)
[2020.02.12-08.00.06:270][454]LogModuleManager: Shutting down and abandoning module MaterialAnalyzer (334)
[2020.02.12-08.00.06:270][454]LogModuleManager: Shutting down and abandoning module CryptoKeysOpenSSL (332)
[2020.02.12-08.00.06:270][454]LogModuleManager: Shutting down and abandoning module CryptoKeys (330)
[2020.02.12-08.00.06:270][454]LogModuleManager: Shutting down and abandoning module VisualStudioSourceCodeAccess (328)
[2020.02.12-08.00.06:271][454]LogModuleManager: Shutting down and abandoning module VisualStudioCodeSourceCodeAccess (326)
[2020.02.12-08.00.06:271][454]LogModuleManager: Shutting down and abandoning module UObjectPlugin (324)
[2020.02.12-08.00.06:271][454]LogModuleManager: Shutting down and abandoning module SubversionSourceControl (322)
[2020.02.12-08.00.06:272][454]LogModuleManager: Shutting down and abandoning module PerforceSourceControl (320)
[2020.02.12-08.00.06:276][454]LogModuleManager: Shutting down and abandoning module GitSourceControl (318)
[2020.02.12-08.00.06:277][454]LogModuleManager: Shutting down and abandoning module SourceControl (317)
[2020.02.12-08.00.06:277][454]LogModuleManager: Shutting down and abandoning module CLionSourceCodeAccess (314)
[2020.02.12-08.00.06:277][454]LogModuleManager: Shutting down and abandoning module AnimationSharingEd (312)
[2020.02.12-08.00.06:277][454]LogModuleManager: Shutting down and abandoning module ActorLayerUtilitiesEditor (310)
[2020.02.12-08.00.06:277][454]LogModuleManager: Shutting down and abandoning module ActorLayerUtilities (308)
[2020.02.12-08.00.06:277][454]LogModuleManager: Shutting down and abandoning module LightPropagationVolumeEditor (306)
[2020.02.12-08.00.06:277][454]LogModuleManager: Shutting down and abandoning module PaperTiledImporter (304)
[2020.02.12-08.00.06:277][454]LogModuleManager: Shutting down and abandoning module PaperSpriteSheetImporter (302)
[2020.02.12-08.00.06:277][454]LogModuleManager: Shutting down and abandoning module Paper2DEditor (300)
[2020.02.12-08.00.06:279][454]LogModuleManager: Shutting down and abandoning module Marine_Squad (298)
[2020.02.12-08.00.06:279][454]LogModuleManager: Shutting down and abandoning module SignificanceManager (296)
[2020.02.12-08.00.06:279][454]LogModuleManager: Shutting down and abandoning module RuntimePhysXCooking (294)
[2020.02.12-08.00.06:279][454]LogModuleManager: Shutting down and abandoning module PhysXVehiclesEditor (292)
[2020.02.12-08.00.06:279][454]LogModuleManager: Shutting down and abandoning module PhysXVehicles (290)
[2020.02.12-08.00.06:279][454]LogModuleManager: Shutting down and abandoning module LocationServicesBPLibrary (288)
[2020.02.12-08.00.06:279][454]LogModuleManager: Shutting down and abandoning module ActorSequence (286)
[2020.02.12-08.00.06:279][454]LogModuleManager: Shutting down and abandoning module UdpMessaging (284)
[2020.02.12-08.00.06:388][454]LogModuleManager: Shutting down and abandoning module TcpMessaging (282)
[2020.02.12-08.00.06:493][454]LogModuleManager: Shutting down and abandoning module VaFogOfWar (280)
[2020.02.12-08.00.06:493][454]LogModuleManager: Shutting down and abandoning module MagicLeapIdentity (278)
[2020.02.12-08.00.06:493][454]LogModuleManager: Shutting down and abandoning module MagicLeapSecureStorage (276)
[2020.02.12-08.00.06:493][454]LogModuleManager: Shutting down and abandoning module MagicLeapHandTracking (274)
[2020.02.12-08.00.06:493][454]LogModuleManager: Shutting down and abandoning module MagicLeapEyeTracker (272)
[2020.02.12-08.00.06:494][454]LogModuleManager: Shutting down and abandoning module MagicLeapController (270)
[2020.02.12-08.00.06:494][454]LogSlate: Slate User Destroyed.  User Index 0, Is Virtual User: 0
[2020.02.12-08.00.06:494][454]LogModuleManager: Shutting down and abandoning module MagicLeapAR (268)
[2020.02.12-08.00.06:494][454]LogModuleManager: Shutting down and abandoning module AugmentedReality (267)
[2020.02.12-08.00.06:494][454]LogModuleManager: Shutting down and abandoning module GameplayTagsEditor (264)
[2020.02.12-08.00.06:494][454]LogModuleManager: Shutting down and abandoning module FacialAnimationEditor (262)
[2020.02.12-08.00.06:494][454]LogModuleManager: Shutting down and abandoning module FacialAnimation (260)
[2020.02.12-08.00.06:494][454]LogModuleManager: Shutting down and abandoning module DataValidation (258)
[2020.02.12-08.00.06:494][454]LogModuleManager: Shutting down and abandoning module AssetManagerEditor (256)
[2020.02.12-08.00.06:496][454]LogModuleManager: Shutting down and abandoning module LevelEditor (255)
[2020.02.12-08.00.06:497][454]LogModuleManager: Shutting down and abandoning module PixelInspectorModule (254)
[2020.02.12-08.00.06:498][454]LogModuleManager: Shutting down and abandoning module CommonMenuExtensions (252)
[2020.02.12-08.00.06:498][454]LogModuleManager: Shutting down and abandoning module MainFrame (250)
[2020.02.12-08.00.06:498][454]LogModuleManager: Shutting down and abandoning module HotReload (249)
[2020.02.12-08.00.06:499][454]LogModuleManager: Shutting down and abandoning module ContentBrowser (245)
[2020.02.12-08.00.06:500][454]LogModuleManager: Shutting down and abandoning module TreeMap (243)
[2020.02.12-08.00.06:500][454]LogModuleManager: Shutting down and abandoning module AnimationSharing (240)
[2020.02.12-08.00.06:500][454]LogModuleManager: Shutting down and abandoning module LightPropagationVolumeRuntime (238)
[2020.02.12-08.00.06:500][454]LogModuleManager: Shutting down and abandoning module AISupportModule (236)
[2020.02.12-08.00.06:500][454]LogModuleManager: Shutting down and abandoning module Paper2D (234)
[2020.02.12-08.00.06:500][454]LogModuleManager: Shutting down and abandoning module WindowsMoviePlayer (232)
[2020.02.12-08.00.06:501][454]LogModuleManager: Shutting down and abandoning module WebMMoviePlayer (230)
[2020.02.12-08.00.06:502][454]LogModuleManager: Shutting down and abandoning module PacketHandler (228)
[2020.02.12-08.00.06:502][454]LogModuleManager: Shutting down and abandoning module ClothingSystemEditor (226)
[2020.02.12-08.00.06:502][454]LogModuleManager: Shutting down and abandoning module ClothingSystemRuntime (224)
[2020.02.12-08.00.06:503][454]LogModuleManager: Shutting down and abandoning module MediaAssets (222)
[2020.02.12-08.00.06:503][454]LogModuleManager: Shutting down and abandoning module Overlay (220)
[2020.02.12-08.00.06:503][454]LogModuleManager: Shutting down and abandoning module OverlayEditor (219)
[2020.02.12-08.00.06:503][454]LogModuleManager: Shutting down and abandoning module VREditor (216)
[2020.02.12-08.00.06:504][454]LogModuleManager: Shutting down and abandoning module StringTableEditor (214)
[2020.02.12-08.00.06:504][454]LogModuleManager: Shutting down and abandoning module GameplayTasksEditor (212)
[2020.02.12-08.00.06:504][454]LogModuleManager: Shutting down and abandoning module BehaviorTreeEditor (210)
[2020.02.12-08.00.06:506][454]LogModuleManager: Shutting down and abandoning module FunctionalTesting (208)
[2020.02.12-08.00.06:507][454]LogModuleManager: Shutting down and abandoning module CollisionAnalyzer (206)
[2020.02.12-08.00.06:508][454]LogModuleManager: Shutting down and abandoning module WorkspaceMenuStructure (205)
[2020.02.12-08.00.06:508][454]LogModuleManager: Shutting down and abandoning module UMG (202)
[2020.02.12-08.00.06:509][454]LogModuleManager: Shutting down and abandoning module UMGEditor (201)
[2020.02.12-08.00.06:509][454]LogModuleManager: Shutting down and abandoning module Sequencer (200)
[2020.02.12-08.00.06:509][454]LogModuleManager: Shutting down and abandoning module MessageLog (197)
[2020.02.12-08.00.06:509][454]LogModuleManager: Shutting down and abandoning module SlateReflector (192)
[2020.02.12-08.00.06:511][454]LogModuleManager: Shutting down and abandoning module Slate (190)
[2020.02.12-08.00.06:511][454]LogModuleManager: Shutting down and abandoning module EditorStyle (188)
[2020.02.12-08.00.06:512][454]LogModuleManager: Shutting down and abandoning module UnrealEd (186)
[2020.02.12-08.00.06:512][454]LogModuleManager: Shutting down and abandoning module MRMesh (184)
[2020.02.12-08.00.06:512][454]LogModuleManager: Shutting down and abandoning module SourceCodeAccess (182)
[2020.02.12-08.00.06:513][454]LogModuleManager: Shutting down and abandoning module HeadMountedDisplay (180)
[2020.02.12-08.00.06:513][454]LogModuleManager: Shutting down and abandoning module XAudio2 (178)
[2020.02.12-08.00.06:513][454]LogModuleManager: Shutting down and abandoning module Networking (176)
[2020.02.12-08.00.06:513][454]LogModuleManager: Shutting down and abandoning module Core (174)
[2020.02.12-08.00.06:513][454]LogModuleManager: Shutting down and abandoning module KismetCompiler (172)
[2020.02.12-08.00.06:513][454]LogModuleManager: Shutting down and abandoning module MeshUtilities (170)
[2020.02.12-08.00.06:513][454]LogModuleManager: Shutting down and abandoning module MeshMergeUtilities (169)
[2020.02.12-08.00.06:513][454]LogModuleManager: Shutting down and abandoning module MeshReductionInterface (168)
[2020.02.12-08.00.06:513][454]LogModuleManager: Shutting down and abandoning module SkeletalMeshReduction (167)
[2020.02.12-08.00.06:513][454]LogModuleManager: Shutting down and abandoning module ProxyLODMeshReduction (165)
[2020.02.12-08.00.06:514][454]LogModuleManager: Shutting down and abandoning module QuadricMeshReduction (163)
[2020.02.12-08.00.06:515][454]LogModuleManager: Shutting down and abandoning module MaterialBaking (159)
[2020.02.12-08.00.06:515][454]LogModuleManager: Shutting down and abandoning module DerivedDataCache (154)
[2020.02.12-08.00.06:647][454]LogDerivedDataCache: Shutdown
[2020.02.12-08.00.06:647][454]LogModuleManager: Shutting down and abandoning module XGEController (152)
[2020.02.12-08.00.06:647][454]LogModuleManager: Shutting down and abandoning module TargetPlatform (150)
[2020.02.12-08.00.06:648][454]LogModuleManager: Shutting down and abandoning module VulkanShaderFormat (149)
[2020.02.12-08.00.06:648][454]LogModuleManager: Shutting down and abandoning module ShaderFormatVectorVM (147)
[2020.02.12-08.00.06:649][454]LogModuleManager: Shutting down and abandoning module ShaderFormatOpenGL (145)
[2020.02.12-08.00.06:649][454]LogModuleManager: Shutting down and abandoning module ShaderFormatD3D (143)
[2020.02.12-08.00.06:650][454]LogModuleManager: Shutting down and abandoning module MetalShaderFormat (141)
[2020.02.12-08.00.06:650][454]LogModuleManager: Shutting down and abandoning module TextureFormatUncompressed (139)
[2020.02.12-08.00.06:650][454]LogModuleManager: Shutting down and abandoning module TextureFormatPVR (137)
[2020.02.12-08.00.06:650][454]LogModuleManager: Shutting down and abandoning module TextureFormatDXT (135)
[2020.02.12-08.00.06:650][454]LogModuleManager: Shutting down and abandoning module TextureFormatIntelISPCTexComp (133)
[2020.02.12-08.00.06:650][454]LogModuleManager: Shutting down and abandoning module TextureFormatASTC (131)
[2020.02.12-08.00.06:650][454]LogModuleManager: Shutting down and abandoning module ImageWrapper (130)
[2020.02.12-08.00.06:650][454]LogModuleManager: Shutting down and abandoning module TextureFormatAndroid (127)
[2020.02.12-08.00.06:650][454]LogModuleManager: Shutting down and abandoning module AudioFormatOpus (125)
[2020.02.12-08.00.06:651][454]LogModuleManager: Shutting down and abandoning module AudioFormatOgg (123)
[2020.02.12-08.00.06:651][454]LogModuleManager: Shutting down and abandoning module AudioFormatADPCM (121)
[2020.02.12-08.00.06:651][454]LogModuleManager: Shutting down and abandoning module LuminTargetPlatform (119)
[2020.02.12-08.00.06:652][454]LogModuleManager: Shutting down and abandoning module LinuxTargetPlatform (117)
[2020.02.12-08.00.06:652][454]LogModuleManager: Shutting down and abandoning module LinuxServerTargetPlatform (115)
[2020.02.12-08.00.06:653][454]LogModuleManager: Shutting down and abandoning module LinuxNoEditorTargetPlatform (113)
[2020.02.12-08.00.06:653][454]LogModuleManager: Shutting down and abandoning module LinuxClientTargetPlatform (111)
[2020.02.12-08.00.06:653][454]LogModuleManager: Shutting down and abandoning module TVOSTargetPlatform (109)
[2020.02.12-08.00.06:654][454]LogModuleManager: Shutting down and abandoning module Messaging (107)
[2020.02.12-08.00.06:654][454]LogModuleManager: Shutting down and abandoning module IOSTargetPlatform (105)
[2020.02.12-08.00.06:655][454]LogModuleManager: Shutting down and abandoning module HTML5TargetPlatform (103)
[2020.02.12-08.00.06:655][454]LogModuleManager: Shutting down and abandoning module AndroidTargetPlatform (101)
[2020.02.12-08.00.06:663][454]LogModuleManager: Shutting down and abandoning module WindowsTargetPlatform (99)
[2020.02.12-08.00.06:663][454]LogModuleManager: Shutting down and abandoning module WindowsServerTargetPlatform (97)
[2020.02.12-08.00.06:663][454]LogModuleManager: Shutting down and abandoning module WindowsNoEditorTargetPlatform (95)
[2020.02.12-08.00.06:663][454]LogModuleManager: Shutting down and abandoning module WindowsClientTargetPlatform (93)
[2020.02.12-08.00.06:663][454]LogModuleManager: Shutting down and abandoning module MacTargetPlatform (91)
[2020.02.12-08.00.06:663][454]LogModuleManager: Shutting down and abandoning module MacServerTargetPlatform (89)
[2020.02.12-08.00.06:663][454]LogModuleManager: Shutting down and abandoning module MacNoEditorTargetPlatform (87)
[2020.02.12-08.00.06:663][454]LogModuleManager: Shutting down and abandoning module MacClientTargetPlatform (85)
[2020.02.12-08.00.06:663][454]LogModuleManager: Shutting down and abandoning module AllDesktopTargetPlatform (83)
[2020.02.12-08.00.06:663][454]LogModuleManager: Shutting down and abandoning module InputCore (80)
[2020.02.12-08.00.06:663][454]LogModuleManager: Shutting down and abandoning module Settings (78)
[2020.02.12-08.00.06:663][454]LogModuleManager: Shutting down and abandoning module DirectoryWatcher (76)
[2020.02.12-08.00.06:663][454]LogModuleManager: Shutting down and abandoning module PhysXCooking (74)
[2020.02.12-08.00.06:663][454]LogModuleManager: Shutting down and abandoning module SteamVR (72)
[2020.02.12-08.00.06:664][454]LogHMD: Freeing OpenVRDLLHandle.
[2020.02.12-08.00.06:664][454]LogModuleManager: Shutting down and abandoning module OculusHMD (70)
[2020.02.12-08.00.06:664][454]LogModuleManager: Shutting down and abandoning module ExampleDeviceProfileSelector (68)
[2020.02.12-08.00.06:664][454]LogModuleManager: Shutting down and abandoning module LauncherChunkInstaller (66)
[2020.02.12-08.00.06:665][454]LogModuleManager: Shutting down and abandoning module OnlineBlueprintSupport (64)
[2020.02.12-08.00.06:665][454]LogModuleManager: Shutting down and abandoning module OnlineSubsystem (60)
[2020.02.12-08.00.06:666][454]LogModuleManager: Shutting down and abandoning module XMPP (55)
[2020.02.12-08.00.06:667][454]LogModuleManager: Shutting down and abandoning module WebSockets (54)
[2020.02.12-08.00.06:685][454]LogModuleManager: Shutting down and abandoning module HTTP (51)
[2020.02.12-08.00.06:685][454]LogHttp: Display: Http module shutting down, but needs to wait on 1 outstanding Http requests:
[2020.02.12-08.00.06:685][454]LogHttp: Display: 	verb=[POST] url=[https://datarouter.ol.epicgames.com/datarouter/api/v1/public/data?SessionID=%7B6DB13675-43AF-62FF-731D-CA8460D928B6%7D&AppID=UEEditor.Rocket.Release&AppVersion=4.22.3-7053642%2B%2B%2BUE4%2BRelease-4.22&UserID=ae86788d4134fa5a137890a720085a6a%7C722f828ed35e43ae806c4e05bee10d1a%7C623e5266-bd3d-4d5d-a1dd-fac30eb961f2&AppEnvironment=datacollector-binary&UploadType=eteventstream] status=Processing
[2020.02.12-08.00.06:731][454]LogModuleManager: Shutting down and abandoning module SSL (50)
[2020.02.12-08.00.06:734][454]LogModuleManager: Shutting down and abandoning module WmfMedia (46)
[2020.02.12-08.00.06:736][454]LogModuleManager: Shutting down and abandoning module Media (45)
[2020.02.12-08.00.06:743][454]LogModuleManager: Shutting down and abandoning module MagicLeap (42)
[2020.02.12-08.00.06:743][454]LogModuleManager: Shutting down and abandoning module DatasmithContent (40)
[2020.02.12-08.00.06:744][454]LogModuleManager: Shutting down and abandoning module AnimationModifiers (38)
[2020.02.12-08.00.06:745][454]LogModuleManager: Shutting down and abandoning module PropertyEditor (37)
[2020.02.12-08.00.06:746][454]LogModuleManager: Shutting down and abandoning module AudioEditor (34)
[2020.02.12-08.00.06:747][454]LogModuleManager: Shutting down and abandoning module TextureCompressor (32)
[2020.02.12-08.00.06:747][454]LogModuleManager: Shutting down and abandoning module RenderCore (30)
[2020.02.12-08.00.06:747][454]LogModuleManager: Shutting down and abandoning module Landscape (28)
[2020.02.12-08.00.06:747][454]LogModuleManager: Shutting down and abandoning module SlateRHIRenderer (26)
[2020.02.12-08.00.06:749][454]LogModuleManager: Shutting down and abandoning module OpenGLDrv (24)
[2020.02.12-08.00.06:750][454]LogModuleManager: Shutting down and abandoning module D3D11RHI (22)
[2020.02.12-08.00.06:750][454]LogModuleManager: Shutting down and abandoning module AnimGraphRuntime (20)
[2020.02.12-08.00.06:750][454]LogModuleManager: Shutting down and abandoning module Renderer (18)
[2020.02.12-08.00.06:750][454]LogModuleManager: Shutting down and abandoning module Engine (16)
[2020.02.12-08.00.06:750][454]LogModuleManager: Shutting down and abandoning module CoreUObject (14)
[2020.02.12-08.00.06:750][454]LogModuleManager: Shutting down and abandoning module NetworkFile (12)
[2020.02.12-08.00.06:750][454]LogModuleManager: Shutting down and abandoning module CookedIterativeFile (10)
[2020.02.12-08.00.06:750][454]LogModuleManager: Shutting down and abandoning module StreamingFile (8)
[2020.02.12-08.00.06:750][454]LogModuleManager: Shutting down and abandoning module SandboxFile (6)
[2020.02.12-08.00.06:750][454]LogModuleManager: Shutting down and abandoning module PakFile (4)
[2020.02.12-08.00.06:751][454]LogModuleManager: Shutting down and abandoning module RSA (3)
[2020.02.12-08.00.06:866][454]LogExit: Exiting.
[2020.02.12-08.00.06:984][454]Log file closed, 02/12/20 02:00:06
