Log file open, 02/09/20 02:18:05
LogWindows: Failed to load 'aqProf.dll' (GetLastError=126)
LogWindows: File 'aqProf.dll' does not exist
LogWindows: Failed to load 'VtuneApi.dll' (GetLastError=126)
LogWindows: File 'VtuneApi.dll' does not exist
LogWindows: Failed to load 'VtuneApi32e.dll' (GetLastError=126)
LogWindows: File 'VtuneApi32e.dll' does not exist
LogConsoleResponse: Display: Failed to find resolution value strings in scalability ini. Falling back to default.
LogInit: Display: Running engine for game: Marine_Squad
LogPakFile: Registered encryption key '00000000000000000000000000000000': 0 pak files mounted, 0 remain pending
LogPlatformFile: Not using cached read wrapper
LogTaskGraph: Started task graph with 5 named threads and 14 total threads with 3 sets of task threads.
LogStats: Stats thread started at 0.171431
LogD3D11RHI: Loaded GFSDK_Aftermath_Lib.x64.dll
LogICUInternationalization: ICU TimeZone Detection - Raw Offset: -6:00, Platform Override: ''
LogPluginManager: Mounting plugin Paper2D
LogPluginManager: Mounting plugin AISupport
LogPluginManager: Mounting plugin LightPropagationVolume
LogPluginManager: Mounting plugin ActorLayerUtilities
LogPluginManager: Mounting plugin AnimationSharing
LogPluginManager: Mounting plugin CLionSourceCodeAccess
LogPluginManager: Mounting plugin CodeLiteSourceCodeAccess
LogPluginManager: Mounting plugin GitSourceControl
LogPluginManager: Mounting plugin KDevelopSourceCodeAccess
LogPluginManager: Mounting plugin NullSourceCodeAccess
LogPluginManager: Mounting plugin PerforceSourceControl
LogPluginManager: Mounting plugin SubversionSourceControl
LogPluginManager: Mounting plugin UObjectPlugin
LogPluginManager: Mounting plugin VisualStudioCodeSourceCodeAccess
LogPluginManager: Mounting plugin VisualStudioSourceCodeAccess
LogPluginManager: Mounting plugin XCodeSourceCodeAccess
LogPluginManager: Mounting plugin AssetManagerEditor
LogPluginManager: Mounting plugin CryptoKeys
LogPluginManager: Mounting plugin DataValidation
LogPluginManager: Mounting plugin FacialAnimation
LogPluginManager: Mounting plugin GameplayTagsEditor
LogPluginManager: Mounting plugin MacGraphicsSwitching
LogPluginManager: Mounting plugin MaterialAnalyzer
LogPluginManager: Mounting plugin MobileLauncherProfileWizard
LogPluginManager: Mounting plugin PluginBrowser
LogPluginManager: Mounting plugin SpeedTreeImporter
LogPluginManager: Mounting plugin DatasmithContent
LogPluginManager: Mounting plugin VariantManagerContent
LogPluginManager: Mounting plugin AlembicImporter
LogPluginManager: Mounting plugin AppleImageUtils
LogPluginManager: Mounting plugin AppleVision
LogPluginManager: Mounting plugin BackChannel
LogPluginManager: Mounting plugin CharacterAI
LogPluginManager: Mounting plugin GeometryCache
LogPluginManager: Mounting plugin HTML5Networking
LogPluginManager: Mounting plugin ProxyLODPlugin
LogPluginManager: Mounting plugin SkeletalReduction
LogPluginManager: Mounting plugin MagicLeap
LogPluginManager: Mounting plugin MagicLeapMedia
LogPluginManager: Mounting plugin AndroidMedia
LogPluginManager: Mounting plugin AvfMedia
LogPluginManager: Mounting plugin ImgMedia
LogPluginManager: Mounting plugin LinearTimecode
LogPluginManager: Mounting plugin MediaCompositing
LogPluginManager: Mounting plugin MediaPlayerEditor
LogPluginManager: Mounting plugin WebMMedia
LogPluginManager: Mounting plugin WmfMedia
LogPluginManager: Mounting plugin TcpMessaging
LogPluginManager: Mounting plugin UdpMessaging
LogPluginManager: Mounting plugin ActorSequence
LogPluginManager: Mounting plugin LevelSequenceEditor
LogPluginManager: Mounting plugin MatineeToLevelSequence
LogPluginManager: Mounting plugin NetcodeUnitTest
LogPluginManager: Mounting plugin NUTUnrealEngine4
LogPluginManager: Mounting plugin OnlineSubsystemGooglePlay
LogPluginManager: Mounting plugin OnlineSubsystemIOS
LogPluginManager: Mounting plugin OnlineSubsystem
LogPluginManager: Mounting plugin OnlineSubsystemNull
LogPluginManager: Mounting plugin OnlineSubsystemUtils
LogPluginManager: Mounting plugin LauncherChunkInstaller
LogPluginManager: Mounting plugin AndroidDeviceProfileSelector
LogPluginManager: Mounting plugin AndroidMoviePlayer
LogPluginManager: Mounting plugin AndroidPermission
LogPluginManager: Mounting plugin AppleMoviePlayer
LogPluginManager: Mounting plugin ArchVisCharacter
LogPluginManager: Mounting plugin AudioCapture
LogPluginManager: Mounting plugin CableComponent
LogPluginManager: Mounting plugin CustomMeshComponent
LogPluginManager: Mounting plugin EditableMesh
LogPluginManager: Mounting plugin ExampleDeviceProfileSelector
LogPluginManager: Mounting plugin Firebase
LogPluginManager: Mounting plugin GoogleCloudMessaging
LogPluginManager: Mounting plugin IOSDeviceProfileSelector
LogPluginManager: Mounting plugin LinuxDeviceProfileSelector
LogPluginManager: Mounting plugin LocationServicesBPLibrary
LogPluginManager: Mounting plugin MobilePatchingUtils
LogPluginManager: Mounting plugin OculusVR
LogPluginManager: Mounting plugin PhysXVehicles
LogPluginManager: Mounting plugin ProceduralMeshComponent
LogPluginManager: Mounting plugin RuntimePhysXCooking
LogPluginManager: Mounting plugin SignificanceManager
LogPluginManager: Mounting plugin SteamVR
LogPluginManager: Mounting plugin WebMMoviePlayer
LogPluginManager: Mounting plugin WindowsMoviePlayer
LogInit: Using libcurl 7.55.1-DEV
LogInit:  - built for x86_64-pc-win32
LogInit:  - supports SSL with OpenSSL/1.1.1
LogInit:  - supports HTTP deflate (compression) using libz 1.2.8
LogInit:  - other features:
LogInit:      CURL_VERSION_SSL
LogInit:      CURL_VERSION_LIBZ
LogInit:      CURL_VERSION_IPV6
LogInit:      CURL_VERSION_ASYNCHDNS
LogInit:      CURL_VERSION_LARGEFILE
LogInit:      CURL_VERSION_IDN
LogInit:  CurlRequestOptions (configurable via config and command line):
LogInit:  - bVerifyPeer = true  - Libcurl will verify peer certificate
LogInit:  - bUseHttpProxy = false  - Libcurl will NOT use HTTP proxy
LogInit:  - bDontReuseConnections = false  - Libcurl will reuse connections
LogInit:  - MaxHostConnections = 16  - Libcurl will limit the number of connections to a host
LogInit:  - LocalHostAddr = Default
LogInit:  - BufferSize = 65536
LogInit: WinSock: version 1.1 (2.2), MaxSocks=32767, MaxUdp=65467
LogInit: Build: ++UE4+Release-4.22-CL-7053642
LogInit: Engine Version: 4.22.3-7053642+++UE4+Release-4.22
LogInit: Compatible Engine Version: 4.22.0-5660361+++UE4+Release-4.22
LogInit: Net CL: 5660361
LogInit: OS: Windows 10 (Release 1903) (), CPU: Intel(R) Core(TM) i5-4690K CPU @ 3.50GHz, GPU: NVIDIA GeForce GTX 970
LogInit: Compiled (64-bit): Jun 18 2019 03:09:11
LogInit: Compiled with Visual C++: 19.16.27025.01
LogInit: Build Configuration: Development
LogInit: Branch Name: ++UE4+Release-4.22
LogInit: Command Line: 
LogInit: Base Directory: Q:/UE_4.22/Engine/Binaries/Win64/
LogInit: Installed Engine Build: 1
LogDevObjectVersion: Number of dev versions registered: 23
LogDevObjectVersion:   Dev-Blueprints (B0D832E4-1F89-4F0D-ACCF-7EB736FD4AA2): 10
LogDevObjectVersion:   Dev-Build (E1C64328-A22C-4D53-A36C-8E866417BD8C): 0
LogDevObjectVersion:   Dev-Core (375EC13C-06E4-48FB-B500-84F0262A717E): 3
LogDevObjectVersion:   Dev-Editor (E4B068ED-F494-42E9-A231-DA0B2E46BB41): 30
LogDevObjectVersion:   Dev-Framework (CFFC743F-43B0-4480-9391-14DF171D2073): 35
LogDevObjectVersion:   Dev-Mobile (B02B49B5-BB20-44E9-A304-32B752E40360): 2
LogDevObjectVersion:   Dev-Networking (A4E4105C-59A1-49B5-A7C5-40C4547EDFEE): 0
LogDevObjectVersion:   Dev-Online (39C831C9-5AE6-47DC-9A44-9C173E1C8E7C): 0
LogDevObjectVersion:   Dev-Physics (78F01B33-EBEA-4F98-B9B4-84EACCB95AA2): 0
LogDevObjectVersion:   Dev-Platform (6631380F-2D4D-43E0-8009-CF276956A95A): 0
LogDevObjectVersion:   Dev-Rendering (12F88B9F-8875-4AFC-A67C-D90C383ABD29): 28
LogDevObjectVersion:   Dev-Sequencer (7B5AE74C-D270-4C10-A958-57980B212A5A): 11
LogDevObjectVersion:   Dev-VR (D7296918-1DD6-4BDD-9DE2-64A83CC13884): 2
LogDevObjectVersion:   Dev-LoadTimes (C2A15278-BFE7-4AFE-6C17-90FF531DF755): 1
LogDevObjectVersion:   Private-Geometry (6EACA3D4-40EC-4CC1-B786-8BED09428FC5): 3
LogDevObjectVersion:   Dev-AnimPhys (29E575DD-E0A3-4627-9D10-D276232CDCEA): 17
LogDevObjectVersion:   Dev-Anim (AF43A65D-7FD3-4947-9873-3E8ED9C1BB05): 2
LogDevObjectVersion:   Dev-ReflectionCapture (6B266CEC-1EC7-4B8F-A30B-E4D90942FC07): 1
LogDevObjectVersion:   Dev-Automation (0DF73D61-A23F-47EA-B727-89E90C41499A): 1
LogDevObjectVersion:   FortniteMain (601D1886-AC64-4F84-AA16-D3DE0DEAC7D6): 25
LogDevObjectVersion:   Dev-Enterprise (9DFFBCD6-494F-0158-E221-12823C92A888): 6
LogDevObjectVersion:   Dev-Niagara (F2AED0AC-9AFE-416F-8664-AA7FFA26D6FC): 1
LogDevObjectVersion:   Dev-Destruction (174F1F0B-B4C6-45A5-B13F-2EE8D0FB917D): 2
LogInit: Presizing for max 16777216 objects, including 0 objects not considered by GC, pre-allocating 0 bytes for permanent pool.
LogInit: Object subsystem initialized
LogConfig: Setting CVar [[con.DebugEarlyDefault:1]]
LogConfig: Setting CVar [[r.setres:1280x720]]
[2020.02.09-08.18.06:215][  0]LogConfig: Setting CVar [[r.VSync:0]]
[2020.02.09-08.18.06:215][  0]LogConfig: Setting CVar [[r.RHICmdBypass:0]]
[2020.02.09-08.18.06:215][  0]LogConfig: Applying CVar settings from Section [/Script/Engine.RendererSettings] File [C:/Users/ericf/Desktop/repos/Marine-Squad/Marine_Squad/Saved/Config/Windows/Engine.ini]
[2020.02.09-08.18.06:215][  0]LogConfig: Setting CVar [[r.GPUCrashDebugging:0]]
[2020.02.09-08.18.06:215][  0]LogConfig: Setting CVar [[r.DefaultFeature.AutoExposure.ExtendDefaultLuminanceRange:1]]
[2020.02.09-08.18.06:215][  0]LogConfig: Applying CVar settings from Section [/Script/Engine.RendererOverrideSettings] File [C:/Users/ericf/Desktop/repos/Marine-Squad/Marine_Squad/Saved/Config/Windows/Engine.ini]
[2020.02.09-08.18.06:215][  0]LogConfig: Applying CVar settings from Section [/Script/Engine.StreamingSettings] File [C:/Users/ericf/Desktop/repos/Marine-Squad/Marine_Squad/Saved/Config/Windows/Engine.ini]
[2020.02.09-08.18.06:215][  0]LogConfig: Setting CVar [[s.MinBulkDataSizeForAsyncLoading:131072]]
[2020.02.09-08.18.06:215][  0]LogConfig: Setting CVar [[s.AsyncLoadingThreadEnabled:0]]
[2020.02.09-08.18.06:215][  0]LogConfig: Setting CVar [[s.EventDrivenLoaderEnabled:1]]
[2020.02.09-08.18.06:215][  0]LogConfig: Setting CVar [[s.WarnIfTimeLimitExceeded:0]]
[2020.02.09-08.18.06:215][  0]LogConfig: Setting CVar [[s.TimeLimitExceededMultiplier:1.5]]
[2020.02.09-08.18.06:215][  0]LogConfig: Setting CVar [[s.TimeLimitExceededMinTime:0.005]]
[2020.02.09-08.18.06:215][  0]LogConfig: Setting CVar [[s.UseBackgroundLevelStreaming:1]]
[2020.02.09-08.18.06:216][  0]LogConfig: Setting CVar [[s.PriorityAsyncLoadingExtraTime:15.0]]
[2020.02.09-08.18.06:216][  0]LogConfig: Setting CVar [[s.LevelStreamingActorsUpdateTimeLimit:5.0]]
[2020.02.09-08.18.06:216][  0]LogConfig: Setting CVar [[s.PriorityLevelStreamingActorsUpdateExtraTime:5.0]]
[2020.02.09-08.18.06:216][  0]LogConfig: Setting CVar [[s.LevelStreamingComponentsRegistrationGranularity:10]]
[2020.02.09-08.18.06:216][  0]LogConfig: Setting CVar [[s.UnregisterComponentsTimeLimit:1.0]]
[2020.02.09-08.18.06:216][  0]LogConfig: Setting CVar [[s.LevelStreamingComponentsUnregistrationGranularity:5]]
[2020.02.09-08.18.06:216][  0]LogConfig: Applying CVar settings from Section [/Script/Engine.GarbageCollectionSettings] File [C:/Users/ericf/Desktop/repos/Marine-Squad/Marine_Squad/Saved/Config/Windows/Engine.ini]
[2020.02.09-08.18.06:216][  0]LogConfig: Setting CVar [[gc.MaxObjectsNotConsideredByGC:1]]
[2020.02.09-08.18.06:216][  0]LogConfig: Setting CVar [[gc.SizeOfPermanentObjectPool:0]]
[2020.02.09-08.18.06:216][  0]LogConfig: Setting CVar [[gc.FlushStreamingOnGC:0]]
[2020.02.09-08.18.06:216][  0]LogConfig: Setting CVar [[gc.NumRetriesBeforeForcingGC:10]]
[2020.02.09-08.18.06:216][  0]LogConfig: Setting CVar [[gc.AllowParallelGC:1]]
[2020.02.09-08.18.06:216][  0]LogConfig: Setting CVar [[gc.TimeBetweenPurgingPendingKillObjects:61.1]]
[2020.02.09-08.18.06:216][  0]LogConfig: Setting CVar [[gc.MaxObjectsInEditor:16777216]]
[2020.02.09-08.18.06:216][  0]LogConfig: Setting CVar [[gc.IncrementalBeginDestroyEnabled:1]]
[2020.02.09-08.18.06:216][  0]LogConfig: Setting CVar [[gc.CreateGCClusters:1]]
[2020.02.09-08.18.06:216][  0]LogConfig: Setting CVar [[gc.MinGCClusterSize:5]]
[2020.02.09-08.18.06:216][  0]LogConfig: Setting CVar [[gc.ActorClusteringEnabled:0]]
[2020.02.09-08.18.06:216][  0]LogConfig: Setting CVar [[gc.BlueprintClusteringEnabled:0]]
[2020.02.09-08.18.06:216][  0]LogConfig: Setting CVar [[gc.UseDisregardForGCOnDedicatedServers:0]]
[2020.02.09-08.18.06:216][  0]LogConfig: Applying CVar settings from Section [/Script/Engine.NetworkSettings] File [C:/Users/ericf/Desktop/repos/Marine-Squad/Marine_Squad/Saved/Config/Windows/Engine.ini]
[2020.02.09-08.18.06:216][  0]LogConfig: Applying CVar settings from Section [/Script/UnrealEd.CookerSettings] File [C:/Users/ericf/Desktop/repos/Marine-Squad/Marine_Squad/Saved/Config/Windows/Engine.ini]
[2020.02.09-08.18.06:224][  0]LogConfig: Applying CVar settings from Section [ViewDistanceQuality@3] File [C:/Users/ericf/Desktop/repos/Marine-Squad/Marine_Squad/Saved/Config/Windows/Scalability.ini]
[2020.02.09-08.18.06:224][  0]LogConfig: Setting CVar [[r.SkeletalMeshLODBias:0]]
[2020.02.09-08.18.06:224][  0]LogConfig: Setting CVar [[r.ViewDistanceScale:1.0]]
[2020.02.09-08.18.06:224][  0]LogConfig: Applying CVar settings from Section [AntiAliasingQuality@3] File [C:/Users/ericf/Desktop/repos/Marine-Squad/Marine_Squad/Saved/Config/Windows/Scalability.ini]
[2020.02.09-08.18.06:224][  0]LogConfig: Setting CVar [[r.PostProcessAAQuality:4]]
[2020.02.09-08.18.06:224][  0]LogConfig: Applying CVar settings from Section [ShadowQuality@3] File [C:/Users/ericf/Desktop/repos/Marine-Squad/Marine_Squad/Saved/Config/Windows/Scalability.ini]
[2020.02.09-08.18.06:224][  0]LogConfig: Setting CVar [[r.LightFunctionQuality:1]]
[2020.02.09-08.18.06:224][  0]LogConfig: Setting CVar [[r.ShadowQuality:5]]
[2020.02.09-08.18.06:224][  0]LogConfig: Setting CVar [[r.Shadow.CSM.MaxCascades:10]]
[2020.02.09-08.18.06:224][  0]LogConfig: Setting CVar [[r.Shadow.MaxResolution:2048]]
[2020.02.09-08.18.06:224][  0]LogConfig: Setting CVar [[r.Shadow.MaxCSMResolution:2048]]
[2020.02.09-08.18.06:224][  0]LogConfig: Setting CVar [[r.Shadow.RadiusThreshold:0.01]]
[2020.02.09-08.18.06:224][  0]LogConfig: Setting CVar [[r.Shadow.DistanceScale:1.0]]
[2020.02.09-08.18.06:224][  0]LogConfig: Setting CVar [[r.Shadow.CSM.TransitionScale:1.0]]
[2020.02.09-08.18.06:224][  0]LogConfig: Setting CVar [[r.Shadow.PreShadowResolutionFactor:1.0]]
[2020.02.09-08.18.06:224][  0]LogConfig: Setting CVar [[r.DistanceFieldShadowing:1]]
[2020.02.09-08.18.06:224][  0]LogConfig: Setting CVar [[r.DistanceFieldAO:1]]
[2020.02.09-08.18.06:224][  0]LogConfig: Setting CVar [[r.AOQuality:2]]
[2020.02.09-08.18.06:224][  0]LogConfig: Setting CVar [[r.VolumetricFog:1]]
[2020.02.09-08.18.06:224][  0]LogConfig: Setting CVar [[r.VolumetricFog.GridPixelSize:8]]
[2020.02.09-08.18.06:224][  0]LogConfig: Setting CVar [[r.VolumetricFog.GridSizeZ:128]]
[2020.02.09-08.18.06:224][  0]LogConfig: Setting CVar [[r.VolumetricFog.HistoryMissSupersampleCount:4]]
[2020.02.09-08.18.06:225][  0]LogConfig: Setting CVar [[r.LightMaxDrawDistanceScale:1]]
[2020.02.09-08.18.06:225][  0]LogConfig: Setting CVar [[r.CapsuleShadows:1]]
[2020.02.09-08.18.06:225][  0]LogConfig: Applying CVar settings from Section [PostProcessQuality@3] File [C:/Users/ericf/Desktop/repos/Marine-Squad/Marine_Squad/Saved/Config/Windows/Scalability.ini]
[2020.02.09-08.18.06:225][  0]LogConfig: Setting CVar [[r.MotionBlurQuality:4]]
[2020.02.09-08.18.06:225][  0]LogConfig: Setting CVar [[r.AmbientOcclusionMipLevelFactor:0.4]]
[2020.02.09-08.18.06:225][  0]LogConfig: Setting CVar [[r.AmbientOcclusionMaxQuality:100]]
[2020.02.09-08.18.06:225][  0]LogConfig: Setting CVar [[r.AmbientOcclusionLevels:-1]]
[2020.02.09-08.18.06:225][  0]LogConfig: Setting CVar [[r.AmbientOcclusionRadiusScale:1.0]]
[2020.02.09-08.18.06:225][  0]LogConfig: Setting CVar [[r.DepthOfFieldQuality:2]]
[2020.02.09-08.18.06:225][  0]LogConfig: Setting CVar [[r.RenderTargetPoolMin:400]]
[2020.02.09-08.18.06:225][  0]LogConfig: Setting CVar [[r.LensFlareQuality:2]]
[2020.02.09-08.18.06:225][  0]LogConfig: Setting CVar [[r.SceneColorFringeQuality:1]]
[2020.02.09-08.18.06:225][  0]LogConfig: Setting CVar [[r.EyeAdaptationQuality:2]]
[2020.02.09-08.18.06:225][  0]LogConfig: Setting CVar [[r.BloomQuality:5]]
[2020.02.09-08.18.06:225][  0]LogConfig: Setting CVar [[r.FastBlurThreshold:100]]
[2020.02.09-08.18.06:225][  0]LogConfig: Setting CVar [[r.Upscale.Quality:3]]
[2020.02.09-08.18.06:225][  0]LogConfig: Setting CVar [[r.Tonemapper.GrainQuantization:1]]
[2020.02.09-08.18.06:225][  0]LogConfig: Setting CVar [[r.LightShaftQuality:1]]
[2020.02.09-08.18.06:225][  0]LogConfig: Setting CVar [[r.Filter.SizeScale:1]]
[2020.02.09-08.18.06:225][  0]LogConfig: Setting CVar [[r.Tonemapper.Quality:5]]
[2020.02.09-08.18.06:225][  0]LogConfig: Setting CVar [[r.DOF.Gather.AccumulatorQuality:1        ; higher gathering accumulator quality]]
[2020.02.09-08.18.06:225][  0]LogConfig: Setting CVar [[r.DOF.Gather.PostfilterMethod:1          ; Median3x3 postfilering method]]
[2020.02.09-08.18.06:225][  0]LogConfig: Setting CVar [[r.DOF.Gather.EnableBokehSettings:0       ; no bokeh simulation when gathering]]
[2020.02.09-08.18.06:225][  0]LogConfig: Setting CVar [[r.DOF.Gather.RingCount:4                 ; medium number of samples when gathering]]
[2020.02.09-08.18.06:225][  0]LogConfig: Setting CVar [[r.DOF.Scatter.ForegroundCompositing:1    ; additive foreground scattering]]
[2020.02.09-08.18.06:225][  0]LogConfig: Setting CVar [[r.DOF.Scatter.BackgroundCompositing:2    ; additive background scattering]]
[2020.02.09-08.18.06:225][  0]LogConfig: Setting CVar [[r.DOF.Scatter.EnableBokehSettings:1      ; bokeh simulation when scattering]]
[2020.02.09-08.18.06:225][  0]LogConfig: Setting CVar [[r.DOF.Scatter.MaxSpriteRatio:0.1         ; only a maximum of 10% of scattered bokeh]]
[2020.02.09-08.18.06:225][  0]LogConfig: Setting CVar [[r.DOF.Recombine.Quality:1                ; cheap slight out of focus]]
[2020.02.09-08.18.06:225][  0]LogConfig: Setting CVar [[r.DOF.Recombine.EnableBokehSettings:0    ; no bokeh simulation on slight out of focus]]
[2020.02.09-08.18.06:225][  0]LogConfig: Setting CVar [[r.DOF.TemporalAAQuality:1                ; more stable temporal accumulation]]
[2020.02.09-08.18.06:225][  0]LogConfig: Setting CVar [[r.DOF.Kernel.MaxForegroundRadius:0.025]]
[2020.02.09-08.18.06:225][  0]LogConfig: Setting CVar [[r.DOF.Kernel.MaxBackgroundRadius:0.025]]
[2020.02.09-08.18.06:225][  0]LogConfig: Applying CVar settings from Section [TextureQuality@3] File [C:/Users/ericf/Desktop/repos/Marine-Squad/Marine_Squad/Saved/Config/Windows/Scalability.ini]
[2020.02.09-08.18.06:225][  0]LogConfig: Setting CVar [[r.Streaming.MipBias:0]]
[2020.02.09-08.18.06:225][  0]LogConfig: Setting CVar [[r.Streaming.AmortizeCPUToGPUCopy:0]]
[2020.02.09-08.18.06:225][  0]LogConfig: Setting CVar [[r.Streaming.MaxNumTexturesToStreamPerFrame:0]]
[2020.02.09-08.18.06:225][  0]LogConfig: Setting CVar [[r.Streaming.Boost:1]]
[2020.02.09-08.18.06:225][  0]LogConfig: Setting CVar [[r.MaxAnisotropy:8]]
[2020.02.09-08.18.06:225][  0]LogConfig: Setting CVar [[r.Streaming.LimitPoolSizeToVRAM:0]]
[2020.02.09-08.18.06:225][  0]LogConfig: Setting CVar [[r.Streaming.PoolSize:1000]]
[2020.02.09-08.18.06:225][  0]LogConfig: Setting CVar [[r.Streaming.MaxEffectiveScreenSize:0]]
[2020.02.09-08.18.06:225][  0]LogConfig: Applying CVar settings from Section [EffectsQuality@3] File [C:/Users/ericf/Desktop/repos/Marine-Squad/Marine_Squad/Saved/Config/Windows/Scalability.ini]
[2020.02.09-08.18.06:225][  0]LogConfig: Setting CVar [[r.TranslucencyLightingVolumeDim:64]]
[2020.02.09-08.18.06:225][  0]LogConfig: Setting CVar [[r.RefractionQuality:2]]
[2020.02.09-08.18.06:225][  0]LogConfig: Setting CVar [[r.SSR.Quality:3]]
[2020.02.09-08.18.06:225][  0]LogConfig: Setting CVar [[r.SceneColorFormat:4]]
[2020.02.09-08.18.06:225][  0]LogConfig: Setting CVar [[r.DetailMode:2]]
[2020.02.09-08.18.06:225][  0]LogConfig: Setting CVar [[r.TranslucencyVolumeBlur:1]]
[2020.02.09-08.18.06:225][  0]LogConfig: Setting CVar [[r.MaterialQualityLevel:1 ; High quality]]
[2020.02.09-08.18.06:225][  0]LogConfig: Setting CVar [[r.SSS.Scale:1]]
[2020.02.09-08.18.06:225][  0]LogConfig: Setting CVar [[r.SSS.SampleSet:2]]
[2020.02.09-08.18.06:225][  0]LogConfig: Setting CVar [[r.SSS.Quality:1]]
[2020.02.09-08.18.06:225][  0]LogConfig: Setting CVar [[r.SSS.HalfRes:1]]
[2020.02.09-08.18.06:225][  0]LogConfig: Setting CVar [[r.EmitterSpawnRateScale:1.0]]
[2020.02.09-08.18.06:225][  0]LogConfig: Setting CVar [[r.ParticleLightQuality:2]]
[2020.02.09-08.18.06:225][  0]LogConfig: Applying CVar settings from Section [FoliageQuality@3] File [C:/Users/ericf/Desktop/repos/Marine-Squad/Marine_Squad/Saved/Config/Windows/Scalability.ini]
[2020.02.09-08.18.06:225][  0]LogConfig: Setting CVar [[foliage.DensityScale:1.0]]
[2020.02.09-08.18.06:225][  0]LogConfig: Setting CVar [[grass.DensityScale:1.0]]
[2020.02.09-08.18.06:225][  0]LogInit: Selected Device Profile: [Windows]
[2020.02.09-08.18.06:225][  0]LogInit: Applying CVar settings loaded from the selected device profile: [Windows]
[2020.02.09-08.18.06:245][  0]LogHAL: Display: Platform has ~ 8 GB [8444633088 / 8589934592 / 8], which maps to Default [LargestMinGB=32, LargerMinGB=12, DefaultMinGB=8, SmallerMinGB=6, SmallestMinGB=0)
[2020.02.09-08.18.06:245][  0]LogConfig: Setting CVar [[r.Vulkan.UseRealUBs:0		; Required until we fix HLR fall-out]]
[2020.02.09-08.18.06:245][  0]LogInit: Going up to parent DeviceProfile []
[2020.02.09-08.18.06:245][  0]LogConfig: Applying CVar settings from Section [ViewDistanceQuality@3] File [C:/Users/ericf/Desktop/repos/Marine-Squad/Marine_Squad/Saved/Config/Windows/Scalability.ini]
[2020.02.09-08.18.06:245][  0]LogConfig: Setting CVar [[r.SkeletalMeshLODBias:0]]
[2020.02.09-08.18.06:245][  0]LogConfig: Setting CVar [[r.ViewDistanceScale:1.0]]
[2020.02.09-08.18.06:245][  0]LogConfig: Applying CVar settings from Section [AntiAliasingQuality@3] File [C:/Users/ericf/Desktop/repos/Marine-Squad/Marine_Squad/Saved/Config/Windows/Scalability.ini]
[2020.02.09-08.18.06:245][  0]LogConfig: Setting CVar [[r.PostProcessAAQuality:4]]
[2020.02.09-08.18.06:245][  0]LogConfig: Applying CVar settings from Section [ShadowQuality@3] File [C:/Users/ericf/Desktop/repos/Marine-Squad/Marine_Squad/Saved/Config/Windows/Scalability.ini]
[2020.02.09-08.18.06:245][  0]LogConfig: Setting CVar [[r.LightFunctionQuality:1]]
[2020.02.09-08.18.06:246][  0]LogConfig: Setting CVar [[r.ShadowQuality:5]]
[2020.02.09-08.18.06:246][  0]LogConfig: Setting CVar [[r.Shadow.CSM.MaxCascades:10]]
[2020.02.09-08.18.06:246][  0]LogConfig: Setting CVar [[r.Shadow.MaxResolution:2048]]
[2020.02.09-08.18.06:246][  0]LogConfig: Setting CVar [[r.Shadow.MaxCSMResolution:2048]]
[2020.02.09-08.18.06:246][  0]LogConfig: Setting CVar [[r.Shadow.RadiusThreshold:0.01]]
[2020.02.09-08.18.06:246][  0]LogConfig: Setting CVar [[r.Shadow.DistanceScale:1.0]]
[2020.02.09-08.18.06:246][  0]LogConfig: Setting CVar [[r.Shadow.CSM.TransitionScale:1.0]]
[2020.02.09-08.18.06:246][  0]LogConfig: Setting CVar [[r.Shadow.PreShadowResolutionFactor:1.0]]
[2020.02.09-08.18.06:246][  0]LogConfig: Setting CVar [[r.DistanceFieldShadowing:1]]
[2020.02.09-08.18.06:246][  0]LogConfig: Setting CVar [[r.DistanceFieldAO:1]]
[2020.02.09-08.18.06:246][  0]LogConfig: Setting CVar [[r.AOQuality:2]]
[2020.02.09-08.18.06:246][  0]LogConfig: Setting CVar [[r.VolumetricFog:1]]
[2020.02.09-08.18.06:246][  0]LogConfig: Setting CVar [[r.VolumetricFog.GridPixelSize:8]]
[2020.02.09-08.18.06:246][  0]LogConfig: Setting CVar [[r.VolumetricFog.GridSizeZ:128]]
[2020.02.09-08.18.06:246][  0]LogConfig: Setting CVar [[r.VolumetricFog.HistoryMissSupersampleCount:4]]
[2020.02.09-08.18.06:246][  0]LogConfig: Setting CVar [[r.LightMaxDrawDistanceScale:1]]
[2020.02.09-08.18.06:246][  0]LogConfig: Setting CVar [[r.CapsuleShadows:1]]
[2020.02.09-08.18.06:246][  0]LogConfig: Applying CVar settings from Section [PostProcessQuality@3] File [C:/Users/ericf/Desktop/repos/Marine-Squad/Marine_Squad/Saved/Config/Windows/Scalability.ini]
[2020.02.09-08.18.06:246][  0]LogConfig: Setting CVar [[r.MotionBlurQuality:4]]
[2020.02.09-08.18.06:246][  0]LogConfig: Setting CVar [[r.AmbientOcclusionMipLevelFactor:0.4]]
[2020.02.09-08.18.06:246][  0]LogConfig: Setting CVar [[r.AmbientOcclusionMaxQuality:100]]
[2020.02.09-08.18.06:246][  0]LogConfig: Setting CVar [[r.AmbientOcclusionLevels:-1]]
[2020.02.09-08.18.06:246][  0]LogConfig: Setting CVar [[r.AmbientOcclusionRadiusScale:1.0]]
[2020.02.09-08.18.06:246][  0]LogConfig: Setting CVar [[r.DepthOfFieldQuality:2]]
[2020.02.09-08.18.06:246][  0]LogConfig: Setting CVar [[r.RenderTargetPoolMin:400]]
[2020.02.09-08.18.06:246][  0]LogConfig: Setting CVar [[r.LensFlareQuality:2]]
[2020.02.09-08.18.06:246][  0]LogConfig: Setting CVar [[r.SceneColorFringeQuality:1]]
[2020.02.09-08.18.06:246][  0]LogConfig: Setting CVar [[r.EyeAdaptationQuality:2]]
[2020.02.09-08.18.06:246][  0]LogConfig: Setting CVar [[r.BloomQuality:5]]
[2020.02.09-08.18.06:246][  0]LogConfig: Setting CVar [[r.FastBlurThreshold:100]]
[2020.02.09-08.18.06:246][  0]LogConfig: Setting CVar [[r.Upscale.Quality:3]]
[2020.02.09-08.18.06:246][  0]LogConfig: Setting CVar [[r.Tonemapper.GrainQuantization:1]]
[2020.02.09-08.18.06:246][  0]LogConfig: Setting CVar [[r.LightShaftQuality:1]]
[2020.02.09-08.18.06:246][  0]LogConfig: Setting CVar [[r.Filter.SizeScale:1]]
[2020.02.09-08.18.06:246][  0]LogConfig: Setting CVar [[r.Tonemapper.Quality:5]]
[2020.02.09-08.18.06:246][  0]LogConfig: Setting CVar [[r.DOF.Gather.AccumulatorQuality:1        ; higher gathering accumulator quality]]
[2020.02.09-08.18.06:246][  0]LogConfig: Setting CVar [[r.DOF.Gather.PostfilterMethod:1          ; Median3x3 postfilering method]]
[2020.02.09-08.18.06:246][  0]LogConfig: Setting CVar [[r.DOF.Gather.EnableBokehSettings:0       ; no bokeh simulation when gathering]]
[2020.02.09-08.18.06:246][  0]LogConfig: Setting CVar [[r.DOF.Gather.RingCount:4                 ; medium number of samples when gathering]]
[2020.02.09-08.18.06:246][  0]LogConfig: Setting CVar [[r.DOF.Scatter.ForegroundCompositing:1    ; additive foreground scattering]]
[2020.02.09-08.18.06:246][  0]LogConfig: Setting CVar [[r.DOF.Scatter.BackgroundCompositing:2    ; additive background scattering]]
[2020.02.09-08.18.06:246][  0]LogConfig: Setting CVar [[r.DOF.Scatter.EnableBokehSettings:1      ; bokeh simulation when scattering]]
[2020.02.09-08.18.06:246][  0]LogConfig: Setting CVar [[r.DOF.Scatter.MaxSpriteRatio:0.1         ; only a maximum of 10% of scattered bokeh]]
[2020.02.09-08.18.06:246][  0]LogConfig: Setting CVar [[r.DOF.Recombine.Quality:1                ; cheap slight out of focus]]
[2020.02.09-08.18.06:246][  0]LogConfig: Setting CVar [[r.DOF.Recombine.EnableBokehSettings:0    ; no bokeh simulation on slight out of focus]]
[2020.02.09-08.18.06:246][  0]LogConfig: Setting CVar [[r.DOF.TemporalAAQuality:1                ; more stable temporal accumulation]]
[2020.02.09-08.18.06:246][  0]LogConfig: Setting CVar [[r.DOF.Kernel.MaxForegroundRadius:0.025]]
[2020.02.09-08.18.06:246][  0]LogConfig: Setting CVar [[r.DOF.Kernel.MaxBackgroundRadius:0.025]]
[2020.02.09-08.18.06:246][  0]LogConfig: Applying CVar settings from Section [TextureQuality@3] File [C:/Users/ericf/Desktop/repos/Marine-Squad/Marine_Squad/Saved/Config/Windows/Scalability.ini]
[2020.02.09-08.18.06:246][  0]LogConfig: Setting CVar [[r.Streaming.MipBias:0]]
[2020.02.09-08.18.06:246][  0]LogConfig: Setting CVar [[r.Streaming.AmortizeCPUToGPUCopy:0]]
[2020.02.09-08.18.06:246][  0]LogConfig: Setting CVar [[r.Streaming.MaxNumTexturesToStreamPerFrame:0]]
[2020.02.09-08.18.06:246][  0]LogConfig: Setting CVar [[r.Streaming.Boost:1]]
[2020.02.09-08.18.06:246][  0]LogConfig: Setting CVar [[r.MaxAnisotropy:8]]
[2020.02.09-08.18.06:246][  0]LogConfig: Setting CVar [[r.Streaming.LimitPoolSizeToVRAM:0]]
[2020.02.09-08.18.06:246][  0]LogConfig: Setting CVar [[r.Streaming.PoolSize:1000]]
[2020.02.09-08.18.06:246][  0]LogConfig: Setting CVar [[r.Streaming.MaxEffectiveScreenSize:0]]
[2020.02.09-08.18.06:246][  0]LogConfig: Applying CVar settings from Section [EffectsQuality@3] File [C:/Users/ericf/Desktop/repos/Marine-Squad/Marine_Squad/Saved/Config/Windows/Scalability.ini]
[2020.02.09-08.18.06:246][  0]LogConfig: Setting CVar [[r.TranslucencyLightingVolumeDim:64]]
[2020.02.09-08.18.06:246][  0]LogConfig: Setting CVar [[r.RefractionQuality:2]]
[2020.02.09-08.18.06:246][  0]LogConfig: Setting CVar [[r.SSR.Quality:3]]
[2020.02.09-08.18.06:246][  0]LogConfig: Setting CVar [[r.SceneColorFormat:4]]
[2020.02.09-08.18.06:246][  0]LogConfig: Setting CVar [[r.DetailMode:2]]
[2020.02.09-08.18.06:246][  0]LogConfig: Setting CVar [[r.TranslucencyVolumeBlur:1]]
[2020.02.09-08.18.06:246][  0]LogConfig: Setting CVar [[r.MaterialQualityLevel:1 ; High quality]]
[2020.02.09-08.18.06:246][  0]LogConfig: Setting CVar [[r.SSS.Scale:1]]
[2020.02.09-08.18.06:246][  0]LogConfig: Setting CVar [[r.SSS.SampleSet:2]]
[2020.02.09-08.18.06:246][  0]LogConfig: Setting CVar [[r.SSS.Quality:1]]
[2020.02.09-08.18.06:246][  0]LogConfig: Setting CVar [[r.SSS.HalfRes:1]]
[2020.02.09-08.18.06:246][  0]LogConfig: Setting CVar [[r.EmitterSpawnRateScale:1.0]]
[2020.02.09-08.18.06:246][  0]LogConfig: Setting CVar [[r.ParticleLightQuality:2]]
[2020.02.09-08.18.06:246][  0]LogConfig: Applying CVar settings from Section [FoliageQuality@3] File [C:/Users/ericf/Desktop/repos/Marine-Squad/Marine_Squad/Saved/Config/Windows/Scalability.ini]
[2020.02.09-08.18.06:246][  0]LogConfig: Setting CVar [[foliage.DensityScale:1.0]]
[2020.02.09-08.18.06:246][  0]LogConfig: Setting CVar [[grass.DensityScale:1.0]]
[2020.02.09-08.18.06:246][  0]LogConfig: Applying CVar settings from Section [Startup] File [../../../Engine/Config/ConsoleVariables.ini]
[2020.02.09-08.18.06:247][  0]LogConfig: Setting CVar [[net.UseAdaptiveNetUpdateFrequency:0]]
[2020.02.09-08.18.06:247][  0]LogConfig: Setting CVar [[p.chaos.AllowCreatePhysxBodies:1]]
[2020.02.09-08.18.06:247][  0]LogConfig: Applying CVar settings from Section [ConsoleVariables] File [C:/Users/ericf/Desktop/repos/Marine-Squad/Marine_Squad/Saved/Config/Windows/Engine.ini]
[2020.02.09-08.18.06:247][  0]LogInit: Computer: FALL-PC
[2020.02.09-08.18.06:247][  0]LogInit: User: ericf
[2020.02.09-08.18.06:247][  0]LogInit: CPU Page size=4096, Cores=4
[2020.02.09-08.18.06:247][  0]LogInit: High frequency timer resolution =10.000000 MHz
[2020.02.09-08.18.06:247][  0]LogMemory: Memory total: Physical=7.9GB (8GB approx)
[2020.02.09-08.18.06:247][  0]LogMemory: Platform Memory Stats for Windows
[2020.02.09-08.18.06:247][  0]LogMemory: Process Physical Memory: 97.18 MB used, 97.19 MB peak
[2020.02.09-08.18.06:247][  0]LogMemory: Process Virtual Memory: 92.01 MB used, 92.01 MB peak
[2020.02.09-08.18.06:247][  0]LogMemory: Physical Memory: 5888.57 MB used,  2164.86 MB free, 8053.43 MB total
[2020.02.09-08.18.06:247][  0]LogMemory: Virtual Memory: 4633.96 MB used,  134213096.00 MB free, 134217728.00 MB total
[2020.02.09-08.18.06:262][  0]LogInit: Using OS detected language (en-US).
[2020.02.09-08.18.06:262][  0]LogInit: Using OS detected locale (en-US).
[2020.02.09-08.18.06:262][  0]LogTextLocalizationManager: No specific localization for 'en-US' exists, so the 'en' localization will be used.
[2020.02.09-08.18.06:436][  0]LogInit: Setting process to per monitor DPI aware
[2020.02.09-08.18.06:481][  0]LogSlate: New Slate User Created.  User Index 0, Is Virtual User: 0
[2020.02.09-08.18.06:481][  0]LogSlate: Slate User Registered.  User Index 0, Is Virtual User: 0
[2020.02.09-08.18.06:631][  0]LogHMD: Failed to initialize OpenVR with code 110
[2020.02.09-08.18.06:631][  0]LogD3D11RHI: D3D11 adapters:
[2020.02.09-08.18.06:701][  0]LogD3D11RHI:    0. 'NVIDIA GeForce GTX 970' (Feature Level 11_0)
[2020.02.09-08.18.06:701][  0]LogD3D11RHI:       4043/0/4026 MB DedicatedVideo/DedicatedSystem/SharedSystem, Outputs:2, VendorId:0x10de
[2020.02.09-08.18.06:707][  0]LogD3D11RHI:    1. 'Intel(R) HD Graphics 4600' (Feature Level 11_0)
[2020.02.09-08.18.06:708][  0]LogD3D11RHI:       112/0/2048 MB DedicatedVideo/DedicatedSystem/SharedSystem, Outputs:0, VendorId:0x8086
[2020.02.09-08.18.06:710][  0]LogD3D11RHI:    2. 'Microsoft Basic Render Driver' (Feature Level 11_0)
[2020.02.09-08.18.06:710][  0]LogD3D11RHI:       0/0/4026 MB DedicatedVideo/DedicatedSystem/SharedSystem, Outputs:0, VendorId:0x1414
[2020.02.09-08.18.06:710][  0]LogD3D11RHI: Chosen D3D11 Adapter: 0
[2020.02.09-08.18.06:723][  0]LogD3D11RHI: Creating new Direct3DDevice
[2020.02.09-08.18.06:723][  0]LogD3D11RHI:     GPU DeviceId: 0x13c2 (for the marketing name, search the web for "GPU Device Id")
[2020.02.09-08.18.06:724][  0]LogWindows: EnumDisplayDevices:
[2020.02.09-08.18.06:724][  0]LogWindows:    0. 'NVIDIA GeForce GTX 970' (P:1 D:1)
[2020.02.09-08.18.06:724][  0]LogWindows:    1. 'NVIDIA GeForce GTX 970' (P:0 D:1)
[2020.02.09-08.18.06:724][  0]LogWindows:    2. 'NVIDIA GeForce GTX 970' (P:0 D:0)
[2020.02.09-08.18.06:724][  0]LogWindows:    3. 'NVIDIA GeForce GTX 970' (P:0 D:0)
[2020.02.09-08.18.06:725][  0]LogWindows:    4. 'Intel(R) HD Graphics 4600' (P:0 D:0)
[2020.02.09-08.18.06:725][  0]LogWindows:    5. 'Intel(R) HD Graphics 4600' (P:0 D:0)
[2020.02.09-08.18.06:725][  0]LogWindows:    6. 'Intel(R) HD Graphics 4600' (P:0 D:0)
[2020.02.09-08.18.06:725][  0]LogWindows: DebugString: PrimaryIsNotTheChoosenAdapter PrimaryIsNotTheChoosenAdapter PrimaryIsNotTheChoosenAdapter FoundDriverCount:4 
[2020.02.09-08.18.06:725][  0]LogD3D11RHI:     Adapter Name: NVIDIA GeForce GTX 970
[2020.02.09-08.18.06:725][  0]LogD3D11RHI:   Driver Version: 436.02 (internal:26.21.14.3602, unified:436.02)
[2020.02.09-08.18.06:725][  0]LogD3D11RHI:      Driver Date: 8-16-2019
[2020.02.09-08.18.06:725][  0]LogRHI: Texture pool is 2830 MB (70% of 4043 MB)
[2020.02.09-08.18.06:767][  0]LogD3D11RHI: Async texture creation enabled
[2020.02.09-08.18.06:775][  0]LogRendererCore: FGlobalReadBuffer::InitRHI
[2020.02.09-08.18.06:776][  0]LogRendererCore: FGlobalReadBuffer::InitRHI
[2020.02.09-08.18.06:776][  0]LogRendererCore: FGlobalReadBuffer::InitRHI
[2020.02.09-08.18.06:784][  0]LogD3D11RHI: GPU Timing Frequency: 1000.000000 (Debug: 2 1)
[2020.02.09-08.18.07:208][  0]LogTemp: Display: Module 'AllDesktopTargetPlatform' loaded TargetPlatform 'AllDesktop'
[2020.02.09-08.18.07:222][  0]LogTemp: Display: Module 'MacClientTargetPlatform' loaded TargetPlatform 'MacClient'
[2020.02.09-08.18.07:235][  0]LogTemp: Display: Module 'MacNoEditorTargetPlatform' loaded TargetPlatform 'MacNoEditor'
[2020.02.09-08.18.07:248][  0]LogTemp: Display: Module 'MacServerTargetPlatform' loaded TargetPlatform 'MacServer'
[2020.02.09-08.18.07:260][  0]LogTemp: Display: Module 'MacTargetPlatform' loaded TargetPlatform 'Mac'
[2020.02.09-08.18.07:272][  0]LogTemp: Display: Module 'WindowsClientTargetPlatform' loaded TargetPlatform 'WindowsClient'
[2020.02.09-08.18.07:285][  0]LogTemp: Display: Module 'WindowsNoEditorTargetPlatform' loaded TargetPlatform 'WindowsNoEditor'
[2020.02.09-08.18.07:299][  0]LogTemp: Display: Module 'WindowsServerTargetPlatform' loaded TargetPlatform 'WindowsServer'
[2020.02.09-08.18.07:304][  0]LogTemp: Display: Module 'WindowsTargetPlatform' loaded TargetPlatform 'Windows'
[2020.02.09-08.18.07:386][  0]LogTemp: Display: Module 'AndroidTargetPlatform' loaded TargetPlatform 'Android'
[2020.02.09-08.18.07:386][  0]LogTemp: Display: Module 'AndroidTargetPlatform' loaded TargetPlatform 'Android_ASTC'
[2020.02.09-08.18.07:386][  0]LogTemp: Display: Module 'AndroidTargetPlatform' loaded TargetPlatform 'Android_ATC'
[2020.02.09-08.18.07:386][  0]LogTemp: Display: Module 'AndroidTargetPlatform' loaded TargetPlatform 'Android_DXT'
[2020.02.09-08.18.07:386][  0]LogTemp: Display: Module 'AndroidTargetPlatform' loaded TargetPlatform 'Android_ETC1'
[2020.02.09-08.18.07:386][  0]LogTemp: Display: Module 'AndroidTargetPlatform' loaded TargetPlatform 'Android_ETC1a'
[2020.02.09-08.18.07:386][  0]LogTemp: Display: Module 'AndroidTargetPlatform' loaded TargetPlatform 'Android_ETC2'
[2020.02.09-08.18.07:386][  0]LogTemp: Display: Module 'AndroidTargetPlatform' loaded TargetPlatform 'Android_PVRTC'
[2020.02.09-08.18.07:386][  0]LogTemp: Display: Module 'AndroidTargetPlatform' loaded TargetPlatform 'AndroidClient'
[2020.02.09-08.18.07:386][  0]LogTemp: Display: Module 'AndroidTargetPlatform' loaded TargetPlatform 'Android_ASTCClient'
[2020.02.09-08.18.07:386][  0]LogTemp: Display: Module 'AndroidTargetPlatform' loaded TargetPlatform 'Android_ATCClient'
[2020.02.09-08.18.07:386][  0]LogTemp: Display: Module 'AndroidTargetPlatform' loaded TargetPlatform 'Android_DXTClient'
[2020.02.09-08.18.07:386][  0]LogTemp: Display: Module 'AndroidTargetPlatform' loaded TargetPlatform 'Android_ETC1Client'
[2020.02.09-08.18.07:386][  0]LogTemp: Display: Module 'AndroidTargetPlatform' loaded TargetPlatform 'Android_ETC1aClient'
[2020.02.09-08.18.07:386][  0]LogTemp: Display: Module 'AndroidTargetPlatform' loaded TargetPlatform 'Android_ETC2Client'
[2020.02.09-08.18.07:386][  0]LogTemp: Display: Module 'AndroidTargetPlatform' loaded TargetPlatform 'Android_PVRTCClient'
[2020.02.09-08.18.07:386][  0]LogTemp: Display: Module 'AndroidTargetPlatform' loaded TargetPlatform 'Android_Multi'
[2020.02.09-08.18.07:386][  0]LogTemp: Display: Module 'AndroidTargetPlatform' loaded TargetPlatform 'Android_MultiClient'
[2020.02.09-08.18.07:387][  0]LogTemp: Display: Module 'HTML5TargetPlatform' loaded TargetPlatform 'HTML5'
[2020.02.09-08.18.07:434][  0]LogTemp: Display: Module 'IOSTargetPlatform' loaded TargetPlatform 'IOSClient'
[2020.02.09-08.18.07:434][  0]LogTemp: Display: Module 'IOSTargetPlatform' loaded TargetPlatform 'IOS'
[2020.02.09-08.18.07:458][  0]LogTemp: Display: Module 'TVOSTargetPlatform' loaded TargetPlatform 'TVOSClient'
[2020.02.09-08.18.07:458][  0]LogTemp: Display: Module 'TVOSTargetPlatform' loaded TargetPlatform 'TVOS'
[2020.02.09-08.18.07:470][  0]LogTemp: Display: Module 'LinuxClientTargetPlatform' loaded TargetPlatform 'LinuxClient'
[2020.02.09-08.18.07:482][  0]LogTemp: Display: Module 'LinuxNoEditorTargetPlatform' loaded TargetPlatform 'LinuxNoEditor'
[2020.02.09-08.18.07:494][  0]LogTemp: Display: Module 'LinuxServerTargetPlatform' loaded TargetPlatform 'LinuxServer'
[2020.02.09-08.18.07:507][  0]LogTemp: Display: Module 'LinuxTargetPlatform' loaded TargetPlatform 'Linux'
[2020.02.09-08.18.07:552][  0]LogTemp: Display: Module 'LuminTargetPlatform' loaded TargetPlatform 'Lumin'
[2020.02.09-08.18.07:552][  0]LogTemp: Display: Module 'LuminTargetPlatform' loaded TargetPlatform 'LuminClient'
[2020.02.09-08.18.07:552][  0]LogTargetPlatformManager: Display: Building Assets For Windows
[2020.02.09-08.18.07:558][  0]LogAudioDebug: Display: Lib vorbis DLL was dynamically loaded.
[2020.02.09-08.18.07:589][  0]LogShaderCompilers: Guid format shader working directory is -9 characters bigger than the processId version (C:/Users/ericf/Desktop/repos/Marine-Squad/Marine_Squad/Intermediate/Shaders/WorkingDirectory/41192/).
[2020.02.09-08.18.07:589][  0]LogShaderCompilers: Cleaned the shader compiler working directory 'C:/Users/ericf/AppData/Local/Temp/UnrealShaderWorkingDir/7C840725474E36FF784BE1ABD111A171/'.
[2020.02.09-08.18.07:591][  0]LogXGEController: Cannot use XGE Controller as Incredibuild is not installed on this machine.
[2020.02.09-08.18.07:591][  0]LogShaderCompilers: Cannot use XGE Shader Compiler as Incredibuild is not installed on this machine.
[2020.02.09-08.18.07:591][  0]LogShaderCompilers: Display: Using Local Shader Compiler.
[2020.02.09-08.18.08:140][  0]LogDerivedDataCache: Display: Max Cache Size: 512 MB
[2020.02.09-08.18.08:208][  0]LogDerivedDataCache: Loaded boot cache 0.07s 71MB C:/Users/ericf/AppData/Local/UnrealEngine/4.22/DerivedDataCache/Boot.ddc.
[2020.02.09-08.18.08:208][  0]LogDerivedDataCache: Display: Loaded Boot cache: C:/Users/ericf/AppData/Local/UnrealEngine/4.22/DerivedDataCache/Boot.ddc
[2020.02.09-08.18.08:208][  0]LogDerivedDataCache: FDerivedDataBackendGraph:  Pak pak cache file C:/Users/ericf/Desktop/repos/Marine-Squad/Marine_Squad/DerivedDataCache/DDC.ddp not found, will not use a pak cache.
[2020.02.09-08.18.08:208][  0]LogDerivedDataCache: Unable to find inner node Pak for hierarchical cache Hierarchy.
[2020.02.09-08.18.08:208][  0]LogDerivedDataCache: FDerivedDataBackendGraph:  CompressedPak pak cache file C:/Users/ericf/Desktop/repos/Marine-Squad/Marine_Squad/DerivedDataCache/Compressed.ddp not found, will not use a pak cache.
[2020.02.09-08.18.08:208][  0]LogDerivedDataCache: Unable to find inner node CompressedPak for hierarchical cache Hierarchy.
[2020.02.09-08.18.08:221][  0]LogDerivedDataCache: Display: Pak cache opened for reading ../../../Engine/DerivedDataCache/Compressed.ddp.
[2020.02.09-08.18.08:221][  0]LogDerivedDataCache: FDerivedDataBackendGraph:  EnterprisePak pak cache file ../../../Enterprise/DerivedDataCache/Compressed.ddp not found, will not use a pak cache.
[2020.02.09-08.18.08:221][  0]LogDerivedDataCache: Unable to find inner node EnterprisePak for hierarchical cache Hierarchy.
[2020.02.09-08.18.08:233][  0]LogDerivedDataCache: Using Local data cache path C:/Users/ericf/AppData/Local/UnrealEngine/Common/DerivedDataCache: Writable
[2020.02.09-08.18.08:233][  0]LogDerivedDataCache: Shared data cache path not found in *engine.ini, will not use an Shared cache.
[2020.02.09-08.18.08:233][  0]LogDerivedDataCache: Unable to find inner node Shared for hierarchical cache Hierarchy.
[2020.02.09-08.18.08:255][  0]LogMaterial: Verifying Global Shaders for PCD3D_SM5
[2020.02.09-08.18.08:256][  0]LogSlate: Using FreeType 2.6.0
[2020.02.09-08.18.08:256][  0]LogSlate: SlateFontServices - WITH_FREETYPE: 1, WITH_HARFBUZZ: 1
[2020.02.09-08.18.08:338][  0]LogAssetRegistry: FAssetRegistry took 0.0334 seconds to start up
[2020.02.09-08.18.08:672][  0]LogInit: Selected Device Profile: [Windows]
[2020.02.09-08.18.08:797][  0]LogMeshReduction: Using QuadricMeshReduction for automatic static mesh reduction
[2020.02.09-08.18.08:797][  0]LogMeshReduction: Using SimplygonMeshReduction for automatic skeletal mesh reduction
[2020.02.09-08.18.08:797][  0]LogMeshReduction: Using ProxyLODMeshReduction for automatic mesh merging
[2020.02.09-08.18.08:797][  0]LogMeshReduction: No distributed automatic mesh merging module available
[2020.02.09-08.18.08:797][  0]LogMeshMerging: No distributed automatic mesh merging module available
[2020.02.09-08.18.08:807][  0]LogNetVersion: Marine_Squad 1.0.0, NetCL: 5660361, EngineNetVer: 10, GameNetVer: 0 (Checksum: 4148284594)
[2020.02.09-08.18.09:217][  0]LogPackageLocalizationCache: Processed 10 localized package path(s) for 1 prioritized culture(s) in 0.056125 seconds
[2020.02.09-08.18.09:227][  0]LogUObjectArray: 42205 objects as part of root set at end of initial load.
[2020.02.09-08.18.09:227][  0]LogUObjectAllocator: 7325032 out of 0 bytes used by permanent object pool.
[2020.02.09-08.18.09:227][  0]LogUObjectArray: CloseDisregardForGC: 0/0 objects in disregard for GC pool
[2020.02.09-08.18.09:980][  0]LogTcpMessaging: Initializing TcpMessaging bridge
[2020.02.09-08.18.09:994][  0]LogUdpMessaging: Initializing bridge on interface 0.0.0.0:0 to multicast group 230.0.0.1:6666.
[2020.02.09-08.18.10:137][  0]SourceControl: Source control is disabled
[2020.02.09-08.18.10:137][  0]SourceControl: Source control is disabled
[2020.02.09-08.18.10:139][  0]SourceControl: Source control is disabled
[2020.02.09-08.18.10:140][  0]SourceControl: Source control is disabled
[2020.02.09-08.18.10:207][  0]LogAndroidPermission: UAndroidPermissionCallbackProxy::GetInstance
[2020.02.09-08.18.10:369][  0]LogOcInput: OculusInput pre-init called
[2020.02.09-08.18.10:972][  0]LogEngine: Initializing Engine...
[2020.02.09-08.18.10:973][  0]LogHMD: Failed to initialize OpenVR with code 110
[2020.02.09-08.18.10:974][  0]LogStats: UGameplayTagsManager::InitializeManager -  0.000 s
[2020.02.09-08.18.11:200][  0]LogInit: Initializing FReadOnlyCVARCache
[2020.02.09-08.18.11:212][  0]LogAIModule: Creating AISystem for world Untitled
[2020.02.09-08.18.11:280][  0]LogInit: XAudio2 using 'HEAD SET (Corsair VOID PRO USB Gaming Headset )' : 2 channels at 48 kHz using 16 bits per sample (channel mask 0x3)
[2020.02.09-08.18.11:301][  0]LogInit: FAudioDevice initialized.
[2020.02.09-08.18.11:301][  0]LogNetVersion: Set ProjectVersion to 1.0.0.0. Version Checksum will be recalculated on next use.
[2020.02.09-08.18.11:683][  0]LogDerivedDataCache: Saved boot cache 0.38s 71MB C:/Users/ericf/AppData/Local/UnrealEngine/4.22/DerivedDataCache/Boot.ddc.
[2020.02.09-08.18.11:693][  0]LogInit: Texture streaming: Enabled
[2020.02.09-08.18.11:708][  0]LogEngineSessionManager: EngineSessionManager initialized
[2020.02.09-08.18.11:845][  0]LogLauncherPlatform: Warning: FPlatformProcess::LaunchURL had an error: Failed launching URL
[2020.02.09-08.18.11:847][  0]LogInit: Transaction tracking system initialized
[2020.02.09-08.18.11:862][  0]BlueprintLog: New page: Editor Load
[2020.02.09-08.18.11:921][  0]LocalizationService: Localization service is disabled
[2020.02.09-08.18.12:176][  0]LogFileCache: Scanning file cache for directory 'C:/Users/ericf/Desktop/repos/Marine-Squad/Marine_Squad/Content/' took 0.02s
[2020.02.09-08.18.12:176][  0]LogCook: Display: Max memory allowance for cook 16384mb min free memory 0mb
[2020.02.09-08.18.12:176][  0]LogCook: Display: Mobile HDR setting 1
[2020.02.09-08.18.12:320][  0]SourceControl: Source control is disabled
[2020.02.09-08.18.12:321][  0]Cmd: MAP LOAD FILE="C:/Users/ericf/Desktop/repos/Marine-Squad/Marine_Squad/Content/StarterContent/Maps/Minimal_Default.umap" TEMPLATE=0 SHOWPROGRESS=1 FEATURELEVEL=3
[2020.02.09-08.18.12:321][  0]LightingResults: New page: Lighting Build
[2020.02.09-08.18.12:322][  0]MapCheck: New page: Map Check
[2020.02.09-08.18.12:322][  0]LightingResults: New page: Lighting Build
[2020.02.09-08.18.12:345][  0]LogUObjectHash: Compacting FUObjectHashTables data took   1.62ms
[2020.02.09-08.18.12:987][  0]LogAIModule: Creating AISystem for world Minimal_Default
[2020.02.09-08.18.13:024][  0]LogEditorServer: Finished looking for orphan Actors (0.000 secs)
[2020.02.09-08.18.13:048][  0]LogUObjectHash: Compacting FUObjectHashTables data took   2.17ms
[2020.02.09-08.18.13:048][  0]Cmd: MAP CHECKDEP NOCLEARLOG
[2020.02.09-08.18.13:048][  0]MapCheck: Map check complete: 0 Error(s), 0 Warning(s), took 0.139ms to complete.
[2020.02.09-08.18.13:048][  0]LogFileHelpers: Loading map 'Minimal_Default' took 0.728
[2020.02.09-08.18.13:188][  0]LogSlate: Updating window title bar state: overlay mode, drag disabled, window buttons hidden, title bar hidden
[2020.02.09-08.18.13:196][  0]LogSlate: Updating window title bar state: overlay mode, drag disabled, window buttons hidden, title bar hidden
[2020.02.09-08.18.13:203][  0]LogSlate: Updating window title bar state: overlay mode, drag disabled, window buttons hidden, title bar hidden
[2020.02.09-08.18.13:211][  0]LogSlate: Updating window title bar state: overlay mode, drag disabled, window buttons hidden, title bar hidden
[2020.02.09-08.18.13:258][  0]LogCollectionManager: Loaded 0 collections in 0.000887 seconds
[2020.02.09-08.18.13:273][  0]LogFileCache: Scanning file cache for directory 'C:/Users/ericf/Desktop/repos/Marine-Squad/Marine_Squad/Saved/Collections/' took 0.01s
[2020.02.09-08.18.13:273][  0]LogFileCache: Scanning file cache for directory 'C:/Users/ericf/Desktop/repos/Marine-Squad/Marine_Squad/Content/Developers/ericf/Collections/' took 0.00s
[2020.02.09-08.18.13:273][  0]LogFileCache: Scanning file cache for directory 'C:/Users/ericf/Desktop/repos/Marine-Squad/Marine_Squad/Content/Collections/' took 0.00s
[2020.02.09-08.18.13:273][  0]LogCollectionManager: Rebuilt the GUID cache for 0 collections in 0.000000 seconds
[2020.02.09-08.18.13:282][  0]LogContentBrowser: Native class hierarchy populated in 0.0084 seconds. Added 2740 classes and 663 folders.
[2020.02.09-08.18.13:286][  0]LogContentBrowser: Native class hierarchy updated for 'WidgetCarousel' in 0.0004 seconds. Added 0 classes and 0 folders.
[2020.02.09-08.18.13:294][  0]LogPakFile: Registered encryption key '00000000000000000000000000000000': 0 pak files mounted, 0 remain pending
[2020.02.09-08.18.13:302][  0]LogPakFile: Registered encryption key '00000000000000000000000000000000': 0 pak files mounted, 0 remain pending
[2020.02.09-08.18.13:323][  0]LogPakFile: Registered encryption key '00000000000000000000000000000000': 0 pak files mounted, 0 remain pending
[2020.02.09-08.18.13:340][  0]LogPakFile: Registered encryption key '00000000000000000000000000000000': 0 pak files mounted, 0 remain pending
[2020.02.09-08.18.13:346][  0]LogPakFile: Registered encryption key '00000000000000000000000000000000': 0 pak files mounted, 0 remain pending
[2020.02.09-08.18.13:353][  0]LogPakFile: Registered encryption key '00000000000000000000000000000000': 0 pak files mounted, 0 remain pending
[2020.02.09-08.18.13:360][  0]LogPakFile: Registered encryption key '00000000000000000000000000000000': 0 pak files mounted, 0 remain pending
[2020.02.09-08.18.13:366][  0]LogPakFile: Registered encryption key '00000000000000000000000000000000': 0 pak files mounted, 0 remain pending
[2020.02.09-08.18.13:373][  0]LogPakFile: Registered encryption key '00000000000000000000000000000000': 0 pak files mounted, 0 remain pending
[2020.02.09-08.18.13:381][  0]LogPakFile: Registered encryption key '00000000000000000000000000000000': 0 pak files mounted, 0 remain pending
[2020.02.09-08.18.13:388][  0]LogPakFile: Registered encryption key '00000000000000000000000000000000': 0 pak files mounted, 0 remain pending
[2020.02.09-08.18.13:394][  0]LogPakFile: Registered encryption key '00000000000000000000000000000000': 0 pak files mounted, 0 remain pending
[2020.02.09-08.18.13:400][  0]LogPakFile: Registered encryption key '00000000000000000000000000000000': 0 pak files mounted, 0 remain pending
[2020.02.09-08.18.13:408][  0]LogPakFile: Registered encryption key '00000000000000000000000000000000': 0 pak files mounted, 0 remain pending
[2020.02.09-08.18.13:414][  0]LogPakFile: Registered encryption key '00000000000000000000000000000000': 0 pak files mounted, 0 remain pending
[2020.02.09-08.18.13:421][  0]LogPakFile: Registered encryption key '00000000000000000000000000000000': 0 pak files mounted, 0 remain pending
[2020.02.09-08.18.13:449][  0]LogPakFile: Registered encryption key '00000000000000000000000000000000': 0 pak files mounted, 0 remain pending
[2020.02.09-08.18.13:456][  0]LogPakFile: Registered encryption key '00000000000000000000000000000000': 0 pak files mounted, 0 remain pending
[2020.02.09-08.18.13:466][  0]LogPakFile: Registered encryption key '00000000000000000000000000000000': 0 pak files mounted, 0 remain pending
[2020.02.09-08.18.13:474][  0]LogPakFile: Registered encryption key '00000000000000000000000000000000': 0 pak files mounted, 0 remain pending
[2020.02.09-08.18.13:480][  0]LogPakFile: Registered encryption key '00000000000000000000000000000000': 0 pak files mounted, 0 remain pending
[2020.02.09-08.18.13:487][  0]LogPakFile: Registered encryption key '00000000000000000000000000000000': 0 pak files mounted, 0 remain pending
[2020.02.09-08.18.13:497][  0]LogPakFile: Registered encryption key '00000000000000000000000000000000': 0 pak files mounted, 0 remain pending
[2020.02.09-08.18.13:504][  0]LogPakFile: Registered encryption key '00000000000000000000000000000000': 0 pak files mounted, 0 remain pending
[2020.02.09-08.18.13:511][  0]LogPakFile: Registered encryption key '00000000000000000000000000000000': 0 pak files mounted, 0 remain pending
[2020.02.09-08.18.13:518][  0]LogPakFile: Registered encryption key '00000000000000000000000000000000': 0 pak files mounted, 0 remain pending
[2020.02.09-08.18.13:739][  0]LogContentBrowser: Native class hierarchy updated for 'AddContentDialog' in 0.0004 seconds. Added 0 classes and 0 folders.
[2020.02.09-08.18.13:811][  0]LogSlate: Took 0.000142 seconds to synchronously load lazily loaded font '../../../Engine/Content/Slate/Fonts/Roboto-Regular.ttf' (155K)
[2020.02.09-08.18.13:814][  0]LogSlate: Took 0.000160 seconds to synchronously load lazily loaded font '../../../Engine/Content/Slate/Fonts/Roboto-Bold.ttf' (160K)
[2020.02.09-08.18.13:896][  0]LogRenderer: Reallocating scene render targets to support 1904x916 Format 10 NumSamples 1 (Frame:1).
[2020.02.09-08.18.14:215][  0]LogContentBrowser: Native class hierarchy updated for 'HierarchicalLODOutliner' in 0.0004 seconds. Added 0 classes and 0 folders.
[2020.02.09-08.18.14:215][  0]LogLoad: (Engine Initialization) Total time: 9.46 seconds
[2020.02.09-08.18.14:215][  0]LogLoad: (Engine Initialization) Total Blueprint compile time: 0.00 seconds
[2020.02.09-08.18.14:249][  0]LogAssetRegistry: Asset discovery search completed in 5.9325 seconds
[2020.02.09-08.18.14:251][  0]LogCollectionManager: Rebuilt the object cache for 0 collections in 0.000000 seconds (found 0 objects)
[2020.02.09-08.18.14:251][  0]LogCollectionManager: Fixed up redirectors for 0 collections in 0.000073 seconds (updated 0 objects)
[2020.02.09-08.18.14:252][  0]LogContentStreaming: Texture pool size now 1000 MB
[2020.02.09-08.18.19:180][567]LogSlate: FSceneViewport::OnFocusLost() reason 0
[2020.02.09-08.18.20:328][699]Cmd: DELETE
[2020.02.09-08.18.20:328][699]Cmd: ACTOR DELETE
[2020.02.09-08.18.20:334][699]LogEditorActor: Deleted Actor: BaseEnemy_C
[2020.02.09-08.18.20:356][699]LogUObjectHash: Compacting FUObjectHashTables data took   0.59ms
[2020.02.09-08.18.20:356][699]LogEditorActor: Deleted 1 Actors (0.029 secs)
[2020.02.09-08.26.11:863][ 24]LogEditorViewport: Clicking on Actor (LMB): BP_Sky_Sphere_C (BP_Sky_Sphere)
[2020.02.09-08.26.16:335][518]LogSlate: FSceneViewport::OnFocusLost() reason 0
[2020.02.09-08.26.16:345][518]LogSlate: Took 0.007628 seconds to synchronously load lazily loaded font '../../../Engine/Content/Editor/Slate/Fonts/FontAwesome.ttf' (139K)
[2020.02.09-08.26.23:155][100]LogSlate: Took 0.006882 seconds to synchronously load lazily loaded font '../../../Engine/Content/Slate/Fonts/Roboto-Light.ttf' (167K)
[2020.02.09-08.26.23:166][100]LogAssetEditorManager: Opening Asset editor for Blueprint /Game/BP/Units_BP/BasicMarine.BasicMarine
[2020.02.09-08.26.23:406][100]LogContentBrowser: Native class hierarchy updated for 'BlueprintGraph' in 0.0008 seconds. Added 121 classes and 0 folders.
[2020.02.09-08.26.27:429][341]LogSlate: Window 'BasicMarine' being destroyed
[2020.02.09-08.26.27:432][341]LogSlate: Window 'BasicMarine' being destroyed
[2020.02.09-08.26.32:479][823]LogSlate: FSceneViewport::OnFocusLost() reason 0
[2020.02.09-08.26.35:878][202]LogAssetEditorManager: Opening Asset editor for Blueprint /Game/BP/Units_BP/BasicMarine.BasicMarine
[2020.02.09-08.26.45:061][804]LogSlate: Window 'BasicMarine' being destroyed
[2020.02.09-08.26.45:064][804]LogSlate: Window 'BasicMarine' being destroyed
[2020.02.09-08.26.57:425][144]LogUObjectHash: Compacting FUObjectHashTables data took   3.50ms
[2020.02.09-08.26.57:676][144]LogSlate: Took 0.000137 seconds to synchronously load lazily loaded font '../../../Engine/Content/Slate/Fonts/Roboto-Light.ttf' (167K)
[2020.02.09-08.26.59:889][144]LogSlate: Window 'Delete Assets' being destroyed
[2020.02.09-08.26.59:892][144]LogUObjectGlobals: Force Deleting 1 Package(s):
	Asset Name: /Game/BP/Units_BP/BaseEnemy.BaseEnemy
[2020.02.09-08.27.00:829][144]LogUObjectHash: Compacting FUObjectHashTables data took   2.41ms
[2020.02.09-08.27.00:858][144]LogUObjectHash: Compacting FUObjectHashTables data took   1.99ms
[2020.02.09-08.27.00:889][144]LogUObjectHash: Compacting FUObjectHashTables data took   1.12ms
[2020.02.09-08.27.37:070][885]LogAssetEditorManager: Opening Asset editor for Blueprint /Game/BP/Units_BP/BasicMarine.BasicMarine
[2020.02.09-08.27.39:114][ 38]LogSlate: Window 'BasicMarine' being destroyed
[2020.02.09-08.27.39:118][ 38]LogSlate: Window 'BasicMarine' being destroyed
[2020.02.09-08.27.54:061][641]LogAssetEditorManager: Opening Asset editor for Class /Script/Marine_Squad.ParentUnit
[2020.02.09-08.28.04:207][212]LogAssetEditorManager: Opening Asset editor for Blueprint /Game/BP/Units_BP/BasicMarine.BasicMarine
[2020.02.09-08.28.22:109][690]LogSlate: Window 'BasicMarine' being destroyed
[2020.02.09-08.28.22:190][690]LogAssetEditorManager: Opening Asset editor for Blueprint /Game/BP/Units_BP/BasicMarine.BasicMarine
[2020.02.09-08.28.22:500][690]LogSlate: Took 0.000215 seconds to synchronously load lazily loaded font '../../../Engine/Content/Slate/Fonts/Roboto-BoldCondensed.ttf' (158K)
[2020.02.09-08.28.28:394][185]LogSlate: FSceneViewport::OnFocusLost() reason 0
[2020.02.09-08.28.32:881][575]LogSlate: FSceneViewport::OnFocusLost() reason 0
[2020.02.09-08.28.33:715][645]LogSlate: Window 'BasicMarine' being destroyed
[2020.02.09-08.28.33:719][645]LogSlate: Window 'BasicMarine' being destroyed
[2020.02.09-08.29.48:778][288]LogAssetEditorManager: Opening Asset editor for Blueprint /Game/BP/Units_BP/BaseEnemyUnit.BaseEnemyUnit
[2020.02.09-08.29.49:074][288]LogSlate: Window 'Add Blueprint Class' being destroyed
[2020.02.09-08.29.55:236][557]LogSlate: Took 0.006073 seconds to synchronously load lazily loaded font '../../../Engine/Content/Slate/Fonts/Roboto-Italic.ttf' (157K)
[2020.02.09-08.30.00:195][964]LogSlate: Window 'BaseEnemyUnit' being destroyed
[2020.02.09-08.30.00:200][964]LogSlate: Window 'BaseEnemyUnit' being destroyed
[2020.02.09-08.30.02:165][136]LogAssetEditorManager: Opening Asset editor for Blueprint /Game/BP/Units_BP/BaseEnemyUnit.BaseEnemyUnit
[2020.02.09-08.30.04:424][322]LogSlate: Window 'BaseEnemyUnit' being destroyed
[2020.02.09-08.30.04:510][322]LogAssetEditorManager: Opening Asset editor for Blueprint /Game/BP/Units_BP/BaseEnemyUnit.BaseEnemyUnit
[2020.02.09-08.30.40:208][695]LogUObjectHash: Compacting FUObjectHashTables data took   2.63ms
[2020.02.09-08.30.40:399][695]LogSavePackage: Moving 'C:/Users/ericf/Desktop/repos/Marine-Squad/Marine_Squad/Saved/Minimal_Default_Auto17E74CAE643FA5A63172047A8F57D2AA2.tmp' to 'C:/Users/ericf/Desktop/repos/Marine-Squad/Marine_Squad/Saved/Autosaves/Game/StarterContent/Maps/Minimal_Default_Auto1.umap'
[2020.02.09-08.30.40:406][695]LogFileHelpers: Editor autosave (incl. sublevels) for '/Game/StarterContent/Maps/Minimal_Default' took 0.239
[2020.02.09-08.30.40:406][695]LogFileHelpers: Editor autosave (incl. sublevels) for all levels took 0.239
[2020.02.09-08.30.40:408][695]OBJ SavePackage: Generating thumbnails for [0] asset(s) in package [/Game/BP/Units_BP/BaseEnemyUnit] ([1] browsable assets)...
[2020.02.09-08.30.40:408][695]OBJ SavePackage: Finished generating thumbnails for package [/Game/BP/Units_BP/BaseEnemyUnit]
[2020.02.09-08.30.40:430][695]LogSavePackage: Moving 'C:/Users/ericf/Desktop/repos/Marine-Squad/Marine_Squad/Saved/BaseEnemyUnit_Auto1FFCDE2274D993628404138987481BDA4.tmp' to 'C:/Users/ericf/Desktop/repos/Marine-Squad/Marine_Squad/Saved/Autosaves/Game/BP/Units_BP/BaseEnemyUnit_Auto1.uasset'
[2020.02.09-08.30.40:431][695]LogFileHelpers: Auto-saving content packages took 0.023
[2020.02.09-08.31.50:241][794]LogAssetEditorManager: Opening Asset editor for Blueprint /Game/BP/Units_BP/BasicMarine.BasicMarine
[2020.02.09-08.32.06:593][129]LogSlate: Prevented a slow task dialog from being summoned while a context menu was open
[2020.02.09-08.35.47:461][178]LogSlate: FSceneViewport::OnFocusLost() reason 0
[2020.02.09-08.36.09:413][839]LogSlate: Prevented a slow task dialog from being summoned while a context menu was open
[2020.02.09-08.36.10:407][882]LogSlate: Prevented a slow task dialog from being summoned while a context menu was open
[2020.02.09-08.36.35:826][921]LogSlate: FSceneViewport::OnFocusLost() reason 0
[2020.02.09-08.37.11:337][208]LogSlate: FSceneViewport::OnFocusLost() reason 0
[2020.02.09-08.38.48:040][822]LogMaterial: Warning: Material /Game/StarterContent/Materials/M_Wood_Oak.M_Wood_Oak needed to have new flag set bUsedWithSkeletalMesh !
[2020.02.09-08.38.48:043][822]LogMaterial: Display: Missing cached shader map for material M_Wood_Oak, compiling. 
[2020.02.09-08.38.53:057][119]LogMaterial: Warning: Material /Game/StarterContent/Materials/M_Wood_Walnut.M_Wood_Walnut needed to have new flag set bUsedWithSkeletalMesh !
[2020.02.09-08.38.53:060][119]LogMaterial: Display: Missing cached shader map for material M_Wood_Walnut, compiling. 
[2020.02.09-08.41.20:395][209]LogUObjectHash: Compacting FUObjectHashTables data took   3.71ms
[2020.02.09-08.41.20:395][209]LogFileHelpers: Editor autosave (incl. sublevels) for '/Game/StarterContent/Maps/Minimal_Default' took 0.041
[2020.02.09-08.41.20:396][209]OBJ SavePackage: Generating thumbnails for [1] asset(s) in package [/Game/BP/Units_BP/BaseEnemyUnit] ([1] browsable assets)...
[2020.02.09-08.41.20:411][209]OBJ SavePackage:     Rendered thumbnail for [Blueprint /Game/BP/Units_BP/BaseEnemyUnit.BaseEnemyUnit]
[2020.02.09-08.41.20:411][209]OBJ SavePackage: Finished generating thumbnails for package [/Game/BP/Units_BP/BaseEnemyUnit]
[2020.02.09-08.41.20:437][209]LogSavePackage: Moving 'C:/Users/ericf/Desktop/repos/Marine-Squad/Marine_Squad/Saved/BaseEnemyUnit_Auto2EBB40CCA4C42BC8842352EADBF4F1983.tmp' to 'C:/Users/ericf/Desktop/repos/Marine-Squad/Marine_Squad/Saved/Autosaves/Game/BP/Units_BP/BaseEnemyUnit_Auto2.uasset'
[2020.02.09-08.41.20:439][209]OBJ SavePackage: Generating thumbnails for [1] asset(s) in package [/Game/StarterContent/Materials/M_Wood_Oak] ([1] browsable assets)...
[2020.02.09-08.41.20:455][209]OBJ SavePackage:     Rendered thumbnail for [Material /Game/StarterContent/Materials/M_Wood_Oak.M_Wood_Oak]
[2020.02.09-08.41.20:455][209]OBJ SavePackage: Finished generating thumbnails for package [/Game/StarterContent/Materials/M_Wood_Oak]
[2020.02.09-08.41.20:500][209]LogSavePackage: Moving 'C:/Users/ericf/Desktop/repos/Marine-Squad/Marine_Squad/Saved/M_Wood_Oak_Auto231D3CBF14B4BD3DF9A267E80742C7E06.tmp' to 'C:/Users/ericf/Desktop/repos/Marine-Squad/Marine_Squad/Saved/Autosaves/Game/StarterContent/Materials/M_Wood_Oak_Auto2.uasset'
[2020.02.09-08.41.20:501][209]OBJ SavePackage: Generating thumbnails for [1] asset(s) in package [/Game/StarterContent/Materials/M_Wood_Walnut] ([1] browsable assets)...
[2020.02.09-08.41.20:517][209]OBJ SavePackage:     Rendered thumbnail for [Material /Game/StarterContent/Materials/M_Wood_Walnut.M_Wood_Walnut]
[2020.02.09-08.41.20:517][209]OBJ SavePackage: Finished generating thumbnails for package [/Game/StarterContent/Materials/M_Wood_Walnut]
[2020.02.09-08.41.20:564][209]LogSavePackage: Moving 'C:/Users/ericf/Desktop/repos/Marine-Squad/Marine_Squad/Saved/M_Wood_Walnut_Auto2E87FFC5144FAF64802A42CB02EBFA6BF.tmp' to 'C:/Users/ericf/Desktop/repos/Marine-Squad/Marine_Squad/Saved/Autosaves/Game/StarterContent/Materials/M_Wood_Walnut_Auto2.uasset'
[2020.02.09-08.41.20:565][209]LogFileHelpers: Auto-saving content packages took 0.169
[2020.02.09-08.41.26:566][644]LogSlate: Window 'BasicMarine' being destroyed
[2020.02.09-08.41.26:572][644]LogSlate: Window 'BasicMarine' being destroyed
[2020.02.09-08.41.26:660][644]LogActorComponent: UnregisterComponent: (/Engine/Transient.EditorFloorComp) Not registered. Aborting.
[2020.02.09-08.41.34:716][373]LogSlate: FSceneViewport::OnFocusLost() reason 0
[2020.02.09-08.41.34:832][387]LogTemp: Repeating last play command: New Editor Window (PIE)
[2020.02.09-08.41.34:850][387]LogBlueprintUserMessages: Early PlayInEditor Detection: Level '/Game/StarterContent/Maps/Minimal_Default.Minimal_Default:PersistentLevel' has LevelScriptBlueprint '/Game/StarterContent/Maps/Minimal_Default.Minimal_Default:PersistentLevel.Minimal_Default' with GeneratedClass '/Game/StarterContent/Maps/Minimal_Default.Minimal_Default_C' with ClassGeneratedBy '/Game/StarterContent/Maps/Minimal_Default.Minimal_Default:PersistentLevel.Minimal_Default'
[2020.02.09-08.41.34:850][387]LogPlayLevel: PlayLevel: No blueprints needed recompiling
[2020.02.09-08.41.34:851][387]PIE: New page: PIE session: Minimal_Default (Feb 8, 2020, 8:41:34 PM)
[2020.02.09-08.41.34:863][387]LogPlayLevel: Creating play world package: /Game/StarterContent/Maps/UEDPIE_0_Minimal_Default
[2020.02.09-08.41.34:868][387]LogPlayLevel: PIE: StaticDuplicateObject took: (0.004779s)
[2020.02.09-08.41.34:869][387]LogAIModule: Creating AISystem for world Minimal_Default
[2020.02.09-08.41.34:869][387]LogPlayLevel: PIE: World Init took: (0.001046s)
[2020.02.09-08.41.34:869][387]LogPlayLevel: PIE: Created PIE world by copying editor world from /Game/StarterContent/Maps/Minimal_Default.Minimal_Default to /Game/StarterContent/Maps/UEDPIE_0_Minimal_Default.Minimal_Default (0.006226s)
[2020.02.09-08.41.34:903][387]LogUObjectHash: Compacting FUObjectHashTables data took   2.17ms
[2020.02.09-08.41.34:951][387]LogInit: XAudio2 using 'HEAD SET (Corsair VOID PRO USB Gaming Headset )' : 2 channels at 48 kHz using 16 bits per sample (channel mask 0x3)
[2020.02.09-08.41.34:968][387]LogInit: FAudioDevice initialized.
[2020.02.09-08.41.34:977][387]LogSlate: Updating window title bar state: overlay mode, drag disabled, window buttons hidden, title bar hidden
[2020.02.09-08.41.35:020][387]LogLoad: Game class is 'MyGameModeBase_MarineSquad_BP_C'
[2020.02.09-08.41.35:026][387]LogWorld: Bringing World /Game/StarterContent/Maps/UEDPIE_0_Minimal_Default.Minimal_Default up for play (max tick rate 0) at 2020.02.09-02.41.35
[2020.02.09-08.41.35:029][387]LogWorld: Bringing up level for play took: 0.008117
[2020.02.09-08.41.35:042][387]LogBlueprintActionDatabase: Requesting refresh due to module change: Voice (loaded)
[2020.02.09-08.41.35:045][387]LogBlueprintActionDatabase: Requesting refresh due to module change: MovieSceneCapture (loaded)
[2020.02.09-08.41.35:046][387]LogContentBrowser: Native class hierarchy updated for 'MovieSceneCapture' in 0.0007 seconds. Added 20 classes and 0 folders.
[2020.02.09-08.41.35:050][387]PIE: Play in editor start time for /Game/StarterContent/Maps/UEDPIE_0_Minimal_Default 0.567
[2020.02.09-08.41.35:050][387]LogBlueprintUserMessages: Late PlayInEditor Detection: Level '/Game/StarterContent/Maps/Minimal_Default.Minimal_Default:PersistentLevel' has LevelScriptBlueprint '/Game/StarterContent/Maps/Minimal_Default.Minimal_Default:PersistentLevel.Minimal_Default' with GeneratedClass '/Game/StarterContent/Maps/Minimal_Default.Minimal_Default_C' with ClassGeneratedBy '/Game/StarterContent/Maps/Minimal_Default.Minimal_Default:PersistentLevel.Minimal_Default'
[2020.02.09-08.41.35:051][387]LogTemp: Warning: Camera Moving
[2020.02.09-08.41.35:352][388]LogTemp: Warning: Camera Moving
[2020.02.09-08.41.36:052][465]LogTemp: Warning: Left Mouse Button Pressed
[2020.02.09-08.41.36:377][502]LogTemp: Warning: Left Mouse Button Released
[2020.02.09-08.41.36:641][531]LogTemp: Warning: Right Mouse Button Pressed
[2020.02.09-08.41.36:801][549]LogTemp: Warning: Right Mouse Button Released
[2020.02.09-08.41.39:838][891]LogTemp: Warning: Right Mouse Button Pressed
[2020.02.09-08.41.39:968][905]LogTemp: Warning: Right Mouse Button Released
[2020.02.09-08.41.40:639][973]LogTemp: Warning: Right Mouse Button Pressed
[2020.02.09-08.41.40:777][988]LogTemp: Warning: Right Mouse Button Released
[2020.02.09-08.41.41:283][ 43]LogTemp: Warning: Right Mouse Button Pressed
[2020.02.09-08.41.41:433][ 57]LogTemp: Warning: Right Mouse Button Released
[2020.02.09-08.41.41:828][ 95]LogTemp: Warning: Right Mouse Button Pressed
[2020.02.09-08.41.41:978][110]LogTemp: Warning: Right Mouse Button Released
[2020.02.09-08.41.42:579][176]LogTemp: Warning: Left Mouse Button Pressed
[2020.02.09-08.41.42:821][202]LogTemp: Warning: Left Mouse Button Released
[2020.02.09-08.41.43:057][228]LogTemp: Warning: Right Mouse Button Pressed
[2020.02.09-08.41.45:016][228]LogWindows: Error: === Critical error: ===
[2020.02.09-08.41.45:017][228]LogWindows: Error: 
[2020.02.09-08.41.45:017][228]LogWindows: Error: Fatal error!
[2020.02.09-08.41.45:017][228]LogWindows: Error: 
[2020.02.09-08.41.45:017][228]LogWindows: Error: Unhandled Exception: EXCEPTION_ACCESS_VIOLATION reading address 0x000004b8
[2020.02.09-08.41.45:017][228]LogWindows: Error: 
[2020.02.09-08.41.45:017][228]LogWindows: Error: [Callstack] 0x00007fffa3ae2c5c UE4Editor-AIModule.dll!UnknownFunction []
[2020.02.09-08.41.45:017][228]LogWindows: Error: [Callstack] 0x00007fff9a5b3a06 UE4Editor-Marine_Squad-9627.dll!AParentUnit::Move() [C:\Users\ericf\Desktop\repos\Marine-Squad\Marine_Squad\Source\Marine_Squad\ParentUnit.cpp:44]
[2020.02.09-08.41.45:017][228]LogWindows: Error: [Callstack] 0x00007fff9a5b4f46 UE4Editor-Marine_Squad-9627.dll!APlayerController_MarineSquad::MoveCommand() [C:\Users\ericf\Desktop\repos\Marine-Squad\Marine_Squad\Source\Marine_Squad\PlayerController_MarineSquad.cpp:103]
[2020.02.09-08.41.45:017][228]LogWindows: Error: [Callstack] 0x00007fffbd736ac7 UE4Editor-Engine.dll!UnknownFunction []
[2020.02.09-08.41.45:017][228]LogWindows: Error: [Callstack] 0x00007fffbd760ef1 UE4Editor-Engine.dll!UnknownFunction []
[2020.02.09-08.41.45:017][228]LogWindows: Error: [Callstack] 0x00007fffbd2d0dc4 UE4Editor-Engine.dll!UnknownFunction []
[2020.02.09-08.41.45:017][228]LogWindows: Error: [Callstack] 0x00007fffbd2e3c88 UE4Editor-Engine.dll!UnknownFunction []
[2020.02.09-08.41.45:017][228]LogWindows: Error: [Callstack] 0x00007fffbd2cf1cb UE4Editor-Engine.dll!UnknownFunction []
[2020.02.09-08.41.45:017][228]LogWindows: Error: [Callstack] 0x00007fffbd2e2697 UE4Editor-Engine.dll!UnknownFunction []
[2020.02.09-08.41.45:017][228]LogWindows: Error: [Callstack] 0x00007fffbc6caeed UE4Editor-Engine.dll!UnknownFunction []
[2020.02.09-08.41.45:017][228]LogWindows: Error: [Callstack] 0x00007fffbd6872bc UE4Editor-Engine.dll!UnknownFunction []
[2020.02.09-08.41.45:017][228]LogWindows: Error: [Callstack] 0x00007fffc6f022d8 UE4Editor-Core.dll!UnknownFunction []
[2020.02.09-08.41.45:017][228]LogWindows: Error: [Callstack] 0x00007fffc6f02563 UE4Editor-Core.dll!UnknownFunction []
[2020.02.09-08.41.45:017][228]LogWindows: Error: [Callstack] 0x00007fffc6f12309 UE4Editor-Core.dll!UnknownFunction []
[2020.02.09-08.41.45:017][228]LogWindows: Error: [Callstack] 0x00007fffbd6cf9e3 UE4Editor-Engine.dll!UnknownFunction []
[2020.02.09-08.41.45:017][228]LogWindows: Error: [Callstack] 0x00007fffbd6dbd12 UE4Editor-Engine.dll!UnknownFunction []
[2020.02.09-08.41.45:017][228]LogWindows: Error: [Callstack] 0x00007fffbcefdc4f UE4Editor-Engine.dll!UnknownFunction []
[2020.02.09-08.41.45:017][228]LogWindows: Error: [Callstack] 0x00007fffbcf07e28 UE4Editor-Engine.dll!UnknownFunction []
[2020.02.09-08.41.45:017][228]LogWindows: Error: [Callstack] 0x00007fffb8e002f7 UE4Editor-UnrealEd.dll!UnknownFunction []
[2020.02.09-08.41.45:017][228]LogWindows: Error: [Callstack] 0x00007fffb961d396 UE4Editor-UnrealEd.dll!UnknownFunction []
[2020.02.09-08.41.45:017][228]LogWindows: Error: [Callstack] 0x00007ff7e7c86bb1 UE4Editor.exe!UnknownFunction []
[2020.02.09-08.41.45:017][228]LogWindows: Error: [Callstack] 0x00007ff7e7c9554c UE4Editor.exe!UnknownFunction []
[2020.02.09-08.41.45:017][228]LogWindows: Error: [Callstack] 0x00007ff7e7c955ca UE4Editor.exe!UnknownFunction []
[2020.02.09-08.41.45:017][228]LogWindows: Error: [Callstack] 0x00007ff7e7ca316c UE4Editor.exe!UnknownFunction []
[2020.02.09-08.41.45:017][228]LogWindows: Error: [Callstack] 0x00007ff7e7ca5b8e UE4Editor.exe!UnknownFunction []
[2020.02.09-08.41.45:017][228]LogWindows: Error: [Callstack] 0x00007ff802ab7bd4 KERNEL32.DLL!UnknownFunction []
[2020.02.09-08.41.45:017][228]LogWindows: Error: [Callstack] 0x00007ff803faced1 ntdll.dll!UnknownFunction []
[2020.02.09-08.41.45:017][228]LogWindows: Error: 
[2020.02.09-08.41.45:027][228]LogExit: Executing StaticShutdownAfterError
[2020.02.09-08.41.45:031][228]LogWindows: FPlatformMisc::RequestExit(1)
[2020.02.09-08.41.45:043][228]Log file closed, 02/09/20 02:41:45
