Log file open, 07/27/19 14:38:50
LogWindows: Failed to load 'aqProf.dll' (GetLastError=126)
LogWindows: File 'aqProf.dll' does not exist
LogWindows: Failed to load 'VtuneApi.dll' (GetLastError=126)
LogWindows: File 'VtuneApi.dll' does not exist
LogWindows: Failed to load 'VtuneApi32e.dll' (GetLastError=126)
LogWindows: File 'VtuneApi32e.dll' does not exist
LogConsoleResponse: Display: Failed to find resolution value strings in scalability ini. Falling back to default.
LogInit: Display: Running engine for game: Marine_Squad
LogPakFile: Registered encryption key '00000000000000000000000000000000': 0 pak files mounted, 0 remain pending
LogPlatformFile: Not using cached read wrapper
LogTaskGraph: Started task graph with 5 named threads and 14 total threads with 3 sets of task threads.
LogStats: Stats thread started at 0.185371
LogD3D11RHI: Loaded GFSDK_Aftermath_Lib.x64.dll
LogICUInternationalization: ICU TimeZone Detection - Raw Offset: -6:00, Platform Override: ''
LogPluginManager: Mounting plugin Paper2D
LogPluginManager: Mounting plugin AISupport
LogPluginManager: Mounting plugin LightPropagationVolume
LogPluginManager: Mounting plugin ActorLayerUtilities
LogPluginManager: Mounting plugin AnimationSharing
LogPluginManager: Mounting plugin CLionSourceCodeAccess
LogPluginManager: Mounting plugin CodeLiteSourceCodeAccess
LogPluginManager: Mounting plugin GitSourceControl
LogPluginManager: Mounting plugin KDevelopSourceCodeAccess
LogPluginManager: Mounting plugin NullSourceCodeAccess
LogPluginManager: Mounting plugin PerforceSourceControl
LogPluginManager: Mounting plugin SubversionSourceControl
LogPluginManager: Mounting plugin UObjectPlugin
LogPluginManager: Mounting plugin VisualStudioCodeSourceCodeAccess
LogPluginManager: Mounting plugin VisualStudioSourceCodeAccess
LogPluginManager: Mounting plugin XCodeSourceCodeAccess
LogPluginManager: Mounting plugin AssetManagerEditor
LogPluginManager: Mounting plugin CryptoKeys
LogPluginManager: Mounting plugin DataValidation
LogPluginManager: Mounting plugin FacialAnimation
LogPluginManager: Mounting plugin GameplayTagsEditor
LogPluginManager: Mounting plugin MacGraphicsSwitching
LogPluginManager: Mounting plugin MaterialAnalyzer
LogPluginManager: Mounting plugin MobileLauncherProfileWizard
LogPluginManager: Mounting plugin PluginBrowser
LogPluginManager: Mounting plugin SpeedTreeImporter
LogPluginManager: Mounting plugin DatasmithContent
LogPluginManager: Mounting plugin VariantManagerContent
LogPluginManager: Mounting plugin AlembicImporter
LogPluginManager: Mounting plugin AppleImageUtils
LogPluginManager: Mounting plugin AppleVision
LogPluginManager: Mounting plugin BackChannel
LogPluginManager: Mounting plugin CharacterAI
LogPluginManager: Mounting plugin GeometryCache
LogPluginManager: Mounting plugin HTML5Networking
LogPluginManager: Mounting plugin ProxyLODPlugin
LogPluginManager: Mounting plugin SkeletalReduction
LogPluginManager: Mounting plugin MagicLeap
LogPluginManager: Mounting plugin MagicLeapMedia
LogPluginManager: Mounting plugin AndroidMedia
LogPluginManager: Mounting plugin AvfMedia
LogPluginManager: Mounting plugin ImgMedia
LogPluginManager: Mounting plugin LinearTimecode
LogPluginManager: Mounting plugin MediaCompositing
LogPluginManager: Mounting plugin MediaPlayerEditor
LogPluginManager: Mounting plugin WebMMedia
LogPluginManager: Mounting plugin WmfMedia
LogPluginManager: Mounting plugin TcpMessaging
LogPluginManager: Mounting plugin UdpMessaging
LogPluginManager: Mounting plugin ActorSequence
LogPluginManager: Mounting plugin LevelSequenceEditor
LogPluginManager: Mounting plugin MatineeToLevelSequence
LogPluginManager: Mounting plugin NetcodeUnitTest
LogPluginManager: Mounting plugin NUTUnrealEngine4
LogPluginManager: Mounting plugin OnlineSubsystemGooglePlay
LogPluginManager: Mounting plugin OnlineSubsystemIOS
LogPluginManager: Mounting plugin OnlineSubsystem
LogPluginManager: Mounting plugin OnlineSubsystemNull
LogPluginManager: Mounting plugin OnlineSubsystemUtils
LogPluginManager: Mounting plugin LauncherChunkInstaller
LogPluginManager: Mounting plugin AndroidDeviceProfileSelector
LogPluginManager: Mounting plugin AndroidMoviePlayer
LogPluginManager: Mounting plugin AndroidPermission
LogPluginManager: Mounting plugin AppleMoviePlayer
LogPluginManager: Mounting plugin ArchVisCharacter
LogPluginManager: Mounting plugin AudioCapture
LogPluginManager: Mounting plugin CableComponent
LogPluginManager: Mounting plugin CustomMeshComponent
LogPluginManager: Mounting plugin EditableMesh
LogPluginManager: Mounting plugin ExampleDeviceProfileSelector
LogPluginManager: Mounting plugin Firebase
LogPluginManager: Mounting plugin GoogleCloudMessaging
LogPluginManager: Mounting plugin IOSDeviceProfileSelector
LogPluginManager: Mounting plugin LinuxDeviceProfileSelector
LogPluginManager: Mounting plugin LocationServicesBPLibrary
LogPluginManager: Mounting plugin MobilePatchingUtils
LogPluginManager: Mounting plugin OculusVR
LogPluginManager: Mounting plugin PhysXVehicles
LogPluginManager: Mounting plugin ProceduralMeshComponent
LogPluginManager: Mounting plugin RuntimePhysXCooking
LogPluginManager: Mounting plugin SignificanceManager
LogPluginManager: Mounting plugin SteamVR
LogPluginManager: Mounting plugin WebMMoviePlayer
LogPluginManager: Mounting plugin WindowsMoviePlayer
LogInit: Using libcurl 7.55.1-DEV
LogInit:  - built for x86_64-pc-win32
LogInit:  - supports SSL with OpenSSL/1.1.1
LogInit:  - supports HTTP deflate (compression) using libz 1.2.8
LogInit:  - other features:
LogInit:      CURL_VERSION_SSL
LogInit:      CURL_VERSION_LIBZ
LogInit:      CURL_VERSION_IPV6
LogInit:      CURL_VERSION_ASYNCHDNS
LogInit:      CURL_VERSION_LARGEFILE
LogInit:      CURL_VERSION_IDN
LogInit:  CurlRequestOptions (configurable via config and command line):
LogInit:  - bVerifyPeer = true  - Libcurl will verify peer certificate
LogInit:  - bUseHttpProxy = false  - Libcurl will NOT use HTTP proxy
LogInit:  - bDontReuseConnections = false  - Libcurl will reuse connections
LogInit:  - MaxHostConnections = 16  - Libcurl will limit the number of connections to a host
LogInit:  - LocalHostAddr = Default
LogInit:  - BufferSize = 65536
LogInit: WinSock: version 1.1 (2.2), MaxSocks=32767, MaxUdp=65467
LogInit: Build: ++UE4+Release-4.22-CL-7053642
LogInit: Engine Version: 4.22.3-7053642+++UE4+Release-4.22
LogInit: Compatible Engine Version: 4.22.0-5660361+++UE4+Release-4.22
LogInit: Net CL: 5660361
LogInit: OS: Windows 10 (Release 1803) (), CPU: Intel(R) Core(TM) i5-4690K CPU @ 3.50GHz, GPU: NVIDIA GeForce GTX 970
LogInit: Compiled (64-bit): Jun 18 2019 03:09:11
LogInit: Compiled with Visual C++: 19.16.27025.01
LogInit: Build Configuration: Development
LogInit: Branch Name: ++UE4+Release-4.22
LogInit: Command Line: 
LogInit: Base Directory: Q:/UE_4.22/Engine/Binaries/Win64/
LogInit: Installed Engine Build: 1
LogDevObjectVersion: Number of dev versions registered: 23
LogDevObjectVersion:   Dev-Blueprints (B0D832E4-1F89-4F0D-ACCF-7EB736FD4AA2): 10
LogDevObjectVersion:   Dev-Build (E1C64328-A22C-4D53-A36C-8E866417BD8C): 0
LogDevObjectVersion:   Dev-Core (375EC13C-06E4-48FB-B500-84F0262A717E): 3
LogDevObjectVersion:   Dev-Editor (E4B068ED-F494-42E9-A231-DA0B2E46BB41): 30
LogDevObjectVersion:   Dev-Framework (CFFC743F-43B0-4480-9391-14DF171D2073): 35
LogDevObjectVersion:   Dev-Mobile (B02B49B5-BB20-44E9-A304-32B752E40360): 2
LogDevObjectVersion:   Dev-Networking (A4E4105C-59A1-49B5-A7C5-40C4547EDFEE): 0
LogDevObjectVersion:   Dev-Online (39C831C9-5AE6-47DC-9A44-9C173E1C8E7C): 0
LogDevObjectVersion:   Dev-Physics (78F01B33-EBEA-4F98-B9B4-84EACCB95AA2): 0
LogDevObjectVersion:   Dev-Platform (6631380F-2D4D-43E0-8009-CF276956A95A): 0
LogDevObjectVersion:   Dev-Rendering (12F88B9F-8875-4AFC-A67C-D90C383ABD29): 28
LogDevObjectVersion:   Dev-Sequencer (7B5AE74C-D270-4C10-A958-57980B212A5A): 11
LogDevObjectVersion:   Dev-VR (D7296918-1DD6-4BDD-9DE2-64A83CC13884): 2
LogDevObjectVersion:   Dev-LoadTimes (C2A15278-BFE7-4AFE-6C17-90FF531DF755): 1
LogDevObjectVersion:   Private-Geometry (6EACA3D4-40EC-4CC1-B786-8BED09428FC5): 3
LogDevObjectVersion:   Dev-AnimPhys (29E575DD-E0A3-4627-9D10-D276232CDCEA): 17
LogDevObjectVersion:   Dev-Anim (AF43A65D-7FD3-4947-9873-3E8ED9C1BB05): 2
LogDevObjectVersion:   Dev-ReflectionCapture (6B266CEC-1EC7-4B8F-A30B-E4D90942FC07): 1
LogDevObjectVersion:   Dev-Automation (0DF73D61-A23F-47EA-B727-89E90C41499A): 1
LogDevObjectVersion:   FortniteMain (601D1886-AC64-4F84-AA16-D3DE0DEAC7D6): 25
LogDevObjectVersion:   Dev-Enterprise (9DFFBCD6-494F-0158-E221-12823C92A888): 6
LogDevObjectVersion:   Dev-Niagara (F2AED0AC-9AFE-416F-8664-AA7FFA26D6FC): 1
LogDevObjectVersion:   Dev-Destruction (174F1F0B-B4C6-45A5-B13F-2EE8D0FB917D): 2
LogInit: Presizing for max 16777216 objects, including 0 objects not considered by GC, pre-allocating 0 bytes for permanent pool.
LogInit: Object subsystem initialized
LogConfig: Setting CVar [[con.DebugEarlyDefault:1]]
LogConfig: Setting CVar [[r.setres:1280x720]]
[2019.07.27-19.38.50:947][  0]LogConfig: Setting CVar [[r.VSync:0]]
[2019.07.27-19.38.50:947][  0]LogConfig: Setting CVar [[r.RHICmdBypass:0]]
[2019.07.27-19.38.50:947][  0]LogConfig: Applying CVar settings from Section [/Script/Engine.RendererSettings] File [C:/Users/ericf/Desktop/repos/Marine-Squad/Marine_Squad/Saved/Config/Windows/Engine.ini]
[2019.07.27-19.38.50:947][  0]LogConfig: Setting CVar [[r.GPUCrashDebugging:0]]
[2019.07.27-19.38.50:947][  0]LogConfig: Setting CVar [[r.DefaultFeature.AutoExposure.ExtendDefaultLuminanceRange:1]]
[2019.07.27-19.38.50:947][  0]LogConfig: Applying CVar settings from Section [/Script/Engine.RendererOverrideSettings] File [C:/Users/ericf/Desktop/repos/Marine-Squad/Marine_Squad/Saved/Config/Windows/Engine.ini]
[2019.07.27-19.38.50:947][  0]LogConfig: Applying CVar settings from Section [/Script/Engine.StreamingSettings] File [C:/Users/ericf/Desktop/repos/Marine-Squad/Marine_Squad/Saved/Config/Windows/Engine.ini]
[2019.07.27-19.38.50:948][  0]LogConfig: Setting CVar [[s.MinBulkDataSizeForAsyncLoading:131072]]
[2019.07.27-19.38.50:948][  0]LogConfig: Setting CVar [[s.AsyncLoadingThreadEnabled:0]]
[2019.07.27-19.38.50:948][  0]LogConfig: Setting CVar [[s.EventDrivenLoaderEnabled:1]]
[2019.07.27-19.38.50:948][  0]LogConfig: Setting CVar [[s.WarnIfTimeLimitExceeded:0]]
[2019.07.27-19.38.50:948][  0]LogConfig: Setting CVar [[s.TimeLimitExceededMultiplier:1.5]]
[2019.07.27-19.38.50:948][  0]LogConfig: Setting CVar [[s.TimeLimitExceededMinTime:0.005]]
[2019.07.27-19.38.50:948][  0]LogConfig: Setting CVar [[s.UseBackgroundLevelStreaming:1]]
[2019.07.27-19.38.50:948][  0]LogConfig: Setting CVar [[s.PriorityAsyncLoadingExtraTime:15.0]]
[2019.07.27-19.38.50:948][  0]LogConfig: Setting CVar [[s.LevelStreamingActorsUpdateTimeLimit:5.0]]
[2019.07.27-19.38.50:948][  0]LogConfig: Setting CVar [[s.PriorityLevelStreamingActorsUpdateExtraTime:5.0]]
[2019.07.27-19.38.50:948][  0]LogConfig: Setting CVar [[s.LevelStreamingComponentsRegistrationGranularity:10]]
[2019.07.27-19.38.50:948][  0]LogConfig: Setting CVar [[s.UnregisterComponentsTimeLimit:1.0]]
[2019.07.27-19.38.50:948][  0]LogConfig: Setting CVar [[s.LevelStreamingComponentsUnregistrationGranularity:5]]
[2019.07.27-19.38.50:948][  0]LogConfig: Applying CVar settings from Section [/Script/Engine.GarbageCollectionSettings] File [C:/Users/ericf/Desktop/repos/Marine-Squad/Marine_Squad/Saved/Config/Windows/Engine.ini]
[2019.07.27-19.38.50:948][  0]LogConfig: Setting CVar [[gc.MaxObjectsNotConsideredByGC:1]]
[2019.07.27-19.38.50:948][  0]LogConfig: Setting CVar [[gc.SizeOfPermanentObjectPool:0]]
[2019.07.27-19.38.50:948][  0]LogConfig: Setting CVar [[gc.FlushStreamingOnGC:0]]
[2019.07.27-19.38.50:948][  0]LogConfig: Setting CVar [[gc.NumRetriesBeforeForcingGC:10]]
[2019.07.27-19.38.50:948][  0]LogConfig: Setting CVar [[gc.AllowParallelGC:1]]
[2019.07.27-19.38.50:948][  0]LogConfig: Setting CVar [[gc.TimeBetweenPurgingPendingKillObjects:61.1]]
[2019.07.27-19.38.50:948][  0]LogConfig: Setting CVar [[gc.MaxObjectsInEditor:16777216]]
[2019.07.27-19.38.50:948][  0]LogConfig: Setting CVar [[gc.IncrementalBeginDestroyEnabled:1]]
[2019.07.27-19.38.50:948][  0]LogConfig: Setting CVar [[gc.CreateGCClusters:1]]
[2019.07.27-19.38.50:948][  0]LogConfig: Setting CVar [[gc.MinGCClusterSize:5]]
[2019.07.27-19.38.50:948][  0]LogConfig: Setting CVar [[gc.ActorClusteringEnabled:0]]
[2019.07.27-19.38.50:948][  0]LogConfig: Setting CVar [[gc.BlueprintClusteringEnabled:0]]
[2019.07.27-19.38.50:948][  0]LogConfig: Setting CVar [[gc.UseDisregardForGCOnDedicatedServers:0]]
[2019.07.27-19.38.50:948][  0]LogConfig: Applying CVar settings from Section [/Script/Engine.NetworkSettings] File [C:/Users/ericf/Desktop/repos/Marine-Squad/Marine_Squad/Saved/Config/Windows/Engine.ini]
[2019.07.27-19.38.50:948][  0]LogConfig: Applying CVar settings from Section [/Script/UnrealEd.CookerSettings] File [C:/Users/ericf/Desktop/repos/Marine-Squad/Marine_Squad/Saved/Config/Windows/Engine.ini]
[2019.07.27-19.38.50:957][  0]LogConfig: Applying CVar settings from Section [ViewDistanceQuality@3] File [C:/Users/ericf/Desktop/repos/Marine-Squad/Marine_Squad/Saved/Config/Windows/Scalability.ini]
[2019.07.27-19.38.50:957][  0]LogConfig: Setting CVar [[r.SkeletalMeshLODBias:0]]
[2019.07.27-19.38.50:957][  0]LogConfig: Setting CVar [[r.ViewDistanceScale:1.0]]
[2019.07.27-19.38.50:957][  0]LogConfig: Applying CVar settings from Section [AntiAliasingQuality@3] File [C:/Users/ericf/Desktop/repos/Marine-Squad/Marine_Squad/Saved/Config/Windows/Scalability.ini]
[2019.07.27-19.38.50:957][  0]LogConfig: Setting CVar [[r.PostProcessAAQuality:4]]
[2019.07.27-19.38.50:957][  0]LogConfig: Applying CVar settings from Section [ShadowQuality@3] File [C:/Users/ericf/Desktop/repos/Marine-Squad/Marine_Squad/Saved/Config/Windows/Scalability.ini]
[2019.07.27-19.38.50:957][  0]LogConfig: Setting CVar [[r.LightFunctionQuality:1]]
[2019.07.27-19.38.50:957][  0]LogConfig: Setting CVar [[r.ShadowQuality:5]]
[2019.07.27-19.38.50:957][  0]LogConfig: Setting CVar [[r.Shadow.CSM.MaxCascades:10]]
[2019.07.27-19.38.50:957][  0]LogConfig: Setting CVar [[r.Shadow.MaxResolution:2048]]
[2019.07.27-19.38.50:957][  0]LogConfig: Setting CVar [[r.Shadow.MaxCSMResolution:2048]]
[2019.07.27-19.38.50:957][  0]LogConfig: Setting CVar [[r.Shadow.RadiusThreshold:0.01]]
[2019.07.27-19.38.50:957][  0]LogConfig: Setting CVar [[r.Shadow.DistanceScale:1.0]]
[2019.07.27-19.38.50:957][  0]LogConfig: Setting CVar [[r.Shadow.CSM.TransitionScale:1.0]]
[2019.07.27-19.38.50:957][  0]LogConfig: Setting CVar [[r.Shadow.PreShadowResolutionFactor:1.0]]
[2019.07.27-19.38.50:957][  0]LogConfig: Setting CVar [[r.DistanceFieldShadowing:1]]
[2019.07.27-19.38.50:957][  0]LogConfig: Setting CVar [[r.DistanceFieldAO:1]]
[2019.07.27-19.38.50:957][  0]LogConfig: Setting CVar [[r.AOQuality:2]]
[2019.07.27-19.38.50:957][  0]LogConfig: Setting CVar [[r.VolumetricFog:1]]
[2019.07.27-19.38.50:957][  0]LogConfig: Setting CVar [[r.VolumetricFog.GridPixelSize:8]]
[2019.07.27-19.38.50:957][  0]LogConfig: Setting CVar [[r.VolumetricFog.GridSizeZ:128]]
[2019.07.27-19.38.50:957][  0]LogConfig: Setting CVar [[r.VolumetricFog.HistoryMissSupersampleCount:4]]
[2019.07.27-19.38.50:957][  0]LogConfig: Setting CVar [[r.LightMaxDrawDistanceScale:1]]
[2019.07.27-19.38.50:957][  0]LogConfig: Setting CVar [[r.CapsuleShadows:1]]
[2019.07.27-19.38.50:957][  0]LogConfig: Applying CVar settings from Section [PostProcessQuality@3] File [C:/Users/ericf/Desktop/repos/Marine-Squad/Marine_Squad/Saved/Config/Windows/Scalability.ini]
[2019.07.27-19.38.50:957][  0]LogConfig: Setting CVar [[r.MotionBlurQuality:4]]
[2019.07.27-19.38.50:957][  0]LogConfig: Setting CVar [[r.AmbientOcclusionMipLevelFactor:0.4]]
[2019.07.27-19.38.50:957][  0]LogConfig: Setting CVar [[r.AmbientOcclusionMaxQuality:100]]
[2019.07.27-19.38.50:957][  0]LogConfig: Setting CVar [[r.AmbientOcclusionLevels:-1]]
[2019.07.27-19.38.50:957][  0]LogConfig: Setting CVar [[r.AmbientOcclusionRadiusScale:1.0]]
[2019.07.27-19.38.50:957][  0]LogConfig: Setting CVar [[r.DepthOfFieldQuality:2]]
[2019.07.27-19.38.50:957][  0]LogConfig: Setting CVar [[r.RenderTargetPoolMin:400]]
[2019.07.27-19.38.50:957][  0]LogConfig: Setting CVar [[r.LensFlareQuality:2]]
[2019.07.27-19.38.50:957][  0]LogConfig: Setting CVar [[r.SceneColorFringeQuality:1]]
[2019.07.27-19.38.50:957][  0]LogConfig: Setting CVar [[r.EyeAdaptationQuality:2]]
[2019.07.27-19.38.50:957][  0]LogConfig: Setting CVar [[r.BloomQuality:5]]
[2019.07.27-19.38.50:957][  0]LogConfig: Setting CVar [[r.FastBlurThreshold:100]]
[2019.07.27-19.38.50:957][  0]LogConfig: Setting CVar [[r.Upscale.Quality:3]]
[2019.07.27-19.38.50:957][  0]LogConfig: Setting CVar [[r.Tonemapper.GrainQuantization:1]]
[2019.07.27-19.38.50:957][  0]LogConfig: Setting CVar [[r.LightShaftQuality:1]]
[2019.07.27-19.38.50:957][  0]LogConfig: Setting CVar [[r.Filter.SizeScale:1]]
[2019.07.27-19.38.50:957][  0]LogConfig: Setting CVar [[r.Tonemapper.Quality:5]]
[2019.07.27-19.38.50:957][  0]LogConfig: Setting CVar [[r.DOF.Gather.AccumulatorQuality:1        ; higher gathering accumulator quality]]
[2019.07.27-19.38.50:957][  0]LogConfig: Setting CVar [[r.DOF.Gather.PostfilterMethod:1          ; Median3x3 postfilering method]]
[2019.07.27-19.38.50:957][  0]LogConfig: Setting CVar [[r.DOF.Gather.EnableBokehSettings:0       ; no bokeh simulation when gathering]]
[2019.07.27-19.38.50:957][  0]LogConfig: Setting CVar [[r.DOF.Gather.RingCount:4                 ; medium number of samples when gathering]]
[2019.07.27-19.38.50:957][  0]LogConfig: Setting CVar [[r.DOF.Scatter.ForegroundCompositing:1    ; additive foreground scattering]]
[2019.07.27-19.38.50:957][  0]LogConfig: Setting CVar [[r.DOF.Scatter.BackgroundCompositing:2    ; additive background scattering]]
[2019.07.27-19.38.50:957][  0]LogConfig: Setting CVar [[r.DOF.Scatter.EnableBokehSettings:1      ; bokeh simulation when scattering]]
[2019.07.27-19.38.50:957][  0]LogConfig: Setting CVar [[r.DOF.Scatter.MaxSpriteRatio:0.1         ; only a maximum of 10% of scattered bokeh]]
[2019.07.27-19.38.50:958][  0]LogConfig: Setting CVar [[r.DOF.Recombine.Quality:1                ; cheap slight out of focus]]
[2019.07.27-19.38.50:958][  0]LogConfig: Setting CVar [[r.DOF.Recombine.EnableBokehSettings:0    ; no bokeh simulation on slight out of focus]]
[2019.07.27-19.38.50:958][  0]LogConfig: Setting CVar [[r.DOF.TemporalAAQuality:1                ; more stable temporal accumulation]]
[2019.07.27-19.38.50:958][  0]LogConfig: Setting CVar [[r.DOF.Kernel.MaxForegroundRadius:0.025]]
[2019.07.27-19.38.50:958][  0]LogConfig: Setting CVar [[r.DOF.Kernel.MaxBackgroundRadius:0.025]]
[2019.07.27-19.38.50:958][  0]LogConfig: Applying CVar settings from Section [TextureQuality@3] File [C:/Users/ericf/Desktop/repos/Marine-Squad/Marine_Squad/Saved/Config/Windows/Scalability.ini]
[2019.07.27-19.38.50:958][  0]LogConfig: Setting CVar [[r.Streaming.MipBias:0]]
[2019.07.27-19.38.50:958][  0]LogConfig: Setting CVar [[r.Streaming.AmortizeCPUToGPUCopy:0]]
[2019.07.27-19.38.50:958][  0]LogConfig: Setting CVar [[r.Streaming.MaxNumTexturesToStreamPerFrame:0]]
[2019.07.27-19.38.50:958][  0]LogConfig: Setting CVar [[r.Streaming.Boost:1]]
[2019.07.27-19.38.50:958][  0]LogConfig: Setting CVar [[r.MaxAnisotropy:8]]
[2019.07.27-19.38.50:958][  0]LogConfig: Setting CVar [[r.Streaming.LimitPoolSizeToVRAM:0]]
[2019.07.27-19.38.50:958][  0]LogConfig: Setting CVar [[r.Streaming.PoolSize:1000]]
[2019.07.27-19.38.50:958][  0]LogConfig: Setting CVar [[r.Streaming.MaxEffectiveScreenSize:0]]
[2019.07.27-19.38.50:958][  0]LogConfig: Applying CVar settings from Section [EffectsQuality@3] File [C:/Users/ericf/Desktop/repos/Marine-Squad/Marine_Squad/Saved/Config/Windows/Scalability.ini]
[2019.07.27-19.38.50:958][  0]LogConfig: Setting CVar [[r.TranslucencyLightingVolumeDim:64]]
[2019.07.27-19.38.50:958][  0]LogConfig: Setting CVar [[r.RefractionQuality:2]]
[2019.07.27-19.38.50:958][  0]LogConfig: Setting CVar [[r.SSR.Quality:3]]
[2019.07.27-19.38.50:958][  0]LogConfig: Setting CVar [[r.SceneColorFormat:4]]
[2019.07.27-19.38.50:958][  0]LogConfig: Setting CVar [[r.DetailMode:2]]
[2019.07.27-19.38.50:958][  0]LogConfig: Setting CVar [[r.TranslucencyVolumeBlur:1]]
[2019.07.27-19.38.50:958][  0]LogConfig: Setting CVar [[r.MaterialQualityLevel:1 ; High quality]]
[2019.07.27-19.38.50:958][  0]LogConfig: Setting CVar [[r.SSS.Scale:1]]
[2019.07.27-19.38.50:958][  0]LogConfig: Setting CVar [[r.SSS.SampleSet:2]]
[2019.07.27-19.38.50:958][  0]LogConfig: Setting CVar [[r.SSS.Quality:1]]
[2019.07.27-19.38.50:958][  0]LogConfig: Setting CVar [[r.SSS.HalfRes:1]]
[2019.07.27-19.38.50:958][  0]LogConfig: Setting CVar [[r.EmitterSpawnRateScale:1.0]]
[2019.07.27-19.38.50:958][  0]LogConfig: Setting CVar [[r.ParticleLightQuality:2]]
[2019.07.27-19.38.50:958][  0]LogConfig: Applying CVar settings from Section [FoliageQuality@3] File [C:/Users/ericf/Desktop/repos/Marine-Squad/Marine_Squad/Saved/Config/Windows/Scalability.ini]
[2019.07.27-19.38.50:958][  0]LogConfig: Setting CVar [[foliage.DensityScale:1.0]]
[2019.07.27-19.38.50:958][  0]LogConfig: Setting CVar [[grass.DensityScale:1.0]]
[2019.07.27-19.38.50:958][  0]LogInit: Selected Device Profile: [Windows]
[2019.07.27-19.38.50:958][  0]LogInit: Applying CVar settings loaded from the selected device profile: [Windows]
[2019.07.27-19.38.50:974][  0]LogHAL: Display: Platform has ~ 8 GB [8444633088 / 8589934592 / 8], which maps to Default [LargestMinGB=32, LargerMinGB=12, DefaultMinGB=8, SmallerMinGB=6, SmallestMinGB=0)
[2019.07.27-19.38.50:974][  0]LogConfig: Setting CVar [[r.Vulkan.UseRealUBs:0		; Required until we fix HLR fall-out]]
[2019.07.27-19.38.50:975][  0]LogInit: Going up to parent DeviceProfile []
[2019.07.27-19.38.50:975][  0]LogConfig: Applying CVar settings from Section [ViewDistanceQuality@3] File [C:/Users/ericf/Desktop/repos/Marine-Squad/Marine_Squad/Saved/Config/Windows/Scalability.ini]
[2019.07.27-19.38.50:975][  0]LogConfig: Setting CVar [[r.SkeletalMeshLODBias:0]]
[2019.07.27-19.38.50:975][  0]LogConfig: Setting CVar [[r.ViewDistanceScale:1.0]]
[2019.07.27-19.38.50:975][  0]LogConfig: Applying CVar settings from Section [AntiAliasingQuality@3] File [C:/Users/ericf/Desktop/repos/Marine-Squad/Marine_Squad/Saved/Config/Windows/Scalability.ini]
[2019.07.27-19.38.50:975][  0]LogConfig: Setting CVar [[r.PostProcessAAQuality:4]]
[2019.07.27-19.38.50:975][  0]LogConfig: Applying CVar settings from Section [ShadowQuality@3] File [C:/Users/ericf/Desktop/repos/Marine-Squad/Marine_Squad/Saved/Config/Windows/Scalability.ini]
[2019.07.27-19.38.50:975][  0]LogConfig: Setting CVar [[r.LightFunctionQuality:1]]
[2019.07.27-19.38.50:975][  0]LogConfig: Setting CVar [[r.ShadowQuality:5]]
[2019.07.27-19.38.50:975][  0]LogConfig: Setting CVar [[r.Shadow.CSM.MaxCascades:10]]
[2019.07.27-19.38.50:975][  0]LogConfig: Setting CVar [[r.Shadow.MaxResolution:2048]]
[2019.07.27-19.38.50:975][  0]LogConfig: Setting CVar [[r.Shadow.MaxCSMResolution:2048]]
[2019.07.27-19.38.50:975][  0]LogConfig: Setting CVar [[r.Shadow.RadiusThreshold:0.01]]
[2019.07.27-19.38.50:975][  0]LogConfig: Setting CVar [[r.Shadow.DistanceScale:1.0]]
[2019.07.27-19.38.50:975][  0]LogConfig: Setting CVar [[r.Shadow.CSM.TransitionScale:1.0]]
[2019.07.27-19.38.50:975][  0]LogConfig: Setting CVar [[r.Shadow.PreShadowResolutionFactor:1.0]]
[2019.07.27-19.38.50:975][  0]LogConfig: Setting CVar [[r.DistanceFieldShadowing:1]]
[2019.07.27-19.38.50:975][  0]LogConfig: Setting CVar [[r.DistanceFieldAO:1]]
[2019.07.27-19.38.50:975][  0]LogConfig: Setting CVar [[r.AOQuality:2]]
[2019.07.27-19.38.50:975][  0]LogConfig: Setting CVar [[r.VolumetricFog:1]]
[2019.07.27-19.38.50:975][  0]LogConfig: Setting CVar [[r.VolumetricFog.GridPixelSize:8]]
[2019.07.27-19.38.50:975][  0]LogConfig: Setting CVar [[r.VolumetricFog.GridSizeZ:128]]
[2019.07.27-19.38.50:975][  0]LogConfig: Setting CVar [[r.VolumetricFog.HistoryMissSupersampleCount:4]]
[2019.07.27-19.38.50:975][  0]LogConfig: Setting CVar [[r.LightMaxDrawDistanceScale:1]]
[2019.07.27-19.38.50:975][  0]LogConfig: Setting CVar [[r.CapsuleShadows:1]]
[2019.07.27-19.38.50:975][  0]LogConfig: Applying CVar settings from Section [PostProcessQuality@3] File [C:/Users/ericf/Desktop/repos/Marine-Squad/Marine_Squad/Saved/Config/Windows/Scalability.ini]
[2019.07.27-19.38.50:975][  0]LogConfig: Setting CVar [[r.MotionBlurQuality:4]]
[2019.07.27-19.38.50:975][  0]LogConfig: Setting CVar [[r.AmbientOcclusionMipLevelFactor:0.4]]
[2019.07.27-19.38.50:975][  0]LogConfig: Setting CVar [[r.AmbientOcclusionMaxQuality:100]]
[2019.07.27-19.38.50:975][  0]LogConfig: Setting CVar [[r.AmbientOcclusionLevels:-1]]
[2019.07.27-19.38.50:975][  0]LogConfig: Setting CVar [[r.AmbientOcclusionRadiusScale:1.0]]
[2019.07.27-19.38.50:975][  0]LogConfig: Setting CVar [[r.DepthOfFieldQuality:2]]
[2019.07.27-19.38.50:975][  0]LogConfig: Setting CVar [[r.RenderTargetPoolMin:400]]
[2019.07.27-19.38.50:975][  0]LogConfig: Setting CVar [[r.LensFlareQuality:2]]
[2019.07.27-19.38.50:975][  0]LogConfig: Setting CVar [[r.SceneColorFringeQuality:1]]
[2019.07.27-19.38.50:975][  0]LogConfig: Setting CVar [[r.EyeAdaptationQuality:2]]
[2019.07.27-19.38.50:975][  0]LogConfig: Setting CVar [[r.BloomQuality:5]]
[2019.07.27-19.38.50:975][  0]LogConfig: Setting CVar [[r.FastBlurThreshold:100]]
[2019.07.27-19.38.50:975][  0]LogConfig: Setting CVar [[r.Upscale.Quality:3]]
[2019.07.27-19.38.50:975][  0]LogConfig: Setting CVar [[r.Tonemapper.GrainQuantization:1]]
[2019.07.27-19.38.50:975][  0]LogConfig: Setting CVar [[r.LightShaftQuality:1]]
[2019.07.27-19.38.50:975][  0]LogConfig: Setting CVar [[r.Filter.SizeScale:1]]
[2019.07.27-19.38.50:975][  0]LogConfig: Setting CVar [[r.Tonemapper.Quality:5]]
[2019.07.27-19.38.50:975][  0]LogConfig: Setting CVar [[r.DOF.Gather.AccumulatorQuality:1        ; higher gathering accumulator quality]]
[2019.07.27-19.38.50:975][  0]LogConfig: Setting CVar [[r.DOF.Gather.PostfilterMethod:1          ; Median3x3 postfilering method]]
[2019.07.27-19.38.50:975][  0]LogConfig: Setting CVar [[r.DOF.Gather.EnableBokehSettings:0       ; no bokeh simulation when gathering]]
[2019.07.27-19.38.50:975][  0]LogConfig: Setting CVar [[r.DOF.Gather.RingCount:4                 ; medium number of samples when gathering]]
[2019.07.27-19.38.50:975][  0]LogConfig: Setting CVar [[r.DOF.Scatter.ForegroundCompositing:1    ; additive foreground scattering]]
[2019.07.27-19.38.50:975][  0]LogConfig: Setting CVar [[r.DOF.Scatter.BackgroundCompositing:2    ; additive background scattering]]
[2019.07.27-19.38.50:975][  0]LogConfig: Setting CVar [[r.DOF.Scatter.EnableBokehSettings:1      ; bokeh simulation when scattering]]
[2019.07.27-19.38.50:975][  0]LogConfig: Setting CVar [[r.DOF.Scatter.MaxSpriteRatio:0.1         ; only a maximum of 10% of scattered bokeh]]
[2019.07.27-19.38.50:975][  0]LogConfig: Setting CVar [[r.DOF.Recombine.Quality:1                ; cheap slight out of focus]]
[2019.07.27-19.38.50:975][  0]LogConfig: Setting CVar [[r.DOF.Recombine.EnableBokehSettings:0    ; no bokeh simulation on slight out of focus]]
[2019.07.27-19.38.50:975][  0]LogConfig: Setting CVar [[r.DOF.TemporalAAQuality:1                ; more stable temporal accumulation]]
[2019.07.27-19.38.50:975][  0]LogConfig: Setting CVar [[r.DOF.Kernel.MaxForegroundRadius:0.025]]
[2019.07.27-19.38.50:975][  0]LogConfig: Setting CVar [[r.DOF.Kernel.MaxBackgroundRadius:0.025]]
[2019.07.27-19.38.50:975][  0]LogConfig: Applying CVar settings from Section [TextureQuality@3] File [C:/Users/ericf/Desktop/repos/Marine-Squad/Marine_Squad/Saved/Config/Windows/Scalability.ini]
[2019.07.27-19.38.50:975][  0]LogConfig: Setting CVar [[r.Streaming.MipBias:0]]
[2019.07.27-19.38.50:975][  0]LogConfig: Setting CVar [[r.Streaming.AmortizeCPUToGPUCopy:0]]
[2019.07.27-19.38.50:975][  0]LogConfig: Setting CVar [[r.Streaming.MaxNumTexturesToStreamPerFrame:0]]
[2019.07.27-19.38.50:975][  0]LogConfig: Setting CVar [[r.Streaming.Boost:1]]
[2019.07.27-19.38.50:975][  0]LogConfig: Setting CVar [[r.MaxAnisotropy:8]]
[2019.07.27-19.38.50:975][  0]LogConfig: Setting CVar [[r.Streaming.LimitPoolSizeToVRAM:0]]
[2019.07.27-19.38.50:975][  0]LogConfig: Setting CVar [[r.Streaming.PoolSize:1000]]
[2019.07.27-19.38.50:975][  0]LogConfig: Setting CVar [[r.Streaming.MaxEffectiveScreenSize:0]]
[2019.07.27-19.38.50:975][  0]LogConfig: Applying CVar settings from Section [EffectsQuality@3] File [C:/Users/ericf/Desktop/repos/Marine-Squad/Marine_Squad/Saved/Config/Windows/Scalability.ini]
[2019.07.27-19.38.50:975][  0]LogConfig: Setting CVar [[r.TranslucencyLightingVolumeDim:64]]
[2019.07.27-19.38.50:975][  0]LogConfig: Setting CVar [[r.RefractionQuality:2]]
[2019.07.27-19.38.50:975][  0]LogConfig: Setting CVar [[r.SSR.Quality:3]]
[2019.07.27-19.38.50:975][  0]LogConfig: Setting CVar [[r.SceneColorFormat:4]]
[2019.07.27-19.38.50:975][  0]LogConfig: Setting CVar [[r.DetailMode:2]]
[2019.07.27-19.38.50:975][  0]LogConfig: Setting CVar [[r.TranslucencyVolumeBlur:1]]
[2019.07.27-19.38.50:975][  0]LogConfig: Setting CVar [[r.MaterialQualityLevel:1 ; High quality]]
[2019.07.27-19.38.50:975][  0]LogConfig: Setting CVar [[r.SSS.Scale:1]]
[2019.07.27-19.38.50:975][  0]LogConfig: Setting CVar [[r.SSS.SampleSet:2]]
[2019.07.27-19.38.50:975][  0]LogConfig: Setting CVar [[r.SSS.Quality:1]]
[2019.07.27-19.38.50:975][  0]LogConfig: Setting CVar [[r.SSS.HalfRes:1]]
[2019.07.27-19.38.50:975][  0]LogConfig: Setting CVar [[r.EmitterSpawnRateScale:1.0]]
[2019.07.27-19.38.50:976][  0]LogConfig: Setting CVar [[r.ParticleLightQuality:2]]
[2019.07.27-19.38.50:976][  0]LogConfig: Applying CVar settings from Section [FoliageQuality@3] File [C:/Users/ericf/Desktop/repos/Marine-Squad/Marine_Squad/Saved/Config/Windows/Scalability.ini]
[2019.07.27-19.38.50:976][  0]LogConfig: Setting CVar [[foliage.DensityScale:1.0]]
[2019.07.27-19.38.50:976][  0]LogConfig: Setting CVar [[grass.DensityScale:1.0]]
[2019.07.27-19.38.50:976][  0]LogConfig: Applying CVar settings from Section [Startup] File [../../../Engine/Config/ConsoleVariables.ini]
[2019.07.27-19.38.50:976][  0]LogConfig: Setting CVar [[net.UseAdaptiveNetUpdateFrequency:0]]
[2019.07.27-19.38.50:976][  0]LogConfig: Setting CVar [[p.chaos.AllowCreatePhysxBodies:1]]
[2019.07.27-19.38.50:976][  0]LogConfig: Applying CVar settings from Section [ConsoleVariables] File [C:/Users/ericf/Desktop/repos/Marine-Squad/Marine_Squad/Saved/Config/Windows/Engine.ini]
[2019.07.27-19.38.50:976][  0]LogInit: Computer: FALL-PC
[2019.07.27-19.38.50:976][  0]LogInit: User: ericf
[2019.07.27-19.38.50:976][  0]LogInit: CPU Page size=4096, Cores=4
[2019.07.27-19.38.50:976][  0]LogInit: High frequency timer resolution =3.417966 MHz
[2019.07.27-19.38.50:976][  0]LogMemory: Memory total: Physical=7.9GB (8GB approx)
[2019.07.27-19.38.50:976][  0]LogMemory: Platform Memory Stats for Windows
[2019.07.27-19.38.50:976][  0]LogMemory: Process Physical Memory: 96.09 MB used, 96.09 MB peak
[2019.07.27-19.38.50:976][  0]LogMemory: Process Virtual Memory: 83.88 MB used, 83.88 MB peak
[2019.07.27-19.38.50:976][  0]LogMemory: Physical Memory: 4650.14 MB used,  3403.29 MB free, 8053.43 MB total
[2019.07.27-19.38.50:976][  0]LogMemory: Virtual Memory: 4641.79 MB used,  134213088.00 MB free, 134217728.00 MB total
[2019.07.27-19.38.51:001][  0]LogInit: Using OS detected language (en-US).
[2019.07.27-19.38.51:001][  0]LogInit: Using OS detected locale (en-US).
[2019.07.27-19.38.51:002][  0]LogTextLocalizationManager: No specific localization for 'en-US' exists, so the 'en' localization will be used.
[2019.07.27-19.38.51:253][  0]LogInit: Setting process to per monitor DPI aware
[2019.07.27-19.38.51:312][  0]LogSlate: New Slate User Created.  User Index 0, Is Virtual User: 0
[2019.07.27-19.38.51:312][  0]LogSlate: Slate User Registered.  User Index 0, Is Virtual User: 0
[2019.07.27-19.38.51:479][  0]LogHMD: Failed to initialize OpenVR with code 110
[2019.07.27-19.38.51:479][  0]LogD3D11RHI: D3D11 adapters:
[2019.07.27-19.38.51:562][  0]LogD3D11RHI:    0. 'NVIDIA GeForce GTX 970' (Feature Level 11_0)
[2019.07.27-19.38.51:562][  0]LogD3D11RHI:       4043/0/4026 MB DedicatedVideo/DedicatedSystem/SharedSystem, Outputs:2, VendorId:0x10de
[2019.07.27-19.38.51:569][  0]LogD3D11RHI:    1. 'Intel(R) HD Graphics 4600' (Feature Level 11_0)
[2019.07.27-19.38.51:569][  0]LogD3D11RHI:       112/0/2048 MB DedicatedVideo/DedicatedSystem/SharedSystem, Outputs:0, VendorId:0x8086
[2019.07.27-19.38.51:572][  0]LogD3D11RHI:    2. 'Microsoft Basic Render Driver' (Feature Level 11_0)
[2019.07.27-19.38.51:572][  0]LogD3D11RHI:       0/0/4026 MB DedicatedVideo/DedicatedSystem/SharedSystem, Outputs:0, VendorId:0x1414
[2019.07.27-19.38.51:572][  0]LogD3D11RHI: Chosen D3D11 Adapter: 0
[2019.07.27-19.38.51:582][  0]LogD3D11RHI: Creating new Direct3DDevice
[2019.07.27-19.38.51:582][  0]LogD3D11RHI:     GPU DeviceId: 0x13c2 (for the marketing name, search the web for "GPU Device Id")
[2019.07.27-19.38.51:582][  0]LogWindows: EnumDisplayDevices:
[2019.07.27-19.38.51:583][  0]LogWindows:    0. 'NVIDIA GeForce GTX 970' (P:1 D:1)
[2019.07.27-19.38.51:583][  0]LogWindows:    1. 'NVIDIA GeForce GTX 970' (P:0 D:1)
[2019.07.27-19.38.51:583][  0]LogWindows:    2. 'NVIDIA GeForce GTX 970' (P:0 D:0)
[2019.07.27-19.38.51:584][  0]LogWindows:    3. 'NVIDIA GeForce GTX 970' (P:0 D:0)
[2019.07.27-19.38.51:584][  0]LogWindows:    4. 'Intel(R) HD Graphics 4600' (P:0 D:0)
[2019.07.27-19.38.51:584][  0]LogWindows:    5. 'Intel(R) HD Graphics 4600' (P:0 D:0)
[2019.07.27-19.38.51:585][  0]LogWindows:    6. 'Intel(R) HD Graphics 4600' (P:0 D:0)
[2019.07.27-19.38.51:585][  0]LogWindows: DebugString: PrimaryIsNotTheChoosenAdapter PrimaryIsNotTheChoosenAdapter PrimaryIsNotTheChoosenAdapter FoundDriverCount:4 
[2019.07.27-19.38.51:585][  0]LogD3D11RHI:     Adapter Name: NVIDIA GeForce GTX 970
[2019.07.27-19.38.51:585][  0]LogD3D11RHI:   Driver Version: 430.64 (internal:26.21.14.3064, unified:430.64)
[2019.07.27-19.38.51:585][  0]LogD3D11RHI:      Driver Date: 5-5-2019
[2019.07.27-19.38.51:585][  0]LogRHI: Texture pool is 2830 MB (70% of 4043 MB)
[2019.07.27-19.38.51:640][  0]LogD3D11RHI: Async texture creation enabled
[2019.07.27-19.38.51:651][  0]LogRendererCore: FGlobalReadBuffer::InitRHI
[2019.07.27-19.38.51:652][  0]LogRendererCore: FGlobalReadBuffer::InitRHI
[2019.07.27-19.38.51:652][  0]LogRendererCore: FGlobalReadBuffer::InitRHI
[2019.07.27-19.38.51:662][  0]LogD3D11RHI: GPU Timing Frequency: 1000.000000 (Debug: 2 1)
[2019.07.27-19.38.52:149][  0]LogTemp: Display: Module 'AllDesktopTargetPlatform' loaded TargetPlatform 'AllDesktop'
[2019.07.27-19.38.52:164][  0]LogTemp: Display: Module 'MacClientTargetPlatform' loaded TargetPlatform 'MacClient'
[2019.07.27-19.38.52:180][  0]LogTemp: Display: Module 'MacNoEditorTargetPlatform' loaded TargetPlatform 'MacNoEditor'
[2019.07.27-19.38.52:194][  0]LogTemp: Display: Module 'MacServerTargetPlatform' loaded TargetPlatform 'MacServer'
[2019.07.27-19.38.52:209][  0]LogTemp: Display: Module 'MacTargetPlatform' loaded TargetPlatform 'Mac'
[2019.07.27-19.38.52:224][  0]LogTemp: Display: Module 'WindowsClientTargetPlatform' loaded TargetPlatform 'WindowsClient'
[2019.07.27-19.38.52:242][  0]LogTemp: Display: Module 'WindowsNoEditorTargetPlatform' loaded TargetPlatform 'WindowsNoEditor'
[2019.07.27-19.38.52:255][  0]LogTemp: Display: Module 'WindowsServerTargetPlatform' loaded TargetPlatform 'WindowsServer'
[2019.07.27-19.38.52:262][  0]LogTemp: Display: Module 'WindowsTargetPlatform' loaded TargetPlatform 'Windows'
[2019.07.27-19.38.52:358][  0]LogTemp: Display: Module 'AndroidTargetPlatform' loaded TargetPlatform 'Android'
[2019.07.27-19.38.52:358][  0]LogTemp: Display: Module 'AndroidTargetPlatform' loaded TargetPlatform 'Android_ASTC'
[2019.07.27-19.38.52:358][  0]LogTemp: Display: Module 'AndroidTargetPlatform' loaded TargetPlatform 'Android_ATC'
[2019.07.27-19.38.52:358][  0]LogTemp: Display: Module 'AndroidTargetPlatform' loaded TargetPlatform 'Android_DXT'
[2019.07.27-19.38.52:358][  0]LogTemp: Display: Module 'AndroidTargetPlatform' loaded TargetPlatform 'Android_ETC1'
[2019.07.27-19.38.52:358][  0]LogTemp: Display: Module 'AndroidTargetPlatform' loaded TargetPlatform 'Android_ETC1a'
[2019.07.27-19.38.52:358][  0]LogTemp: Display: Module 'AndroidTargetPlatform' loaded TargetPlatform 'Android_ETC2'
[2019.07.27-19.38.52:358][  0]LogTemp: Display: Module 'AndroidTargetPlatform' loaded TargetPlatform 'Android_PVRTC'
[2019.07.27-19.38.52:358][  0]LogTemp: Display: Module 'AndroidTargetPlatform' loaded TargetPlatform 'AndroidClient'
[2019.07.27-19.38.52:358][  0]LogTemp: Display: Module 'AndroidTargetPlatform' loaded TargetPlatform 'Android_ASTCClient'
[2019.07.27-19.38.52:358][  0]LogTemp: Display: Module 'AndroidTargetPlatform' loaded TargetPlatform 'Android_ATCClient'
[2019.07.27-19.38.52:358][  0]LogTemp: Display: Module 'AndroidTargetPlatform' loaded TargetPlatform 'Android_DXTClient'
[2019.07.27-19.38.52:358][  0]LogTemp: Display: Module 'AndroidTargetPlatform' loaded TargetPlatform 'Android_ETC1Client'
[2019.07.27-19.38.52:358][  0]LogTemp: Display: Module 'AndroidTargetPlatform' loaded TargetPlatform 'Android_ETC1aClient'
[2019.07.27-19.38.52:358][  0]LogTemp: Display: Module 'AndroidTargetPlatform' loaded TargetPlatform 'Android_ETC2Client'
[2019.07.27-19.38.52:358][  0]LogTemp: Display: Module 'AndroidTargetPlatform' loaded TargetPlatform 'Android_PVRTCClient'
[2019.07.27-19.38.52:358][  0]LogTemp: Display: Module 'AndroidTargetPlatform' loaded TargetPlatform 'Android_Multi'
[2019.07.27-19.38.52:358][  0]LogTemp: Display: Module 'AndroidTargetPlatform' loaded TargetPlatform 'Android_MultiClient'
[2019.07.27-19.38.52:360][  0]LogTemp: Display: Module 'HTML5TargetPlatform' loaded TargetPlatform 'HTML5'
[2019.07.27-19.38.52:412][  0]LogTemp: Display: Module 'IOSTargetPlatform' loaded TargetPlatform 'IOSClient'
[2019.07.27-19.38.52:412][  0]LogTemp: Display: Module 'IOSTargetPlatform' loaded TargetPlatform 'IOS'
[2019.07.27-19.38.52:437][  0]LogTemp: Display: Module 'TVOSTargetPlatform' loaded TargetPlatform 'TVOSClient'
[2019.07.27-19.38.52:437][  0]LogTemp: Display: Module 'TVOSTargetPlatform' loaded TargetPlatform 'TVOS'
[2019.07.27-19.38.52:450][  0]LogTemp: Display: Module 'LinuxClientTargetPlatform' loaded TargetPlatform 'LinuxClient'
[2019.07.27-19.38.52:463][  0]LogTemp: Display: Module 'LinuxNoEditorTargetPlatform' loaded TargetPlatform 'LinuxNoEditor'
[2019.07.27-19.38.52:477][  0]LogTemp: Display: Module 'LinuxServerTargetPlatform' loaded TargetPlatform 'LinuxServer'
[2019.07.27-19.38.52:491][  0]LogTemp: Display: Module 'LinuxTargetPlatform' loaded TargetPlatform 'Linux'
[2019.07.27-19.38.52:538][  0]LogTemp: Display: Module 'LuminTargetPlatform' loaded TargetPlatform 'Lumin'
[2019.07.27-19.38.52:538][  0]LogTemp: Display: Module 'LuminTargetPlatform' loaded TargetPlatform 'LuminClient'
[2019.07.27-19.38.52:538][  0]LogTargetPlatformManager: Display: Building Assets For Windows
[2019.07.27-19.38.52:546][  0]LogAudioDebug: Display: Lib vorbis DLL was dynamically loaded.
[2019.07.27-19.38.52:591][  0]LogShaderCompilers: Guid format shader working directory is -9 characters bigger than the processId version (C:/Users/ericf/Desktop/repos/Marine-Squad/Marine_Squad/Intermediate/Shaders/WorkingDirectory/27636/).
[2019.07.27-19.38.52:592][  0]LogShaderCompilers: Cleaned the shader compiler working directory 'C:/Users/ericf/AppData/Local/Temp/UnrealShaderWorkingDir/B46C15644F1791F247E8408B00E60EC9/'.
[2019.07.27-19.38.52:593][  0]LogXGEController: Cannot use XGE Controller as Incredibuild is not installed on this machine.
[2019.07.27-19.38.52:593][  0]LogShaderCompilers: Cannot use XGE Shader Compiler as Incredibuild is not installed on this machine.
[2019.07.27-19.38.52:593][  0]LogShaderCompilers: Display: Using Local Shader Compiler.
[2019.07.27-19.38.53:168][  0]LogDerivedDataCache: Display: Max Cache Size: 512 MB
[2019.07.27-19.38.53:258][  0]LogDerivedDataCache: Loaded boot cache 0.09s 71MB C:/Users/ericf/AppData/Local/UnrealEngine/4.22/DerivedDataCache/Boot.ddc.
[2019.07.27-19.38.53:258][  0]LogDerivedDataCache: Display: Loaded Boot cache: C:/Users/ericf/AppData/Local/UnrealEngine/4.22/DerivedDataCache/Boot.ddc
[2019.07.27-19.38.53:258][  0]LogDerivedDataCache: FDerivedDataBackendGraph:  Pak pak cache file C:/Users/ericf/Desktop/repos/Marine-Squad/Marine_Squad/DerivedDataCache/DDC.ddp not found, will not use a pak cache.
[2019.07.27-19.38.53:258][  0]LogDerivedDataCache: Unable to find inner node Pak for hierarchical cache Hierarchy.
[2019.07.27-19.38.53:258][  0]LogDerivedDataCache: FDerivedDataBackendGraph:  CompressedPak pak cache file C:/Users/ericf/Desktop/repos/Marine-Squad/Marine_Squad/DerivedDataCache/Compressed.ddp not found, will not use a pak cache.
[2019.07.27-19.38.53:258][  0]LogDerivedDataCache: Unable to find inner node CompressedPak for hierarchical cache Hierarchy.
[2019.07.27-19.38.53:271][  0]LogDerivedDataCache: Display: Pak cache opened for reading ../../../Engine/DerivedDataCache/Compressed.ddp.
[2019.07.27-19.38.53:271][  0]LogDerivedDataCache: FDerivedDataBackendGraph:  EnterprisePak pak cache file ../../../Enterprise/DerivedDataCache/Compressed.ddp not found, will not use a pak cache.
[2019.07.27-19.38.53:271][  0]LogDerivedDataCache: Unable to find inner node EnterprisePak for hierarchical cache Hierarchy.
[2019.07.27-19.38.53:283][  0]LogDerivedDataCache: Using Local data cache path C:/Users/ericf/AppData/Local/UnrealEngine/Common/DerivedDataCache: Writable
[2019.07.27-19.38.53:283][  0]LogDerivedDataCache: Shared data cache path not found in *engine.ini, will not use an Shared cache.
[2019.07.27-19.38.53:283][  0]LogDerivedDataCache: Unable to find inner node Shared for hierarchical cache Hierarchy.
[2019.07.27-19.38.53:307][  0]LogMaterial: Verifying Global Shaders for PCD3D_SM5
[2019.07.27-19.38.53:308][  0]LogSlate: Using FreeType 2.6.0
[2019.07.27-19.38.53:309][  0]LogSlate: SlateFontServices - WITH_FREETYPE: 1, WITH_HARFBUZZ: 1
[2019.07.27-19.38.53:397][  0]LogAssetRegistry: FAssetRegistry took 0.0338 seconds to start up
[2019.07.27-19.38.53:751][  0]LogInit: Selected Device Profile: [Windows]
[2019.07.27-19.38.53:896][  0]LogMeshReduction: Using QuadricMeshReduction for automatic static mesh reduction
[2019.07.27-19.38.53:896][  0]LogMeshReduction: Using SimplygonMeshReduction for automatic skeletal mesh reduction
[2019.07.27-19.38.53:896][  0]LogMeshReduction: Using ProxyLODMeshReduction for automatic mesh merging
[2019.07.27-19.38.53:896][  0]LogMeshReduction: No distributed automatic mesh merging module available
[2019.07.27-19.38.53:896][  0]LogMeshMerging: No distributed automatic mesh merging module available
[2019.07.27-19.38.53:912][  0]LogNetVersion: Marine_Squad 1.0.0, NetCL: 5660361, EngineNetVer: 10, GameNetVer: 0 (Checksum: 4148284594)
[2019.07.27-19.38.54:345][  0]LogPackageLocalizationCache: Processed 10 localized package path(s) for 1 prioritized culture(s) in 0.049820 seconds
[2019.07.27-19.38.54:354][  0]LogUObjectArray: 42205 objects as part of root set at end of initial load.
[2019.07.27-19.38.54:354][  0]LogUObjectAllocator: 7325032 out of 0 bytes used by permanent object pool.
[2019.07.27-19.38.54:354][  0]LogUObjectArray: CloseDisregardForGC: 0/0 objects in disregard for GC pool
[2019.07.27-19.38.55:216][  0]LogTcpMessaging: Initializing TcpMessaging bridge
[2019.07.27-19.38.55:230][  0]LogUdpMessaging: Initializing bridge on interface 0.0.0.0:0 to multicast group 230.0.0.1:6666.
[2019.07.27-19.38.55:365][  0]SourceControl: Source control is disabled
[2019.07.27-19.38.55:365][  0]SourceControl: Source control is disabled
[2019.07.27-19.38.55:367][  0]SourceControl: Source control is disabled
[2019.07.27-19.38.55:368][  0]SourceControl: Source control is disabled
[2019.07.27-19.38.55:447][  0]LogAndroidPermission: UAndroidPermissionCallbackProxy::GetInstance
[2019.07.27-19.38.55:675][  0]LogOcInput: OculusInput pre-init called
[2019.07.27-19.38.56:358][  0]LogEngine: Initializing Engine...
[2019.07.27-19.38.56:359][  0]LogHMD: Failed to initialize OpenVR with code 110
[2019.07.27-19.38.56:360][  0]LogStats: UGameplayTagsManager::InitializeManager -  0.000 s
[2019.07.27-19.38.56:622][  0]LogInit: Initializing FReadOnlyCVARCache
[2019.07.27-19.38.56:637][  0]LogAIModule: Creating AISystem for world Untitled
[2019.07.27-19.38.56:707][  0]LogInit: XAudio2 using 'HEAD SET (Corsair VOID PRO USB Gaming Headset )' : 2 channels at 48 kHz using 16 bits per sample (channel mask 0x3)
[2019.07.27-19.38.56:731][  0]LogInit: FAudioDevice initialized.
[2019.07.27-19.38.56:732][  0]LogNetVersion: Set ProjectVersion to 1.0.0.0. Version Checksum will be recalculated on next use.
[2019.07.27-19.39.03:120][  0]LogDerivedDataCache: Saved boot cache 6.39s 71MB C:/Users/ericf/AppData/Local/UnrealEngine/4.22/DerivedDataCache/Boot.ddc.
[2019.07.27-19.39.03:134][  0]LogInit: Texture streaming: Enabled
[2019.07.27-19.39.03:150][  0]LogEngineSessionManager: EngineSessionManager initialized
[2019.07.27-19.39.03:196][  0]LogInit: Transaction tracking system initialized
[2019.07.27-19.39.03:219][  0]BlueprintLog: New page: Editor Load
[2019.07.27-19.39.03:296][  0]LocalizationService: Localization service is disabled
[2019.07.27-19.39.03:573][  0]LogFileCache: Scanning file cache for directory 'C:/Users/ericf/Desktop/repos/Marine-Squad/Marine_Squad/Content/' took 0.02s
[2019.07.27-19.39.03:573][  0]LogCook: Display: Max memory allowance for cook 16384mb min free memory 0mb
[2019.07.27-19.39.03:573][  0]LogCook: Display: Mobile HDR setting 1
[2019.07.27-19.39.03:735][  0]SourceControl: Source control is disabled
[2019.07.27-19.39.03:735][  0]Cmd: MAP LOAD FILE="C:/Users/ericf/Desktop/repos/Marine-Squad/Marine_Squad/Content/StarterContent/Maps/Minimal_Default.umap" TEMPLATE=0 SHOWPROGRESS=1 FEATURELEVEL=3
[2019.07.27-19.39.03:735][  0]LightingResults: New page: Lighting Build
[2019.07.27-19.39.03:737][  0]MapCheck: New page: Map Check
[2019.07.27-19.39.03:737][  0]LightingResults: New page: Lighting Build
[2019.07.27-19.39.03:760][  0]LogUObjectHash: Compacting FUObjectHashTables data took   1.63ms
[2019.07.27-19.39.03:898][  0]LogAIModule: Creating AISystem for world Minimal_Default
[2019.07.27-19.39.03:905][  0]LogEditorServer: Finished looking for orphan Actors (0.000 secs)
[2019.07.27-19.39.03:930][  0]LogUObjectHash: Compacting FUObjectHashTables data took   2.01ms
[2019.07.27-19.39.03:930][  0]Cmd: MAP CHECKDEP NOCLEARLOG
[2019.07.27-19.39.03:930][  0]MapCheck: Map check complete: 0 Error(s), 0 Warning(s), took 0.166ms to complete.
[2019.07.27-19.39.03:930][  0]LogFileHelpers: Loading map 'Minimal_Default' took 0.196
[2019.07.27-19.39.04:039][  0]LogSlate: Updating window title bar state: overlay mode, drag disabled, window buttons hidden, title bar hidden
[2019.07.27-19.39.04:050][  0]LogSlate: Updating window title bar state: overlay mode, drag disabled, window buttons hidden, title bar hidden
[2019.07.27-19.39.04:058][  0]LogSlate: Updating window title bar state: overlay mode, drag disabled, window buttons hidden, title bar hidden
[2019.07.27-19.39.04:066][  0]LogSlate: Updating window title bar state: overlay mode, drag disabled, window buttons hidden, title bar hidden
[2019.07.27-19.39.04:082][  0]LogCollectionManager: Loaded 0 collections in 0.001609 seconds
[2019.07.27-19.39.04:097][  0]LogFileCache: Scanning file cache for directory 'C:/Users/ericf/Desktop/repos/Marine-Squad/Marine_Squad/Saved/Collections/' took 0.01s
[2019.07.27-19.39.04:097][  0]LogFileCache: Scanning file cache for directory 'C:/Users/ericf/Desktop/repos/Marine-Squad/Marine_Squad/Content/Developers/ericf/Collections/' took 0.00s
[2019.07.27-19.39.04:097][  0]LogFileCache: Scanning file cache for directory 'C:/Users/ericf/Desktop/repos/Marine-Squad/Marine_Squad/Content/Collections/' took 0.00s
[2019.07.27-19.39.04:097][  0]LogCollectionManager: Rebuilt the GUID cache for 0 collections in 0.000001 seconds
[2019.07.27-19.39.04:107][  0]LogContentBrowser: Native class hierarchy populated in 0.0090 seconds. Added 2735 classes and 664 folders.
[2019.07.27-19.39.04:112][  0]LogContentBrowser: Native class hierarchy updated for 'WidgetCarousel' in 0.0004 seconds. Added 0 classes and 0 folders.
[2019.07.27-19.39.04:114][  0]LogPakFile: Registered encryption key '00000000000000000000000000000000': 0 pak files mounted, 0 remain pending
[2019.07.27-19.39.04:114][  0]LogPakFile: Registered encryption key '00000000000000000000000000000000': 0 pak files mounted, 0 remain pending
[2019.07.27-19.39.04:115][  0]LogPakFile: Registered encryption key '00000000000000000000000000000000': 0 pak files mounted, 0 remain pending
[2019.07.27-19.39.04:115][  0]LogPakFile: Registered encryption key '00000000000000000000000000000000': 0 pak files mounted, 0 remain pending
[2019.07.27-19.39.04:116][  0]LogPakFile: Registered encryption key '00000000000000000000000000000000': 0 pak files mounted, 0 remain pending
[2019.07.27-19.39.04:116][  0]LogPakFile: Registered encryption key '00000000000000000000000000000000': 0 pak files mounted, 0 remain pending
[2019.07.27-19.39.04:117][  0]LogPakFile: Registered encryption key '00000000000000000000000000000000': 0 pak files mounted, 0 remain pending
[2019.07.27-19.39.04:117][  0]LogPakFile: Registered encryption key '00000000000000000000000000000000': 0 pak files mounted, 0 remain pending
[2019.07.27-19.39.04:118][  0]LogPakFile: Registered encryption key '00000000000000000000000000000000': 0 pak files mounted, 0 remain pending
[2019.07.27-19.39.04:118][  0]LogPakFile: Registered encryption key '00000000000000000000000000000000': 0 pak files mounted, 0 remain pending
[2019.07.27-19.39.04:119][  0]LogPakFile: Registered encryption key '00000000000000000000000000000000': 0 pak files mounted, 0 remain pending
[2019.07.27-19.39.04:119][  0]LogPakFile: Registered encryption key '00000000000000000000000000000000': 0 pak files mounted, 0 remain pending
[2019.07.27-19.39.04:120][  0]LogPakFile: Registered encryption key '00000000000000000000000000000000': 0 pak files mounted, 0 remain pending
[2019.07.27-19.39.04:120][  0]LogPakFile: Registered encryption key '00000000000000000000000000000000': 0 pak files mounted, 0 remain pending
[2019.07.27-19.39.04:121][  0]LogPakFile: Registered encryption key '00000000000000000000000000000000': 0 pak files mounted, 0 remain pending
[2019.07.27-19.39.04:121][  0]LogPakFile: Registered encryption key '00000000000000000000000000000000': 0 pak files mounted, 0 remain pending
[2019.07.27-19.39.04:122][  0]LogPakFile: Registered encryption key '00000000000000000000000000000000': 0 pak files mounted, 0 remain pending
[2019.07.27-19.39.04:122][  0]LogPakFile: Registered encryption key '00000000000000000000000000000000': 0 pak files mounted, 0 remain pending
[2019.07.27-19.39.04:123][  0]LogPakFile: Registered encryption key '00000000000000000000000000000000': 0 pak files mounted, 0 remain pending
[2019.07.27-19.39.04:123][  0]LogPakFile: Registered encryption key '00000000000000000000000000000000': 0 pak files mounted, 0 remain pending
[2019.07.27-19.39.04:124][  0]LogPakFile: Registered encryption key '00000000000000000000000000000000': 0 pak files mounted, 0 remain pending
[2019.07.27-19.39.04:124][  0]LogPakFile: Registered encryption key '00000000000000000000000000000000': 0 pak files mounted, 0 remain pending
[2019.07.27-19.39.04:125][  0]LogPakFile: Registered encryption key '00000000000000000000000000000000': 0 pak files mounted, 0 remain pending
[2019.07.27-19.39.04:125][  0]LogPakFile: Registered encryption key '00000000000000000000000000000000': 0 pak files mounted, 0 remain pending
[2019.07.27-19.39.04:125][  0]LogPakFile: Registered encryption key '00000000000000000000000000000000': 0 pak files mounted, 0 remain pending
[2019.07.27-19.39.04:126][  0]LogPakFile: Registered encryption key '00000000000000000000000000000000': 0 pak files mounted, 0 remain pending
[2019.07.27-19.39.04:157][  0]LogContentBrowser: Native class hierarchy updated for 'AddContentDialog' in 0.0005 seconds. Added 0 classes and 0 folders.
[2019.07.27-19.39.04:171][  0]LogSlate: Took 0.000298 seconds to synchronously load lazily loaded font '../../../Engine/Content/Slate/Fonts/Roboto-Regular.ttf' (155K)
[2019.07.27-19.39.04:175][  0]LogSlate: Took 0.000188 seconds to synchronously load lazily loaded font '../../../Engine/Content/Slate/Fonts/Roboto-Bold.ttf' (160K)
[2019.07.27-19.39.04:178][  0]LogSlate: Took 0.000189 seconds to synchronously load lazily loaded font '../../../Engine/Content/Editor/Slate/Fonts/FontAwesome.ttf' (139K)
[2019.07.27-19.39.04:234][  0]LogRenderer: Reallocating scene render targets to support 1904x936 Format 10 NumSamples 1 (Frame:1).
[2019.07.27-19.39.04:505][  0]LogContentBrowser: Native class hierarchy updated for 'HierarchicalLODOutliner' in 0.0005 seconds. Added 0 classes and 0 folders.
[2019.07.27-19.39.04:505][  0]LogLoad: (Engine Initialization) Total time: 15.31 seconds
[2019.07.27-19.39.04:505][  0]LogLoad: (Engine Initialization) Total Blueprint compile time: 0.00 seconds
[2019.07.27-19.39.04:516][  0]LogWindowsTextInputMethodSystem: Display: IME system now deactivated.
[2019.07.27-19.39.04:546][  0]LogAssetRegistry: Asset discovery search completed in 11.1705 seconds
[2019.07.27-19.39.04:548][  0]LogCollectionManager: Rebuilt the object cache for 0 collections in 0.000000 seconds (found 0 objects)
[2019.07.27-19.39.04:548][  0]LogCollectionManager: Fixed up redirectors for 0 collections in 0.000076 seconds (updated 0 objects)
[2019.07.27-19.39.04:550][  0]LogContentStreaming: Texture pool size now 1000 MB
[2019.07.27-19.39.13:434][374]LogEditorViewport: Clicking on Actor (LMB): BP_Sky_Sphere_C (BP_Sky_Sphere)
[2019.07.27-19.39.14:327][468]LogEditorViewport: Clicking on Actor (LMB): BP_Sky_Sphere_C (BP_Sky_Sphere)
[2019.07.27-19.39.15:769][634]LogSlate: FSceneViewport::OnFocusLost() reason 0
[2019.07.27-19.39.35:862][ 29]LogSlate: Took 0.000200 seconds to synchronously load lazily loaded font '../../../Engine/Content/Slate/Fonts/Roboto-Light.ttf' (167K)
[2019.07.27-19.39.35:912][ 29]LogSlate: Took 0.000272 seconds to synchronously load lazily loaded font '../../../Engine/Content/Slate/Fonts/Roboto-BoldCondensed.ttf' (158K)
[2019.07.27-19.46.02:639][231]LogUnrealEdMisc: Warning: Heartbeat event firing too frequently (0.000 sec). This should never happen. Something is wrong with the timer delegate!
[2019.07.27-19.46.02:639][231]LogUnrealEdMisc: Warning: Heartbeat event firing too frequently (0.000 sec). This should never happen. Something is wrong with the timer delegate!
[2019.07.27-19.46.02:640][231]LogUnrealEdMisc: Warning: Heartbeat event firing too frequently (0.000 sec). This should never happen. Something is wrong with the timer delegate!
[2019.07.27-19.46.02:640][231]LogUnrealEdMisc: Warning: Heartbeat event firing too frequently (0.001 sec). This should never happen. Something is wrong with the timer delegate!
[2019.07.27-19.46.04:521][444]LogUnrealEdMisc: Warning: Heartbeat event firing too frequently (1.881 sec). This should never happen. Something is wrong with the timer delegate!
[2019.07.27-19.46.16:453][846]Candidate modules for hot reload:
[2019.07.27-19.46.16:453][846]  Marine_Squad
[2019.07.27-19.46.16:453][846]Launching UnrealBuildTool... [Q:/UE_4.22/Engine/Binaries/DotNET/UnrealBuildTool.exe  -ModuleWithSuffix=Marine_Squad,5247 Win64 Development -TargetType=Editor -Project="C:/Users/ericf/Desktop/repos/Marine-Squad/Marine_Squad/Marine_Squad.uproject" "C:/Users/ericf/Desktop/repos/Marine-Squad/Marine_Squad/Marine_Squad.uproject"  -IgnoreJunk]
[2019.07.27-19.46.29:232][846]CompilerResultsLog: New page: Compilation - Jul 27, 2019, 9:46:29 AM
[2019.07.27-19.46.29:232][846]CompilerResultsLog: Using 'git status' to determine working set for adaptive non-unity build (C:\Users\ericf\Desktop\repos\Marine-Squad).
[2019.07.27-19.46.29:232][846]CompilerResultsLog: Creating makefile for Marine_SquadEditor (ini files are newer than makefile)
[2019.07.27-19.46.29:232][846]CompilerResultsLog: Parsing headers for Marine_SquadEditor
[2019.07.27-19.46.29:233][846]CompilerResultsLog:   Running UnrealHeaderTool "C:\Users\ericf\Desktop\repos\Marine-Squad\Marine_Squad\Marine_Squad.uproject" "C:\Users\ericf\Desktop\repos\Marine-Squad\Marine_Squad\Intermediate\Build\Win64\Marine_SquadEditor\Development\Marine_SquadEditor.uhtmanifest" -LogCmds="loginit warning, logexit warning, logdatabase error" -Unattended -WarningsAsErrors -installed
[2019.07.27-19.46.29:233][846]CompilerResultsLog: Reflection code generated for Marine_SquadEditor in 6.6375066 seconds
[2019.07.27-19.46.29:233][846]CompilerResultsLog: Using Visual Studio 2019 14.21.27702 toolchain (C:\Program Files (x86)\Microsoft Visual Studio\2019\BuildTools\VC\Tools\MSVC\14.21.27702) and Windows 10.0.17763.0 SDK (C:\Program Files (x86)\Windows Kits\10).
[2019.07.27-19.46.29:233][846]CompilerResultsLog: Building 6 actions with 4 processes...
[2019.07.27-19.46.29:233][846]CompilerResultsLog:   [1/6] Marine_Squad.init.gen.cpp
[2019.07.27-19.46.29:233][846]CompilerResultsLog:   [2/6] MarineSquadPlayerController.cpp
[2019.07.27-19.46.29:233][846]CompilerResultsLog:   [3/6] MarineSquadPlayerController.gen.cpp
[2019.07.27-19.46.29:233][846]CompilerResultsLog:   [4/6] UE4Editor-Marine_Squad-5247.lib
[2019.07.27-19.46.29:233][846]CompilerResultsLog:      Creating library C:\Users\ericf\Desktop\repos\Marine-Squad\Marine_Squad\Intermediate\Build\Win64\UE4Editor\Development\Marine_Squad\UE4Editor-Marine_Squad-5247.lib and object C:\Users\ericf\Desktop\repos\Marine-Squad\Marine_Squad\Intermediate\Build\Win64\UE4Editor\Development\Marine_Squad\UE4Editor-Marine_Squad-5247.exp
[2019.07.27-19.46.29:233][846]CompilerResultsLog:   [5/6] UE4Editor-Marine_Squad-5247.dll
[2019.07.27-19.46.29:233][846]CompilerResultsLog:      Creating library C:\Users\ericf\Desktop\repos\Marine-Squad\Marine_Squad\Intermediate\Build\Win64\UE4Editor\Development\Marine_Squad\UE4Editor-Marine_Squad-5247.suppressed.lib and object C:\Users\ericf\Desktop\repos\Marine-Squad\Marine_Squad\Intermediate\Build\Win64\UE4Editor\Development\Marine_Squad\UE4Editor-Marine_Squad-5247.suppressed.exp
[2019.07.27-19.46.29:233][846]CompilerResultsLog:   [6/6] Marine_SquadEditor.target
[2019.07.27-19.46.29:233][846]CompilerResultsLog: Total time in Parallel executor: 3.56 seconds
[2019.07.27-19.46.29:233][846]CompilerResultsLog: Total execution time: 12.66 seconds
[2019.07.27-19.46.29:233][846]LogMainFrame: MainFrame: Module compiling took 12.785 seconds
[2019.07.27-19.46.29:256][846]LogUObjectHash: Compacting FUObjectHashTables data took   0.85ms
[2019.07.27-19.46.29:290][846]LogClass: Could not find existing class MarineSquadPlayerController in package /Script/Marine_Squad for HotReload, assuming new class
[2019.07.27-19.46.29:298][846]LogContentBrowser: Native class hierarchy updated for 'Marine_Squad' in 0.0008 seconds. Added 3 classes and 4 folders.
[2019.07.27-19.46.29:301][846]Display: HotReload successful (0 functions remapped  0 scriptstructs remapped)
[2019.07.27-19.46.29:391][846]LogUObjectHash: Compacting FUObjectHashTables data took   1.25ms
[2019.07.27-19.46.29:405][846]LogContentBrowser: Native class hierarchy populated in 0.0099 seconds. Added 2736 classes and 665 folders.
[2019.07.27-19.46.29:406][846]Display: HotReload took 13.0s.
[2019.07.27-19.46.29:407][846]Warning: HotReload operation took 13.0s.
[2019.07.27-19.46.29:613][846]LogSlate: Window 'Add C++ Class' being destroyed
[2019.07.27-19.46.29:617][846]LogHotReload: New module detected: UE4Editor-Marine_Squad-5247.dll
[2019.07.27-19.46.29:642][847]LogHotReload: Starting Hot-Reload from IDE
[2019.07.27-19.46.29:694][847]LogUObjectHash: Compacting FUObjectHashTables data took   0.58ms
[2019.07.27-19.46.29:699][847]LogContentBrowser: Native class hierarchy updated for 'Marine_Squad' in 0.0010 seconds. Added 3 classes and 4 folders.
[2019.07.27-19.46.29:702][847]Display: HotReload successful (0 functions remapped  0 scriptstructs remapped)
[2019.07.27-19.46.29:723][847]LogUObjectHash: Compacting FUObjectHashTables data took   0.61ms
[2019.07.27-19.46.29:736][847]LogContentBrowser: Native class hierarchy populated in 0.0092 seconds. Added 2736 classes and 665 folders.
[2019.07.27-19.46.29:738][847]Display: HotReload took  0.1s.
[2019.07.27-19.47.05:309][801]LogSlate: Window 'Add C++ Class' being destroyed
[2019.07.27-19.47.06:591][942]LogUObjectHash: Compacting FUObjectHashTables data took   0.58ms
[2019.07.27-19.47.06:708][942]LogSavePackage: Moving 'C:/Users/ericf/Desktop/repos/Marine-Squad/Marine_Squad/Saved/Minimal_DefaultA90758F14513ADE0FE18B2A7EFB6BA11.tmp' to 'C:/Users/ericf/Desktop/repos/Marine-Squad/Marine_Squad/Content/StarterContent/Maps/Minimal_Default.umap'
[2019.07.27-19.47.06:815][942]LogSavePackage: Moving 'C:/Users/ericf/Desktop/repos/Marine-Squad/Marine_Squad/Saved/Minimal_Default_BuiltDataC7769423433CEDB866724FAA6536CCBD.tmp' to 'C:/Users/ericf/Desktop/repos/Marine-Squad/Marine_Squad/Content/StarterContent/Maps/Minimal_Default_BuiltData.uasset'
[2019.07.27-19.47.11:189][217]LogUObjectHash: Compacting FUObjectHashTables data took   1.50ms
[2019.07.27-19.47.11:240][217]LogSlate: Window 'Marine_Squad - Unreal Editor' being destroyed
[2019.07.27-19.47.11:241][217]LogWindowsTextInputMethodSystem: Display: IME system now deactivated.
[2019.07.27-19.47.11:453][218]Cmd: QUIT_EDITOR
[2019.07.27-19.47.11:484][218]LogExit: Preparing to exit.
[2019.07.27-19.47.12:538][218]LogExit: Editor shut down
[2019.07.27-19.47.12:538][218]LogExit: Transaction tracking system shut down
[2019.07.27-19.47.12:775][218]LogExit: Object subsystem successfully closed.
[2019.07.27-19.47.12:791][218]LogShaderCompilers: Display: Shaders left to compile 0
[2019.07.27-19.47.12:794][218]LogD3D11RHI: Shutdown
[2019.07.27-19.47.12:794][218]LogD3D11RHI: CleanupD3DDevice
[2019.07.27-19.47.12:794][218]LogRendererCore: FGlobalReadBuffer::ReleaseRHI
[2019.07.27-19.47.12:794][218]LogRendererCore: FGlobalDynamicReadBuffer::Cleanup()
[2019.07.27-19.47.12:794][218]LogRendererCore: FGlobalReadBuffer::ReleaseRHI
[2019.07.27-19.47.12:794][218]LogRendererCore: FGlobalDynamicReadBuffer::Cleanup()
[2019.07.27-19.47.12:794][218]LogRendererCore: FGlobalReadBuffer::ReleaseRHI
[2019.07.27-19.47.12:795][218]LogRendererCore: FGlobalDynamicReadBuffer::Cleanup()
[2019.07.27-19.47.12:873][218]LogD3D11RHI: ~FD3D11DynamicRHI
[2019.07.27-19.47.12:889][218]LogModuleManager: Shutting down and abandoning module Marine_Squad (646)
[2019.07.27-19.47.12:889][218]LogModuleManager: Shutting down and abandoning module HierarchicalLODOutliner (644)
[2019.07.27-19.47.12:889][218]LogModuleManager: Shutting down and abandoning module AddContentDialog (642)
[2019.07.27-19.47.12:889][218]LogModuleManager: Shutting down and abandoning module WidgetCarousel (641)
[2019.07.27-19.47.12:889][218]LogModuleManager: Shutting down and abandoning module EditorWidgets (638)
[2019.07.27-19.47.12:889][218]LogModuleManager: Shutting down and abandoning module CollectionManager (636)
[2019.07.27-19.47.12:889][218]LogModuleManager: Shutting down and abandoning module SceneOutliner (634)
[2019.07.27-19.47.12:889][218]LogModuleManager: Shutting down and abandoning module StatsViewer (632)
[2019.07.27-19.47.12:889][218]LogModuleManager: Shutting down and abandoning module FoliageEdit (630)
[2019.07.27-19.47.12:889][218]LogModuleManager: Shutting down and abandoning module LandscapeEditor (628)
[2019.07.27-19.47.12:889][218]LogModuleManager: Shutting down and abandoning module MeshPaintMode (626)
[2019.07.27-19.47.12:889][218]LogModuleManager: Shutting down and abandoning module SceneDepthPickerMode (624)
[2019.07.27-19.47.12:889][218]LogModuleManager: Shutting down and abandoning module ActorPickerMode (622)
[2019.07.27-19.47.12:889][218]LogModuleManager: Shutting down and abandoning module GeometryMode (620)
[2019.07.27-19.47.12:889][218]LogModuleManager: Shutting down and abandoning module TextureAlignMode (618)
[2019.07.27-19.47.12:889][218]LogModuleManager: Shutting down and abandoning module BspMode (616)
[2019.07.27-19.47.12:889][218]LogModuleManager: Shutting down and abandoning module PIEPreviewDeviceProfileSelector (614)
[2019.07.27-19.47.12:889][218]LogModuleManager: Shutting down and abandoning module SequenceRecorderSections (612)
[2019.07.27-19.47.12:889][218]LogModuleManager: Shutting down and abandoning module AutomationWorker (610)
[2019.07.27-19.47.12:890][218]LogModuleManager: Shutting down and abandoning module OculusMR (608)
[2019.07.27-19.47.12:890][218]LogModuleManager: Shutting down and abandoning module AudioCaptureEditor (606)
[2019.07.27-19.47.12:890][218]LogModuleManager: Shutting down and abandoning module MatineeToLevelSequence (604)
[2019.07.27-19.47.12:890][218]LogModuleManager: Shutting down and abandoning module LevelSequenceEditor (602)
[2019.07.27-19.47.12:890][218]LogModuleManager: Shutting down and abandoning module PlacementMode (601)
[2019.07.27-19.47.12:890][218]LogModuleManager: Shutting down and abandoning module MaterialEditor (600)
[2019.07.27-19.47.12:890][218]LogModuleManager: Shutting down and abandoning module ActorSequenceEditor (596)
[2019.07.27-19.47.12:890][218]LogModuleManager: Shutting down and abandoning module WmfMediaFactory (594)
[2019.07.27-19.47.12:890][218]LogModuleManager: Shutting down and abandoning module WmfMediaEditor (592)
[2019.07.27-19.47.12:890][218]LogModuleManager: Shutting down and abandoning module WebMMediaFactory (590)
[2019.07.27-19.47.12:890][218]LogModuleManager: Shutting down and abandoning module WebMMediaEditor (588)
[2019.07.27-19.47.12:890][218]LogModuleManager: Shutting down and abandoning module WebMMedia (586)
[2019.07.27-19.47.12:890][218]LogModuleManager: Shutting down and abandoning module MediaPlayerEditor (584)
[2019.07.27-19.47.12:890][218]LogModuleManager: Shutting down and abandoning module MediaCompositingEditor (582)
[2019.07.27-19.47.12:890][218]LogModuleManager: Shutting down and abandoning module SequenceRecorder (581)
[2019.07.27-19.47.12:890][218]LogModuleManager: Shutting down and abandoning module OpenExrWrapper (578)
[2019.07.27-19.47.12:890][218]LogModuleManager: Shutting down and abandoning module ImgMediaFactory (576)
[2019.07.27-19.47.12:890][218]LogModuleManager: Shutting down and abandoning module ImgMediaEditor (574)
[2019.07.27-19.47.12:890][218]LogModuleManager: Shutting down and abandoning module AvfMediaFactory (572)
[2019.07.27-19.47.12:890][218]LogModuleManager: Shutting down and abandoning module AvfMediaEditor (570)
[2019.07.27-19.47.12:890][218]LogModuleManager: Shutting down and abandoning module AndroidMediaFactory (568)
[2019.07.27-19.47.12:890][218]LogModuleManager: Shutting down and abandoning module AndroidMediaEditor (566)
[2019.07.27-19.47.12:890][218]LogModuleManager: Shutting down and abandoning module MagicLeapCameraPreviewFactory (564)
[2019.07.27-19.47.12:890][218]LogModuleManager: Shutting down and abandoning module MagicLeapMediaCodecFactory (562)
[2019.07.27-19.47.12:890][218]LogModuleManager: Shutting down and abandoning module MagicLeapMediaFactory (560)
[2019.07.27-19.47.12:890][218]LogModuleManager: Shutting down and abandoning module MagicLeapMediaEditor (558)
[2019.07.27-19.47.12:890][218]LogModuleManager: Shutting down and abandoning module CharacterAI (556)
[2019.07.27-19.47.12:890][218]LogModuleManager: Shutting down and abandoning module SmartSnapping (554)
[2019.07.27-19.47.12:890][218]LogModuleManager: Shutting down and abandoning module SessionServices (552)
[2019.07.27-19.47.12:890][218]LogModuleManager: Shutting down and abandoning module MeshPaint (550)
[2019.07.27-19.47.12:890][218]LogModuleManager: Shutting down and abandoning module ViewportSnapping (548)
[2019.07.27-19.47.12:890][218]LogModuleManager: Shutting down and abandoning module ViewportInteraction (546)
[2019.07.27-19.47.12:890][218]LogModuleManager: Shutting down and abandoning module ClothPainter (544)
[2019.07.27-19.47.12:890][218]LogModuleManager: Shutting down and abandoning module SkeletalMeshEditor (543)
[2019.07.27-19.47.12:890][218]LogModuleManager: Shutting down and abandoning module LogVisualizer (540)
[2019.07.27-19.47.12:890][218]LogModuleManager: Shutting down and abandoning module IntroTutorials (538)
[2019.07.27-19.47.12:891][218]LogModuleManager: Shutting down and abandoning module GameProjectGeneration (537)
[2019.07.27-19.47.12:891][218]LogModuleManager: Shutting down and abandoning module LuminPlatformEditor (534)
[2019.07.27-19.47.12:891][218]LogModuleManager: Shutting down and abandoning module IOSPlatformEditor (532)
[2019.07.27-19.47.12:891][218]LogModuleManager: Shutting down and abandoning module HTML5PlatformEditor (530)
[2019.07.27-19.47.12:891][218]LogModuleManager: Shutting down and abandoning module AndroidPlatformEditor (528)
[2019.07.27-19.47.12:891][218]LogModuleManager: Shutting down and abandoning module AndroidDeviceDetection (527)
[2019.07.27-19.47.13:680][218]LogModuleManager: Shutting down and abandoning module WindowsPlatformEditor (524)
[2019.07.27-19.47.13:680][218]LogModuleManager: Shutting down and abandoning module LuminRuntimeSettings (522)
[2019.07.27-19.47.13:680][218]LogModuleManager: Shutting down and abandoning module IOSRuntimeSettings (520)
[2019.07.27-19.47.13:680][218]LogModuleManager: Shutting down and abandoning module AndroidRuntimeSettings (518)
[2019.07.27-19.47.13:680][218]LogModuleManager: Shutting down and abandoning module TimeManagementEditor (516)
[2019.07.27-19.47.13:680][218]LogModuleManager: Shutting down and abandoning module InputBindingEditor (514)
[2019.07.27-19.47.13:680][218]LogModuleManager: Shutting down and abandoning module MergeActors (512)
[2019.07.27-19.47.13:680][218]LogModuleManager: Shutting down and abandoning module LocalizationDashboard (510)
[2019.07.27-19.47.13:681][218]LogModuleManager: Shutting down and abandoning module LocalizationService (509)
[2019.07.27-19.47.13:681][218]LogModuleManager: Shutting down and abandoning module HardwareTargeting (506)
[2019.07.27-19.47.13:681][218]LogModuleManager: Shutting down and abandoning module DeviceProfileEditor (504)
[2019.07.27-19.47.13:681][218]LogModuleManager: Shutting down and abandoning module UndoHistory (502)
[2019.07.27-19.47.13:681][218]LogModuleManager: Shutting down and abandoning module XmlParser (500)
[2019.07.27-19.47.13:681][218]LogModuleManager: Shutting down and abandoning module Blutility (498)
[2019.07.27-19.47.13:681][218]LogModuleManager: Shutting down and abandoning module ProjectSettingsViewer (496)
[2019.07.27-19.47.13:681][218]LogModuleManager: Shutting down and abandoning module ProjectTargetPlatformEditor (495)
[2019.07.27-19.47.13:682][218]LogModuleManager: Shutting down and abandoning module EditorSettingsViewer (492)
[2019.07.27-19.47.13:682][218]LogModuleManager: Shutting down and abandoning module SettingsEditor (490)
[2019.07.27-19.47.13:682][218]LogModuleManager: Shutting down and abandoning module ProjectLauncher (488)
[2019.07.27-19.47.13:682][218]LogModuleManager: Shutting down and abandoning module SessionFrontend (486)
[2019.07.27-19.47.13:682][218]LogModuleManager: Shutting down and abandoning module ProfilerClient (484)
[2019.07.27-19.47.13:682][218]LogModuleManager: Shutting down and abandoning module DeviceManager (482)
[2019.07.27-19.47.13:682][218]LogModuleManager: Shutting down and abandoning module TargetDeviceServices (481)
[2019.07.27-19.47.13:727][218]LogModuleManager: Shutting down and abandoning module AutomationController (478)
[2019.07.27-19.47.13:727][218]LogModuleManager: Shutting down and abandoning module AutomationWindow (476)
[2019.07.27-19.47.13:727][218]LogModuleManager: Shutting down and abandoning module Layers (474)
[2019.07.27-19.47.13:727][218]LogModuleManager: Shutting down and abandoning module ComponentVisualizers (472)
[2019.07.27-19.47.13:727][218]LogModuleManager: Shutting down and abandoning module DetailCustomizations (470)
[2019.07.27-19.47.13:728][218]LogModuleManager: Shutting down and abandoning module PackagesDialog (468)
[2019.07.27-19.47.13:728][218]LogModuleManager: Shutting down and abandoning module AnimationBlueprintEditor (466)
[2019.07.27-19.47.13:728][218]LogModuleManager: Shutting down and abandoning module Persona (464)
[2019.07.27-19.47.13:728][218]LogModuleManager: Shutting down and abandoning module AdvancedPreviewScene (463)
[2019.07.27-19.47.13:728][218]LogModuleManager: Shutting down and abandoning module AnimGraph (461)
[2019.07.27-19.47.13:728][218]LogModuleManager: Shutting down and abandoning module Kismet (458)
[2019.07.27-19.47.13:729][218]LogModuleManager: Shutting down and abandoning module GraphEditor (456)
[2019.07.27-19.47.13:729][218]LogModuleManager: Shutting down and abandoning module ClassViewer (454)
[2019.07.27-19.47.13:736][218]LogModuleManager: Shutting down and abandoning module Toolbox (452)
[2019.07.27-19.47.13:736][218]LogModuleManager: Shutting down and abandoning module DesktopPlatform (451)
[2019.07.27-19.47.13:736][218]LogModuleManager: Shutting down and abandoning module ModuleUI (448)
[2019.07.27-19.47.13:736][218]LogModuleManager: Shutting down and abandoning module MovieSceneTools (446)
[2019.07.27-19.47.13:736][218]LogModuleManager: Shutting down and abandoning module OutputLog (444)
[2019.07.27-19.47.13:736][218]LogModuleManager: Shutting down and abandoning module GammaUI (442)
[2019.07.27-19.47.13:736][218]LogModuleManager: Shutting down and abandoning module Documentation (440)
[2019.07.27-19.47.13:737][218]LogModuleManager: Shutting down and abandoning module LiveCoding (438)
[2019.07.27-19.47.13:737][218]LogModuleManager: Shutting down and abandoning module LevelSequence (436)
[2019.07.27-19.47.13:737][218]LogModuleManager: Shutting down and abandoning module MovieSceneTracks (434)
[2019.07.27-19.47.13:737][218]LogModuleManager: Shutting down and abandoning module MovieScene (432)
[2019.07.27-19.47.13:737][218]LogModuleManager: Shutting down and abandoning module StreamingPauseRendering (430)
[2019.07.27-19.47.13:737][218]LogModuleManager: Shutting down and abandoning module LauncherPlatform (428)
[2019.07.27-19.47.13:737][218]LogModuleManager: Shutting down and abandoning module AnalyticsET (426)
[2019.07.27-19.47.13:737][218]LogModuleManager: Shutting down and abandoning module PortalServices (424)
[2019.07.27-19.47.13:737][218]LogModuleManager: Shutting down and abandoning module PortalRpc (422)
[2019.07.27-19.47.13:737][218]LogModuleManager: Shutting down and abandoning module MessagingRpc (420)
[2019.07.27-19.47.13:737][218]LogModuleManager: Shutting down and abandoning module AIModule (418)
[2019.07.27-19.47.13:738][218]LogModuleManager: Shutting down and abandoning module GameplayDebugger (417)
[2019.07.27-19.47.13:738][218]LogModuleManager: Shutting down and abandoning module AITestSuite (415)
[2019.07.27-19.47.13:738][218]LogModuleManager: Shutting down and abandoning module NavigationSystem (413)
[2019.07.27-19.47.13:738][218]LogModuleManager: Shutting down and abandoning module ImageWriteQueue (410)
[2019.07.27-19.47.13:748][218]LogModuleManager: Shutting down and abandoning module ProfilerService (408)
[2019.07.27-19.47.13:943][218]LogModuleManager: Shutting down and abandoning module TaskGraph (406)
[2019.07.27-19.47.13:943][218]LogModuleManager: Shutting down and abandoning module SteamVRController (404)
[2019.07.27-19.47.13:943][218]LogModuleManager: Shutting down and abandoning module ProceduralMeshComponentEditor (402)
[2019.07.27-19.47.13:943][218]LogModuleManager: Shutting down and abandoning module ProceduralMeshComponent (400)
[2019.07.27-19.47.13:943][218]LogModuleManager: Shutting down and abandoning module OculusEditor (398)
[2019.07.27-19.47.13:943][218]LogModuleManager: Shutting down and abandoning module OculusInput (396)
[2019.07.27-19.47.13:943][218]LogModuleManager: Shutting down and abandoning module MobilePatchingUtils (394)
[2019.07.27-19.47.13:943][218]LogModuleManager: Shutting down and abandoning module EditableMesh (392)
[2019.07.27-19.47.13:943][218]LogModuleManager: Shutting down and abandoning module CustomMeshComponent (390)
[2019.07.27-19.47.13:943][218]LogModuleManager: Shutting down and abandoning module CableComponent (388)
[2019.07.27-19.47.13:943][218]LogModuleManager: Shutting down and abandoning module AudioCapture (386)
[2019.07.27-19.47.13:943][218]LogModuleManager: Shutting down and abandoning module ArchVisCharacter (384)
[2019.07.27-19.47.13:943][218]LogModuleManager: Shutting down and abandoning module AndroidPermission (382)
[2019.07.27-19.47.13:943][218]LogModuleManager: Shutting down and abandoning module NUTUnrealEngine4 (380)
[2019.07.27-19.47.13:943][218]LogModuleManager: Shutting down and abandoning module NetcodeUnitTest (378)
[2019.07.27-19.47.13:943][218]LogModuleManager: Shutting down and abandoning module MediaCompositing (376)
[2019.07.27-19.47.13:943][218]LogModuleManager: Shutting down and abandoning module LinearTimecode (374)
[2019.07.27-19.47.13:944][218]LogModuleManager: Shutting down and abandoning module ImgMedia (372)
[2019.07.27-19.47.13:944][218]LogModuleManager: Shutting down and abandoning module MagicLeapHelperVulkan (370)
[2019.07.27-19.47.13:944][218]LogModuleManager: Shutting down and abandoning module MagicLeapHelperOpenGL (368)
[2019.07.27-19.47.13:944][218]LogModuleManager: Shutting down and abandoning module MagicLeapAudio (366)
[2019.07.27-19.47.13:944][218]LogModuleManager: Shutting down and abandoning module HTML5Networking (364)
[2019.07.27-19.47.13:944][218]LogModuleManager: Shutting down and abandoning module GeometryCacheTracks (362)
[2019.07.27-19.47.13:944][218]LogModuleManager: Shutting down and abandoning module GeometryCacheSequencer (360)
[2019.07.27-19.47.13:944][218]LogModuleManager: Shutting down and abandoning module BackChannel (358)
[2019.07.27-19.47.13:944][218]LogModuleManager: Shutting down and abandoning module AppleVision (356)
[2019.07.27-19.47.13:944][218]LogModuleManager: Shutting down and abandoning module AppleImageUtilsBlueprintSupport (354)
[2019.07.27-19.47.13:944][218]LogModuleManager: Shutting down and abandoning module AppleImageUtils (352)
[2019.07.27-19.47.13:944][218]LogModuleManager: Shutting down and abandoning module AlembicImporter (350)
[2019.07.27-19.47.13:944][218]LogModuleManager: Shutting down and abandoning module AlembicLibrary (349)
[2019.07.27-19.47.13:944][218]LogModuleManager: Shutting down and abandoning module GeometryCache (348)
[2019.07.27-19.47.13:944][218]LogModuleManager: Shutting down and abandoning module GeometryCacheEd (347)
[2019.07.27-19.47.13:944][218]LogModuleManager: Shutting down and abandoning module VariantManagerContent (342)
[2019.07.27-19.47.13:944][218]LogModuleManager: Shutting down and abandoning module DatasmithContentEditor (340)
[2019.07.27-19.47.13:944][218]LogModuleManager: Shutting down and abandoning module SpeedTreeImporter (338)
[2019.07.27-19.47.13:944][218]LogModuleManager: Shutting down and abandoning module PluginBrowser (336)
[2019.07.27-19.47.13:944][218]LogModuleManager: Shutting down and abandoning module MobileLauncherProfileWizard (334)
[2019.07.27-19.47.13:944][218]LogModuleManager: Shutting down and abandoning module MaterialAnalyzer (332)
[2019.07.27-19.47.13:944][218]LogModuleManager: Shutting down and abandoning module CryptoKeysOpenSSL (330)
[2019.07.27-19.47.13:944][218]LogModuleManager: Shutting down and abandoning module CryptoKeys (328)
[2019.07.27-19.47.13:944][218]LogModuleManager: Shutting down and abandoning module VisualStudioSourceCodeAccess (326)
[2019.07.27-19.47.13:945][218]LogModuleManager: Shutting down and abandoning module VisualStudioCodeSourceCodeAccess (324)
[2019.07.27-19.47.13:945][218]LogModuleManager: Shutting down and abandoning module UObjectPlugin (322)
[2019.07.27-19.47.13:945][218]LogModuleManager: Shutting down and abandoning module SubversionSourceControl (320)
[2019.07.27-19.47.13:945][218]LogModuleManager: Shutting down and abandoning module PerforceSourceControl (318)
[2019.07.27-19.47.13:945][218]LogModuleManager: Shutting down and abandoning module GitSourceControl (316)
[2019.07.27-19.47.13:945][218]LogModuleManager: Shutting down and abandoning module SourceControl (315)
[2019.07.27-19.47.13:945][218]LogModuleManager: Shutting down and abandoning module CLionSourceCodeAccess (312)
[2019.07.27-19.47.13:945][218]LogModuleManager: Shutting down and abandoning module AnimationSharingEd (310)
[2019.07.27-19.47.13:945][218]LogModuleManager: Shutting down and abandoning module ActorLayerUtilitiesEditor (308)
[2019.07.27-19.47.13:945][218]LogModuleManager: Shutting down and abandoning module ActorLayerUtilities (306)
[2019.07.27-19.47.13:945][218]LogModuleManager: Shutting down and abandoning module LightPropagationVolumeEditor (304)
[2019.07.27-19.47.13:945][218]LogModuleManager: Shutting down and abandoning module PaperTiledImporter (302)
[2019.07.27-19.47.13:945][218]LogModuleManager: Shutting down and abandoning module PaperSpriteSheetImporter (300)
[2019.07.27-19.47.13:945][218]LogModuleManager: Shutting down and abandoning module Paper2DEditor (298)
[2019.07.27-19.47.13:945][218]LogModuleManager: Shutting down and abandoning module SignificanceManager (294)
[2019.07.27-19.47.13:945][218]LogModuleManager: Shutting down and abandoning module RuntimePhysXCooking (292)
[2019.07.27-19.47.13:945][218]LogModuleManager: Shutting down and abandoning module PhysXVehiclesEditor (290)
[2019.07.27-19.47.13:945][218]LogModuleManager: Shutting down and abandoning module PhysXVehicles (288)
[2019.07.27-19.47.13:945][218]LogModuleManager: Shutting down and abandoning module LocationServicesBPLibrary (286)
[2019.07.27-19.47.13:945][218]LogModuleManager: Shutting down and abandoning module ActorSequence (284)
[2019.07.27-19.47.13:945][218]LogModuleManager: Shutting down and abandoning module UdpMessaging (282)
[2019.07.27-19.47.14:046][218]LogModuleManager: Shutting down and abandoning module TcpMessaging (280)
[2019.07.27-19.47.14:158][218]LogModuleManager: Shutting down and abandoning module MagicLeapIdentity (278)
[2019.07.27-19.47.14:158][218]LogModuleManager: Shutting down and abandoning module MagicLeapSecureStorage (276)
[2019.07.27-19.47.14:158][218]LogModuleManager: Shutting down and abandoning module MagicLeapHandTracking (274)
[2019.07.27-19.47.14:158][218]LogModuleManager: Shutting down and abandoning module MagicLeapEyeTracker (272)
[2019.07.27-19.47.14:158][218]LogModuleManager: Shutting down and abandoning module MagicLeapController (270)
[2019.07.27-19.47.14:158][218]LogSlate: Slate User Destroyed.  User Index 0, Is Virtual User: 0
[2019.07.27-19.47.14:158][218]LogModuleManager: Shutting down and abandoning module MagicLeapAR (268)
[2019.07.27-19.47.14:158][218]LogModuleManager: Shutting down and abandoning module AugmentedReality (267)
[2019.07.27-19.47.14:158][218]LogModuleManager: Shutting down and abandoning module GameplayTagsEditor (264)
[2019.07.27-19.47.14:158][218]LogModuleManager: Shutting down and abandoning module FacialAnimationEditor (262)
[2019.07.27-19.47.14:158][218]LogModuleManager: Shutting down and abandoning module FacialAnimation (260)
[2019.07.27-19.47.14:158][218]LogModuleManager: Shutting down and abandoning module DataValidation (258)
[2019.07.27-19.47.14:158][218]LogModuleManager: Shutting down and abandoning module AssetManagerEditor (256)
[2019.07.27-19.47.14:158][218]LogModuleManager: Shutting down and abandoning module LevelEditor (255)
[2019.07.27-19.47.14:159][218]LogModuleManager: Shutting down and abandoning module PixelInspectorModule (254)
[2019.07.27-19.47.14:159][218]LogModuleManager: Shutting down and abandoning module CommonMenuExtensions (252)
[2019.07.27-19.47.14:159][218]LogModuleManager: Shutting down and abandoning module MainFrame (250)
[2019.07.27-19.47.14:159][218]LogModuleManager: Shutting down and abandoning module HotReload (249)
[2019.07.27-19.47.14:160][218]LogModuleManager: Shutting down and abandoning module ContentBrowser (245)
[2019.07.27-19.47.14:161][218]LogModuleManager: Shutting down and abandoning module TreeMap (243)
[2019.07.27-19.47.14:161][218]LogModuleManager: Shutting down and abandoning module AnimationSharing (240)
[2019.07.27-19.47.14:161][218]LogModuleManager: Shutting down and abandoning module LightPropagationVolumeRuntime (238)
[2019.07.27-19.47.14:161][218]LogModuleManager: Shutting down and abandoning module AISupportModule (236)
[2019.07.27-19.47.14:161][218]LogModuleManager: Shutting down and abandoning module Paper2D (234)
[2019.07.27-19.47.14:161][218]LogModuleManager: Shutting down and abandoning module WindowsMoviePlayer (232)
[2019.07.27-19.47.14:161][218]LogModuleManager: Shutting down and abandoning module WebMMoviePlayer (230)
[2019.07.27-19.47.14:161][218]LogModuleManager: Shutting down and abandoning module PacketHandler (228)
[2019.07.27-19.47.14:161][218]LogModuleManager: Shutting down and abandoning module ClothingSystemEditor (226)
[2019.07.27-19.47.14:161][218]LogModuleManager: Shutting down and abandoning module ClothingSystemRuntime (224)
[2019.07.27-19.47.14:161][218]LogModuleManager: Shutting down and abandoning module MediaAssets (222)
[2019.07.27-19.47.14:161][218]LogModuleManager: Shutting down and abandoning module Overlay (220)
[2019.07.27-19.47.14:161][218]LogModuleManager: Shutting down and abandoning module OverlayEditor (219)
[2019.07.27-19.47.14:161][218]LogModuleManager: Shutting down and abandoning module VREditor (216)
[2019.07.27-19.47.14:161][218]LogModuleManager: Shutting down and abandoning module StringTableEditor (214)
[2019.07.27-19.47.14:161][218]LogModuleManager: Shutting down and abandoning module GameplayTasksEditor (212)
[2019.07.27-19.47.14:161][218]LogModuleManager: Shutting down and abandoning module BehaviorTreeEditor (210)
[2019.07.27-19.47.14:161][218]LogModuleManager: Shutting down and abandoning module FunctionalTesting (208)
[2019.07.27-19.47.14:161][218]LogModuleManager: Shutting down and abandoning module CollisionAnalyzer (206)
[2019.07.27-19.47.14:161][218]LogModuleManager: Shutting down and abandoning module WorkspaceMenuStructure (205)
[2019.07.27-19.47.14:161][218]LogModuleManager: Shutting down and abandoning module UMG (202)
[2019.07.27-19.47.14:161][218]LogModuleManager: Shutting down and abandoning module UMGEditor (201)
[2019.07.27-19.47.14:161][218]LogModuleManager: Shutting down and abandoning module Sequencer (200)
[2019.07.27-19.47.14:161][218]LogModuleManager: Shutting down and abandoning module MessageLog (197)
[2019.07.27-19.47.14:161][218]LogModuleManager: Shutting down and abandoning module SlateReflector (192)
[2019.07.27-19.47.14:161][218]LogModuleManager: Shutting down and abandoning module Slate (190)
[2019.07.27-19.47.14:161][218]LogModuleManager: Shutting down and abandoning module EditorStyle (188)
[2019.07.27-19.47.14:163][218]LogModuleManager: Shutting down and abandoning module UnrealEd (186)
[2019.07.27-19.47.14:163][218]LogModuleManager: Shutting down and abandoning module MRMesh (184)
[2019.07.27-19.47.14:163][218]LogModuleManager: Shutting down and abandoning module SourceCodeAccess (182)
[2019.07.27-19.47.14:163][218]LogModuleManager: Shutting down and abandoning module HeadMountedDisplay (180)
[2019.07.27-19.47.14:163][218]LogModuleManager: Shutting down and abandoning module XAudio2 (178)
[2019.07.27-19.47.14:163][218]LogModuleManager: Shutting down and abandoning module Networking (176)
[2019.07.27-19.47.14:163][218]LogModuleManager: Shutting down and abandoning module Core (174)
[2019.07.27-19.47.14:163][218]LogModuleManager: Shutting down and abandoning module KismetCompiler (172)
[2019.07.27-19.47.14:163][218]LogModuleManager: Shutting down and abandoning module MeshUtilities (170)
[2019.07.27-19.47.14:163][218]LogModuleManager: Shutting down and abandoning module MeshMergeUtilities (169)
[2019.07.27-19.47.14:163][218]LogModuleManager: Shutting down and abandoning module MeshReductionInterface (168)
[2019.07.27-19.47.14:163][218]LogModuleManager: Shutting down and abandoning module SkeletalMeshReduction (167)
[2019.07.27-19.47.14:163][218]LogModuleManager: Shutting down and abandoning module ProxyLODMeshReduction (165)
[2019.07.27-19.47.14:163][218]LogModuleManager: Shutting down and abandoning module QuadricMeshReduction (163)
[2019.07.27-19.47.14:163][218]LogModuleManager: Shutting down and abandoning module MaterialBaking (159)
[2019.07.27-19.47.14:163][218]LogModuleManager: Shutting down and abandoning module DerivedDataCache (154)
[2019.07.27-19.47.14:184][218]LogDerivedDataCache: Shutdown
[2019.07.27-19.47.14:184][218]LogModuleManager: Shutting down and abandoning module XGEController (152)
[2019.07.27-19.47.14:184][218]LogModuleManager: Shutting down and abandoning module TargetPlatform (150)
[2019.07.27-19.47.14:184][218]LogModuleManager: Shutting down and abandoning module VulkanShaderFormat (149)
[2019.07.27-19.47.14:184][218]LogModuleManager: Shutting down and abandoning module ShaderFormatVectorVM (147)
[2019.07.27-19.47.14:184][218]LogModuleManager: Shutting down and abandoning module ShaderFormatOpenGL (145)
[2019.07.27-19.47.14:184][218]LogModuleManager: Shutting down and abandoning module ShaderFormatD3D (143)
[2019.07.27-19.47.14:184][218]LogModuleManager: Shutting down and abandoning module MetalShaderFormat (141)
[2019.07.27-19.47.14:184][218]LogModuleManager: Shutting down and abandoning module TextureFormatUncompressed (139)
[2019.07.27-19.47.14:184][218]LogModuleManager: Shutting down and abandoning module TextureFormatPVR (137)
[2019.07.27-19.47.14:184][218]LogModuleManager: Shutting down and abandoning module TextureFormatDXT (135)
[2019.07.27-19.47.14:184][218]LogModuleManager: Shutting down and abandoning module TextureFormatIntelISPCTexComp (133)
[2019.07.27-19.47.14:184][218]LogModuleManager: Shutting down and abandoning module TextureFormatASTC (131)
[2019.07.27-19.47.14:184][218]LogModuleManager: Shutting down and abandoning module ImageWrapper (130)
[2019.07.27-19.47.14:184][218]LogModuleManager: Shutting down and abandoning module TextureFormatAndroid (127)
[2019.07.27-19.47.14:184][218]LogModuleManager: Shutting down and abandoning module AudioFormatOpus (125)
[2019.07.27-19.47.14:184][218]LogModuleManager: Shutting down and abandoning module AudioFormatOgg (123)
[2019.07.27-19.47.14:184][218]LogModuleManager: Shutting down and abandoning module AudioFormatADPCM (121)
[2019.07.27-19.47.14:184][218]LogModuleManager: Shutting down and abandoning module LuminTargetPlatform (119)
[2019.07.27-19.47.14:185][218]LogModuleManager: Shutting down and abandoning module LinuxTargetPlatform (117)
[2019.07.27-19.47.14:185][218]LogModuleManager: Shutting down and abandoning module LinuxServerTargetPlatform (115)
[2019.07.27-19.47.14:185][218]LogModuleManager: Shutting down and abandoning module LinuxNoEditorTargetPlatform (113)
[2019.07.27-19.47.14:185][218]LogModuleManager: Shutting down and abandoning module LinuxClientTargetPlatform (111)
[2019.07.27-19.47.14:185][218]LogModuleManager: Shutting down and abandoning module TVOSTargetPlatform (109)
[2019.07.27-19.47.14:186][218]LogModuleManager: Shutting down and abandoning module Messaging (107)
[2019.07.27-19.47.14:186][218]LogModuleManager: Shutting down and abandoning module IOSTargetPlatform (105)
[2019.07.27-19.47.14:187][218]LogModuleManager: Shutting down and abandoning module HTML5TargetPlatform (103)
[2019.07.27-19.47.14:187][218]LogModuleManager: Shutting down and abandoning module AndroidTargetPlatform (101)
[2019.07.27-19.47.14:193][218]LogModuleManager: Shutting down and abandoning module WindowsTargetPlatform (99)
[2019.07.27-19.47.14:193][218]LogModuleManager: Shutting down and abandoning module WindowsServerTargetPlatform (97)
[2019.07.27-19.47.14:193][218]LogModuleManager: Shutting down and abandoning module WindowsNoEditorTargetPlatform (95)
[2019.07.27-19.47.14:193][218]LogModuleManager: Shutting down and abandoning module WindowsClientTargetPlatform (93)
[2019.07.27-19.47.14:193][218]LogModuleManager: Shutting down and abandoning module MacTargetPlatform (91)
[2019.07.27-19.47.14:193][218]LogModuleManager: Shutting down and abandoning module MacServerTargetPlatform (89)
[2019.07.27-19.47.14:193][218]LogModuleManager: Shutting down and abandoning module MacNoEditorTargetPlatform (87)
[2019.07.27-19.47.14:193][218]LogModuleManager: Shutting down and abandoning module MacClientTargetPlatform (85)
[2019.07.27-19.47.14:193][218]LogModuleManager: Shutting down and abandoning module AllDesktopTargetPlatform (83)
[2019.07.27-19.47.14:193][218]LogModuleManager: Shutting down and abandoning module InputCore (80)
[2019.07.27-19.47.14:193][218]LogModuleManager: Shutting down and abandoning module Settings (78)
[2019.07.27-19.47.14:193][218]LogModuleManager: Shutting down and abandoning module DirectoryWatcher (76)
[2019.07.27-19.47.14:193][218]LogModuleManager: Shutting down and abandoning module PhysXCooking (74)
[2019.07.27-19.47.14:193][218]LogModuleManager: Shutting down and abandoning module SteamVR (72)
[2019.07.27-19.47.14:193][218]LogHMD: Freeing OpenVRDLLHandle.
[2019.07.27-19.47.14:193][218]LogModuleManager: Shutting down and abandoning module OculusHMD (70)
[2019.07.27-19.47.14:193][218]LogModuleManager: Shutting down and abandoning module ExampleDeviceProfileSelector (68)
[2019.07.27-19.47.14:193][218]LogModuleManager: Shutting down and abandoning module LauncherChunkInstaller (66)
[2019.07.27-19.47.14:193][218]LogModuleManager: Shutting down and abandoning module OnlineBlueprintSupport (64)
[2019.07.27-19.47.14:193][218]LogModuleManager: Shutting down and abandoning module OnlineSubsystem (60)
[2019.07.27-19.47.14:194][218]LogModuleManager: Shutting down and abandoning module XMPP (55)
[2019.07.27-19.47.14:194][218]LogModuleManager: Shutting down and abandoning module WebSockets (54)
[2019.07.27-19.47.14:210][218]LogModuleManager: Shutting down and abandoning module HTTP (51)
[2019.07.27-19.47.14:210][218]LogHttp: Display: Http module shutting down, but needs to wait on 1 outstanding Http requests:
[2019.07.27-19.47.14:210][218]LogHttp: Display: 	verb=[POST] url=[https://datarouter.ol.epicgames.com/datarouter/api/v1/public/data?SessionID=%7B8E4AA42A-46B9-4426-CA5C-86BE88A16C2C%7D&AppID=UEEditor.Rocket.Release&AppVersion=4.22.3-7053642%2B%2B%2BUE4%2BRelease-4.22&UserID=ae86788d4134fa5a137890a720085a6a%7Cd88d58051a9d4fcda47cc07864505d95%7C623e5266-bd3d-4d5d-a1dd-fac30eb961f2&AppEnvironment=datacollector-binary&UploadType=eteventstream] status=Processing
[2019.07.27-19.47.14:214][218]LogModuleManager: Shutting down and abandoning module SSL (50)
[2019.07.27-19.47.14:217][218]LogModuleManager: Shutting down and abandoning module WmfMedia (46)
[2019.07.27-19.47.14:222][218]LogModuleManager: Shutting down and abandoning module Media (45)
[2019.07.27-19.47.14:228][218]LogModuleManager: Shutting down and abandoning module MagicLeap (42)
[2019.07.27-19.47.14:228][218]LogModuleManager: Shutting down and abandoning module DatasmithContent (40)
[2019.07.27-19.47.14:229][218]LogModuleManager: Shutting down and abandoning module AnimationModifiers (38)
[2019.07.27-19.47.14:229][218]LogModuleManager: Shutting down and abandoning module PropertyEditor (37)
[2019.07.27-19.47.14:229][218]LogModuleManager: Shutting down and abandoning module AudioEditor (34)
[2019.07.27-19.47.14:229][218]LogModuleManager: Shutting down and abandoning module TextureCompressor (32)
[2019.07.27-19.47.14:229][218]LogModuleManager: Shutting down and abandoning module RenderCore (30)
[2019.07.27-19.47.14:230][218]LogModuleManager: Shutting down and abandoning module Landscape (28)
[2019.07.27-19.47.14:230][218]LogModuleManager: Shutting down and abandoning module SlateRHIRenderer (26)
[2019.07.27-19.47.14:230][218]LogModuleManager: Shutting down and abandoning module OpenGLDrv (24)
[2019.07.27-19.47.14:230][218]LogModuleManager: Shutting down and abandoning module D3D11RHI (22)
[2019.07.27-19.47.14:230][218]LogModuleManager: Shutting down and abandoning module AnimGraphRuntime (20)
[2019.07.27-19.47.14:230][218]LogModuleManager: Shutting down and abandoning module Renderer (18)
[2019.07.27-19.47.14:230][218]LogModuleManager: Shutting down and abandoning module Engine (16)
[2019.07.27-19.47.14:230][218]LogModuleManager: Shutting down and abandoning module CoreUObject (14)
[2019.07.27-19.47.14:230][218]LogModuleManager: Shutting down and abandoning module NetworkFile (12)
[2019.07.27-19.47.14:230][218]LogModuleManager: Shutting down and abandoning module CookedIterativeFile (10)
[2019.07.27-19.47.14:230][218]LogModuleManager: Shutting down and abandoning module StreamingFile (8)
[2019.07.27-19.47.14:230][218]LogModuleManager: Shutting down and abandoning module SandboxFile (6)
[2019.07.27-19.47.14:230][218]LogModuleManager: Shutting down and abandoning module PakFile (4)
[2019.07.27-19.47.14:230][218]LogModuleManager: Shutting down and abandoning module RSA (3)
[2019.07.27-19.47.14:235][218]LogExit: Exiting.
[2019.07.27-19.47.14:320][218]Log file closed, 07/27/19 14:47:14
